2024-06-29 10:46:06,660 [INFO] Activator:176 - 


2024-06-29 10:46:06,673 [INFO] Activator:177 - !SESSION log4j initialized
2024-06-29 10:46:13,580 [INFO] LogOutputStream:77 - [STDOUT_REDIRECT] 
2024-06-29 10:46:29,402 [INFO] ApplicationProperties:184 - Using Application install path: D:\ST\STM32CubeIDE_1.15.1\STM32CubeIDE\plugins\com.st.stm32cube.common.mx_6.11.1.202404110753
2024-06-29 10:46:29,466 [INFO] DbMcusXml:78 - Set database path to: D:\ST\STM32CubeIDE_1.15.1\STM32CubeIDE\plugins\com.st.stm32cube.common.mx_6.11.1.202404110753\\db\/mcu/
2024-06-29 10:46:29,467 [INFO] ApiDb:274 - Set plugin database path to: D:\ST\STM32CubeIDE_1.15.1\STM32CubeIDE\plugins\com.st.stm32cube.common.mx_6.11.1.202404110753\\db\/plugins/boardmanager/
2024-06-29 10:46:29,473 [WARN] ApiDb:259 - Overriding images path with different value:  => D:\ST\STM32CubeIDE_1.15.1\STM32CubeIDE\plugins\com.st.stm32cube.common.mx_6.11.1.202404110753\\db\/plugins/mcufinder/images/
2024-06-29 10:46:29,680 [INFO] ApiDb:250 - Set database path to: C:\Users\andre\.stmcufinder\plugins\mcufinder//mcu/
2024-06-29 10:46:29,681 [INFO] DbMcusAds:125 - Set database path to: C:\Users\andre\.stmcufinder\plugins\mcufinder//mcu/
2024-06-29 10:46:29,699 [INFO] CrossReferenceDbSqlite:203 - Set database path to: C:\Users\andre\.stmcufinder\plugins\mcufinder//mcu/cs/
2024-06-29 10:46:29,984 [INFO] RulesReader:64 - Compatibility file has been processed (297 Rules)
2024-06-29 10:46:30,213 [INFO] DbMcusXml:78 - Set database path to: D:\ST\STM32CubeIDE_1.15.1\STM32CubeIDE\plugins\com.st.stm32cube.common.mx_6.11.1.202404110753\\db\/mcu/
2024-06-29 10:46:30,214 [INFO] ApiDb:274 - Set plugin database path to: D:\ST\STM32CubeIDE_1.15.1\STM32CubeIDE\plugins\com.st.stm32cube.common.mx_6.11.1.202404110753\\db\/plugins/boardmanager/
2024-06-29 10:46:30,214 [INFO] ApiDb:261 - Set plugin images path to: D:\ST\STM32CubeIDE_1.15.1\STM32CubeIDE\plugins\com.st.stm32cube.common.mx_6.11.1.202404110753\\db\/plugins/mcufinder/images/
2024-06-29 10:46:30,214 [WARN] DbFile:41 - Overriding database path with different value: C:\Users\andre\.stmcufinder\plugins\mcufinder/ => C:\Users\andre\.stmcufinder\plugins\mcufinder
2024-06-29 10:46:30,214 [INFO] ApiDb:250 - Set database path to: C:\Users\andre\.stmcufinder\plugins\mcufinder//mcu/
2024-06-29 10:46:30,214 [WARN] DbFile:41 - Overriding database path with different value: C:\Users\andre\.stmcufinder\plugins\mcufinder/ => C:\Users\andre\.stmcufinder\plugins\mcufinder
2024-06-29 10:46:30,214 [INFO] DbMcusAds:125 - Set database path to: C:\Users\andre\.stmcufinder\plugins\mcufinder//mcu/
2024-06-29 10:46:30,214 [WARN] DbFile:41 - Overriding database path with different value: C:\Users\andre\.stmcufinder\plugins\mcufinder/ => C:\Users\andre\.stmcufinder\plugins\mcufinder
2024-06-29 10:46:30,214 [WARN] DbFile:41 - Overriding database path with different value: C:\Users\andre\.stmcufinder\plugins\mcufinder/ => C:\Users\andre\.stmcufinder\plugins\mcufinder
2024-06-29 10:46:30,214 [INFO] CrossReferenceDbSqlite:203 - Set database path to: C:\Users\andre\.stmcufinder\plugins\mcufinder//mcu/cs/
2024-06-29 10:46:30,491 [INFO] MainPanel:264 - HeapMemory: 268435456
2024-06-29 10:46:30,765 [INFO] DbMcusXml:78 - Set database path to: D:\ST\STM32CubeIDE_1.15.1\STM32CubeIDE\plugins\com.st.stm32cube.common.mx_6.11.1.202404110753\\db\/mcu/
2024-06-29 10:46:30,765 [INFO] ApiDb:274 - Set plugin database path to: D:\ST\STM32CubeIDE_1.15.1\STM32CubeIDE\plugins\com.st.stm32cube.common.mx_6.11.1.202404110753\\db\/plugins/boardmanager/
2024-06-29 10:46:30,765 [INFO] ApiDb:261 - Set plugin images path to: D:\ST\STM32CubeIDE_1.15.1\STM32CubeIDE\plugins\com.st.stm32cube.common.mx_6.11.1.202404110753\\db\/plugins/mcufinder/images/
2024-06-29 10:46:30,766 [WARN] DbFile:41 - Overriding database path with different value: C:\Users\andre\.stmcufinder\plugins\mcufinder/ => C:\Users\andre\.stmcufinder\plugins\mcufinder
2024-06-29 10:46:30,766 [INFO] ApiDb:250 - Set database path to: C:\Users\andre\.stmcufinder\plugins\mcufinder//mcu/
2024-06-29 10:46:30,766 [WARN] DbFile:41 - Overriding database path with different value: C:\Users\andre\.stmcufinder\plugins\mcufinder/ => C:\Users\andre\.stmcufinder\plugins\mcufinder
2024-06-29 10:46:30,766 [INFO] DbMcusAds:125 - Set database path to: C:\Users\andre\.stmcufinder\plugins\mcufinder//mcu/
2024-06-29 10:46:30,766 [WARN] DbFile:41 - Overriding database path with different value: C:\Users\andre\.stmcufinder\plugins\mcufinder/ => C:\Users\andre\.stmcufinder\plugins\mcufinder
2024-06-29 10:46:30,766 [WARN] DbFile:41 - Overriding database path with different value: C:\Users\andre\.stmcufinder\plugins\mcufinder/ => C:\Users\andre\.stmcufinder\plugins\mcufinder
2024-06-29 10:46:30,766 [INFO] CrossReferenceDbSqlite:203 - Set database path to: C:\Users\andre\.stmcufinder\plugins\mcufinder//mcu/cs/
2024-06-29 10:46:30,792 [INFO] ApplicationProperties:184 - Using Application install path: D:\ST\STM32CubeIDE_1.15.1\STM32CubeIDE\plugins\com.st.stm32cube.common.mx_6.11.1.202404110753
2024-06-29 10:46:30,793 [INFO] PluginManage:196 - Search for loadable plugins [exclusion list=, ]
2024-06-29 10:46:30,795 [INFO] PluginManage:310 - Check plugin analytics
2024-06-29 10:46:31,122 [INFO] AnalyticsPlugin:253 - Accepted Software Licenses: STM32CubeMX.6.10.0,STM32CubeMX.6.11.1
2024-06-29 10:46:31,122 [INFO] AnalyticsPlugin:255 - Accepted CMSIS Pack Licenses: 
2024-06-29 10:46:31,123 [INFO] AnalyticsPlugin:257 - Accepted Firmware Licenses: FW.F4.1.28.0,FW.L4.1.18.0,FW.H7.1.11.0
2024-06-29 10:46:31,124 [INFO] PluginManage:359 - Loaded plugin analytics (category:tool,tabindex:-1)
2024-06-29 10:46:31,125 [INFO] PluginManage:310 - Check plugin cadmodel
2024-06-29 10:46:31,225 [INFO] CADModel:105 - Init CAD model plugin
2024-06-29 10:46:31,225 [INFO] PluginManage:359 - Loaded plugin cadmodel (category:power,tabindex:5)
2024-06-29 10:46:31,225 [INFO] PluginManage:310 - Check plugin clock
2024-06-29 10:46:31,283 [INFO] PluginManage:359 - Loaded plugin clock (category:base,tabindex:2)
2024-06-29 10:46:31,283 [INFO] PluginManage:310 - Check plugin ddr
2024-06-29 10:46:31,287 [INFO] PluginManage:359 - Loaded plugin ddr (category:tool,tabindex:6)
2024-06-29 10:46:31,288 [INFO] PluginManage:310 - Check plugin filemanager
2024-06-29 10:46:31,970 [INFO] PluginManage:359 - Loaded plugin filemanager (category:base,tabindex:10)
2024-06-29 10:46:31,970 [INFO] PluginManage:310 - Check plugin ipmanager
2024-06-29 10:46:31,988 [INFO] PluginManage:359 - Loaded plugin ipmanager (category:base,tabindex:5)
2024-06-29 10:46:31,989 [INFO] PluginManage:310 - Check plugin lpbam
2024-06-29 10:46:32,040 [INFO] PluginManage:359 - Loaded plugin lpbam (category:base,tabindex:0)
2024-06-29 10:46:32,040 [INFO] PluginManage:310 - Check plugin memorymap
2024-06-29 10:46:32,193 [INFO] PluginManage:359 - Loaded plugin memorymap (category:base,tabindex:4)
2024-06-29 10:46:32,194 [INFO] PluginManage:310 - Check plugin pinoutandconfiguration
2024-06-29 10:46:32,271 [INFO] PluginManage:359 - Loaded plugin pinoutandconfiguration (category:base,tabindex:1)
2024-06-29 10:46:32,271 [INFO] PluginManage:310 - Check plugin pinoutconfig
2024-06-29 10:46:32,490 [WARN] SupportedApi:132 - Cannot load RTOS API schema: s4s-elt-must-match.1: The content of 'definitions' must match (annotation?, (simpleType | complexType)?, (unique | key | keyref)*)). A problem was found starting at: attribute.
2024-06-29 10:46:32,892 [INFO] PluginManage:359 - Loaded plugin pinoutconfig (category:base,tabindex:0)
2024-06-29 10:46:32,892 [INFO] PluginManage:310 - Check plugin power
2024-06-29 10:46:32,963 [INFO] PluginManage:359 - Loaded plugin power (category:power,tabindex:4)
2024-06-29 10:46:32,963 [INFO] PluginManage:310 - Check plugin projectmanager
2024-06-29 10:46:32,989 [INFO] PluginManage:359 - Loaded plugin projectmanager (category:projectmanager,tabindex:3)
2024-06-29 10:46:32,989 [INFO] PluginManage:310 - Check plugin thirdparty
2024-06-29 10:46:33,656 [INFO] PluginManage:359 - Loaded plugin thirdparty (category:base,tabindex:-1)
2024-06-29 10:46:33,657 [INFO] PluginManage:310 - Check plugin tools
2024-06-29 10:46:33,657 [WARN] IntegrityCheckThread:84 - waiting for thirdparty lock release [integrity check]
2024-06-29 10:46:33,657 [INFO] IntegrityCheckThread:86 - entering critical section [integrity check]
2024-06-29 10:46:33,657 [INFO] ThirdPartyUpdaterWithRetryManager:70 - Updater plugin not ready yet. [1/15]
2024-06-29 10:46:33,709 [INFO] PluginManage:359 - Loaded plugin tools (category:base,tabindex:7)
2024-06-29 10:46:33,709 [INFO] PluginManage:310 - Check plugin tutovideos
2024-06-29 10:46:34,119 [INFO] PluginManage:359 - Loaded plugin tutovideos (category:base,tabindex:-1)
2024-06-29 10:46:34,119 [INFO] PluginManage:310 - Check plugin updater
2024-06-29 10:46:34,194 [INFO] PluginManage:359 - Loaded plugin updater (category:base,tabindex:12)
2024-06-29 10:46:34,195 [INFO] PluginManage:310 - Check plugin userauth
2024-06-29 10:46:34,239 [INFO] UserAuth:114 - Init User Auth plugin
2024-06-29 10:46:34,240 [INFO] PluginManage:359 - Loaded plugin userauth (category:base,tabindex:14)
2024-06-29 10:46:34,240 [INFO] PluginManage:283 - PluginManage : Loaded plugins [17]
2024-06-29 10:46:34,963 [INFO] PinOutPanel:1561 - setPackage(No Configuration,No Configuration)
2024-06-29 10:46:35,140 [INFO] CADModel:165 - CPN selected for project level
2024-06-29 10:46:35,140 [INFO] CADModel:114 - Register for checkConnection events
2024-06-29 10:46:35,193 [INFO] IPUIPlugin:80 - create IPUIPlugin
2024-06-29 10:46:35,194 [INFO] PluginManager:220 - loadIPPluginJar : add adc
2024-06-29 10:46:35,228 [INFO] IPUIPlugin:80 - create IPUIPlugin
2024-06-29 10:46:35,228 [INFO] PluginManager:220 - loadIPPluginJar : add aes
2024-06-29 10:46:35,269 [INFO] IPUIPlugin:80 - create IPUIPlugin
2024-06-29 10:46:35,269 [INFO] PluginManager:220 - loadIPPluginJar : add can
2024-06-29 10:46:35,302 [INFO] IPUIPlugin:80 - create IPUIPlugin
2024-06-29 10:46:35,302 [INFO] PluginManager:220 - loadIPPluginJar : add comp
2024-06-29 10:46:35,346 [INFO] IPUIPlugin:80 - create IPUIPlugin
2024-06-29 10:46:35,346 [INFO] PluginManager:220 - loadIPPluginJar : add cryp
2024-06-29 10:46:35,373 [INFO] IPUIPlugin:80 - create IPUIPlugin
2024-06-29 10:46:35,374 [INFO] PluginManager:220 - loadIPPluginJar : add dfsdm
2024-06-29 10:46:35,401 [INFO] IPUIPlugin:80 - create IPUIPlugin
2024-06-29 10:46:35,401 [INFO] PluginManager:220 - loadIPPluginJar : add dma
2024-06-29 10:46:35,455 [INFO] IPUIPlugin:80 - create IPUIPlugin
2024-06-29 10:46:35,455 [INFO] PluginManager:220 - loadIPPluginJar : add dma3
2024-06-29 10:46:35,517 [INFO] IPUIPlugin:80 - create IPUIPlugin
2024-06-29 10:46:35,518 [INFO] PluginManager:220 - loadIPPluginJar : add extmemmanager
2024-06-29 10:46:35,537 [INFO] IPUIPlugin:80 - create IPUIPlugin
2024-06-29 10:46:35,537 [INFO] PluginManager:220 - loadIPPluginJar : add fatfs
2024-06-29 10:46:35,600 [INFO] IPUIPlugin:80 - create IPUIPlugin
2024-06-29 10:46:35,600 [INFO] PluginManager:220 - loadIPPluginJar : add fmc
2024-06-29 10:46:35,633 [INFO] IPUIPlugin:80 - create IPUIPlugin
2024-06-29 10:46:35,634 [INFO] PluginManager:220 - loadIPPluginJar : add freertos
2024-06-29 10:46:35,654 [INFO] IPUIPlugin:80 - create IPUIPlugin
2024-06-29 10:46:35,655 [INFO] PluginManager:220 - loadIPPluginJar : add genericplugin
2024-06-29 10:46:35,751 [INFO] IPUIPlugin:80 - create IPUIPlugin
2024-06-29 10:46:35,751 [INFO] PluginManager:220 - loadIPPluginJar : add gfxmmu
2024-06-29 10:46:35,897 [INFO] IPUIPlugin:80 - create IPUIPlugin
2024-06-29 10:46:35,897 [INFO] PluginManager:220 - loadIPPluginJar : add gic
2024-06-29 10:46:35,910 [INFO] IPUIPlugin:80 - create IPUIPlugin
2024-06-29 10:46:35,910 [INFO] PluginManager:220 - loadIPPluginJar : add gpio
2024-06-29 10:46:36,008 [INFO] IPUIPlugin:80 - create IPUIPlugin
2024-06-29 10:46:36,008 [INFO] PluginManager:220 - loadIPPluginJar : add gtzc
2024-06-29 10:46:36,038 [INFO] IPUIPlugin:80 - create IPUIPlugin
2024-06-29 10:46:36,039 [INFO] PluginManager:220 - loadIPPluginJar : add hash
2024-06-29 10:46:36,097 [INFO] IPUIPlugin:80 - create IPUIPlugin
2024-06-29 10:46:36,097 [INFO] PluginManager:220 - loadIPPluginJar : add i2c
2024-06-29 10:46:36,153 [INFO] IPUIPlugin:80 - create IPUIPlugin
2024-06-29 10:46:36,154 [INFO] PluginManager:220 - loadIPPluginJar : add i2s
2024-06-29 10:46:36,203 [INFO] IPUIPlugin:80 - create IPUIPlugin
2024-06-29 10:46:36,203 [INFO] PluginManager:220 - loadIPPluginJar : add i3c
2024-06-29 10:46:36,341 [INFO] IPUIPlugin:80 - create IPUIPlugin
2024-06-29 10:46:36,341 [INFO] PluginManager:220 - loadIPPluginJar : add ipddr
2024-06-29 10:46:36,442 [INFO] IPUIPlugin:80 - create IPUIPlugin
2024-06-29 10:46:36,442 [INFO] PluginManager:220 - loadIPPluginJar : add linkedlist
2024-06-29 10:46:36,477 [INFO] IPUIPlugin:80 - create IPUIPlugin
2024-06-29 10:46:36,477 [INFO] PluginManager:220 - loadIPPluginJar : add lorawan
2024-06-29 10:46:36,515 [INFO] IPUIPlugin:80 - create IPUIPlugin
2024-06-29 10:46:36,515 [INFO] PluginManager:220 - loadIPPluginJar : add ltdc
2024-06-29 10:46:36,565 [INFO] IPUIPlugin:80 - create IPUIPlugin
2024-06-29 10:46:36,565 [INFO] PluginManager:220 - loadIPPluginJar : add mdma
2024-06-29 10:46:36,594 [INFO] IPUIPlugin:80 - create IPUIPlugin
2024-06-29 10:46:36,594 [INFO] PluginManager:220 - loadIPPluginJar : add nvic
2024-06-29 10:46:36,650 [INFO] IPUIPlugin:80 - create IPUIPlugin
2024-06-29 10:46:36,650 [INFO] PluginManager:220 - loadIPPluginJar : add opamp
2024-06-29 10:46:36,660 [INFO] ThirdPartyUpdaterWithRetryManager:70 - Updater plugin not ready yet. [2/15]
2024-06-29 10:46:36,724 [INFO] IPUIPlugin:80 - create IPUIPlugin
2024-06-29 10:46:36,725 [INFO] PluginManager:220 - loadIPPluginJar : add openamp
2024-06-29 10:46:36,791 [INFO] IPUIPlugin:80 - create IPUIPlugin
2024-06-29 10:46:36,792 [INFO] PluginManager:220 - loadIPPluginJar : add pdm2pcm
2024-06-29 10:46:36,835 [INFO] IPUIPlugin:80 - create IPUIPlugin
2024-06-29 10:46:36,837 [INFO] PluginManager:220 - loadIPPluginJar : add plateformsettings
2024-06-29 10:46:36,858 [INFO] IPUIPlugin:80 - create IPUIPlugin
2024-06-29 10:46:36,859 [INFO] PluginManager:220 - loadIPPluginJar : add quadspi
2024-06-29 10:46:36,897 [INFO] IPUIPlugin:80 - create IPUIPlugin
2024-06-29 10:46:36,897 [INFO] PluginManager:220 - loadIPPluginJar : add resmgrutility
2024-06-29 10:46:36,959 [INFO] IPUIPlugin:80 - create IPUIPlugin
2024-06-29 10:46:36,959 [INFO] PluginManager:220 - loadIPPluginJar : add sai
2024-06-29 10:46:36,996 [INFO] IPUIPlugin:80 - create IPUIPlugin
2024-06-29 10:46:36,996 [INFO] PluginManager:220 - loadIPPluginJar : add spi
2024-06-29 10:46:37,089 [INFO] IPUIPlugin:80 - create IPUIPlugin
2024-06-29 10:46:37,089 [INFO] PluginManager:220 - loadIPPluginJar : add stm32_wpan
2024-06-29 10:46:37,114 [INFO] IPUIPlugin:80 - create IPUIPlugin
2024-06-29 10:46:37,114 [INFO] PluginManager:220 - loadIPPluginJar : add tim
2024-06-29 10:46:37,195 [INFO] IPUIPlugin:80 - create IPUIPlugin
2024-06-29 10:46:37,195 [INFO] PluginManager:220 - loadIPPluginJar : add touchsensing
2024-06-29 10:46:37,217 [INFO] IPUIPlugin:80 - create IPUIPlugin
2024-06-29 10:46:37,218 [INFO] PluginManager:220 - loadIPPluginJar : add tracer_emb
2024-06-29 10:46:37,251 [INFO] IPUIPlugin:80 - create IPUIPlugin
2024-06-29 10:46:37,251 [INFO] PluginManager:220 - loadIPPluginJar : add ts
2024-06-29 10:46:37,279 [INFO] IPUIPlugin:80 - create IPUIPlugin
2024-06-29 10:46:37,279 [INFO] PluginManager:220 - loadIPPluginJar : add tsc
2024-06-29 10:46:37,300 [INFO] IPUIPlugin:80 - create IPUIPlugin
2024-06-29 10:46:37,300 [INFO] PluginManager:220 - loadIPPluginJar : add ucpd
2024-06-29 10:46:37,349 [INFO] IPUIPlugin:80 - create IPUIPlugin
2024-06-29 10:46:37,349 [INFO] PluginManager:220 - loadIPPluginJar : add usart
2024-06-29 10:46:37,405 [INFO] IPUIPlugin:80 - create IPUIPlugin
2024-06-29 10:46:37,406 [INFO] PluginManager:220 - loadIPPluginJar : add usbx
2024-06-29 10:46:37,617 [INFO] CADModel:165 - CPN selected for project level
2024-06-29 10:46:37,618 [INFO] CADModel:114 - Register for checkConnection events
2024-06-29 10:46:37,618 [FATAL] Updater:308 - Updater called before beeing initialized
2024-06-29 10:46:37,618 [ERROR] CADModel:125 - Updater not yet initialized, retry later 
2024-06-29 10:46:37,948 [INFO] CADModel:165 - CPN selected for project level
2024-06-29 10:46:37,948 [INFO] CADModel:114 - Register for checkConnection events
2024-06-29 10:46:37,948 [FATAL] Updater:308 - Updater called before beeing initialized
2024-06-29 10:46:37,948 [ERROR] CADModel:125 - Updater not yet initialized, retry later 
2024-06-29 10:46:37,951 [FATAL] Updater:308 - Updater called before beeing initialized
2024-06-29 10:46:38,104 [FATAL] Updater:308 - Updater called before beeing initialized
2024-06-29 10:46:38,122 [INFO] DbMcusAds:53 - JSON generation date=Thu May 16 11:22:01 CEST 2024 (1715851321456)
2024-06-29 10:46:38,122 [FATAL] Updater:308 - Updater called before beeing initialized
2024-06-29 10:46:38,242 [WARN] DetailPanel:346 - Failed to get advertising image, set to default
2024-06-29 10:46:38,345 [FATAL] Updater:308 - Updater called before beeing initialized
2024-06-29 10:46:38,348 [FATAL] Updater:308 - Updater called before beeing initialized
2024-06-29 10:46:38,348 [FATAL] Updater:308 - Updater called before beeing initialized
2024-06-29 10:46:38,348 [WARN] DetailPanel:346 - Failed to get advertising image, set to default
2024-06-29 10:46:38,349 [FATAL] Updater:308 - Updater called before beeing initialized
2024-06-29 10:46:38,472 [ERROR] Updater:1120 - MainUpdater not yet initialized. External WinMGr cannot be set.
2024-06-29 10:46:38,482 [INFO] Updater:1056 - Updater Version found : 6.11.1
2024-06-29 10:46:38,510 [INFO] ApplicationProperties:184 - Using Application install path: D:\ST\STM32CubeIDE_1.15.1\STM32CubeIDE\plugins\com.st.stm32cube.common.mx_6.11.1.202404110753
2024-06-29 10:46:39,093 [INFO] MainUpdater:2873 - connection check result : 10
2024-06-29 10:46:39,093 [INFO] MainUpdater:3567 - Updater definition file requires update
2024-06-29 10:46:39,093 [INFO] MainUpdater:290 - Updater Check For Update Now.
2024-06-29 10:46:39,094 [INFO] MicroXplorer:498 - Change Database Version : DB.6.0.111
2024-06-29 10:46:39,111 [INFO] McuFinderGlobals:63 - Set McuFinder mode to 2 (CubeIDE integrated)
2024-06-29 10:46:39,171 [INFO] UserAuth:415 - Internet connection configuration mode: 1
2024-06-29 10:46:39,276 [INFO] ServerAccessManage:473 - Download File updaters.zip
2024-06-29 10:46:39,376 [INFO] JxBrowserEngine:152 - Initiate JxBrowser Engine with user profile folder
2024-06-29 10:46:39,448 [INFO] FileExtend:240 - Unzip File : updaters.zip
2024-06-29 10:46:39,448 [INFO] FileExtend:255 - Standard Zip Deflate
2024-06-29 10:46:39,660 [WARN] MainUpdater:1194 - Updater busy. Cannot search thirdparties
2024-06-29 10:46:39,660 [INFO] ThirdPartyUpdaterWithRetryManager:96 - Updater plugin is busy. [1/15]
2024-06-29 10:46:39,988 [INFO] ServerAccessManage:473 - Download File PacksControlFlags.xml
2024-06-29 10:46:40,150 [INFO] ServerAccessManage:473 - Download File cubemx.pidx
2024-06-29 10:46:41,201 [INFO] ServerAccessManage:473 - Download File STMicroelectronics.X-CUBE-TOUCHGFX.pdsc
2024-06-29 10:46:42,662 [WARN] MainUpdater:1194 - Updater busy. Cannot search thirdparties
2024-06-29 10:46:42,662 [INFO] ThirdPartyUpdaterWithRetryManager:96 - Updater plugin is busy. [2/15]
2024-06-29 10:46:44,525 [INFO] WebApp:161 - Instantiating new browser for Auth
2024-06-29 10:46:44,781 [INFO] ServerAccessManage:473 - Download File wolfSSL.I-CUBE-wolfMQTT.pdsc
2024-06-29 10:46:45,288 [INFO] WebApp:779 - Register for checkConnection events
2024-06-29 10:46:45,288 [INFO] WebApp:414 - Apply proxy settings
2024-06-29 10:46:45,289 [INFO] WebApp:499 - Chromium requires no authentication
2024-06-29 10:46:45,300 [INFO] WebApp:442 - Direct internet connection detected
2024-06-29 10:46:45,552 [INFO] WebApp:192 - Starting web application
2024-06-29 10:46:45,552 [INFO] WebApp:544 - Web application path used D:\ST\STM32CubeIDE_1.15.1\STM32CubeIDE\plugins\com.st.stm32cube.common.mx_6.11.1.202404110753\db\plugins\mcufinder\reactClient1\index.html
2024-06-29 10:46:45,656 [ERROR] ServerAccessManage:1089 - Problem, file not found on Server
2024-06-29 10:46:45,663 [WARN] MainUpdater:1194 - Updater busy. Cannot search thirdparties
2024-06-29 10:46:45,663 [INFO] ThirdPartyUpdaterWithRetryManager:96 - Updater plugin is busy. [3/15]
2024-06-29 10:46:45,875 [WARN] PackLoader:240 - Cannot read IP mode file for STMicroelectronics.X-CUBE-TOUCHGFX.4.24.0
2024-06-29 10:46:45,879 [WARN] PackLoader:240 - Cannot read IP mode file for wolfSSL.I-CUBE-wolfMQTT.1.19.0
2024-06-29 10:46:45,880 [INFO] PopulateThirdPartyThread:66 - Ending populate Thread
2024-06-29 10:46:45,882 [INFO] ThirdParty:1030 - CMSIS Pack Vendor :wolfSSL I-CUBE-wolfMQTT 1.19.0
2024-06-29 10:46:45,882 [INFO] ThirdParty:1030 - CMSIS Pack Vendor :STMicroelectronics X-CUBE-TOUCHGFX 4.24.0
2024-06-29 10:46:45,882 [INFO] LoadServerUpdatesThread:375 - End of LoadServerUpdate Thread
2024-06-29 10:46:45,973 [INFO] CheckServerUpdateThread:120 - End of CheckServer Thread
2024-06-29 10:46:48,877 [WARN] PackLoader:240 - Cannot read IP mode file for STMicroelectronics.FP-SNS-MOTENVWB1.1.4.0
2024-06-29 10:46:48,890 [WARN] PackLoader:240 - Cannot read IP mode file for STMicroelectronics.X-CUBE-SMBUS.2.1.0
2024-06-29 10:46:48,901 [WARN] PackLoader:240 - Cannot read IP mode file for STMicroelectronics.X-CUBE-TOUCHGFX.4.23.1
2024-06-29 10:46:48,913 [WARN] PackLoader:240 - Cannot read IP mode file for STMicroelectronics.X-CUBE-TOUCHGFX.4.23.0
2024-06-29 10:46:48,922 [WARN] PackLoader:240 - Cannot read IP mode file for STMicroelectronics.X-CUBE-TOUCHGFX.4.23.2
2024-06-29 10:46:48,959 [WARN] PackLoader:240 - Cannot read IP mode file for STMicroelectronics.X-CUBE-AZRTOS-F7.1.1.0
2024-06-29 10:46:48,974 [WARN] PackLoader:240 - Cannot read IP mode file for STMicroelectronics.FP-SNS-MOTENV1.4.3.2
2024-06-29 10:46:48,988 [WARN] PackLoader:240 - Cannot read IP mode file for STMicroelectronics.FP-SNS-FLIGHT1.5.0.2
2024-06-29 10:46:49,004 [WARN] PackLoader:240 - Cannot read IP mode file for STMicroelectronics.X-CUBE-DISPLAY.3.0.0
2024-06-29 10:46:49,022 [WARN] PackLoader:240 - Cannot read IP mode file for STMicroelectronics.X-CUBE-BLE1.7.0.0
2024-06-29 10:46:49,033 [WARN] PackLoader:240 - Cannot read IP mode file for emotas.I-CUBE-CANOPEN.1.3.0
2024-06-29 10:46:49,050 [WARN] PackLoader:240 - Cannot read IP mode file for STMicroelectronics.X-CUBE-BLEMGR.3.1.0
2024-06-29 10:46:49,063 [WARN] PackLoader:240 - Cannot read IP mode file for STMicroelectronics.FP-SNS-SMARTAG2.1.2.0
2024-06-29 10:46:49,079 [INFO] LogOutputStream:77 - [STDOUT_REDIRECT] 1 : Invalid condition id : UX_CORESTACK_Condition cause : null
2024-06-29 10:46:49,080 [INFO] LogOutputStream:77 - [STDOUT_REDIRECT] 1 : Invalid condition id : UX_CORESTACK_Condition cause : null
2024-06-29 10:46:49,081 [INFO] LogOutputStream:77 - [STDOUT_REDIRECT] 1 : Invalid condition id : UX_CORESTACK_Condition cause : null
2024-06-29 10:46:49,082 [INFO] LogOutputStream:77 - [STDOUT_REDIRECT] 1 : Invalid condition id : UX_CORESTACK_Condition cause : null
2024-06-29 10:46:49,083 [INFO] LogOutputStream:77 - [STDOUT_REDIRECT] 1 : Invalid condition id : UX_CORESTACK_Condition cause : null
2024-06-29 10:46:49,086 [WARN] PackLoader:240 - Cannot read IP mode file for STMicroelectronics.X-CUBE-AZRTOS-WL.2.0.0
2024-06-29 10:46:49,100 [WARN] PackLoader:240 - Cannot read IP mode file for STMicroelectronics.FP-SNS-MOTENV1.5.0.0
2024-06-29 10:46:49,106 [WARN] PackLoader:240 - Cannot read IP mode file for wolfSSL.I-CUBE-wolfMQTT.1.19.0
2024-06-29 10:46:49,120 [WARN] PackLoader:240 - Cannot read IP mode file for WES.I-CUBE-Cesium.1.3.0
2024-06-29 10:46:49,135 [WARN] PackLoader:240 - Cannot read IP mode file for STMicroelectronics.X-CUBE-BLE2.3.3.0
2024-06-29 10:46:49,153 [WARN] PackLoader:240 - Cannot read IP mode file for STMicroelectronics.X-CUBE-TCPP.4.1.0
2024-06-29 10:46:49,170 [WARN] PackLoader:240 - Cannot read IP mode file for STMicroelectronics.X-CUBE-ALGOBUILD.1.3.0
2024-06-29 10:46:49,203 [WARN] PackLoader:240 - Cannot read IP mode file for STMicroelectronics.X-CUBE-AZRTOS-G0.1.1.0
2024-06-29 10:46:49,218 [WARN] PackLoader:240 - Cannot read IP mode file for STMicroelectronics.X-CUBE-SAFEA1.1.2.2
2024-06-29 10:46:49,232 [WARN] PackLoader:240 - Cannot read IP mode file for STMicroelectronics.X-CUBE-NFC4.3.0.0
2024-06-29 10:46:49,236 [WARN] PackLoader:240 - Cannot read IP mode file for wolfSSL.I-CUBE-wolfMQTT.1.18.0
2024-06-29 10:46:49,252 [WARN] PackLoader:240 - Cannot read IP mode file for STMicroelectronics.X-CUBE-BLEMGR.3.0.0
2024-06-29 10:46:49,259 [WARN] PackLoader:240 - Cannot read IP mode file for STMicroelectronics.FP-ATR-SIGFOX1.3.2.0
2024-06-29 10:46:49,272 [WARN] PackLoader:240 - Cannot read IP mode file for STMicroelectronics.X-CUBE-EEPRMA1.5.1.0
2024-06-29 10:46:49,307 [WARN] PackLoader:240 - Cannot read IP mode file for SEGGER.I-CUBE-embOS.1.3.1
2024-06-29 10:46:49,352 [WARN] PackLoader:240 - Cannot read IP mode file for STMicroelectronics.X-CUBE-ALGOBUILD.1.4.0
2024-06-29 10:46:49,364 [WARN] PackLoader:240 - Cannot read IP mode file for STMicroelectronics.X-CUBE-GNSS1.6.0.0
2024-06-29 10:46:49,390 [WARN] PackLoader:240 - Cannot read IP mode file for STMicroelectronics.X-CUBE-AZRTOS-F4.1.1.0
2024-06-29 10:46:49,404 [WARN] PackLoader:240 - Cannot read IP mode file for STMicroelectronics.X-CUBE-FREERTOS.1.2.0
2024-06-29 10:46:49,415 [WARN] PackLoader:240 - Cannot read IP mode file for wolfSSL.I-CUBE-wolfSSL.5.6.6
2024-06-29 10:46:49,439 [WARN] PackLoader:240 - Cannot read IP mode file for STMicroelectronics.X-CUBE-AZRTOS-L5.2.0.0
2024-06-29 10:46:49,452 [WARN] PackLoader:240 - Cannot read IP mode file for STMicroelectronics.X-CUBE-EEPRMA1.4.2.0
2024-06-29 10:46:49,464 [WARN] PackLoader:240 - Cannot read IP mode file for STMicroelectronics.X-CUBE-NFC6.3.1.0
2024-06-29 10:46:49,477 [WARN] PackLoader:240 - Cannot read IP mode file for ITTIA_DB.I-CUBE-ITTIADB.8.8.0
2024-06-29 10:46:49,487 [WARN] PackLoader:240 - Cannot read IP mode file for STMicroelectronics.X-CUBE-AI.9.0.0
2024-06-29 10:46:49,499 [WARN] PackLoader:240 - Cannot read IP mode file for STMicroelectronics.X-CUBE-NFC7.1.0.1
2024-06-29 10:46:49,512 [WARN] PackLoader:240 - Cannot read IP mode file for STMicroelectronics.X-CUBE-NFC6.3.0.0
2024-06-29 10:46:49,523 [WARN] PackLoader:240 - Cannot read IP mode file for STMicroelectronics.X-CUBE-AI.8.1.0
2024-06-29 10:46:49,547 [WARN] ConditionMgr:438 - getConditionDescription Invalid condition id : LAN8742 Phy interface Condition cause : null
2024-06-29 10:46:49,548 [WARN] PackLoader:240 - Cannot read IP mode file for STMicroelectronics.X-CUBE-AZRTOS-L4.2.0.0
2024-06-29 10:46:49,549 [WARN] ConditionMgr:1039 - genDependencies : Invalid condition id : LAN8742 Phy interface Condition cause : null
2024-06-29 10:46:49,549 [WARN] ConditionMgr:1039 - genDependencies : Invalid condition id : LAN8742 Phy interface Condition cause : null
2024-06-29 10:46:49,550 [WARN] ConditionMgr:1039 - genDependencies : Invalid condition id : LAN8742 Phy interface Condition cause : null
2024-06-29 10:46:49,562 [WARN] PackLoader:240 - Cannot read IP mode file for STMicroelectronics.X-CUBE-SFXS2LP1.4.0.0
2024-06-29 10:46:49,583 [WARN] ConditionMgr:438 - getConditionDescription Invalid condition id : UX DEVICE CLASS RTOS Condition cause : null
2024-06-29 10:46:49,583 [WARN] ConditionMgr:438 - getConditionDescription Invalid condition id : UX DEVICE CLASS RTOS Condition cause : null
2024-06-29 10:46:49,584 [WARN] PackLoader:240 - Cannot read IP mode file for STMicroelectronics.X-CUBE-AZRTOS-WB.2.0.0
2024-06-29 10:46:49,585 [WARN] ConditionMgr:1039 - genDependencies : Invalid condition id : UX DEVICE CLASS RTOS Condition cause : null
2024-06-29 10:46:49,585 [WARN] ConditionMgr:1039 - genDependencies : Invalid condition id : UX DEVICE CLASS RTOS Condition cause : null
2024-06-29 10:46:49,586 [WARN] ConditionMgr:1039 - genDependencies : Invalid condition id : UX DEVICE CLASS RTOS Condition cause : null
2024-06-29 10:46:49,586 [WARN] ConditionMgr:1039 - genDependencies : Invalid condition id : UX DEVICE CLASS RTOS Condition cause : null
2024-06-29 10:46:49,586 [WARN] ConditionMgr:1039 - genDependencies : Invalid condition id : UX DEVICE CLASS RTOS Condition cause : null
2024-06-29 10:46:49,602 [WARN] PackLoader:240 - Cannot read IP mode file for STMicroelectronics.X-CUBE-SUBG2.5.0.0
2024-06-29 10:46:49,627 [WARN] PackLoader:240 - Cannot read IP mode file for STMicroelectronics.X-CUBE-AZRTOS-G4.2.0.0
2024-06-29 10:46:49,647 [WARN] PackLoader:240 - Cannot read IP mode file for Infineon.AIROC-Wi-Fi-Bluetooth-STM32.1.5.1
2024-06-29 10:46:49,660 [WARN] PackLoader:240 - Cannot read IP mode file for STMicroelectronics.FP-SNS-MOTENVWB1.1.3.1
2024-06-29 10:46:49,671 [WARN] PackLoader:240 - Cannot read IP mode file for STMicroelectronics.X-CUBE-ISPU.2.0.0
2024-06-29 10:46:49,681 [WARN] PackLoader:240 - Cannot read IP mode file for STMicroelectronics.X-CUBE-ALS.1.0.2
2024-06-29 10:46:49,726 [WARN] PackLoader:240 - Cannot read IP mode file for STMicroelectronics.X-CUBE-MEMS1.10.0.0
2024-06-29 10:46:49,835 [WARN] PackLoader:240 - Cannot read IP mode file for STMicroelectronics.X-CUBE-FREERTOS.1.1.0
2024-06-29 10:46:49,838 [WARN] PackLoader:240 - Cannot read IP mode file for STMicroelectronics.X-CUBE-TOUCHGFX.4.24.0
2024-06-29 10:46:49,851 [WARN] PackLoader:240 - Cannot read IP mode file for portGmbH.I-Cube-SoM-uGOAL.1.1.0
2024-06-29 10:46:49,865 [WARN] PackLoader:240 - Cannot read IP mode file for STMicroelectronics.X-CUBE-ALS.1.0.1
2024-06-29 10:46:49,901 [WARN] PackLoader:240 - Cannot read IP mode file for STMicroelectronics.X-CUBE-AZRTOS-H7RS.1.0.0
2024-06-29 10:46:49,908 [WARN] PackLoader:240 - Cannot read IP mode file for STMicroelectronics.FP-ATR-ASTRA1.2.0.0
2024-06-29 10:46:49,926 [WARN] PackLoader:240 - Cannot read IP mode file for STMicroelectronics.X-CUBE-TOF1.3.4.0
2024-06-29 10:46:49,951 [WARN] PackLoader:240 - Cannot read IP mode file for STMicroelectronics.X-CUBE-TOF1.3.4.1
2024-06-29 10:46:49,983 [WARN] PackLoader:240 - Cannot read IP mode file for STMicroelectronics.X-CUBE-AZRTOS-H7.3.2.0
2024-06-29 10:46:49,986 [INFO] ThirdParty:978 - Integrity check success = true
2024-06-29 10:46:49,986 [INFO] IntegrityCheckThread:100 - exiting critical section [integrity check]
2024-06-29 10:46:49,986 [INFO] IntegrityCheckThread:103 - End integrity checks thread
