2024-06-12 08:06:28,176 [ERROR] LogOutputStream:75 - [STDERR_REDIRECT] 
2024-06-12 18:13:02,056 [INFO] Activator:176 - 


2024-06-12 18:13:02,059 [INFO] Activator:177 - !SESSION log4j initialized
2024-06-12 18:13:09,976 [INFO] LogOutputStream:77 - [STDOUT_REDIRECT] 
2024-06-12 18:13:17,956 [INFO] ApplicationProperties:184 - Using Application install path: D:\ST\STM32CubeIDE_1.15.1\STM32CubeIDE\plugins\com.st.stm32cube.common.mx_6.11.1.202404110753
2024-06-12 18:13:17,979 [INFO] DbMcusXml:78 - Set database path to: D:\ST\STM32CubeIDE_1.15.1\STM32CubeIDE\plugins\com.st.stm32cube.common.mx_6.11.1.202404110753\\db\/mcu/
2024-06-12 18:13:17,979 [INFO] ApiDb:274 - Set plugin database path to: D:\ST\STM32CubeIDE_1.15.1\STM32CubeIDE\plugins\com.st.stm32cube.common.mx_6.11.1.202404110753\\db\/plugins/boardmanager/
2024-06-12 18:13:17,980 [WARN] ApiDb:259 - Overriding images path with different value:  => D:\ST\STM32CubeIDE_1.15.1\STM32CubeIDE\plugins\com.st.stm32cube.common.mx_6.11.1.202404110753\\db\/plugins/mcufinder/images/
2024-06-12 18:13:18,011 [INFO] ApiDb:250 - Set database path to: C:\Users\andre\.stmcufinder\plugins\mcufinder//mcu/
2024-06-12 18:13:18,012 [INFO] DbMcusAds:125 - Set database path to: C:\Users\andre\.stmcufinder\plugins\mcufinder//mcu/
2024-06-12 18:13:18,014 [INFO] CrossReferenceDbSqlite:203 - Set database path to: C:\Users\andre\.stmcufinder\plugins\mcufinder//mcu/cs/
2024-06-12 18:13:18,201 [INFO] RulesReader:64 - Compatibility file has been processed (297 Rules)
2024-06-12 18:13:18,324 [INFO] DbMcusXml:78 - Set database path to: D:\ST\STM32CubeIDE_1.15.1\STM32CubeIDE\plugins\com.st.stm32cube.common.mx_6.11.1.202404110753\\db\/mcu/
2024-06-12 18:13:18,325 [INFO] ApiDb:274 - Set plugin database path to: D:\ST\STM32CubeIDE_1.15.1\STM32CubeIDE\plugins\com.st.stm32cube.common.mx_6.11.1.202404110753\\db\/plugins/boardmanager/
2024-06-12 18:13:18,325 [INFO] ApiDb:261 - Set plugin images path to: D:\ST\STM32CubeIDE_1.15.1\STM32CubeIDE\plugins\com.st.stm32cube.common.mx_6.11.1.202404110753\\db\/plugins/mcufinder/images/
2024-06-12 18:13:18,325 [WARN] DbFile:41 - Overriding database path with different value: C:\Users\andre\.stmcufinder\plugins\mcufinder/ => C:\Users\andre\.stmcufinder\plugins\mcufinder
2024-06-12 18:13:18,325 [INFO] ApiDb:250 - Set database path to: C:\Users\andre\.stmcufinder\plugins\mcufinder//mcu/
2024-06-12 18:13:18,325 [WARN] DbFile:41 - Overriding database path with different value: C:\Users\andre\.stmcufinder\plugins\mcufinder/ => C:\Users\andre\.stmcufinder\plugins\mcufinder
2024-06-12 18:13:18,325 [INFO] DbMcusAds:125 - Set database path to: C:\Users\andre\.stmcufinder\plugins\mcufinder//mcu/
2024-06-12 18:13:18,325 [WARN] DbFile:41 - Overriding database path with different value: C:\Users\andre\.stmcufinder\plugins\mcufinder/ => C:\Users\andre\.stmcufinder\plugins\mcufinder
2024-06-12 18:13:18,326 [WARN] DbFile:41 - Overriding database path with different value: C:\Users\andre\.stmcufinder\plugins\mcufinder/ => C:\Users\andre\.stmcufinder\plugins\mcufinder
2024-06-12 18:13:18,326 [INFO] CrossReferenceDbSqlite:203 - Set database path to: C:\Users\andre\.stmcufinder\plugins\mcufinder//mcu/cs/
2024-06-12 18:13:18,433 [INFO] MainPanel:264 - HeapMemory: 495976448
2024-06-12 18:13:18,567 [INFO] DbMcusXml:78 - Set database path to: D:\ST\STM32CubeIDE_1.15.1\STM32CubeIDE\plugins\com.st.stm32cube.common.mx_6.11.1.202404110753\\db\/mcu/
2024-06-12 18:13:18,567 [INFO] ApiDb:274 - Set plugin database path to: D:\ST\STM32CubeIDE_1.15.1\STM32CubeIDE\plugins\com.st.stm32cube.common.mx_6.11.1.202404110753\\db\/plugins/boardmanager/
2024-06-12 18:13:18,567 [INFO] ApiDb:261 - Set plugin images path to: D:\ST\STM32CubeIDE_1.15.1\STM32CubeIDE\plugins\com.st.stm32cube.common.mx_6.11.1.202404110753\\db\/plugins/mcufinder/images/
2024-06-12 18:13:18,568 [WARN] DbFile:41 - Overriding database path with different value: C:\Users\andre\.stmcufinder\plugins\mcufinder/ => C:\Users\andre\.stmcufinder\plugins\mcufinder
2024-06-12 18:13:18,568 [INFO] ApiDb:250 - Set database path to: C:\Users\andre\.stmcufinder\plugins\mcufinder//mcu/
2024-06-12 18:13:18,568 [WARN] DbFile:41 - Overriding database path with different value: C:\Users\andre\.stmcufinder\plugins\mcufinder/ => C:\Users\andre\.stmcufinder\plugins\mcufinder
2024-06-12 18:13:18,568 [INFO] DbMcusAds:125 - Set database path to: C:\Users\andre\.stmcufinder\plugins\mcufinder//mcu/
2024-06-12 18:13:18,568 [WARN] DbFile:41 - Overriding database path with different value: C:\Users\andre\.stmcufinder\plugins\mcufinder/ => C:\Users\andre\.stmcufinder\plugins\mcufinder
2024-06-12 18:13:18,568 [WARN] DbFile:41 - Overriding database path with different value: C:\Users\andre\.stmcufinder\plugins\mcufinder/ => C:\Users\andre\.stmcufinder\plugins\mcufinder
2024-06-12 18:13:18,569 [INFO] CrossReferenceDbSqlite:203 - Set database path to: C:\Users\andre\.stmcufinder\plugins\mcufinder//mcu/cs/
2024-06-12 18:13:18,591 [INFO] ApplicationProperties:184 - Using Application install path: D:\ST\STM32CubeIDE_1.15.1\STM32CubeIDE\plugins\com.st.stm32cube.common.mx_6.11.1.202404110753
2024-06-12 18:13:18,593 [INFO] PluginManage:196 - Search for loadable plugins [exclusion list=, ]
2024-06-12 18:13:18,594 [INFO] PluginManage:310 - Check plugin analytics
2024-06-12 18:13:18,834 [INFO] AnalyticsPlugin:253 - Accepted Software Licenses: STM32CubeMX.6.10.0,STM32CubeMX.6.11.1
2024-06-12 18:13:18,834 [INFO] AnalyticsPlugin:255 - Accepted CMSIS Pack Licenses: 
2024-06-12 18:13:18,835 [INFO] AnalyticsPlugin:257 - Accepted Firmware Licenses: FW.F4.1.28.0,FW.L4.1.18.0,FW.H7.1.11.0
2024-06-12 18:13:18,838 [INFO] PluginManage:359 - Loaded plugin analytics (category:tool,tabindex:-1)
2024-06-12 18:13:18,838 [INFO] PluginManage:310 - Check plugin cadmodel
2024-06-12 18:13:18,857 [INFO] CADModel:105 - Init CAD model plugin
2024-06-12 18:13:18,857 [INFO] PluginManage:359 - Loaded plugin cadmodel (category:power,tabindex:5)
2024-06-12 18:13:18,857 [INFO] PluginManage:310 - Check plugin clock
2024-06-12 18:13:18,883 [INFO] PluginManage:359 - Loaded plugin clock (category:base,tabindex:2)
2024-06-12 18:13:18,883 [INFO] PluginManage:310 - Check plugin ddr
2024-06-12 18:13:18,886 [INFO] PluginManage:359 - Loaded plugin ddr (category:tool,tabindex:6)
2024-06-12 18:13:18,886 [INFO] PluginManage:310 - Check plugin filemanager
2024-06-12 18:13:19,067 [INFO] PluginManage:359 - Loaded plugin filemanager (category:base,tabindex:10)
2024-06-12 18:13:19,067 [INFO] PluginManage:310 - Check plugin ipmanager
2024-06-12 18:13:19,076 [INFO] PluginManage:359 - Loaded plugin ipmanager (category:base,tabindex:5)
2024-06-12 18:13:19,076 [INFO] PluginManage:310 - Check plugin lpbam
2024-06-12 18:13:19,095 [INFO] PluginManage:359 - Loaded plugin lpbam (category:base,tabindex:0)
2024-06-12 18:13:19,095 [INFO] PluginManage:310 - Check plugin memorymap
2024-06-12 18:13:19,125 [INFO] PluginManage:359 - Loaded plugin memorymap (category:base,tabindex:4)
2024-06-12 18:13:19,125 [INFO] PluginManage:310 - Check plugin pinoutandconfiguration
2024-06-12 18:13:19,142 [INFO] PluginManage:359 - Loaded plugin pinoutandconfiguration (category:base,tabindex:1)
2024-06-12 18:13:19,142 [INFO] PluginManage:310 - Check plugin pinoutconfig
2024-06-12 18:13:19,255 [WARN] SupportedApi:132 - Cannot load RTOS API schema: s4s-elt-must-match.1: The content of 'definitions' must match (annotation?, (simpleType | complexType)?, (unique | key | keyref)*)). A problem was found starting at: attribute.
2024-06-12 18:13:19,444 [INFO] PluginManage:359 - Loaded plugin pinoutconfig (category:base,tabindex:0)
2024-06-12 18:13:19,444 [INFO] PluginManage:310 - Check plugin power
2024-06-12 18:13:19,469 [INFO] PluginManage:359 - Loaded plugin power (category:power,tabindex:4)
2024-06-12 18:13:19,470 [INFO] PluginManage:310 - Check plugin projectmanager
2024-06-12 18:13:19,490 [INFO] PluginManage:359 - Loaded plugin projectmanager (category:projectmanager,tabindex:3)
2024-06-12 18:13:19,491 [INFO] PluginManage:310 - Check plugin thirdparty
2024-06-12 18:13:19,834 [INFO] PluginManage:359 - Loaded plugin thirdparty (category:base,tabindex:-1)
2024-06-12 18:13:19,834 [WARN] IntegrityCheckThread:84 - waiting for thirdparty lock release [integrity check]
2024-06-12 18:13:19,834 [INFO] PluginManage:310 - Check plugin tools
2024-06-12 18:13:19,834 [INFO] IntegrityCheckThread:86 - entering critical section [integrity check]
2024-06-12 18:13:19,835 [INFO] ThirdPartyUpdaterWithRetryManager:70 - Updater plugin not ready yet. [1/15]
2024-06-12 18:13:19,889 [INFO] PluginManage:359 - Loaded plugin tools (category:base,tabindex:7)
2024-06-12 18:13:19,889 [INFO] PluginManage:310 - Check plugin tutovideos
2024-06-12 18:13:20,176 [INFO] PluginManage:359 - Loaded plugin tutovideos (category:base,tabindex:-1)
2024-06-12 18:13:20,176 [INFO] PluginManage:310 - Check plugin updater
2024-06-12 18:13:20,189 [INFO] PluginManage:359 - Loaded plugin updater (category:base,tabindex:12)
2024-06-12 18:13:20,189 [INFO] PluginManage:310 - Check plugin userauth
2024-06-12 18:13:20,196 [INFO] UserAuth:114 - Init User Auth plugin
2024-06-12 18:13:20,196 [INFO] PluginManage:359 - Loaded plugin userauth (category:base,tabindex:14)
2024-06-12 18:13:20,197 [INFO] PluginManage:283 - PluginManage : Loaded plugins [17]
2024-06-12 18:13:20,483 [INFO] PinOutPanel:1561 - setPackage(No Configuration,No Configuration)
2024-06-12 18:13:20,584 [INFO] CADModel:165 - CPN selected for project level
2024-06-12 18:13:20,585 [INFO] CADModel:114 - Register for checkConnection events
2024-06-12 18:13:20,614 [INFO] IPUIPlugin:80 - create IPUIPlugin
2024-06-12 18:13:20,614 [INFO] PluginManager:220 - loadIPPluginJar : add adc
2024-06-12 18:13:20,654 [INFO] IPUIPlugin:80 - create IPUIPlugin
2024-06-12 18:13:20,655 [INFO] PluginManager:220 - loadIPPluginJar : add aes
2024-06-12 18:13:20,721 [INFO] IPUIPlugin:80 - create IPUIPlugin
2024-06-12 18:13:20,721 [INFO] PluginManager:220 - loadIPPluginJar : add can
2024-06-12 18:13:20,753 [INFO] IPUIPlugin:80 - create IPUIPlugin
2024-06-12 18:13:20,753 [INFO] PluginManager:220 - loadIPPluginJar : add comp
2024-06-12 18:13:20,808 [INFO] IPUIPlugin:80 - create IPUIPlugin
2024-06-12 18:13:20,808 [INFO] PluginManager:220 - loadIPPluginJar : add cryp
2024-06-12 18:13:20,849 [INFO] IPUIPlugin:80 - create IPUIPlugin
2024-06-12 18:13:20,849 [INFO] PluginManager:220 - loadIPPluginJar : add dfsdm
2024-06-12 18:13:20,870 [INFO] IPUIPlugin:80 - create IPUIPlugin
2024-06-12 18:13:20,871 [INFO] PluginManager:220 - loadIPPluginJar : add dma
2024-06-12 18:13:20,937 [INFO] IPUIPlugin:80 - create IPUIPlugin
2024-06-12 18:13:20,937 [INFO] PluginManager:220 - loadIPPluginJar : add dma3
2024-06-12 18:13:20,995 [INFO] IPUIPlugin:80 - create IPUIPlugin
2024-06-12 18:13:20,995 [INFO] PluginManager:220 - loadIPPluginJar : add extmemmanager
2024-06-12 18:13:21,021 [INFO] IPUIPlugin:80 - create IPUIPlugin
2024-06-12 18:13:21,021 [INFO] PluginManager:220 - loadIPPluginJar : add fatfs
2024-06-12 18:13:21,081 [INFO] IPUIPlugin:80 - create IPUIPlugin
2024-06-12 18:13:21,081 [INFO] PluginManager:220 - loadIPPluginJar : add fmc
2024-06-12 18:13:21,102 [INFO] IPUIPlugin:80 - create IPUIPlugin
2024-06-12 18:13:21,117 [INFO] PluginManager:220 - loadIPPluginJar : add freertos
2024-06-12 18:13:21,154 [INFO] IPUIPlugin:80 - create IPUIPlugin
2024-06-12 18:13:21,154 [INFO] PluginManager:220 - loadIPPluginJar : add genericplugin
2024-06-12 18:13:21,316 [INFO] IPUIPlugin:80 - create IPUIPlugin
2024-06-12 18:13:21,316 [INFO] PluginManager:220 - loadIPPluginJar : add gfxmmu
2024-06-12 18:13:21,503 [INFO] IPUIPlugin:80 - create IPUIPlugin
2024-06-12 18:13:21,503 [INFO] PluginManager:220 - loadIPPluginJar : add gic
2024-06-12 18:13:21,529 [INFO] IPUIPlugin:80 - create IPUIPlugin
2024-06-12 18:13:21,529 [INFO] PluginManager:220 - loadIPPluginJar : add gpio
2024-06-12 18:13:21,657 [INFO] IPUIPlugin:80 - create IPUIPlugin
2024-06-12 18:13:21,657 [INFO] PluginManager:220 - loadIPPluginJar : add gtzc
2024-06-12 18:13:21,719 [INFO] IPUIPlugin:80 - create IPUIPlugin
2024-06-12 18:13:21,719 [INFO] PluginManager:220 - loadIPPluginJar : add hash
2024-06-12 18:13:21,814 [INFO] IPUIPlugin:80 - create IPUIPlugin
2024-06-12 18:13:21,814 [INFO] PluginManager:220 - loadIPPluginJar : add i2c
2024-06-12 18:13:21,862 [INFO] IPUIPlugin:80 - create IPUIPlugin
2024-06-12 18:13:21,862 [INFO] PluginManager:220 - loadIPPluginJar : add i2s
2024-06-12 18:13:21,916 [INFO] IPUIPlugin:80 - create IPUIPlugin
2024-06-12 18:13:21,916 [INFO] PluginManager:220 - loadIPPluginJar : add i3c
2024-06-12 18:13:22,054 [INFO] IPUIPlugin:80 - create IPUIPlugin
2024-06-12 18:13:22,054 [INFO] PluginManager:220 - loadIPPluginJar : add ipddr
2024-06-12 18:13:22,205 [INFO] IPUIPlugin:80 - create IPUIPlugin
2024-06-12 18:13:22,206 [INFO] PluginManager:220 - loadIPPluginJar : add linkedlist
2024-06-12 18:13:22,280 [INFO] IPUIPlugin:80 - create IPUIPlugin
2024-06-12 18:13:22,280 [INFO] PluginManager:220 - loadIPPluginJar : add lorawan
2024-06-12 18:13:22,355 [INFO] IPUIPlugin:80 - create IPUIPlugin
2024-06-12 18:13:22,370 [INFO] PluginManager:220 - loadIPPluginJar : add ltdc
2024-06-12 18:13:22,399 [INFO] IPUIPlugin:80 - create IPUIPlugin
2024-06-12 18:13:22,400 [INFO] PluginManager:220 - loadIPPluginJar : add mdma
2024-06-12 18:13:22,416 [INFO] IPUIPlugin:80 - create IPUIPlugin
2024-06-12 18:13:22,416 [INFO] PluginManager:220 - loadIPPluginJar : add nvic
2024-06-12 18:13:22,472 [INFO] IPUIPlugin:80 - create IPUIPlugin
2024-06-12 18:13:22,472 [INFO] PluginManager:220 - loadIPPluginJar : add opamp
2024-06-12 18:13:22,566 [INFO] IPUIPlugin:80 - create IPUIPlugin
2024-06-12 18:13:22,566 [INFO] PluginManager:220 - loadIPPluginJar : add openamp
2024-06-12 18:13:22,630 [INFO] IPUIPlugin:80 - create IPUIPlugin
2024-06-12 18:13:22,630 [INFO] PluginManager:220 - loadIPPluginJar : add pdm2pcm
2024-06-12 18:13:22,649 [INFO] IPUIPlugin:80 - create IPUIPlugin
2024-06-12 18:13:22,653 [INFO] PluginManager:220 - loadIPPluginJar : add plateformsettings
2024-06-12 18:13:22,682 [INFO] IPUIPlugin:80 - create IPUIPlugin
2024-06-12 18:13:22,682 [INFO] PluginManager:220 - loadIPPluginJar : add quadspi
2024-06-12 18:13:22,707 [INFO] IPUIPlugin:80 - create IPUIPlugin
2024-06-12 18:13:22,707 [INFO] PluginManager:220 - loadIPPluginJar : add resmgrutility
2024-06-12 18:13:22,784 [INFO] IPUIPlugin:80 - create IPUIPlugin
2024-06-12 18:13:22,784 [INFO] PluginManager:220 - loadIPPluginJar : add sai
2024-06-12 18:13:22,836 [INFO] IPUIPlugin:80 - create IPUIPlugin
2024-06-12 18:13:22,836 [INFO] ThirdPartyUpdaterWithRetryManager:70 - Updater plugin not ready yet. [2/15]
2024-06-12 18:13:22,836 [INFO] PluginManager:220 - loadIPPluginJar : add spi
2024-06-12 18:13:22,932 [INFO] IPUIPlugin:80 - create IPUIPlugin
2024-06-12 18:13:22,932 [INFO] PluginManager:220 - loadIPPluginJar : add stm32_wpan
2024-06-12 18:13:22,965 [INFO] IPUIPlugin:80 - create IPUIPlugin
2024-06-12 18:13:22,965 [INFO] PluginManager:220 - loadIPPluginJar : add tim
2024-06-12 18:13:23,043 [INFO] IPUIPlugin:80 - create IPUIPlugin
2024-06-12 18:13:23,043 [INFO] PluginManager:220 - loadIPPluginJar : add touchsensing
2024-06-12 18:13:23,070 [INFO] IPUIPlugin:80 - create IPUIPlugin
2024-06-12 18:13:23,070 [INFO] PluginManager:220 - loadIPPluginJar : add tracer_emb
2024-06-12 18:13:23,095 [INFO] IPUIPlugin:80 - create IPUIPlugin
2024-06-12 18:13:23,095 [INFO] PluginManager:220 - loadIPPluginJar : add ts
2024-06-12 18:13:23,121 [INFO] IPUIPlugin:80 - create IPUIPlugin
2024-06-12 18:13:23,121 [INFO] PluginManager:220 - loadIPPluginJar : add tsc
2024-06-12 18:13:23,145 [INFO] IPUIPlugin:80 - create IPUIPlugin
2024-06-12 18:13:23,145 [INFO] PluginManager:220 - loadIPPluginJar : add ucpd
2024-06-12 18:13:23,195 [INFO] IPUIPlugin:80 - create IPUIPlugin
2024-06-12 18:13:23,195 [INFO] PluginManager:220 - loadIPPluginJar : add usart
2024-06-12 18:13:23,248 [INFO] IPUIPlugin:80 - create IPUIPlugin
2024-06-12 18:13:23,248 [INFO] PluginManager:220 - loadIPPluginJar : add usbx
2024-06-12 18:13:23,397 [INFO] CADModel:165 - CPN selected for project level
2024-06-12 18:13:23,397 [INFO] CADModel:114 - Register for checkConnection events
2024-06-12 18:13:23,397 [FATAL] Updater:308 - Updater called before beeing initialized
2024-06-12 18:13:23,397 [ERROR] CADModel:125 - Updater not yet initialized, retry later 
2024-06-12 18:13:23,587 [INFO] CADModel:165 - CPN selected for project level
2024-06-12 18:13:23,587 [INFO] CADModel:114 - Register for checkConnection events
2024-06-12 18:13:23,587 [FATAL] Updater:308 - Updater called before beeing initialized
2024-06-12 18:13:23,587 [ERROR] CADModel:125 - Updater not yet initialized, retry later 
2024-06-12 18:13:23,591 [FATAL] Updater:308 - Updater called before beeing initialized
2024-06-12 18:13:23,720 [FATAL] Updater:308 - Updater called before beeing initialized
2024-06-12 18:13:23,731 [INFO] DbMcusAds:53 - JSON generation date=Thu May 16 11:22:01 CEST 2024 (1715851321456)
2024-06-12 18:13:23,732 [FATAL] Updater:308 - Updater called before beeing initialized
2024-06-12 18:13:23,818 [WARN] DetailPanel:346 - Failed to get advertising image, set to default
2024-06-12 18:13:23,927 [FATAL] Updater:308 - Updater called before beeing initialized
2024-06-12 18:13:23,930 [FATAL] Updater:308 - Updater called before beeing initialized
2024-06-12 18:13:23,930 [FATAL] Updater:308 - Updater called before beeing initialized
2024-06-12 18:13:23,930 [WARN] DetailPanel:346 - Failed to get advertising image, set to default
2024-06-12 18:13:23,932 [FATAL] Updater:308 - Updater called before beeing initialized
2024-06-12 18:13:24,032 [ERROR] Updater:1120 - MainUpdater not yet initialized. External WinMGr cannot be set.
2024-06-12 18:13:24,045 [INFO] Updater:1056 - Updater Version found : 6.11.1
2024-06-12 18:13:24,077 [INFO] ApplicationProperties:184 - Using Application install path: D:\ST\STM32CubeIDE_1.15.1\STM32CubeIDE\plugins\com.st.stm32cube.common.mx_6.11.1.202404110753
2024-06-12 18:13:24,486 [INFO] MainUpdater:2873 - connection check result : 10
2024-06-12 18:13:24,488 [INFO] MainUpdater:290 - Updater Check For Update Now.
2024-06-12 18:13:24,488 [INFO] MicroXplorer:498 - Change Database Version : DB.6.0.111
2024-06-12 18:13:24,507 [INFO] McuFinderGlobals:63 - Set McuFinder mode to 2 (CubeIDE integrated)
2024-06-12 18:13:24,519 [INFO] UserAuth:415 - Internet connection configuration mode: 1
2024-06-12 18:13:24,550 [INFO] JxBrowserEngine:152 - Initiate JxBrowser Engine with user profile folder
2024-06-12 18:13:24,680 [INFO] CheckServerUpdateThread:120 - End of CheckServer Thread
2024-06-12 18:13:26,028 [WARN] PackLoader:240 - Cannot read IP mode file for STMicroelectronics.FP-SNS-MOTENVWB1.1.4.0
2024-06-12 18:13:26,064 [WARN] PackLoader:240 - Cannot read IP mode file for STMicroelectronics.X-CUBE-SMBUS.2.1.0
2024-06-12 18:13:26,078 [WARN] PackLoader:240 - Cannot read IP mode file for STMicroelectronics.X-CUBE-TOUCHGFX.4.23.1
2024-06-12 18:13:26,088 [WARN] PackLoader:240 - Cannot read IP mode file for STMicroelectronics.X-CUBE-TOUCHGFX.4.23.0
2024-06-12 18:13:26,098 [WARN] PackLoader:240 - Cannot read IP mode file for STMicroelectronics.X-CUBE-TOUCHGFX.4.23.2
2024-06-12 18:13:26,137 [WARN] PackLoader:240 - Cannot read IP mode file for STMicroelectronics.X-CUBE-AZRTOS-F7.1.1.0
2024-06-12 18:13:26,154 [WARN] PackLoader:240 - Cannot read IP mode file for STMicroelectronics.FP-SNS-MOTENV1.4.3.2
2024-06-12 18:13:26,166 [WARN] PackLoader:240 - Cannot read IP mode file for STMicroelectronics.FP-SNS-FLIGHT1.5.0.2
2024-06-12 18:13:26,180 [WARN] PackLoader:240 - Cannot read IP mode file for STMicroelectronics.X-CUBE-DISPLAY.3.0.0
2024-06-12 18:13:26,197 [WARN] PackLoader:240 - Cannot read IP mode file for STMicroelectronics.X-CUBE-BLE1.7.0.0
2024-06-12 18:13:26,209 [WARN] PackLoader:240 - Cannot read IP mode file for emotas.I-CUBE-CANOPEN.1.3.0
2024-06-12 18:13:26,226 [WARN] PackLoader:240 - Cannot read IP mode file for STMicroelectronics.X-CUBE-BLEMGR.3.1.0
2024-06-12 18:13:26,239 [WARN] PackLoader:240 - Cannot read IP mode file for STMicroelectronics.FP-SNS-SMARTAG2.1.2.0
2024-06-12 18:13:26,258 [INFO] LogOutputStream:77 - [STDOUT_REDIRECT] 1 : Invalid condition id : UX_CORESTACK_Condition cause : null
2024-06-12 18:13:26,258 [INFO] LogOutputStream:77 - [STDOUT_REDIRECT] 1 : Invalid condition id : UX_CORESTACK_Condition cause : null
2024-06-12 18:13:26,259 [INFO] LogOutputStream:77 - [STDOUT_REDIRECT] 1 : Invalid condition id : UX_CORESTACK_Condition cause : null
2024-06-12 18:13:26,260 [INFO] LogOutputStream:77 - [STDOUT_REDIRECT] 1 : Invalid condition id : UX_CORESTACK_Condition cause : null
2024-06-12 18:13:26,261 [INFO] LogOutputStream:77 - [STDOUT_REDIRECT] 1 : Invalid condition id : UX_CORESTACK_Condition cause : null
2024-06-12 18:13:26,264 [WARN] PackLoader:240 - Cannot read IP mode file for STMicroelectronics.X-CUBE-AZRTOS-WL.2.0.0
2024-06-12 18:13:26,275 [WARN] PackLoader:240 - Cannot read IP mode file for STMicroelectronics.FP-SNS-MOTENV1.5.0.0
2024-06-12 18:13:26,293 [WARN] PackLoader:240 - Cannot read IP mode file for WES.I-CUBE-Cesium.1.3.0
2024-06-12 18:13:26,305 [WARN] PackLoader:240 - Cannot read IP mode file for STMicroelectronics.X-CUBE-BLE2.3.3.0
2024-06-12 18:13:26,316 [WARN] PackLoader:240 - Cannot read IP mode file for STMicroelectronics.X-CUBE-TCPP.4.1.0
2024-06-12 18:13:26,328 [WARN] PackLoader:240 - Cannot read IP mode file for STMicroelectronics.X-CUBE-ALGOBUILD.1.3.0
2024-06-12 18:13:26,353 [WARN] PackLoader:240 - Cannot read IP mode file for STMicroelectronics.X-CUBE-AZRTOS-G0.1.1.0
2024-06-12 18:13:26,368 [WARN] PackLoader:240 - Cannot read IP mode file for STMicroelectronics.X-CUBE-SAFEA1.1.2.2
2024-06-12 18:13:26,379 [WARN] PackLoader:240 - Cannot read IP mode file for STMicroelectronics.X-CUBE-NFC4.3.0.0
2024-06-12 18:13:26,389 [WARN] PackLoader:240 - Cannot read IP mode file for wolfSSL.I-CUBE-wolfMQTT.1.18.0
2024-06-12 18:13:26,402 [WARN] PackLoader:240 - Cannot read IP mode file for STMicroelectronics.X-CUBE-BLEMGR.3.0.0
2024-06-12 18:13:26,414 [WARN] PackLoader:240 - Cannot read IP mode file for STMicroelectronics.FP-ATR-SIGFOX1.3.2.0
2024-06-12 18:13:26,427 [WARN] PackLoader:240 - Cannot read IP mode file for STMicroelectronics.X-CUBE-EEPRMA1.5.1.0
2024-06-12 18:13:26,457 [WARN] PackLoader:240 - Cannot read IP mode file for SEGGER.I-CUBE-embOS.1.3.1
2024-06-12 18:13:26,524 [WARN] PackLoader:240 - Cannot read IP mode file for STMicroelectronics.X-CUBE-ALGOBUILD.1.4.0
2024-06-12 18:13:26,540 [WARN] PackLoader:240 - Cannot read IP mode file for STMicroelectronics.X-CUBE-GNSS1.6.0.0
2024-06-12 18:13:26,582 [WARN] PackLoader:240 - Cannot read IP mode file for STMicroelectronics.X-CUBE-AZRTOS-F4.1.1.0
2024-06-12 18:13:26,598 [WARN] PackLoader:240 - Cannot read IP mode file for STMicroelectronics.X-CUBE-FREERTOS.1.2.0
2024-06-12 18:13:26,609 [WARN] PackLoader:240 - Cannot read IP mode file for wolfSSL.I-CUBE-wolfSSL.5.6.6
2024-06-12 18:13:26,632 [WARN] PackLoader:240 - Cannot read IP mode file for STMicroelectronics.X-CUBE-AZRTOS-L5.2.0.0
2024-06-12 18:13:26,645 [WARN] PackLoader:240 - Cannot read IP mode file for STMicroelectronics.X-CUBE-EEPRMA1.4.2.0
2024-06-12 18:13:26,662 [WARN] PackLoader:240 - Cannot read IP mode file for STMicroelectronics.X-CUBE-NFC6.3.1.0
2024-06-12 18:13:26,676 [WARN] PackLoader:240 - Cannot read IP mode file for ITTIA_DB.I-CUBE-ITTIADB.8.8.0
2024-06-12 18:13:26,686 [WARN] PackLoader:240 - Cannot read IP mode file for STMicroelectronics.X-CUBE-AI.9.0.0
2024-06-12 18:13:26,697 [WARN] PackLoader:240 - Cannot read IP mode file for STMicroelectronics.X-CUBE-NFC7.1.0.1
2024-06-12 18:13:26,710 [WARN] PackLoader:240 - Cannot read IP mode file for STMicroelectronics.X-CUBE-NFC6.3.0.0
2024-06-12 18:13:26,720 [WARN] PackLoader:240 - Cannot read IP mode file for STMicroelectronics.X-CUBE-AI.8.1.0
2024-06-12 18:13:26,743 [WARN] ConditionMgr:438 - getConditionDescription Invalid condition id : LAN8742 Phy interface Condition cause : null
2024-06-12 18:13:26,744 [WARN] PackLoader:240 - Cannot read IP mode file for STMicroelectronics.X-CUBE-AZRTOS-L4.2.0.0
2024-06-12 18:13:26,745 [WARN] ConditionMgr:1039 - genDependencies : Invalid condition id : LAN8742 Phy interface Condition cause : null
2024-06-12 18:13:26,745 [WARN] ConditionMgr:1039 - genDependencies : Invalid condition id : LAN8742 Phy interface Condition cause : null
2024-06-12 18:13:26,745 [WARN] ConditionMgr:1039 - genDependencies : Invalid condition id : LAN8742 Phy interface Condition cause : null
2024-06-12 18:13:26,760 [WARN] PackLoader:240 - Cannot read IP mode file for STMicroelectronics.X-CUBE-SFXS2LP1.4.0.0
2024-06-12 18:13:26,781 [WARN] ConditionMgr:438 - getConditionDescription Invalid condition id : UX DEVICE CLASS RTOS Condition cause : null
2024-06-12 18:13:26,781 [WARN] ConditionMgr:438 - getConditionDescription Invalid condition id : UX DEVICE CLASS RTOS Condition cause : null
2024-06-12 18:13:26,782 [WARN] PackLoader:240 - Cannot read IP mode file for STMicroelectronics.X-CUBE-AZRTOS-WB.2.0.0
2024-06-12 18:13:26,783 [WARN] ConditionMgr:1039 - genDependencies : Invalid condition id : UX DEVICE CLASS RTOS Condition cause : null
2024-06-12 18:13:26,783 [WARN] ConditionMgr:1039 - genDependencies : Invalid condition id : UX DEVICE CLASS RTOS Condition cause : null
2024-06-12 18:13:26,783 [WARN] ConditionMgr:1039 - genDependencies : Invalid condition id : UX DEVICE CLASS RTOS Condition cause : null
2024-06-12 18:13:26,783 [WARN] ConditionMgr:1039 - genDependencies : Invalid condition id : UX DEVICE CLASS RTOS Condition cause : null
2024-06-12 18:13:26,783 [WARN] ConditionMgr:1039 - genDependencies : Invalid condition id : UX DEVICE CLASS RTOS Condition cause : null
2024-06-12 18:13:26,801 [WARN] PackLoader:240 - Cannot read IP mode file for STMicroelectronics.X-CUBE-SUBG2.5.0.0
2024-06-12 18:13:26,825 [WARN] PackLoader:240 - Cannot read IP mode file for STMicroelectronics.X-CUBE-AZRTOS-G4.2.0.0
2024-06-12 18:13:26,844 [WARN] PackLoader:240 - Cannot read IP mode file for Infineon.AIROC-Wi-Fi-Bluetooth-STM32.1.5.1
2024-06-12 18:13:26,856 [WARN] PackLoader:240 - Cannot read IP mode file for STMicroelectronics.FP-SNS-MOTENVWB1.1.3.1
2024-06-12 18:13:26,868 [WARN] PackLoader:240 - Cannot read IP mode file for STMicroelectronics.X-CUBE-ISPU.2.0.0
2024-06-12 18:13:26,879 [WARN] PackLoader:240 - Cannot read IP mode file for STMicroelectronics.X-CUBE-ALS.1.0.2
2024-06-12 18:13:26,925 [WARN] PackLoader:240 - Cannot read IP mode file for STMicroelectronics.X-CUBE-MEMS1.10.0.0
2024-06-12 18:13:27,049 [WARN] PackLoader:240 - Cannot read IP mode file for STMicroelectronics.X-CUBE-FREERTOS.1.1.0
2024-06-12 18:13:27,063 [WARN] PackLoader:240 - Cannot read IP mode file for portGmbH.I-Cube-SoM-uGOAL.1.1.0
2024-06-12 18:13:27,073 [WARN] PackLoader:240 - Cannot read IP mode file for STMicroelectronics.X-CUBE-ALS.1.0.1
2024-06-12 18:13:27,104 [WARN] PackLoader:240 - Cannot read IP mode file for STMicroelectronics.X-CUBE-AZRTOS-H7RS.1.0.0
2024-06-12 18:13:27,115 [WARN] PackLoader:240 - Cannot read IP mode file for STMicroelectronics.FP-ATR-ASTRA1.2.0.0
2024-06-12 18:13:27,134 [WARN] PackLoader:240 - Cannot read IP mode file for STMicroelectronics.X-CUBE-TOF1.3.4.0
2024-06-12 18:13:27,161 [WARN] PackLoader:240 - Cannot read IP mode file for STMicroelectronics.X-CUBE-TOF1.3.4.1
2024-06-12 18:13:27,194 [WARN] PackLoader:240 - Cannot read IP mode file for STMicroelectronics.X-CUBE-AZRTOS-H7.3.2.0
2024-06-12 18:13:27,197 [INFO] ThirdParty:978 - Integrity check success = true
2024-06-12 18:13:27,197 [INFO] IntegrityCheckThread:100 - exiting critical section [integrity check]
2024-06-12 18:13:27,198 [INFO] IntegrityCheckThread:103 - End integrity checks thread
2024-06-12 18:13:29,296 [INFO] WebApp:161 - Instantiating new browser for Auth
2024-06-12 18:13:29,984 [INFO] WebApp:779 - Register for checkConnection events
2024-06-12 18:13:29,984 [INFO] WebApp:414 - Apply proxy settings
2024-06-12 18:13:29,984 [INFO] WebApp:499 - Chromium requires no authentication
2024-06-12 18:13:29,993 [INFO] WebApp:442 - Direct internet connection detected
2024-06-12 18:13:30,209 [INFO] WebApp:192 - Starting web application
2024-06-12 18:13:30,209 [INFO] WebApp:544 - Web application path used D:\ST\STM32CubeIDE_1.15.1\STM32CubeIDE\plugins\com.st.stm32cube.common.mx_6.11.1.202404110753\db\plugins\mcufinder\reactClient1\index.html
2024-06-12 18:22:29,305 [INFO] McuFinderGlobals:63 - Set McuFinder mode to 2 (CubeIDE integrated)
2024-06-12 18:22:29,331 [INFO] MainUpdater:2873 - connection check result : 10
2024-06-12 18:22:29,337 [INFO] MainUpdater:2873 - connection check result : 10
2024-06-12 18:22:29,595 [INFO] MicroXplorer:468 - Change Database Path : 
2024-06-12 18:22:29,596 [INFO] MicroXplorer:498 - Change Database Version : DB.6.0.111
2024-06-12 18:22:29,601 [WARN] ThirdParty:871 - waiting for thirdparty lock release [close project]
2024-06-12 18:22:29,601 [INFO] ThirdParty:873 - entering critical section [close project]
2024-06-12 18:22:29,603 [INFO] ThirdParty:883 - exiting critical section [close project]
2024-06-12 18:22:29,605 [INFO] PinOutPanel:1561 - setPackage(No Configuration,No Configuration)
2024-06-12 18:22:29,609 [INFO] UtilMem:75 - Begin LoadConfig() Used Memory: 371628152 Bytes (1073741824)
2024-06-12 18:22:29,610 [INFO] MicroXplorer:468 - Change Database Path : 
2024-06-12 18:22:29,610 [INFO] MicroXplorer:498 - Change Database Version : DB.6.0.111
2024-06-12 18:22:29,610 [INFO] OpenFileManager:312 - Change cursor
2024-06-12 18:22:29,668 [INFO] Mcu:2021 - Initializing MCU STM32H747XIHx STM32H747XIHx STM32H747XIH6
2024-06-12 18:22:34,173 [INFO] Context:663 - Trying to add GPIOservice into a context  which must be forbidden
2024-06-12 18:22:34,173 [INFO] Context:663 - Trying to add GPIOservice into a context  which must be forbidden
2024-06-12 18:22:35,996 [INFO] Context:663 - Trying to add GPIOservice into a context  which must be forbidden
2024-06-12 18:22:35,997 [INFO] Context:663 - Trying to add GPIOservice into a context  which must be forbidden
2024-06-12 18:22:36,147 [INFO] RtosManager:555 - Registered RTOS mode: class=CMSIS, group=RTOS, mode=CMSIS_V1, owner=FREERTOS_M7
2024-06-12 18:22:36,147 [INFO] RtosManager:555 - Registered RTOS mode: class=CMSIS, group=RTOS2, mode=CMSIS_V2, owner=FREERTOS_M7
2024-06-12 18:22:36,147 [INFO] RtosManager:555 - Registered RTOS mode: class=RTOS, group=Core, mode=CMSIS_V1, owner=FREERTOS_M7
2024-06-12 18:22:36,147 [INFO] RtosManager:555 - Registered RTOS mode: class=RTOS, group=Core, mode=CMSIS_V2, owner=FREERTOS_M7
2024-06-12 18:22:36,147 [WARN] ModelIntegratedComponent:184 - Missing modes for component STMicroelectronics:FreeRTOS:0.0.1:STMicroelectronics:RTOS:FreeRTOS:Core:::10.2.0:
2024-06-12 18:22:36,161 [WARN] ModelIntegratedComponent:63 - No mode defined for component null
2024-06-12 18:22:36,161 [WARN] ModelIntegratedComponent:63 - No mode defined for component null
2024-06-12 18:22:36,161 [WARN] ModelIntegratedComponent:63 - No mode defined for component null
2024-06-12 18:22:36,161 [WARN] ModelIntegratedComponent:63 - No mode defined for component null
2024-06-12 18:22:36,161 [WARN] ModelIntegratedComponent:63 - No mode defined for component null
2024-06-12 18:22:36,161 [WARN] ModelIntegratedComponent:63 - No mode defined for component null
2024-06-12 18:22:36,161 [WARN] ModelIntegratedComponent:63 - No mode defined for component null
2024-06-12 18:22:36,161 [WARN] ModelIntegratedComponent:63 - No mode defined for component null
2024-06-12 18:22:36,162 [WARN] ModelIntegratedComponent:63 - No mode defined for component null
2024-06-12 18:22:36,162 [WARN] ModelIntegratedComponent:63 - No mode defined for component null
2024-06-12 18:22:36,162 [WARN] ModelIntegratedComponent:63 - No mode defined for component null
2024-06-12 18:22:36,162 [WARN] ModelIntegratedComponent:63 - No mode defined for component null
2024-06-12 18:22:36,162 [WARN] ModelIntegratedComponent:63 - No mode defined for component null
2024-06-12 18:22:36,162 [WARN] ModelIntegratedComponent:63 - No mode defined for component null
2024-06-12 18:22:36,162 [WARN] ModelIntegratedComponent:63 - No mode defined for component null
2024-06-12 18:22:36,162 [WARN] ModelIntegratedComponent:63 - No mode defined for component null
2024-06-12 18:22:36,162 [WARN] ModelIntegratedComponent:63 - No mode defined for component null
2024-06-12 18:22:36,162 [WARN] ModelIntegratedComponent:63 - No mode defined for component null
2024-06-12 18:22:36,162 [WARN] ModelIntegratedComponent:63 - No mode defined for component null
2024-06-12 18:22:36,162 [WARN] ModelIntegratedComponent:63 - No mode defined for component null
2024-06-12 18:22:36,162 [WARN] ModelIntegratedComponent:63 - No mode defined for component null
2024-06-12 18:22:36,162 [WARN] ModelIntegratedComponent:63 - No mode defined for component null
2024-06-12 18:22:36,162 [WARN] ModelIntegratedComponent:63 - No mode defined for component null
2024-06-12 18:22:36,162 [WARN] ModelIntegratedComponent:63 - No mode defined for component null
2024-06-12 18:22:36,162 [WARN] ModelIntegratedComponent:63 - No mode defined for component null
2024-06-12 18:22:36,162 [WARN] ModelIntegratedComponent:63 - No mode defined for component null
2024-06-12 18:22:36,162 [WARN] ModelIntegratedComponent:63 - No mode defined for component null
2024-06-12 18:22:36,162 [WARN] ModelIntegratedComponent:63 - No mode defined for component null
2024-06-12 18:22:36,162 [WARN] ModelIntegratedComponent:63 - No mode defined for component null
2024-06-12 18:22:36,163 [WARN] ModelIntegratedComponent:63 - No mode defined for component null
2024-06-12 18:22:36,163 [WARN] ModelIntegratedComponent:63 - No mode defined for component null
2024-06-12 18:22:36,163 [WARN] ModelIntegratedComponent:63 - No mode defined for component null
2024-06-12 18:22:36,163 [WARN] ModelIntegratedComponent:63 - No mode defined for component null
2024-06-12 18:22:36,163 [WARN] ModelIntegratedComponent:63 - No mode defined for component null
2024-06-12 18:22:36,241 [INFO] RtosManager:555 - Registered RTOS mode: class=CMSIS, group=RTOS, mode=CMSIS_V1, owner=FREERTOS_M4
2024-06-12 18:22:36,241 [INFO] RtosManager:555 - Registered RTOS mode: class=CMSIS, group=RTOS2, mode=CMSIS_V2, owner=FREERTOS_M4
2024-06-12 18:22:36,241 [INFO] RtosManager:555 - Registered RTOS mode: class=RTOS, group=Core, mode=CMSIS_V1, owner=FREERTOS_M4
2024-06-12 18:22:36,241 [INFO] RtosManager:555 - Registered RTOS mode: class=RTOS, group=Core, mode=CMSIS_V2, owner=FREERTOS_M4
2024-06-12 18:22:36,241 [WARN] ModelIntegratedComponent:184 - Missing modes for component STMicroelectronics:FreeRTOS:0.0.1:STMicroelectronics:RTOS:FreeRTOS:Core:::10.2.0:
2024-06-12 18:22:36,249 [WARN] ModelIntegratedComponent:63 - No mode defined for component null
2024-06-12 18:22:36,249 [WARN] ModelIntegratedComponent:63 - No mode defined for component null
2024-06-12 18:22:36,249 [WARN] ModelIntegratedComponent:63 - No mode defined for component null
2024-06-12 18:22:36,249 [WARN] ModelIntegratedComponent:63 - No mode defined for component null
2024-06-12 18:22:36,249 [WARN] ModelIntegratedComponent:63 - No mode defined for component null
2024-06-12 18:22:36,249 [WARN] ModelIntegratedComponent:63 - No mode defined for component null
2024-06-12 18:22:36,249 [WARN] ModelIntegratedComponent:63 - No mode defined for component null
2024-06-12 18:22:36,249 [WARN] ModelIntegratedComponent:63 - No mode defined for component null
2024-06-12 18:22:36,249 [WARN] ModelIntegratedComponent:63 - No mode defined for component null
2024-06-12 18:22:36,249 [WARN] ModelIntegratedComponent:63 - No mode defined for component null
2024-06-12 18:22:36,250 [WARN] ModelIntegratedComponent:63 - No mode defined for component null
2024-06-12 18:22:36,250 [WARN] ModelIntegratedComponent:63 - No mode defined for component null
2024-06-12 18:22:36,250 [WARN] ModelIntegratedComponent:63 - No mode defined for component null
2024-06-12 18:22:36,250 [WARN] ModelIntegratedComponent:63 - No mode defined for component null
2024-06-12 18:22:36,250 [WARN] ModelIntegratedComponent:63 - No mode defined for component null
2024-06-12 18:22:36,250 [WARN] ModelIntegratedComponent:63 - No mode defined for component null
2024-06-12 18:22:36,250 [WARN] ModelIntegratedComponent:63 - No mode defined for component null
2024-06-12 18:22:36,250 [WARN] ModelIntegratedComponent:63 - No mode defined for component null
2024-06-12 18:22:36,250 [WARN] ModelIntegratedComponent:63 - No mode defined for component null
2024-06-12 18:22:36,250 [WARN] ModelIntegratedComponent:63 - No mode defined for component null
2024-06-12 18:22:36,250 [WARN] ModelIntegratedComponent:63 - No mode defined for component null
2024-06-12 18:22:36,250 [WARN] ModelIntegratedComponent:63 - No mode defined for component null
2024-06-12 18:22:36,250 [WARN] ModelIntegratedComponent:63 - No mode defined for component null
2024-06-12 18:22:36,250 [WARN] ModelIntegratedComponent:63 - No mode defined for component null
2024-06-12 18:22:36,250 [WARN] ModelIntegratedComponent:63 - No mode defined for component null
2024-06-12 18:22:36,250 [WARN] ModelIntegratedComponent:63 - No mode defined for component null
2024-06-12 18:22:36,250 [WARN] ModelIntegratedComponent:63 - No mode defined for component null
2024-06-12 18:22:36,250 [WARN] ModelIntegratedComponent:63 - No mode defined for component null
2024-06-12 18:22:36,250 [WARN] ModelIntegratedComponent:63 - No mode defined for component null
2024-06-12 18:22:36,251 [WARN] ModelIntegratedComponent:63 - No mode defined for component null
2024-06-12 18:22:36,251 [WARN] ModelIntegratedComponent:63 - No mode defined for component null
2024-06-12 18:22:36,251 [WARN] ModelIntegratedComponent:63 - No mode defined for component null
2024-06-12 18:22:36,251 [WARN] ModelIntegratedComponent:63 - No mode defined for component null
2024-06-12 18:22:36,251 [WARN] ModelIntegratedComponent:63 - No mode defined for component null
2024-06-12 18:22:36,334 [INFO] ThirdPartyModel:298 - Start build external matchings
2024-06-12 18:22:36,698 [INFO] ThirdPartyModel:316 - End build external matchings
2024-06-12 18:22:36,706 [INFO] ThirdPartyModel:298 - Start build external matchings
2024-06-12 18:22:37,062 [INFO] ThirdPartyModel:316 - End build external matchings
2024-06-12 18:22:37,600 [INFO] ApiDb:581 - Connected to CubeFinder SQLite database (C:\Users\andre\.stmcufinder\plugins\mcufinder\mcu\cube-finder-db.db)
2024-06-12 18:22:37,724 [INFO] ApiDb:668 - CubeFinder database Data Model version=2.1
2024-06-12 18:22:37,724 [INFO] ApiDb:669 - CubeFinder database Configuration version=3.0.39
2024-06-12 18:22:37,725 [INFO] ApiDb:670 - CubeFinder database generation date=2024-05-16 (1715872938)
2024-06-12 18:22:37,725 [INFO] ApiDb:671 - CubeFinder database FW Pack versions=[FP-ATR-ASTRA1_V2.0.0, FP-SNS-FLIGHT1_V5.0.1, FP-SNS-FLIGHT1_V5.0.2, FP-SNS-MOTENV1_V4.3.1, FP-SNS-MOTENV1_V4.3.2, FP-SNS-MOTENV1_V5.0.0, FP-SNS-MOTENVWB1_V1.4.0, FP-SNS-SMARTAG2_V1.2.0, STM32Cube_FW_C0_V1.1.0, STM32Cube_FW_F4_V1.28.0, STM32Cube_FW_F7_V1.17.0, STM32Cube_FW_G0_V1.6.2, STM32Cube_FW_G4_V1.5.2, STM32Cube_FW_H5_V0.5.1, STM32Cube_FW_H5_V1.1.1, STM32Cube_FW_H5_V1.2.0, STM32Cube_FW_H5_V1.2.0RC4, STM32Cube_FW_H7RS_V1.0.0, STM32Cube_FW_H7RS_V1.0.0RC4, STM32Cube_FW_H7_V1.11.0, STM32Cube_FW_L0_V1.12.2, STM32Cube_FW_L5_V1.5.1, STM32Cube_FW_U0_V1.0.0, STM32Cube_FW_U0_V1.0.0RC1, STM32Cube_FW_U5_V1.3.0RC4, STM32Cube_FW_U5_V1.5.0, STM32Cube_FW_U5_V1.5.0RC1, STM32Cube_FW_WBA_V1.0.0RC1, STM32Cube_FW_WBA_V1.2.0, STM32Cube_FW_WBA_V1.2.0RC2, STM32Cube_FW_WBA_V1.3.0, STM32Cube_FW_WBA_V1.3.0RC1, STM32Cube_FW_WB_V1.15.0RC1, STM32Cube_FW_WB_V1.16.0, STM32Cube_FW_WB_V1.16.0RC2, STM32Cube_FW_WB_V1.18.0, STM32Cube_FW_WB_V1.19.0, STM32Cube_FW_WL_V1.3.0, X-CUBE-ALGOBUILD_V1.4.0, X-CUBE-ALS_V1.0.1, X-CUBE-AZRTOS-F4_V1.1.0, X-CUBE-AZRTOS-F7_V1.1.0, X-CUBE-AZRTOS-G0_V1.1.0, X-CUBE-AZRTOS-G4_V2.0.0, X-CUBE-AZRTOS-H7_V3.2.0, X-CUBE-AZRTOS-L4_V1.0.0, X-CUBE-AZRTOS-L4_V2.0.0, X-CUBE-AZRTOS-L5_V1.1.0, X-CUBE-AZRTOS-WB_V2.0.0, X-CUBE-AZRTOS-WL_V2.0.0, X-CUBE-BLE1_V7.0.0, X-CUBE-BLE2_V3.3.0, X-CUBE-BLEMGR_V3.1.0, X-CUBE-EEPRMA1_V4.1.0, X-CUBE-EEPRMA1_V5.1.0, X-CUBE-FREERTOS_V1.1.0, X-CUBE-GNSS1_V6.0.0, X-CUBE-MEMS1_V10.0.0, X-CUBE-MEMS1_V9.1.0, X-CUBE-MEMS1_V9.4.0, X-CUBE-MEMS1_V9.6.0, X-CUBE-NFC4_V3.0.0, X-CUBE-NFC7_V1.0.1, X-CUBE-SFXS2LP1_V4.0.0, X-CUBE-SUBG2_V5.0.0, X-CUBE-TOF1_V3.4.0]
2024-06-12 18:22:37,875 [INFO] DbBoardsSqlite:226 - include board P-NUCLEO-WB55-NUCLEO as a kit item of type 'Nucleo-64'
2024-06-12 18:22:37,876 [INFO] DbBoardsSqlite:226 - include board P-NUCLEO-WB55-USBDONGLE as a kit item of type 'Nucleo USB Dongle'
2024-06-12 18:22:37,877 [INFO] DbBoardsSqlite:226 - include board STEVAL-IDP005V1 as a kit item of type 'Evaluation Board'
2024-06-12 18:22:37,877 [INFO] DbBoardsSqlite:226 - include board STEVAL-IDP005V2 as a kit item of type 'Evaluation Board'
2024-06-12 18:22:38,345 [INFO] ApiDb:240 - Found 483 in-development CPN: [B-G473E-ZEST1S, B-WB1M-WPAN1, B-WL5M-SUBG1, NUCLEO-C031C6, NUCLEO-H503RB, NUCLEO-H533RE, NUCLEO-H563ZI, NUCLEO-H7S3L8, NUCLEO-U031R8, NUCLEO-U083RC, NUCLEO-U545RE-Q, NUCLEO-U5A5ZJ-Q, NUCLEO-WBA52CG, NUCLEO-WBA55CG, STEVAL-PROTEUS1, STEVAL-SMARTAG2, STEVAL-STWINBX1, STM320518-EVAL, STM32C0116-DK, STM32C011D6Y3TR, STM32C011D6Y6TR, STM32C011F4P3, STM32C011F4P6, STM32C011F4U3, STM32C011F4U6TR, STM32C011F6P3, STM32C011F6P6, STM32C011F6U3, STM32C011F6U6TR, STM32C011J4M3, STM32C011J4M6, STM32C011J6M3, STM32C011J6M6, STM32C0316-DK, STM32C031C4T3, STM32C031C4T6, STM32C031C4U3, STM32C031C4U6, STM32C031C6T3, STM32C031C6T6, STM32C031C6U3, STM32C031C6U6, STM32C031F4P3, STM32C031F4P6, STM32C031F6P3, STM32C031F6P6, STM32C031G4U3, STM32C031G4U6, STM32C031G6U3, STM32C031G6U6, STM32C031K4T3, STM32C031K4T6, STM32C031K4U3, STM32C031K4U6, STM32C031K6T3, STM32C031K6T6, STM32C031K6U3, STM32C031K6U6, STM32G071K8TXN, STM32G071K8UXN, STM32G081GBU6N, STM32G081KBT6N, STM32G081KBUXN, STM32G0B1CCT6N, STM32G0B1KCT6, STM32G0B1NEY6TR, STM32G0B1RCT6N, STM32G0C1CCT6, STM32G0C1CCT6N, STM32G0C1CCU6N, STM32G0C1CET6N, STM32G0C1CEU6N, STM32G0C1KCT6, STM32G0C1NEY6TR, STM32G0C1RCI6N, STM32G0C1RCT6N, STM32G0C1REI6N, STM32G0C1RET6N, STM32G0C1VCI6, STM32G0C1VEI6, STM32G471CCT6, STM32G471CCU6, STM32G471CET3, STM32G471CET6, STM32G471CEU3, STM32G471CEU6, STM32G471MCT6, STM32G471MET3, STM32G471MET6, STM32G471MEY6TR, STM32G471QCT6, STM32G471QET3, STM32G471RCT6, STM32G471RET3, STM32G471RET6, STM32G471VCH6, STM32G471VCI6, STM32G471VCT6, STM32G471VEH3, STM32G471VEH6, STM32G471VEI3, STM32G471VEI6, STM32G471VET3, STM32G471VET6, STM32G474CCT6, STM32H503CBT6, STM32H503CBU6, STM32H503EBY6TR, STM32H503KBU6, STM32H503RBT6, STM32H523CCT6, STM32H523CCU6, STM32H523CET6, STM32H523CEU6, STM32H523HEY6TR, STM32H523RCT6, STM32H523RET6, STM32H523VCI6, STM32H523VCT6, STM32H523VEI6, STM32H523VET6, STM32H523ZCJ6, STM32H523ZCT6, STM32H523ZEJ6, STM32H523ZET6, STM32H533CET6, STM32H533CEU6, STM32H533HEY6TR, STM32H533RET6, STM32H533VEI6, STM32H533VET6, STM32H533ZEJ6, STM32H533ZET6, STM32H562AGI6, STM32H562AII6, STM32H562IGK6, STM32H562IGT6, STM32H562IIK6, STM32H562IIT6, STM32H562RGT6, STM32H562RGV6, STM32H562RIT6, STM32H562RIV6, STM32H562VGT6, STM32H562VIT6, STM32H562ZGT6, STM32H562ZIT6, STM32H563AGI6, STM32H563AII3Q, STM32H563AII6, STM32H563IGK6, STM32H563IGT6, STM32H563IIK3Q, STM32H563IIK6, STM32H563IIT3Q, STM32H563IIT6, STM32H563MIY3QTR, STM32H563RGT6, STM32H563RGV6, STM32H563RIT6, STM32H563RIV6, STM32H563VGT6, STM32H563VIT3Q, STM32H563VIT6, STM32H563ZGT6, STM32H563ZIT3Q, STM32H563ZIT6, STM32H573AII3Q, STM32H573AII6, STM32H573I-DK, STM32H573IIK3Q, STM32H573IIK6, STM32H573IIT3Q, STM32H573IIT6, STM32H573MIY3QTR, STM32H573RIT6, STM32H573RIV6, STM32H573VIT3Q, STM32H573VIT6, STM32H573ZIT3Q, STM32H573ZIT6, STM32H7R3A8I6, STM32H7R3I8K6, STM32H7R3I8T6, STM32H7R3L8H6, STM32H7R3L8H6H, STM32H7R3R8V6, STM32H7R3V8H6, STM32H7R3V8T6, STM32H7R3V8Y6, STM32H7R3Z8J6, STM32H7R3Z8T6, STM32H7R7A8I6, STM32H7R7I8K6, STM32H7R7I8T6, STM32H7R7L8H6, STM32H7R7L8H6H, STM32H7R7Z8J6, STM32H7S3A8I6, STM32H7S3I8K6, STM32H7S3I8T6, STM32H7S3L8H6, STM32H7S3L8H6H, STM32H7S3R8V6, STM32H7S3V8H6, STM32H7S3V8T6, STM32H7S3V8Y6, STM32H7S3Z8J6, STM32H7S3Z8T6, STM32H7S78-DK, STM32H7S7A8I6, STM32H7S7I8K6, STM32H7S7I8T6, STM32H7S7L8H6, STM32H7S7L8H6H, STM32H7S7Z8J6, STM32L4R5QGI6STR, STM32MP131AAE3, STM32MP131AAF3, STM32MP131AAG3, STM32MP131CAE3, STM32MP131CAF3, STM32MP131CAG3, STM32MP131DAE7, STM32MP131DAF7, STM32MP131DAG7, STM32MP131FAE7, STM32MP131FAF7, STM32MP131FAG7, STM32MP133AAE3, STM32MP133AAF3, STM32MP133AAG3, STM32MP133CAE3, STM32MP133CAF3, STM32MP133CAG3, STM32MP133DAE7, STM32MP133DAF7, STM32MP133DAG7, STM32MP133FAE7, STM32MP133FAF7, STM32MP133FAG7, STM32MP135AAE3, STM32MP135AAF3, STM32MP135AAG3, STM32MP135CAE3, STM32MP135CAF3, STM32MP135CAG3, STM32MP135DAE7, STM32MP135DAF7, STM32MP135DAG7, STM32MP135F-DK, STM32MP135FAE7, STM32MP135FAF7, STM32MP135FAF7T, STM32MP135FAF7U, STM32MP135FAG7, STM32U031C6T6, STM32U031C6U6, STM32U031C8T6, STM32U031C8U6, STM32U031F4P6, STM32U031F6P6, STM32U031F8P6, STM32U031G6Y6TR, STM32U031G8Y6TR, STM32U031K4U6, STM32U031K6U6, STM32U031K8U6, STM32U031R6I6, STM32U031R6T6, STM32U031R8I6, STM32U031R8T6, STM32U073C8T6, STM32U073C8U6, STM32U073CBT6, STM32U073CBU6, STM32U073CCT6, STM32U073CCU6, STM32U073H8Y6TR, STM32U073HBY6TR, STM32U073HCY6TR, STM32U073K8U6, STM32U073KBU6, STM32U073KCU6, STM32U073M8I6, STM32U073M8T6, STM32U073MBI6, STM32U073MBT6, STM32U073MCI6, STM32U073MCT6, STM32U073R8I6, STM32U073R8T6, STM32U073RBI6, STM32U073RBT6, STM32U073RCI6, STM32U073RCT6, STM32U083C-DK, STM32U083CCT6, STM32U083CCU6, STM32U083HCY6TR, STM32U083KCU6, STM32U083MCI6, STM32U083MCT6, STM32U083RCI6, STM32U083RCT6, STM32U535CBT6, STM32U535CBT6Q, STM32U535CBU6, STM32U535CBU6Q, STM32U535CCT6, STM32U535CCT6Q, STM32U535CCU6, STM32U535CCU6Q, STM32U535CET6, STM32U535CET6Q, STM32U535CEU6, STM32U535CEU6Q, STM32U535JEY6QTR, STM32U535NCY6QTR, STM32U535NEY6QTR, STM32U535RBI6, STM32U535RBI6Q, STM32U535RBT6, STM32U535RBT6Q, STM32U535RCI6, STM32U535RCI6Q, STM32U535RCT6, STM32U535RCT6Q, STM32U535REI6, STM32U535REI6Q, STM32U535RET6, STM32U535RET6Q, STM32U535VCI6, STM32U535VCI6Q, STM32U535VCT6, STM32U535VCT6Q, STM32U535VEI6, STM32U535VEI6Q, STM32U535VET6, STM32U535VET6Q, STM32U545CET6, STM32U545CET6Q, STM32U545CEU6, STM32U545CEU6Q, STM32U545JEY6QTR, STM32U545NEY6QTR, STM32U545REI6, STM32U545REI6Q, STM32U545RET6, STM32U545RET6Q, STM32U545VEI6, STM32U545VEI6Q, STM32U545VET6, STM32U545VET6Q, STM32U595AIH6, STM32U595AIH6Q, STM32U595AJH6, STM32U595AJH6Q, STM32U595QII6, STM32U595QII6Q, STM32U595QJI6, STM32U595QJI6Q, STM32U595RIT6, STM32U595RIT6Q, STM32U595RJT6, STM32U595RJT6Q, STM32U595VIT6, STM32U595VIT6Q, STM32U595VJT6, STM32U595VJT6Q, STM32U595ZIT6, STM32U595ZIT6Q, STM32U595ZIY6QTR, STM32U595ZJT6, STM32U595ZJT6Q, STM32U595ZJY6QTR, STM32U599BJY6QTR, STM32U599NIH6Q, STM32U599NJH6Q, STM32U599VIT6Q, STM32U599VJT6, STM32U599VJT6Q, STM32U599ZIT6Q, STM32U599ZIY6QTR, STM32U599ZJT6Q, STM32U599ZJY6QTR, STM32U5A5AJH6, STM32U5A5AJH6Q, STM32U5A5QII3Q , STM32U5A5QJI6, STM32U5A5QJI6Q, STM32U5A5RJT6, STM32U5A5RJT6Q, STM32U5A5VJT6, STM32U5A5VJT6Q, STM32U5A5ZJT6, STM32U5A5ZJT6Q, STM32U5A5ZJY6QTR, STM32U5A9BJY6QTR, STM32U5A9J-DK, STM32U5A9NJH6Q, STM32U5A9VJT6Q, STM32U5A9ZJT6Q, STM32U5A9ZJY6QTR, STM32U5F7VIT6, STM32U5F7VIT6Q, STM32U5F7VJT6, STM32U5F7VJT6Q, STM32U5F9BJY6QTR, STM32U5F9NJH6Q, STM32U5F9VIT6Q, STM32U5F9VJT6Q, STM32U5F9ZIJ6QTR, STM32U5F9ZIT6Q, STM32U5F9ZJJ6QTR, STM32U5F9ZJT6Q, STM32U5G7VJT6, STM32U5G7VJT6Q, STM32U5G9BJY6QTR, STM32U5G9J-DK1, STM32U5G9J-DK2, STM32U5G9NJH6Q, STM32U5G9VJT6Q, STM32U5G9ZJJ6QTR, STM32U5G9ZJT6Q, STM32WB1MMCH6, STM32WBA50KEU6, STM32WBA50KEU6TR, STM32WBA50KGU6, STM32WBA50KGU6TR, STM32WBA52CEU6, STM32WBA52CEU6TR, STM32WBA52CEU7, STM32WBA52CEU7TR, STM32WBA52CGU6, STM32WBA52CGU6TR, STM32WBA52CGU6U, STM32WBA52CGU7, STM32WBA52CGU7TR, STM32WBA52KEU6, STM32WBA52KEU6TR, STM32WBA52KGU6, STM32WBA52KGU6TR, STM32WBA54CEU6, STM32WBA54CEU6TR, STM32WBA54CEU7, STM32WBA54CEU7TR, STM32WBA54CGU6, STM32WBA54CGU6TR, STM32WBA54CGU7, STM32WBA54CGU7TR, STM32WBA54KEU6, STM32WBA54KEU6TR, STM32WBA54KEU7, STM32WBA54KEU7TR, STM32WBA54KGU6, STM32WBA54KGU6TR, STM32WBA54KGU7, STM32WBA54KGU7TR, STM32WBA55CEU6, STM32WBA55CEU6TR, STM32WBA55CEU7, STM32WBA55CEU7TR, STM32WBA55CGU6, STM32WBA55CGU6TR, STM32WBA55CGU6U, STM32WBA55CGU7, STM32WBA55CGU7TR, STM32WBA55G-DK1, STM32WBA55HEF6, STM32WBA55HEF7, STM32WBA55HGF6, STM32WBA55HGF7, STM32WBA55UEI6, STM32WBA55UEI6TR, STM32WBA55UEI7, STM32WBA55UEI7TR, STM32WBA55UGI6, STM32WBA55UGI6TR, STM32WBA55UGI7, STM32WBA55UGI7TR, STM32WL5MOCH6, STM32WL5MOCH6TR]
2024-06-12 18:22:38,486 [INFO] BoardInfo:889 - No configuration file found for board P-NUCLEO-WB55
2024-06-12 18:22:38,486 [INFO] DbBoards:161 - Kit is not supported: P-NUCLEO-WB55
2024-06-12 18:22:38,490 [INFO] BoardInfo:889 - No configuration file found for board STEVAL-BFA001V1B
2024-06-12 18:22:38,490 [INFO] DbBoards:161 - Kit is not supported: STEVAL-BFA001V1B
2024-06-12 18:22:38,491 [INFO] BoardInfo:889 - No configuration file found for board STEVAL-BFA001V2B
2024-06-12 18:22:38,492 [INFO] DbBoards:161 - Kit is not supported: STEVAL-BFA001V2B
2024-06-12 18:22:38,585 [INFO] DbBoards:168 - Found 199 boards, 196 are supported
2024-06-12 18:22:38,585 [INFO] DbBoards:169 - Found 199 boards, 8 of them is supported for  Bsp
2024-06-12 18:22:38,588 [INFO] ApiDb:668 - CubeFinder database Data Model version=2.1
2024-06-12 18:22:38,588 [INFO] ApiDb:669 - CubeFinder database Configuration version=3.0.39
2024-06-12 18:22:38,588 [INFO] ApiDb:670 - CubeFinder database generation date=2024-05-16 (1715872938)
2024-06-12 18:22:38,588 [INFO] ApiDb:671 - CubeFinder database FW Pack versions=[FP-ATR-ASTRA1_V2.0.0, FP-SNS-FLIGHT1_V5.0.1, FP-SNS-FLIGHT1_V5.0.2, FP-SNS-MOTENV1_V4.3.1, FP-SNS-MOTENV1_V4.3.2, FP-SNS-MOTENV1_V5.0.0, FP-SNS-MOTENVWB1_V1.4.0, FP-SNS-SMARTAG2_V1.2.0, STM32Cube_FW_C0_V1.1.0, STM32Cube_FW_F4_V1.28.0, STM32Cube_FW_F7_V1.17.0, STM32Cube_FW_G0_V1.6.2, STM32Cube_FW_G4_V1.5.2, STM32Cube_FW_H5_V0.5.1, STM32Cube_FW_H5_V1.1.1, STM32Cube_FW_H5_V1.2.0, STM32Cube_FW_H5_V1.2.0RC4, STM32Cube_FW_H7RS_V1.0.0, STM32Cube_FW_H7RS_V1.0.0RC4, STM32Cube_FW_H7_V1.11.0, STM32Cube_FW_L0_V1.12.2, STM32Cube_FW_L5_V1.5.1, STM32Cube_FW_U0_V1.0.0, STM32Cube_FW_U0_V1.0.0RC1, STM32Cube_FW_U5_V1.3.0RC4, STM32Cube_FW_U5_V1.5.0, STM32Cube_FW_U5_V1.5.0RC1, STM32Cube_FW_WBA_V1.0.0RC1, STM32Cube_FW_WBA_V1.2.0, STM32Cube_FW_WBA_V1.2.0RC2, STM32Cube_FW_WBA_V1.3.0, STM32Cube_FW_WBA_V1.3.0RC1, STM32Cube_FW_WB_V1.15.0RC1, STM32Cube_FW_WB_V1.16.0, STM32Cube_FW_WB_V1.16.0RC2, STM32Cube_FW_WB_V1.18.0, STM32Cube_FW_WB_V1.19.0, STM32Cube_FW_WL_V1.3.0, X-CUBE-ALGOBUILD_V1.4.0, X-CUBE-ALS_V1.0.1, X-CUBE-AZRTOS-F4_V1.1.0, X-CUBE-AZRTOS-F7_V1.1.0, X-CUBE-AZRTOS-G0_V1.1.0, X-CUBE-AZRTOS-G4_V2.0.0, X-CUBE-AZRTOS-H7_V3.2.0, X-CUBE-AZRTOS-L4_V1.0.0, X-CUBE-AZRTOS-L4_V2.0.0, X-CUBE-AZRTOS-L5_V1.1.0, X-CUBE-AZRTOS-WB_V2.0.0, X-CUBE-AZRTOS-WL_V2.0.0, X-CUBE-BLE1_V7.0.0, X-CUBE-BLE2_V3.3.0, X-CUBE-BLEMGR_V3.1.0, X-CUBE-EEPRMA1_V4.1.0, X-CUBE-EEPRMA1_V5.1.0, X-CUBE-FREERTOS_V1.1.0, X-CUBE-GNSS1_V6.0.0, X-CUBE-MEMS1_V10.0.0, X-CUBE-MEMS1_V9.1.0, X-CUBE-MEMS1_V9.4.0, X-CUBE-MEMS1_V9.6.0, X-CUBE-NFC4_V3.0.0, X-CUBE-NFC7_V1.0.1, X-CUBE-SFXS2LP1_V4.0.0, X-CUBE-SUBG2_V5.0.0, X-CUBE-TOF1_V3.4.0]
2024-06-12 18:22:40,449 [INFO] ApiDb:240 - Found 483 in-development CPN: [B-G473E-ZEST1S, B-WB1M-WPAN1, B-WL5M-SUBG1, NUCLEO-C031C6, NUCLEO-H503RB, NUCLEO-H533RE, NUCLEO-H563ZI, NUCLEO-H7S3L8, NUCLEO-U031R8, NUCLEO-U083RC, NUCLEO-U545RE-Q, NUCLEO-U5A5ZJ-Q, NUCLEO-WBA52CG, NUCLEO-WBA55CG, STEVAL-PROTEUS1, STEVAL-SMARTAG2, STEVAL-STWINBX1, STM320518-EVAL, STM32C0116-DK, STM32C011D6Y3TR, STM32C011D6Y6TR, STM32C011F4P3, STM32C011F4P6, STM32C011F4U3, STM32C011F4U6TR, STM32C011F6P3, STM32C011F6P6, STM32C011F6U3, STM32C011F6U6TR, STM32C011J4M3, STM32C011J4M6, STM32C011J6M3, STM32C011J6M6, STM32C0316-DK, STM32C031C4T3, STM32C031C4T6, STM32C031C4U3, STM32C031C4U6, STM32C031C6T3, STM32C031C6T6, STM32C031C6U3, STM32C031C6U6, STM32C031F4P3, STM32C031F4P6, STM32C031F6P3, STM32C031F6P6, STM32C031G4U3, STM32C031G4U6, STM32C031G6U3, STM32C031G6U6, STM32C031K4T3, STM32C031K4T6, STM32C031K4U3, STM32C031K4U6, STM32C031K6T3, STM32C031K6T6, STM32C031K6U3, STM32C031K6U6, STM32G071K8TXN, STM32G071K8UXN, STM32G081GBU6N, STM32G081KBT6N, STM32G081KBUXN, STM32G0B1CCT6N, STM32G0B1KCT6, STM32G0B1NEY6TR, STM32G0B1RCT6N, STM32G0C1CCT6, STM32G0C1CCT6N, STM32G0C1CCU6N, STM32G0C1CET6N, STM32G0C1CEU6N, STM32G0C1KCT6, STM32G0C1NEY6TR, STM32G0C1RCI6N, STM32G0C1RCT6N, STM32G0C1REI6N, STM32G0C1RET6N, STM32G0C1VCI6, STM32G0C1VEI6, STM32G471CCT6, STM32G471CCU6, STM32G471CET3, STM32G471CET6, STM32G471CEU3, STM32G471CEU6, STM32G471MCT6, STM32G471MET3, STM32G471MET6, STM32G471MEY6TR, STM32G471QCT6, STM32G471QET3, STM32G471RCT6, STM32G471RET3, STM32G471RET6, STM32G471VCH6, STM32G471VCI6, STM32G471VCT6, STM32G471VEH3, STM32G471VEH6, STM32G471VEI3, STM32G471VEI6, STM32G471VET3, STM32G471VET6, STM32G474CCT6, STM32H503CBT6, STM32H503CBU6, STM32H503EBY6TR, STM32H503KBU6, STM32H503RBT6, STM32H523CCT6, STM32H523CCU6, STM32H523CET6, STM32H523CEU6, STM32H523HEY6TR, STM32H523RCT6, STM32H523RET6, STM32H523VCI6, STM32H523VCT6, STM32H523VEI6, STM32H523VET6, STM32H523ZCJ6, STM32H523ZCT6, STM32H523ZEJ6, STM32H523ZET6, STM32H533CET6, STM32H533CEU6, STM32H533HEY6TR, STM32H533RET6, STM32H533VEI6, STM32H533VET6, STM32H533ZEJ6, STM32H533ZET6, STM32H562AGI6, STM32H562AII6, STM32H562IGK6, STM32H562IGT6, STM32H562IIK6, STM32H562IIT6, STM32H562RGT6, STM32H562RGV6, STM32H562RIT6, STM32H562RIV6, STM32H562VGT6, STM32H562VIT6, STM32H562ZGT6, STM32H562ZIT6, STM32H563AGI6, STM32H563AII3Q, STM32H563AII6, STM32H563IGK6, STM32H563IGT6, STM32H563IIK3Q, STM32H563IIK6, STM32H563IIT3Q, STM32H563IIT6, STM32H563MIY3QTR, STM32H563RGT6, STM32H563RGV6, STM32H563RIT6, STM32H563RIV6, STM32H563VGT6, STM32H563VIT3Q, STM32H563VIT6, STM32H563ZGT6, STM32H563ZIT3Q, STM32H563ZIT6, STM32H573AII3Q, STM32H573AII6, STM32H573I-DK, STM32H573IIK3Q, STM32H573IIK6, STM32H573IIT3Q, STM32H573IIT6, STM32H573MIY3QTR, STM32H573RIT6, STM32H573RIV6, STM32H573VIT3Q, STM32H573VIT6, STM32H573ZIT3Q, STM32H573ZIT6, STM32H7R3A8I6, STM32H7R3I8K6, STM32H7R3I8T6, STM32H7R3L8H6, STM32H7R3L8H6H, STM32H7R3R8V6, STM32H7R3V8H6, STM32H7R3V8T6, STM32H7R3V8Y6, STM32H7R3Z8J6, STM32H7R3Z8T6, STM32H7R7A8I6, STM32H7R7I8K6, STM32H7R7I8T6, STM32H7R7L8H6, STM32H7R7L8H6H, STM32H7R7Z8J6, STM32H7S3A8I6, STM32H7S3I8K6, STM32H7S3I8T6, STM32H7S3L8H6, STM32H7S3L8H6H, STM32H7S3R8V6, STM32H7S3V8H6, STM32H7S3V8T6, STM32H7S3V8Y6, STM32H7S3Z8J6, STM32H7S3Z8T6, STM32H7S78-DK, STM32H7S7A8I6, STM32H7S7I8K6, STM32H7S7I8T6, STM32H7S7L8H6, STM32H7S7L8H6H, STM32H7S7Z8J6, STM32L4R5QGI6STR, STM32MP131AAE3, STM32MP131AAF3, STM32MP131AAG3, STM32MP131CAE3, STM32MP131CAF3, STM32MP131CAG3, STM32MP131DAE7, STM32MP131DAF7, STM32MP131DAG7, STM32MP131FAE7, STM32MP131FAF7, STM32MP131FAG7, STM32MP133AAE3, STM32MP133AAF3, STM32MP133AAG3, STM32MP133CAE3, STM32MP133CAF3, STM32MP133CAG3, STM32MP133DAE7, STM32MP133DAF7, STM32MP133DAG7, STM32MP133FAE7, STM32MP133FAF7, STM32MP133FAG7, STM32MP135AAE3, STM32MP135AAF3, STM32MP135AAG3, STM32MP135CAE3, STM32MP135CAF3, STM32MP135CAG3, STM32MP135DAE7, STM32MP135DAF7, STM32MP135DAG7, STM32MP135F-DK, STM32MP135FAE7, STM32MP135FAF7, STM32MP135FAF7T, STM32MP135FAF7U, STM32MP135FAG7, STM32U031C6T6, STM32U031C6U6, STM32U031C8T6, STM32U031C8U6, STM32U031F4P6, STM32U031F6P6, STM32U031F8P6, STM32U031G6Y6TR, STM32U031G8Y6TR, STM32U031K4U6, STM32U031K6U6, STM32U031K8U6, STM32U031R6I6, STM32U031R6T6, STM32U031R8I6, STM32U031R8T6, STM32U073C8T6, STM32U073C8U6, STM32U073CBT6, STM32U073CBU6, STM32U073CCT6, STM32U073CCU6, STM32U073H8Y6TR, STM32U073HBY6TR, STM32U073HCY6TR, STM32U073K8U6, STM32U073KBU6, STM32U073KCU6, STM32U073M8I6, STM32U073M8T6, STM32U073MBI6, STM32U073MBT6, STM32U073MCI6, STM32U073MCT6, STM32U073R8I6, STM32U073R8T6, STM32U073RBI6, STM32U073RBT6, STM32U073RCI6, STM32U073RCT6, STM32U083C-DK, STM32U083CCT6, STM32U083CCU6, STM32U083HCY6TR, STM32U083KCU6, STM32U083MCI6, STM32U083MCT6, STM32U083RCI6, STM32U083RCT6, STM32U535CBT6, STM32U535CBT6Q, STM32U535CBU6, STM32U535CBU6Q, STM32U535CCT6, STM32U535CCT6Q, STM32U535CCU6, STM32U535CCU6Q, STM32U535CET6, STM32U535CET6Q, STM32U535CEU6, STM32U535CEU6Q, STM32U535JEY6QTR, STM32U535NCY6QTR, STM32U535NEY6QTR, STM32U535RBI6, STM32U535RBI6Q, STM32U535RBT6, STM32U535RBT6Q, STM32U535RCI6, STM32U535RCI6Q, STM32U535RCT6, STM32U535RCT6Q, STM32U535REI6, STM32U535REI6Q, STM32U535RET6, STM32U535RET6Q, STM32U535VCI6, STM32U535VCI6Q, STM32U535VCT6, STM32U535VCT6Q, STM32U535VEI6, STM32U535VEI6Q, STM32U535VET6, STM32U535VET6Q, STM32U545CET6, STM32U545CET6Q, STM32U545CEU6, STM32U545CEU6Q, STM32U545JEY6QTR, STM32U545NEY6QTR, STM32U545REI6, STM32U545REI6Q, STM32U545RET6, STM32U545RET6Q, STM32U545VEI6, STM32U545VEI6Q, STM32U545VET6, STM32U545VET6Q, STM32U595AIH6, STM32U595AIH6Q, STM32U595AJH6, STM32U595AJH6Q, STM32U595QII6, STM32U595QII6Q, STM32U595QJI6, STM32U595QJI6Q, STM32U595RIT6, STM32U595RIT6Q, STM32U595RJT6, STM32U595RJT6Q, STM32U595VIT6, STM32U595VIT6Q, STM32U595VJT6, STM32U595VJT6Q, STM32U595ZIT6, STM32U595ZIT6Q, STM32U595ZIY6QTR, STM32U595ZJT6, STM32U595ZJT6Q, STM32U595ZJY6QTR, STM32U599BJY6QTR, STM32U599NIH6Q, STM32U599NJH6Q, STM32U599VIT6Q, STM32U599VJT6, STM32U599VJT6Q, STM32U599ZIT6Q, STM32U599ZIY6QTR, STM32U599ZJT6Q, STM32U599ZJY6QTR, STM32U5A5AJH6, STM32U5A5AJH6Q, STM32U5A5QII3Q , STM32U5A5QJI6, STM32U5A5QJI6Q, STM32U5A5RJT6, STM32U5A5RJT6Q, STM32U5A5VJT6, STM32U5A5VJT6Q, STM32U5A5ZJT6, STM32U5A5ZJT6Q, STM32U5A5ZJY6QTR, STM32U5A9BJY6QTR, STM32U5A9J-DK, STM32U5A9NJH6Q, STM32U5A9VJT6Q, STM32U5A9ZJT6Q, STM32U5A9ZJY6QTR, STM32U5F7VIT6, STM32U5F7VIT6Q, STM32U5F7VJT6, STM32U5F7VJT6Q, STM32U5F9BJY6QTR, STM32U5F9NJH6Q, STM32U5F9VIT6Q, STM32U5F9VJT6Q, STM32U5F9ZIJ6QTR, STM32U5F9ZIT6Q, STM32U5F9ZJJ6QTR, STM32U5F9ZJT6Q, STM32U5G7VJT6, STM32U5G7VJT6Q, STM32U5G9BJY6QTR, STM32U5G9J-DK1, STM32U5G9J-DK2, STM32U5G9NJH6Q, STM32U5G9VJT6Q, STM32U5G9ZJJ6QTR, STM32U5G9ZJT6Q, STM32WB1MMCH6, STM32WBA50KEU6, STM32WBA50KEU6TR, STM32WBA50KGU6, STM32WBA50KGU6TR, STM32WBA52CEU6, STM32WBA52CEU6TR, STM32WBA52CEU7, STM32WBA52CEU7TR, STM32WBA52CGU6, STM32WBA52CGU6TR, STM32WBA52CGU6U, STM32WBA52CGU7, STM32WBA52CGU7TR, STM32WBA52KEU6, STM32WBA52KEU6TR, STM32WBA52KGU6, STM32WBA52KGU6TR, STM32WBA54CEU6, STM32WBA54CEU6TR, STM32WBA54CEU7, STM32WBA54CEU7TR, STM32WBA54CGU6, STM32WBA54CGU6TR, STM32WBA54CGU7, STM32WBA54CGU7TR, STM32WBA54KEU6, STM32WBA54KEU6TR, STM32WBA54KEU7, STM32WBA54KEU7TR, STM32WBA54KGU6, STM32WBA54KGU6TR, STM32WBA54KGU7, STM32WBA54KGU7TR, STM32WBA55CEU6, STM32WBA55CEU6TR, STM32WBA55CEU7, STM32WBA55CEU7TR, STM32WBA55CGU6, STM32WBA55CGU6TR, STM32WBA55CGU6U, STM32WBA55CGU7, STM32WBA55CGU7TR, STM32WBA55G-DK1, STM32WBA55HEF6, STM32WBA55HEF7, STM32WBA55HGF6, STM32WBA55HGF7, STM32WBA55UEI6, STM32WBA55UEI6TR, STM32WBA55UEI7, STM32WBA55UEI7TR, STM32WBA55UGI6, STM32WBA55UGI6TR, STM32WBA55UGI7, STM32WBA55UGI7TR, STM32WL5MOCH6, STM32WL5MOCH6TR]
2024-06-12 18:22:40,452 [INFO] DbMcus:218 - Found 4096 MCUs, 4096 are supported
2024-06-12 18:22:40,452 [INFO] ApiDb:423 - Load user favorites file C:\Users\andre/.stm32cubeide/favorites.mcus.txt: 0 item(s)
2024-06-12 18:22:40,453 [INFO] ApiDb:427 - User favorites MCUs=[]
2024-06-12 18:22:40,453 [INFO] DbMcus:224 - Set 0 / 0 favorites MCUs
2024-06-12 18:22:40,703 [INFO] ApiDb:423 - Load user favorites file C:\Users\andre/.stm32cubeide/favorites.boards.txt: 0 item(s)
2024-06-12 18:22:40,703 [INFO] ApiDb:427 - User favorites Boards=[]
2024-06-12 18:22:40,703 [INFO] DbBoards:198 - Set 0 / 0 favorites Boards
2024-06-12 18:22:40,767 [INFO] UtilMem:75 - End LoadConfig() Used Memory: 791813888 Bytes (1038090240)
2024-06-12 18:22:40,936 [WARN] ThirdParty:833 - waiting for thirdparty lock release [change project]
2024-06-12 18:22:40,936 [INFO] ThirdParty:835 - entering critical section [change project]
2024-06-12 18:22:40,936 [INFO] ThirdParty:1030 - CMSIS Pack Vendor :STMicroelectronics USBPD 4.1
2024-06-12 18:22:40,936 [INFO] ThirdParty:1030 - CMSIS Pack Vendor :STMicroelectronics X-CUBE-GNSS1 6.0.0
2024-06-12 18:22:40,936 [INFO] ThirdParty:1030 - CMSIS Pack Vendor :STMicroelectronics USB_HOST 2.0.0
2024-06-12 18:22:40,937 [INFO] ThirdParty:1030 - CMSIS Pack Vendor :STMicroelectronics FP-SNS-MOTENVWB1 1.4.0
2024-06-12 18:22:40,937 [INFO] ThirdParty:1030 - CMSIS Pack Vendor :STMicroelectronics X-CUBE-AZRTOS-F4 1.1.0
2024-06-12 18:22:40,937 [INFO] ThirdParty:1030 - CMSIS Pack Vendor :STMicroelectronics LIBJPEG 8.0.0
2024-06-12 18:22:40,937 [INFO] ThirdParty:1030 - CMSIS Pack Vendor :STMicroelectronics X-CUBE-SMBUS 2.1.0
2024-06-12 18:22:40,937 [INFO] ThirdParty:1030 - CMSIS Pack Vendor :STMicroelectronics USB_DEVICE 3.0.0
2024-06-12 18:22:40,937 [INFO] ThirdParty:1030 - CMSIS Pack Vendor :STMicroelectronics X-CUBE-TCPP 4.1.0
2024-06-12 18:22:40,937 [INFO] ThirdParty:1030 - CMSIS Pack Vendor :STMicroelectronics X-CUBE-FREERTOS 1.2.0
2024-06-12 18:22:40,937 [INFO] ThirdParty:1030 - CMSIS Pack Vendor :STMicroelectronics X-CUBE-AZRTOS-WB 2.0.0
2024-06-12 18:22:40,937 [INFO] ThirdParty:1030 - CMSIS Pack Vendor :wolfSSL I-CUBE-wolfSSL 5.6.6
2024-06-12 18:22:40,937 [INFO] ThirdParty:1030 - CMSIS Pack Vendor :STMicroelectronics X-CUBE-TOUCHGFX 4.23.1
2024-06-12 18:22:40,937 [INFO] ThirdParty:1030 - CMSIS Pack Vendor :STMicroelectronics X-CUBE-TOUCHGFX 4.23.0
2024-06-12 18:22:40,937 [INFO] ThirdParty:1030 - CMSIS Pack Vendor :STMicroelectronics X-CUBE-TOUCHGFX 4.23.2
2024-06-12 18:22:40,937 [INFO] ThirdParty:1030 - CMSIS Pack Vendor :STMicroelectronics X-CUBE-AZRTOS-F7 1.1.0
2024-06-12 18:22:40,937 [INFO] ThirdParty:1030 - CMSIS Pack Vendor :STMicroelectronics X-CUBE-AZRTOS-L5 2.0.0
2024-06-12 18:22:40,937 [INFO] ThirdParty:1030 - CMSIS Pack Vendor :STMicroelectronics USB_DEVICE 2.0.0
2024-06-12 18:22:40,937 [INFO] ThirdParty:1030 - CMSIS Pack Vendor :STMicroelectronics X-CUBE-EEPRMA1 4.2.0
2024-06-12 18:22:40,937 [INFO] ThirdParty:1030 - CMSIS Pack Vendor :STMicroelectronics X-CUBE-NFC6 3.1.0
2024-06-12 18:22:40,937 [INFO] ThirdParty:1030 - CMSIS Pack Vendor :ITTIA_DB I-CUBE-ITTIADB 8.8.0
2024-06-12 18:22:40,938 [INFO] ThirdParty:1030 - CMSIS Pack Vendor :STMicroelectronics FP-SNS-MOTENV1 4.3.2
2024-06-12 18:22:40,938 [INFO] ThirdParty:1030 - CMSIS Pack Vendor :STMicroelectronics X-CUBE-ALGOBUILD 1.3.0
2024-06-12 18:22:40,938 [INFO] ThirdParty:1030 - CMSIS Pack Vendor :STMicroelectronics FreeRTOS 0.0.1
2024-06-12 18:22:40,938 [INFO] ThirdParty:1030 - CMSIS Pack Vendor :STMicroelectronics X-CUBE-AZRTOS-G0 1.1.0
2024-06-12 18:22:40,938 [INFO] ThirdParty:1030 - CMSIS Pack Vendor :STMicroelectronics X-CUBE-SAFEA1 1.2.2
2024-06-12 18:22:40,938 [INFO] ThirdParty:1030 - CMSIS Pack Vendor :STMicroelectronics X-CUBE-NFC4 3.0.0
2024-06-12 18:22:40,938 [INFO] ThirdParty:1030 - CMSIS Pack Vendor :STMicroelectronics X-CUBE-SUBG2 5.0.0
2024-06-12 18:22:40,938 [INFO] ThirdParty:1030 - CMSIS Pack Vendor :STMicroelectronics STM32_WPAN 1.0.0
2024-06-12 18:22:40,938 [INFO] ThirdParty:1030 - CMSIS Pack Vendor :wolfSSL I-CUBE-wolfMQTT 1.18.0
2024-06-12 18:22:40,938 [INFO] ThirdParty:1030 - CMSIS Pack Vendor :STMicroelectronics lwIP 2.0.3
2024-06-12 18:22:40,938 [INFO] ThirdParty:1030 - CMSIS Pack Vendor :STMicroelectronics FP-SNS-FLIGHT1 5.0.2
2024-06-12 18:22:40,938 [INFO] ThirdParty:1030 - CMSIS Pack Vendor :STMicroelectronics USB_HOST 1.0.0
2024-06-12 18:22:40,938 [INFO] ThirdParty:1030 - CMSIS Pack Vendor :STMicroelectronics X-CUBE-AI 9.0.0
2024-06-12 18:22:40,938 [INFO] ThirdParty:1030 - CMSIS Pack Vendor :STMicroelectronics X-CUBE-AZRTOS-G4 2.0.0
2024-06-12 18:22:40,938 [INFO] ThirdParty:1030 - CMSIS Pack Vendor :STMicroelectronics PDM2PCM 3.1.0
2024-06-12 18:22:40,938 [INFO] ThirdParty:1030 - CMSIS Pack Vendor :Infineon AIROC-Wi-Fi-Bluetooth-STM32 1.5.1
2024-06-12 18:22:40,938 [INFO] ThirdParty:1030 - CMSIS Pack Vendor :STMicroelectronics X-CUBE-BLEMGR 3.0.0
2024-06-12 18:22:40,938 [INFO] ThirdParty:1030 - CMSIS Pack Vendor :STMicroelectronics PDM2PCM 3.3.0
2024-06-12 18:22:40,938 [INFO] ThirdParty:1030 - CMSIS Pack Vendor :STMicroelectronics X-CUBE-DISPLAY 3.0.0
2024-06-12 18:22:40,938 [INFO] ThirdParty:1030 - CMSIS Pack Vendor :STMicroelectronics FP-SNS-MOTENVWB1 1.3.1
2024-06-12 18:22:40,938 [INFO] ThirdParty:1030 - CMSIS Pack Vendor :STMicroelectronics X-CUBE-BLE1 7.0.0
2024-06-12 18:22:40,938 [INFO] ThirdParty:1030 - CMSIS Pack Vendor :STMicroelectronics FP-ATR-SIGFOX1 3.2.0
2024-06-12 18:22:40,938 [INFO] ThirdParty:1030 - CMSIS Pack Vendor :STMicroelectronics X-CUBE-ISPU 2.0.0
2024-06-12 18:22:40,938 [INFO] ThirdParty:1030 - CMSIS Pack Vendor :STMicroelectronics X-CUBE-EEPRMA1 5.1.0
2024-06-12 18:22:40,938 [INFO] ThirdParty:1030 - CMSIS Pack Vendor :STMicroelectronics HAL Drivers 0.0.0
2024-06-12 18:22:40,938 [INFO] ThirdParty:1030 - CMSIS Pack Vendor :STMicroelectronics MBEDTLS 2.16.2
2024-06-12 18:22:40,939 [INFO] ThirdParty:1030 - CMSIS Pack Vendor :STMicroelectronics X-CUBE-ALS 1.0.2
2024-06-12 18:22:40,939 [INFO] ThirdParty:1030 - CMSIS Pack Vendor :emotas I-CUBE-CANOPEN 1.3.0
2024-06-12 18:22:40,939 [INFO] ThirdParty:1030 - CMSIS Pack Vendor :STMicroelectronics X-CUBE-MEMS1 10.0.0
2024-06-12 18:22:40,939 [INFO] ThirdParty:1030 - CMSIS Pack Vendor :STMicroelectronics X-CUBE-FREERTOS 1.1.0
2024-06-12 18:22:40,939 [INFO] ThirdParty:1030 - CMSIS Pack Vendor :STMicroelectronics X-CUBE-NFC7 1.0.1
2024-06-12 18:22:40,939 [INFO] ThirdParty:1030 - CMSIS Pack Vendor :STMicroelectronics MBEDTLS 2.14.1
2024-06-12 18:22:40,939 [INFO] ThirdParty:1030 - CMSIS Pack Vendor :STMicroelectronics X-CUBE-NFC6 3.0.0
2024-06-12 18:22:40,939 [INFO] ThirdParty:1030 - CMSIS Pack Vendor :portGmbH I-Cube-SoM-uGOAL 1.1.0
2024-06-12 18:22:40,939 [INFO] ThirdParty:1030 - CMSIS Pack Vendor :STMicroelectronics X-CUBE-ALS 1.0.1
2024-06-12 18:22:40,939 [INFO] ThirdParty:1030 - CMSIS Pack Vendor :STMicroelectronics X-CUBE-BLEMGR 3.1.0
2024-06-12 18:22:40,939 [INFO] ThirdParty:1030 - CMSIS Pack Vendor :STMicroelectronics ThreadX 1.0.0
2024-06-12 18:22:40,939 [INFO] ThirdParty:1030 - CMSIS Pack Vendor :STMicroelectronics FP-SNS-SMARTAG2 1.2.0
2024-06-12 18:22:40,939 [INFO] ThirdParty:1030 - CMSIS Pack Vendor :STMicroelectronics X-CUBE-AZRTOS-WL 2.0.0
2024-06-12 18:22:40,939 [INFO] ThirdParty:1030 - CMSIS Pack Vendor :SEGGER I-CUBE-embOS 1.3.1
2024-06-12 18:22:40,939 [INFO] ThirdParty:1030 - CMSIS Pack Vendor :STMicroelectronics X-CUBE-ALGOBUILD 1.4.0
2024-06-12 18:22:40,939 [INFO] ThirdParty:1030 - CMSIS Pack Vendor :STMicroelectronics FP-SNS-MOTENV1 5.0.0
2024-06-12 18:22:40,939 [INFO] ThirdParty:1030 - CMSIS Pack Vendor :STMicroelectronics USB_DEVICE 1.0.0
2024-06-12 18:22:40,939 [INFO] ThirdParty:1030 - CMSIS Pack Vendor :STMicroelectronics X-CUBE-AI 8.1.0
2024-06-12 18:22:40,939 [INFO] ThirdParty:1030 - CMSIS Pack Vendor :STMicroelectronics X-CUBE-AZRTOS-H7RS 1.0.0
2024-06-12 18:22:40,939 [INFO] ThirdParty:1030 - CMSIS Pack Vendor :STMicroelectronics X-CUBE-AZRTOS-L4 2.0.0
2024-06-12 18:22:40,939 [INFO] ThirdParty:1030 - CMSIS Pack Vendor :STMicroelectronics ThreadX 0.0.2
2024-06-12 18:22:40,939 [INFO] ThirdParty:1030 - CMSIS Pack Vendor :WES I-CUBE-Cesium 1.3.0
2024-06-12 18:22:40,939 [INFO] ThirdParty:1030 - CMSIS Pack Vendor :STMicroelectronics FP-ATR-ASTRA1 2.0.0
2024-06-12 18:22:40,939 [INFO] ThirdParty:1030 - CMSIS Pack Vendor :STMicroelectronics lwIP 2.1.2
2024-06-12 18:22:40,939 [INFO] ThirdParty:1030 - CMSIS Pack Vendor :STMicroelectronics X-CUBE-SFXS2LP1 4.0.0
2024-06-12 18:22:40,939 [INFO] ThirdParty:1030 - CMSIS Pack Vendor :STMicroelectronics X-CUBE-BLE2 3.3.0
2024-06-12 18:22:40,939 [INFO] ThirdParty:1030 - CMSIS Pack Vendor :STMicroelectronics X-CUBE-TOF1 3.4.0
2024-06-12 18:22:40,939 [INFO] ThirdParty:1030 - CMSIS Pack Vendor :STMicroelectronics X-CUBE-TOF1 3.4.1
2024-06-12 18:22:40,940 [INFO] ThirdParty:1030 - CMSIS Pack Vendor :STMicroelectronics X-CUBE-AZRTOS-H7 3.2.0
2024-06-12 18:22:40,940 [INFO] ThirdParty:1030 - CMSIS Pack Vendor :STMicroelectronics PDM2PCM 3.2.0
2024-06-12 18:22:40,940 [INFO] ThirdParty:841 - exiting critical section [change project]
2024-06-12 18:22:41,823 [INFO] PinOutPanel:1561 - setPackage(No Configuration,No Configuration)
2024-06-12 18:22:41,824 [INFO] PinOutPanel:1561 - setPackage(STM32H747XIHx,TFBGA240)
2024-06-12 18:22:42,725 [INFO] UtilMem:75 - Before build in PCC Used Memory: 420883688 Bytes (1038090240)
2024-06-12 18:22:43,726 [INFO] UtilMem:75 - After build in PCC Used Memory: 573557656 Bytes (1038090240)
2024-06-12 18:22:43,868 [INFO] ApiDbMcu:508 - Load IP Config File for FATFS
2024-06-12 18:22:43,920 [INFO] IPUIPlugin:80 - create IPUIPlugin
2024-06-12 18:22:43,920 [INFO] IPUIPlugin:80 - create IPUIPlugin
2024-06-12 18:22:43,920 [INFO] IPUIPlugin:80 - create IPUIPlugin
2024-06-12 18:22:43,920 [INFO] IPUIPlugin:80 - create IPUIPlugin
2024-06-12 18:22:43,920 [INFO] IPUIPlugin:80 - create IPUIPlugin
2024-06-12 18:22:43,920 [INFO] IPUIPlugin:80 - create IPUIPlugin
2024-06-12 18:22:43,920 [INFO] IPUIPlugin:80 - create IPUIPlugin
2024-06-12 18:22:43,920 [INFO] IPUIPlugin:80 - create IPUIPlugin
2024-06-12 18:22:43,921 [INFO] IPUIPlugin:80 - create IPUIPlugin
2024-06-12 18:22:43,921 [INFO] IPUIPlugin:80 - create IPUIPlugin
2024-06-12 18:22:43,921 [INFO] IPUIPlugin:80 - create IPUIPlugin
2024-06-12 18:22:43,921 [INFO] IPUIPlugin:80 - create IPUIPlugin
2024-06-12 18:22:43,921 [INFO] IPUIPlugin:80 - create IPUIPlugin
2024-06-12 18:22:43,921 [INFO] IPUIPlugin:80 - create IPUIPlugin
2024-06-12 18:22:43,921 [INFO] IPUIPlugin:80 - create IPUIPlugin
2024-06-12 18:22:43,921 [INFO] IPUIPlugin:80 - create IPUIPlugin
2024-06-12 18:22:43,922 [INFO] IPUIPlugin:80 - create IPUIPlugin
2024-06-12 18:22:43,922 [INFO] IPUIPlugin:80 - create IPUIPlugin
2024-06-12 18:22:43,922 [INFO] IPUIPlugin:80 - create IPUIPlugin
2024-06-12 18:22:43,922 [INFO] IPUIPlugin:80 - create IPUIPlugin
2024-06-12 18:22:43,922 [INFO] IPUIPlugin:80 - create IPUIPlugin
2024-06-12 18:22:43,922 [INFO] IPUIPlugin:80 - create IPUIPlugin
2024-06-12 18:22:43,922 [INFO] IPUIPlugin:80 - create IPUIPlugin
2024-06-12 18:22:43,922 [INFO] IPUIPlugin:80 - create IPUIPlugin
2024-06-12 18:22:43,923 [INFO] IPUIPlugin:80 - create IPUIPlugin
2024-06-12 18:22:43,923 [INFO] IPUIPlugin:80 - create IPUIPlugin
2024-06-12 18:22:43,924 [INFO] IPUIPlugin:80 - create IPUIPlugin
2024-06-12 18:22:43,924 [INFO] IPUIPlugin:80 - create IPUIPlugin
2024-06-12 18:22:43,924 [INFO] IPUIPlugin:80 - create IPUIPlugin
2024-06-12 18:22:43,924 [INFO] IPUIPlugin:80 - create IPUIPlugin
2024-06-12 18:22:43,924 [INFO] IPUIPlugin:80 - create IPUIPlugin
2024-06-12 18:22:43,924 [INFO] IPUIPlugin:80 - create IPUIPlugin
2024-06-12 18:22:43,924 [INFO] IPUIPlugin:80 - create IPUIPlugin
2024-06-12 18:22:43,925 [INFO] IPUIPlugin:80 - create IPUIPlugin
2024-06-12 18:22:43,925 [INFO] IPUIPlugin:80 - create IPUIPlugin
2024-06-12 18:22:43,925 [INFO] IPUIPlugin:80 - create IPUIPlugin
2024-06-12 18:22:43,925 [INFO] IPUIPlugin:80 - create IPUIPlugin
2024-06-12 18:22:43,926 [INFO] IPUIPlugin:80 - create IPUIPlugin
2024-06-12 18:22:43,926 [INFO] IPUIPlugin:80 - create IPUIPlugin
2024-06-12 18:22:43,927 [INFO] IPUIPlugin:80 - create IPUIPlugin
2024-06-12 18:22:43,927 [INFO] IPUIPlugin:80 - create IPUIPlugin
2024-06-12 18:22:43,927 [INFO] IPUIPlugin:80 - create IPUIPlugin
2024-06-12 18:22:43,928 [INFO] IPUIPlugin:80 - create IPUIPlugin
2024-06-12 18:22:43,928 [INFO] IPUIPlugin:80 - create IPUIPlugin
2024-06-12 18:22:43,928 [INFO] IPUIPlugin:80 - create IPUIPlugin
2024-06-12 18:22:43,928 [INFO] IPUIPlugin:80 - create IPUIPlugin
2024-06-12 18:22:43,929 [INFO] IPUIPlugin:80 - create IPUIPlugin
2024-06-12 18:22:43,929 [INFO] IPUIPlugin:80 - create IPUIPlugin
2024-06-12 18:22:43,929 [INFO] IPUIPlugin:80 - create IPUIPlugin
2024-06-12 18:22:43,930 [INFO] IPUIPlugin:80 - create IPUIPlugin
2024-06-12 18:22:43,930 [INFO] IPUIPlugin:80 - create IPUIPlugin
2024-06-12 18:22:43,930 [INFO] IPUIPlugin:80 - create IPUIPlugin
2024-06-12 18:22:43,931 [INFO] IPUIPlugin:80 - create IPUIPlugin
2024-06-12 18:22:43,931 [INFO] IPUIPlugin:80 - create IPUIPlugin
2024-06-12 18:22:43,931 [INFO] IPUIPlugin:80 - create IPUIPlugin
2024-06-12 18:22:43,931 [INFO] IPUIPlugin:80 - create IPUIPlugin
2024-06-12 18:22:43,932 [INFO] IPUIPlugin:80 - create IPUIPlugin
2024-06-12 18:22:43,932 [INFO] IPUIPlugin:80 - create IPUIPlugin
2024-06-12 18:22:43,932 [INFO] IPUIPlugin:80 - create IPUIPlugin
2024-06-12 18:22:43,933 [INFO] IPUIPlugin:80 - create IPUIPlugin
2024-06-12 18:22:43,933 [INFO] IPUIPlugin:80 - create IPUIPlugin
2024-06-12 18:22:43,933 [INFO] IPUIPlugin:80 - create IPUIPlugin
2024-06-12 18:22:43,934 [INFO] IPUIPlugin:80 - create IPUIPlugin
2024-06-12 18:22:43,934 [INFO] IPUIPlugin:80 - create IPUIPlugin
2024-06-12 18:22:43,934 [INFO] IPUIPlugin:80 - create IPUIPlugin
2024-06-12 18:22:43,934 [INFO] IPUIPlugin:80 - create IPUIPlugin
2024-06-12 18:22:43,935 [INFO] IPUIPlugin:80 - create IPUIPlugin
2024-06-12 18:22:43,935 [INFO] IPUIPlugin:80 - create IPUIPlugin
2024-06-12 18:22:43,935 [INFO] IPUIPlugin:80 - create IPUIPlugin
2024-06-12 18:22:43,936 [INFO] IPUIPlugin:80 - create IPUIPlugin
2024-06-12 18:22:43,936 [INFO] IPUIPlugin:80 - create IPUIPlugin
2024-06-12 18:22:43,937 [INFO] IPUIPlugin:80 - create IPUIPlugin
2024-06-12 18:22:43,937 [INFO] IPUIPlugin:80 - create IPUIPlugin
2024-06-12 18:22:43,938 [INFO] IPUIPlugin:80 - create IPUIPlugin
2024-06-12 18:22:43,938 [INFO] IPUIPlugin:80 - create IPUIPlugin
2024-06-12 18:22:43,938 [INFO] IPUIPlugin:80 - create IPUIPlugin
2024-06-12 18:22:43,939 [INFO] IPUIPlugin:80 - create IPUIPlugin
2024-06-12 18:22:43,939 [INFO] IPUIPlugin:80 - create IPUIPlugin
2024-06-12 18:22:43,939 [INFO] IPUIPlugin:80 - create IPUIPlugin
2024-06-12 18:22:43,940 [INFO] IPUIPlugin:80 - create IPUIPlugin
2024-06-12 18:22:43,940 [INFO] IPUIPlugin:80 - create IPUIPlugin
2024-06-12 18:22:43,940 [INFO] IPUIPlugin:80 - create IPUIPlugin
2024-06-12 18:22:43,941 [INFO] IPUIPlugin:80 - create IPUIPlugin
2024-06-12 18:22:43,941 [INFO] IPUIPlugin:80 - create IPUIPlugin
2024-06-12 18:22:43,941 [INFO] IPUIPlugin:80 - create IPUIPlugin
2024-06-12 18:22:43,942 [INFO] IPUIPlugin:80 - create IPUIPlugin
2024-06-12 18:22:43,942 [INFO] IPUIPlugin:80 - create IPUIPlugin
2024-06-12 18:22:43,942 [INFO] IPUIPlugin:80 - create IPUIPlugin
2024-06-12 18:22:43,943 [INFO] IPUIPlugin:80 - create IPUIPlugin
2024-06-12 18:22:43,944 [INFO] IPUIPlugin:80 - create IPUIPlugin
2024-06-12 18:22:43,944 [INFO] IPUIPlugin:80 - create IPUIPlugin
2024-06-12 18:22:43,945 [INFO] IPUIPlugin:80 - create IPUIPlugin
2024-06-12 18:22:43,945 [INFO] IPUIPlugin:80 - create IPUIPlugin
2024-06-12 18:22:43,946 [INFO] IPUIPlugin:80 - create IPUIPlugin
2024-06-12 18:22:43,946 [INFO] IPUIPlugin:80 - create IPUIPlugin
2024-06-12 18:22:43,947 [INFO] IPUIPlugin:80 - create IPUIPlugin
2024-06-12 18:22:43,947 [INFO] IPUIPlugin:80 - create IPUIPlugin
2024-06-12 18:22:43,947 [INFO] IPUIPlugin:80 - create IPUIPlugin
2024-06-12 18:22:43,948 [INFO] IPUIPlugin:80 - create IPUIPlugin
2024-06-12 18:22:43,949 [INFO] IPUIPlugin:80 - create IPUIPlugin
2024-06-12 18:22:43,949 [INFO] IPUIPlugin:80 - create IPUIPlugin
2024-06-12 18:22:43,950 [INFO] IPUIPlugin:80 - create IPUIPlugin
2024-06-12 18:22:43,950 [INFO] IPUIPlugin:80 - create IPUIPlugin
2024-06-12 18:22:43,952 [INFO] IPUIPlugin:80 - create IPUIPlugin
2024-06-12 18:22:43,952 [INFO] IPUIPlugin:80 - create IPUIPlugin
2024-06-12 18:22:43,953 [INFO] IPUIPlugin:80 - create IPUIPlugin
2024-06-12 18:22:43,953 [INFO] IPUIPlugin:80 - create IPUIPlugin
2024-06-12 18:22:43,954 [INFO] IPUIPlugin:80 - create IPUIPlugin
2024-06-12 18:22:43,955 [INFO] IPUIPlugin:80 - create IPUIPlugin
2024-06-12 18:22:43,955 [INFO] IPUIPlugin:80 - create IPUIPlugin
2024-06-12 18:22:43,956 [INFO] IPUIPlugin:80 - create IPUIPlugin
2024-06-12 18:22:43,999 [INFO] ApiDbMcu:508 - Load IP Config File for PDM2PCM
2024-06-12 18:22:44,009 [INFO] ApiDbMcu:508 - Load IP Config File for PDM2PCM
2024-06-12 18:22:44,285 [INFO] CADModel:165 - CPN selected for project levelSTM32H747XIH6
2024-06-12 18:22:44,285 [INFO] CADModel:114 - Register for checkConnection events
2024-06-12 18:22:44,338 [INFO] OpenFileManager:343 - Restore cursor
2024-06-12 19:24:44,346 [INFO] NvicIntPanel:101 - NVIC parent = com.st.microxplorer.plugins.ip.nvic.MultiNvicIntPanel[,0,0,0x0,invalid,layout=javax.swing.BoxLayout,alignmentX=0.0,alignmentY=0.0,border=,flags=9,maximumSize=,minimumSize=,preferredSize=]
2024-06-12 19:24:47,920 [INFO] NvicIntPanel:101 - NVIC parent = com.st.microxplorer.plugins.ip.nvic.MultiNvicIntPanel[,0,0,0x0,invalid,layout=javax.swing.BoxLayout,alignmentX=0.0,alignmentY=0.0,border=,flags=9,maximumSize=,minimumSize=,preferredSize=]
2024-06-12 19:24:51,966 [INFO] UtilMem:75 - End SaveConfig() Used Memory: 419799872 Bytes (1038090240)
2024-06-12 19:24:53,054 [INFO] UtilMem:75 - End SaveConfig() Used Memory: 458113024 Bytes (1038090240)
2024-06-12 19:25:05,159 [INFO] UtilMem:75 - End SaveConfig() Used Memory: 678840320 Bytes (1038090240)
2024-06-12 19:25:05,827 [INFO] BlockDiagram:2759 - set Specific Code input for plugin: SPI
2024-06-12 19:25:05,828 [INFO] BlockDiagram:2759 - set Specific Code input for plugin: RCC
2024-06-12 19:25:05,828 [INFO] BlockDiagram:2759 - set Specific Code input for plugin: SDMMC
2024-06-12 19:25:05,828 [INFO] BlockDiagram:2759 - set Specific Code input for plugin: JPEG
2024-06-12 19:25:05,828 [INFO] BlockDiagram:2759 - set Specific Code input for plugin: SYS
2024-06-12 19:25:05,828 [INFO] BlockDiagram:2759 - set Specific Code input for plugin: FATFS
2024-06-12 19:25:05,828 [INFO] BlockDiagram:2759 - set Specific Code input for plugin: NVIC2
2024-06-12 19:25:05,830 [INFO] BlockDiagram:2759 - set Specific Code input for plugin: GPIO
2024-06-12 19:25:05,830 [INFO] BlockDiagram:2759 - set Specific Code input for plugin: SYS_M4
2024-06-12 19:25:05,830 [INFO] BlockDiagram:2759 - set Specific Code input for plugin: NVIC1
2024-06-12 19:25:05,831 [INFO] CodeGenerator:807 - code generatio: config db path: D:\ST\STM32CubeIDE_1.15.1\STM32CubeIDE\plugins\com.st.stm32cube.common.mx_6.11.1.202404110753\\db\
2024-06-12 19:25:05,912 [INFO] CodeGenerator:1511 - *******************Project context M7 selected
2024-06-12 19:25:06,104 [INFO] CodeEngine:255 - oldGeneratedFile, D:\Andrea\Embedded\Repositories\Smart-Watch\Smart-Watch\smart-watch\MXTmpFiles\license.tmp_save
2024-06-12 19:25:06,631 [INFO] CodeEngine:279 - Generated code: D:\Andrea\Embedded\Repositories\Smart-Watch\Smart-Watch\smart-watch\MXTmpFiles\license.tmp
2024-06-12 19:25:06,797 [INFO] CodeEngine:255 - oldGeneratedFile, D:\Andrea\Embedded\Repositories\Smart-Watch\Smart-Watch\smart-watch\CM7\MXTmpFiles\gpio.tmp_save
2024-06-12 19:25:06,931 [INFO] CodeEngine:279 - Generated code: D:\Andrea\Embedded\Repositories\Smart-Watch\Smart-Watch\smart-watch\CM7\MXTmpFiles\gpio.tmp
2024-06-12 19:25:07,221 [WARN] IPConfigManager:98 - WARNING: Missing Config File for NVIC1 ip!!
2024-06-12 19:25:07,593 [INFO] CodeEngine:255 - oldGeneratedFile, D:\Andrea\Embedded\Repositories\Smart-Watch\Smart-Watch\smart-watch\CM7\MXTmpFiles\cortex.tmp_save
2024-06-12 19:25:07,683 [INFO] CodeEngine:279 - Generated code: D:\Andrea\Embedded\Repositories\Smart-Watch\Smart-Watch\smart-watch\CM7\MXTmpFiles\cortex.tmp
2024-06-12 19:25:07,714 [INFO] CodeEngine:255 - oldGeneratedFile, D:\Andrea\Embedded\Repositories\Smart-Watch\Smart-Watch\smart-watch\CM7\MXTmpFiles\fatfs_HalInit.tmp_save
2024-06-12 19:25:07,805 [INFO] CodeEngine:279 - Generated code: D:\Andrea\Embedded\Repositories\Smart-Watch\Smart-Watch\smart-watch\CM7\MXTmpFiles\fatfs_HalInit.tmp
2024-06-12 19:25:07,816 [INFO] CodeEngine:255 - oldGeneratedFile, D:\Andrea\Embedded\Repositories\Smart-Watch\Smart-Watch\smart-watch\CM7\MXTmpFiles\fatfs_vars.tmp_save
2024-06-12 19:25:07,887 [INFO] CodeEngine:279 - Generated code: D:\Andrea\Embedded\Repositories\Smart-Watch\Smart-Watch\smart-watch\CM7\MXTmpFiles\fatfs_vars.tmp
2024-06-12 19:25:07,896 [INFO] CodeEngine:255 - oldGeneratedFile, D:\Andrea\Embedded\Repositories\Smart-Watch\Smart-Watch\smart-watch\CM7\MXTmpFiles\fatfs_ext_vars.tmp_save
2024-06-12 19:25:07,964 [INFO] CodeEngine:279 - Generated code: D:\Andrea\Embedded\Repositories\Smart-Watch\Smart-Watch\smart-watch\CM7\MXTmpFiles\fatfs_ext_vars.tmp
2024-06-12 19:25:07,979 [INFO] CodeEngine:255 - oldGeneratedFile, D:\Andrea\Embedded\Repositories\Smart-Watch\Smart-Watch\smart-watch\CM7\MXTmpFiles\fatfs_inc.tmp_save
2024-06-12 19:25:08,047 [INFO] CodeEngine:279 - Generated code: D:\Andrea\Embedded\Repositories\Smart-Watch\Smart-Watch\smart-watch\CM7\MXTmpFiles\fatfs_inc.tmp
2024-06-12 19:25:08,067 [INFO] CodeEngine:255 - oldGeneratedFile, D:\Andrea\Embedded\Repositories\Smart-Watch\Smart-Watch\smart-watch\CM7\FATFS\Target\ffconf.h_save
2024-06-12 19:25:08,177 [INFO] CodeEngine:279 - Generated code: D:\Andrea\Embedded\Repositories\Smart-Watch\Smart-Watch\smart-watch\CM7\FATFS\Target\ffconf.h
2024-06-12 19:25:08,216 [INFO] CodeEngine:255 - oldGeneratedFile, D:\Andrea\Embedded\Repositories\Smart-Watch\Smart-Watch\smart-watch\CM7\FATFS\Target\bsp_driver_sd.c_save
2024-06-12 19:25:08,304 [INFO] CodeEngine:279 - Generated code: D:\Andrea\Embedded\Repositories\Smart-Watch\Smart-Watch\smart-watch\CM7\FATFS\Target\bsp_driver_sd.c
2024-06-12 19:25:08,324 [INFO] CodeEngine:255 - oldGeneratedFile, D:\Andrea\Embedded\Repositories\Smart-Watch\Smart-Watch\smart-watch\CM7\FATFS\Target\bsp_driver_sd.h_save
2024-06-12 19:25:08,395 [INFO] CodeEngine:279 - Generated code: D:\Andrea\Embedded\Repositories\Smart-Watch\Smart-Watch\smart-watch\CM7\FATFS\Target\bsp_driver_sd.h
2024-06-12 19:25:08,412 [INFO] CodeEngine:255 - oldGeneratedFile, D:\Andrea\Embedded\Repositories\Smart-Watch\Smart-Watch\smart-watch\CM7\FATFS\Target\sd_diskio.h_save
2024-06-12 19:25:08,481 [INFO] CodeEngine:279 - Generated code: D:\Andrea\Embedded\Repositories\Smart-Watch\Smart-Watch\smart-watch\CM7\FATFS\Target\sd_diskio.h
2024-06-12 19:25:08,499 [INFO] CodeEngine:255 - oldGeneratedFile, D:\Andrea\Embedded\Repositories\Smart-Watch\Smart-Watch\smart-watch\CM7\FATFS\Target\sd_diskio.c_save
2024-06-12 19:25:08,591 [INFO] CodeEngine:279 - Generated code: D:\Andrea\Embedded\Repositories\Smart-Watch\Smart-Watch\smart-watch\CM7\FATFS\Target\sd_diskio.c
2024-06-12 19:25:08,608 [INFO] CodeEngine:255 - oldGeneratedFile, D:\Andrea\Embedded\Repositories\Smart-Watch\Smart-Watch\smart-watch\CM7\FATFS\App\fatfs.c_save
2024-06-12 19:25:08,683 [INFO] CodeEngine:279 - Generated code: D:\Andrea\Embedded\Repositories\Smart-Watch\Smart-Watch\smart-watch\CM7\FATFS\App\fatfs.c
2024-06-12 19:25:08,699 [INFO] CodeEngine:255 - oldGeneratedFile, D:\Andrea\Embedded\Repositories\Smart-Watch\Smart-Watch\smart-watch\CM7\FATFS\App\fatfs.h_save
2024-06-12 19:25:08,768 [INFO] CodeEngine:279 - Generated code: D:\Andrea\Embedded\Repositories\Smart-Watch\Smart-Watch\smart-watch\CM7\FATFS\App\fatfs.h
2024-06-12 19:25:08,782 [INFO] CodeEngine:255 - oldGeneratedFile, D:\Andrea\Embedded\Repositories\Smart-Watch\Smart-Watch\smart-watch\CM7\FATFS\Target\fatfs_platform.c_save
2024-06-12 19:25:08,846 [INFO] CodeEngine:279 - Generated code: D:\Andrea\Embedded\Repositories\Smart-Watch\Smart-Watch\smart-watch\CM7\FATFS\Target\fatfs_platform.c
2024-06-12 19:25:08,861 [INFO] CodeEngine:255 - oldGeneratedFile, D:\Andrea\Embedded\Repositories\Smart-Watch\Smart-Watch\smart-watch\CM7\FATFS\Target\fatfs_platform.h_save
2024-06-12 19:25:08,924 [INFO] CodeEngine:279 - Generated code: D:\Andrea\Embedded\Repositories\Smart-Watch\Smart-Watch\smart-watch\CM7\FATFS\Target\fatfs_platform.h
2024-06-12 19:25:08,962 [INFO] CodeEngine:255 - oldGeneratedFile, D:\Andrea\Embedded\Repositories\Smart-Watch\Smart-Watch\smart-watch\CM7\Core\Src\stm32h7xx_it.c_save
2024-06-12 19:25:09,056 [INFO] CodeEngine:279 - Generated code: D:\Andrea\Embedded\Repositories\Smart-Watch\Smart-Watch\smart-watch\CM7\Core\Src\stm32h7xx_it.c
2024-06-12 19:25:09,072 [INFO] CodeEngine:255 - oldGeneratedFile, D:\Andrea\Embedded\Repositories\Smart-Watch\Smart-Watch\smart-watch\CM7\Core\Inc\stm32h7xx_it.h_save
2024-06-12 19:25:09,139 [INFO] CodeEngine:279 - Generated code: D:\Andrea\Embedded\Repositories\Smart-Watch\Smart-Watch\smart-watch\CM7\Core\Inc\stm32h7xx_it.h
2024-06-12 19:25:09,314 [INFO] CodeEngine:255 - oldGeneratedFile, D:\Andrea\Embedded\Repositories\Smart-Watch\Smart-Watch\smart-watch\CM7\Core\Src\stm32h7xx_hal_msp.c_save
2024-06-12 19:25:09,452 [INFO] CodeEngine:279 - Generated code: D:\Andrea\Embedded\Repositories\Smart-Watch\Smart-Watch\smart-watch\CM7\Core\Src\stm32h7xx_hal_msp.c
2024-06-12 19:25:09,462 [INFO] CodeEngine:255 - oldGeneratedFile, D:\Andrea\Embedded\Repositories\Smart-Watch\Smart-Watch\smart-watch\CM7\MXTmpFiles\system.tmp_save
2024-06-12 19:25:09,519 [INFO] CodeEngine:279 - Generated code: D:\Andrea\Embedded\Repositories\Smart-Watch\Smart-Watch\smart-watch\CM7\MXTmpFiles\system.tmp
2024-06-12 19:25:09,541 [INFO] CodeEngine:311 - oldGeneratedFile, D:\Andrea\Embedded\Repositories\Smart-Watch\Smart-Watch\smart-watch\CM7\Core\Inc\stm32h7xx_hal_conf.h_save
2024-06-12 19:25:09,645 [INFO] CodeEngine:335 - Generated code: D:\Andrea\Embedded\Repositories\Smart-Watch\Smart-Watch\smart-watch\CM7\Core\Inc\stm32h7xx_hal_conf.h
2024-06-12 19:25:09,715 [WARN] IPConfigManager:3513 - IP not found : NVIC
2024-06-12 19:25:09,716 [WARN] CodeGenerator:3951 - IP not found : null
2024-06-12 19:25:09,755 [INFO] CodeEngine:255 - oldGeneratedFile, D:\Andrea\Embedded\Repositories\Smart-Watch\Smart-Watch\smart-watch\CM7\Core\Inc\main.h_save
2024-06-12 19:25:09,858 [INFO] CodeEngine:279 - Generated code: D:\Andrea\Embedded\Repositories\Smart-Watch\Smart-Watch\smart-watch\CM7\Core\Inc\main.h
2024-06-12 19:25:09,876 [INFO] CodeEngine:255 - oldGeneratedFile, D:\Andrea\Embedded\Repositories\Smart-Watch\Smart-Watch\smart-watch\CM7\Core\Src\main.c_save
2024-06-12 19:25:10,028 [INFO] CodeEngine:279 - Generated code: D:\Andrea\Embedded\Repositories\Smart-Watch\Smart-Watch\smart-watch\CM7\Core\Src\main.c
2024-06-12 19:25:10,055 [INFO] CodeEngine:255 - oldGeneratedFile, D:\Andrea\Embedded\Repositories\Smart-Watch\Smart-Watch\smart-watch\CM7\Core\Inc\jpeg_utils_conf.h_save
2024-06-12 19:25:10,135 [INFO] CodeEngine:279 - Generated code: D:\Andrea\Embedded\Repositories\Smart-Watch\Smart-Watch\smart-watch\CM7\Core\Inc\jpeg_utils_conf.h
2024-06-12 19:25:10,184 [INFO] CodeGenerator:1511 - *******************Project context M4 selected
2024-06-12 19:25:10,241 [INFO] CodeEngine:255 - oldGeneratedFile, D:\Andrea\Embedded\Repositories\Smart-Watch\Smart-Watch\smart-watch\MXTmpFiles\license.tmp_save
2024-06-12 19:25:10,322 [INFO] CodeEngine:279 - Generated code: D:\Andrea\Embedded\Repositories\Smart-Watch\Smart-Watch\smart-watch\MXTmpFiles\license.tmp
2024-06-12 19:25:12,634 [WARN] IPConfigManager:98 - WARNING: Missing Config File for NVIC2 ip!!
2024-06-12 19:25:12,651 [INFO] CodeEngine:255 - oldGeneratedFile, D:\Andrea\Embedded\Repositories\Smart-Watch\Smart-Watch\smart-watch\CM4\MXTmpFiles\cortex.tmp_save
2024-06-12 19:25:12,717 [INFO] CodeEngine:279 - Generated code: D:\Andrea\Embedded\Repositories\Smart-Watch\Smart-Watch\smart-watch\CM4\MXTmpFiles\cortex.tmp
2024-06-12 19:25:12,740 [INFO] CodeEngine:255 - oldGeneratedFile, D:\Andrea\Embedded\Repositories\Smart-Watch\Smart-Watch\smart-watch\CM4\Core\Src\stm32h7xx_it.c_save
2024-06-12 19:25:12,814 [INFO] CodeEngine:279 - Generated code: D:\Andrea\Embedded\Repositories\Smart-Watch\Smart-Watch\smart-watch\CM4\Core\Src\stm32h7xx_it.c
2024-06-12 19:25:12,818 [INFO] CodeEngine:255 - oldGeneratedFile, D:\Andrea\Embedded\Repositories\Smart-Watch\Smart-Watch\smart-watch\CM4\Core\Inc\stm32h7xx_it.h_save
2024-06-12 19:25:12,882 [INFO] CodeEngine:279 - Generated code: D:\Andrea\Embedded\Repositories\Smart-Watch\Smart-Watch\smart-watch\CM4\Core\Inc\stm32h7xx_it.h
2024-06-12 19:25:12,919 [INFO] CodeEngine:255 - oldGeneratedFile, D:\Andrea\Embedded\Repositories\Smart-Watch\Smart-Watch\smart-watch\CM4\Core\Src\stm32h7xx_hal_msp.c_save
2024-06-12 19:25:12,999 [INFO] CodeEngine:279 - Generated code: D:\Andrea\Embedded\Repositories\Smart-Watch\Smart-Watch\smart-watch\CM4\Core\Src\stm32h7xx_hal_msp.c
2024-06-12 19:25:13,002 [INFO] CodeEngine:255 - oldGeneratedFile, D:\Andrea\Embedded\Repositories\Smart-Watch\Smart-Watch\smart-watch\CM4\MXTmpFiles\system.tmp_save
2024-06-12 19:25:13,045 [INFO] CodeEngine:279 - Generated code: D:\Andrea\Embedded\Repositories\Smart-Watch\Smart-Watch\smart-watch\CM4\MXTmpFiles\system.tmp
2024-06-12 19:25:13,061 [INFO] CodeEngine:311 - oldGeneratedFile, D:\Andrea\Embedded\Repositories\Smart-Watch\Smart-Watch\smart-watch\CM4\Core\Inc\stm32h7xx_hal_conf.h_save
2024-06-12 19:25:13,145 [INFO] CodeEngine:335 - Generated code: D:\Andrea\Embedded\Repositories\Smart-Watch\Smart-Watch\smart-watch\CM4\Core\Inc\stm32h7xx_hal_conf.h
2024-06-12 19:25:13,165 [WARN] IPConfigManager:3513 - IP not found : NVIC
2024-06-12 19:25:13,165 [WARN] CodeGenerator:3951 - IP not found : null
2024-06-12 19:25:13,180 [INFO] CodeEngine:255 - oldGeneratedFile, D:\Andrea\Embedded\Repositories\Smart-Watch\Smart-Watch\smart-watch\CM4\Core\Inc\main.h_save
2024-06-12 19:25:13,256 [INFO] CodeEngine:279 - Generated code: D:\Andrea\Embedded\Repositories\Smart-Watch\Smart-Watch\smart-watch\CM4\Core\Inc\main.h
2024-06-12 19:25:15,263 [INFO] CodeEngine:255 - oldGeneratedFile, D:\Andrea\Embedded\Repositories\Smart-Watch\Smart-Watch\smart-watch\CM4\Core\Src\main.c_save
2024-06-12 19:25:15,340 [INFO] CodeEngine:279 - Generated code: D:\Andrea\Embedded\Repositories\Smart-Watch\Smart-Watch\smart-watch\CM4\Core\Src\main.c
2024-06-12 19:25:15,764 [INFO] ProjectBuilder:3163 - Time for Copy HAL[1] : 236mS.
2024-06-12 19:25:15,784 [INFO] ProjectBuilder:4736 - Project Generator version: 4.3.0-B58
2024-06-12 19:25:15,866 [INFO] ConfigFileManager:1503 - The Die is : DIE450
2024-06-12 19:25:18,577 [INFO] LogOutputStream:77 - [STDOUT_REDIRECT] 
2024-06-12 19:25:27,387 [INFO] ProjectBuilder:5002 - Time for Generating toolchain IDE Files: 11603mS.
2024-06-12 19:25:27,388 [INFO] ProjectBuilder:3034 - Time for Copy CMSIS : 1mS.
2024-06-12 19:25:27,389 [INFO] ProjectBuilder:3034 - Time for Copy CMSIS : 0mS.
2024-06-12 22:00:09,917 [ERROR] LogOutputStream:75 - [STDERR_REDIRECT] 
