2024-06-24 19:53:21,033 [INFO] McuFinderGlobals:63 - Set McuFinder mode to 2 (CubeIDE integrated)
2024-06-24 19:53:21,478 [INFO] MainUpdater:2873 - connection check result : 10
2024-06-24 19:53:21,483 [INFO] MainUpdater:2873 - connection check result : 10
2024-06-24 19:53:21,972 [INFO] MicroXplorer:468 - Change Database Path : 
2024-06-24 19:53:21,973 [INFO] MicroXplorer:498 - Change Database Version : DB.6.0.111
2024-06-24 19:53:21,996 [WARN] ThirdParty:871 - waiting for thirdparty lock release [close project]
2024-06-24 19:53:21,996 [INFO] ThirdParty:873 - entering critical section [close project]
2024-06-24 19:53:22,034 [INFO] ThirdParty:883 - exiting critical section [close project]
2024-06-24 19:53:22,047 [INFO] PinOutPanel:1561 - setPackage(No Configuration,No Configuration)
2024-06-24 19:53:22,051 [INFO] UtilMem:75 - Begin LoadConfig() Used Memory: 309250456 Bytes (933232640)
2024-06-24 19:53:22,068 [INFO] MicroXplorer:468 - Change Database Path : 
2024-06-24 19:53:22,068 [INFO] MicroXplorer:498 - Change Database Version : DB.6.0.111
2024-06-24 19:53:22,068 [INFO] OpenFileManager:312 - Change cursor
2024-06-24 19:53:22,209 [INFO] Mcu:2021 - Initializing MCU STM32H747XIHx STM32H747XIHx STM32H747XIH6
2024-06-24 19:53:27,047 [INFO] Context:663 - Trying to add GPIOservice into a context  which must be forbidden
2024-06-24 19:53:27,047 [INFO] Context:663 - Trying to add GPIOservice into a context  which must be forbidden
2024-06-24 19:53:28,937 [INFO] Context:663 - Trying to add GPIOservice into a context  which must be forbidden
2024-06-24 19:53:28,937 [INFO] Context:663 - Trying to add GPIOservice into a context  which must be forbidden
2024-06-24 19:53:29,127 [INFO] RtosManager:555 - Registered RTOS mode: class=CMSIS, group=RTOS, mode=CMSIS_V1, owner=FREERTOS_M7
2024-06-24 19:53:29,128 [INFO] RtosManager:555 - Registered RTOS mode: class=CMSIS, group=RTOS2, mode=CMSIS_V2, owner=FREERTOS_M7
2024-06-24 19:53:29,128 [INFO] RtosManager:555 - Registered RTOS mode: class=RTOS, group=Core, mode=CMSIS_V1, owner=FREERTOS_M7
2024-06-24 19:53:29,128 [INFO] RtosManager:555 - Registered RTOS mode: class=RTOS, group=Core, mode=CMSIS_V2, owner=FREERTOS_M7
2024-06-24 19:53:29,128 [WARN] ModelIntegratedComponent:184 - Missing modes for component STMicroelectronics:FreeRTOS:0.0.1:STMicroelectronics:RTOS:FreeRTOS:Core:::10.2.0:
2024-06-24 19:53:29,141 [WARN] ModelIntegratedComponent:63 - No mode defined for component null
2024-06-24 19:53:29,141 [WARN] ModelIntegratedComponent:63 - No mode defined for component null
2024-06-24 19:53:29,141 [WARN] ModelIntegratedComponent:63 - No mode defined for component null
2024-06-24 19:53:29,141 [WARN] ModelIntegratedComponent:63 - No mode defined for component null
2024-06-24 19:53:29,141 [WARN] ModelIntegratedComponent:63 - No mode defined for component null
2024-06-24 19:53:29,141 [WARN] ModelIntegratedComponent:63 - No mode defined for component null
2024-06-24 19:53:29,141 [WARN] ModelIntegratedComponent:63 - No mode defined for component null
2024-06-24 19:53:29,141 [WARN] ModelIntegratedComponent:63 - No mode defined for component null
2024-06-24 19:53:29,141 [WARN] ModelIntegratedComponent:63 - No mode defined for component null
2024-06-24 19:53:29,141 [WARN] ModelIntegratedComponent:63 - No mode defined for component null
2024-06-24 19:53:29,141 [WARN] ModelIntegratedComponent:63 - No mode defined for component null
2024-06-24 19:53:29,141 [WARN] ModelIntegratedComponent:63 - No mode defined for component null
2024-06-24 19:53:29,141 [WARN] ModelIntegratedComponent:63 - No mode defined for component null
2024-06-24 19:53:29,142 [WARN] ModelIntegratedComponent:63 - No mode defined for component null
2024-06-24 19:53:29,142 [WARN] ModelIntegratedComponent:63 - No mode defined for component null
2024-06-24 19:53:29,142 [WARN] ModelIntegratedComponent:63 - No mode defined for component null
2024-06-24 19:53:29,142 [WARN] ModelIntegratedComponent:63 - No mode defined for component null
2024-06-24 19:53:29,142 [WARN] ModelIntegratedComponent:63 - No mode defined for component null
2024-06-24 19:53:29,142 [WARN] ModelIntegratedComponent:63 - No mode defined for component null
2024-06-24 19:53:29,142 [WARN] ModelIntegratedComponent:63 - No mode defined for component null
2024-06-24 19:53:29,142 [WARN] ModelIntegratedComponent:63 - No mode defined for component null
2024-06-24 19:53:29,142 [WARN] ModelIntegratedComponent:63 - No mode defined for component null
2024-06-24 19:53:29,142 [WARN] ModelIntegratedComponent:63 - No mode defined for component null
2024-06-24 19:53:29,142 [WARN] ModelIntegratedComponent:63 - No mode defined for component null
2024-06-24 19:53:29,142 [WARN] ModelIntegratedComponent:63 - No mode defined for component null
2024-06-24 19:53:29,142 [WARN] ModelIntegratedComponent:63 - No mode defined for component null
2024-06-24 19:53:29,142 [WARN] ModelIntegratedComponent:63 - No mode defined for component null
2024-06-24 19:53:29,142 [WARN] ModelIntegratedComponent:63 - No mode defined for component null
2024-06-24 19:53:29,142 [WARN] ModelIntegratedComponent:63 - No mode defined for component null
2024-06-24 19:53:29,143 [WARN] ModelIntegratedComponent:63 - No mode defined for component null
2024-06-24 19:53:29,143 [WARN] ModelIntegratedComponent:63 - No mode defined for component null
2024-06-24 19:53:29,143 [WARN] ModelIntegratedComponent:63 - No mode defined for component null
2024-06-24 19:53:29,143 [WARN] ModelIntegratedComponent:63 - No mode defined for component null
2024-06-24 19:53:29,143 [WARN] ModelIntegratedComponent:63 - No mode defined for component null
2024-06-24 19:53:29,173 [INFO] RtosManager:555 - Registered RTOS mode: class=CMSIS, group=RTOS, mode=CMSIS_V1, owner=FREERTOS_M4
2024-06-24 19:53:29,173 [INFO] RtosManager:555 - Registered RTOS mode: class=CMSIS, group=RTOS2, mode=CMSIS_V2, owner=FREERTOS_M4
2024-06-24 19:53:29,173 [INFO] RtosManager:555 - Registered RTOS mode: class=RTOS, group=Core, mode=CMSIS_V1, owner=FREERTOS_M4
2024-06-24 19:53:29,174 [INFO] RtosManager:555 - Registered RTOS mode: class=RTOS, group=Core, mode=CMSIS_V2, owner=FREERTOS_M4
2024-06-24 19:53:29,174 [WARN] ModelIntegratedComponent:184 - Missing modes for component STMicroelectronics:FreeRTOS:0.0.1:STMicroelectronics:RTOS:FreeRTOS:Core:::10.2.0:
2024-06-24 19:53:29,182 [WARN] ModelIntegratedComponent:63 - No mode defined for component null
2024-06-24 19:53:29,183 [WARN] ModelIntegratedComponent:63 - No mode defined for component null
2024-06-24 19:53:29,183 [WARN] ModelIntegratedComponent:63 - No mode defined for component null
2024-06-24 19:53:29,183 [WARN] ModelIntegratedComponent:63 - No mode defined for component null
2024-06-24 19:53:29,183 [WARN] ModelIntegratedComponent:63 - No mode defined for component null
2024-06-24 19:53:29,183 [WARN] ModelIntegratedComponent:63 - No mode defined for component null
2024-06-24 19:53:29,183 [WARN] ModelIntegratedComponent:63 - No mode defined for component null
2024-06-24 19:53:29,183 [WARN] ModelIntegratedComponent:63 - No mode defined for component null
2024-06-24 19:53:29,183 [WARN] ModelIntegratedComponent:63 - No mode defined for component null
2024-06-24 19:53:29,183 [WARN] ModelIntegratedComponent:63 - No mode defined for component null
2024-06-24 19:53:29,183 [WARN] ModelIntegratedComponent:63 - No mode defined for component null
2024-06-24 19:53:29,183 [WARN] ModelIntegratedComponent:63 - No mode defined for component null
2024-06-24 19:53:29,183 [WARN] ModelIntegratedComponent:63 - No mode defined for component null
2024-06-24 19:53:29,183 [WARN] ModelIntegratedComponent:63 - No mode defined for component null
2024-06-24 19:53:29,183 [WARN] ModelIntegratedComponent:63 - No mode defined for component null
2024-06-24 19:53:29,183 [WARN] ModelIntegratedComponent:63 - No mode defined for component null
2024-06-24 19:53:29,183 [WARN] ModelIntegratedComponent:63 - No mode defined for component null
2024-06-24 19:53:29,183 [WARN] ModelIntegratedComponent:63 - No mode defined for component null
2024-06-24 19:53:29,183 [WARN] ModelIntegratedComponent:63 - No mode defined for component null
2024-06-24 19:53:29,183 [WARN] ModelIntegratedComponent:63 - No mode defined for component null
2024-06-24 19:53:29,184 [WARN] ModelIntegratedComponent:63 - No mode defined for component null
2024-06-24 19:53:29,184 [WARN] ModelIntegratedComponent:63 - No mode defined for component null
2024-06-24 19:53:29,184 [WARN] ModelIntegratedComponent:63 - No mode defined for component null
2024-06-24 19:53:29,184 [WARN] ModelIntegratedComponent:63 - No mode defined for component null
2024-06-24 19:53:29,184 [WARN] ModelIntegratedComponent:63 - No mode defined for component null
2024-06-24 19:53:29,184 [WARN] ModelIntegratedComponent:63 - No mode defined for component null
2024-06-24 19:53:29,184 [WARN] ModelIntegratedComponent:63 - No mode defined for component null
2024-06-24 19:53:29,184 [WARN] ModelIntegratedComponent:63 - No mode defined for component null
2024-06-24 19:53:29,184 [WARN] ModelIntegratedComponent:63 - No mode defined for component null
2024-06-24 19:53:29,184 [WARN] ModelIntegratedComponent:63 - No mode defined for component null
2024-06-24 19:53:29,184 [WARN] ModelIntegratedComponent:63 - No mode defined for component null
2024-06-24 19:53:29,184 [WARN] ModelIntegratedComponent:63 - No mode defined for component null
2024-06-24 19:53:29,185 [WARN] ModelIntegratedComponent:63 - No mode defined for component null
2024-06-24 19:53:29,185 [WARN] ModelIntegratedComponent:63 - No mode defined for component null
2024-06-24 19:53:29,221 [INFO] ThirdPartyModel:298 - Start build external matchings
2024-06-24 19:53:29,361 [INFO] ThirdPartyModel:316 - End build external matchings
2024-06-24 19:53:29,365 [INFO] ThirdPartyModel:298 - Start build external matchings
2024-06-24 19:53:29,488 [INFO] ThirdPartyModel:316 - End build external matchings
2024-06-24 19:53:30,027 [INFO] ApiDb:581 - Connected to CubeFinder SQLite database (C:\Users\andre\.stmcufinder\plugins\mcufinder\mcu\cube-finder-db.db)
2024-06-24 19:53:30,134 [INFO] ApiDb:668 - CubeFinder database Data Model version=2.1
2024-06-24 19:53:30,134 [INFO] ApiDb:669 - CubeFinder database Configuration version=3.0.39
2024-06-24 19:53:30,135 [INFO] ApiDb:670 - CubeFinder database generation date=2024-05-16 (1715872938)
2024-06-24 19:53:30,135 [INFO] ApiDb:671 - CubeFinder database FW Pack versions=[FP-ATR-ASTRA1_V2.0.0, FP-SNS-FLIGHT1_V5.0.1, FP-SNS-FLIGHT1_V5.0.2, FP-SNS-MOTENV1_V4.3.1, FP-SNS-MOTENV1_V4.3.2, FP-SNS-MOTENV1_V5.0.0, FP-SNS-MOTENVWB1_V1.4.0, FP-SNS-SMARTAG2_V1.2.0, STM32Cube_FW_C0_V1.1.0, STM32Cube_FW_F4_V1.28.0, STM32Cube_FW_F7_V1.17.0, STM32Cube_FW_G0_V1.6.2, STM32Cube_FW_G4_V1.5.2, STM32Cube_FW_H5_V0.5.1, STM32Cube_FW_H5_V1.1.1, STM32Cube_FW_H5_V1.2.0, STM32Cube_FW_H5_V1.2.0RC4, STM32Cube_FW_H7RS_V1.0.0, STM32Cube_FW_H7RS_V1.0.0RC4, STM32Cube_FW_H7_V1.11.0, STM32Cube_FW_L0_V1.12.2, STM32Cube_FW_L5_V1.5.1, STM32Cube_FW_U0_V1.0.0, STM32Cube_FW_U0_V1.0.0RC1, STM32Cube_FW_U5_V1.3.0RC4, STM32Cube_FW_U5_V1.5.0, STM32Cube_FW_U5_V1.5.0RC1, STM32Cube_FW_WBA_V1.0.0RC1, STM32Cube_FW_WBA_V1.2.0, STM32Cube_FW_WBA_V1.2.0RC2, STM32Cube_FW_WBA_V1.3.0, STM32Cube_FW_WBA_V1.3.0RC1, STM32Cube_FW_WB_V1.15.0RC1, STM32Cube_FW_WB_V1.16.0, STM32Cube_FW_WB_V1.16.0RC2, STM32Cube_FW_WB_V1.18.0, STM32Cube_FW_WB_V1.19.0, STM32Cube_FW_WL_V1.3.0, X-CUBE-ALGOBUILD_V1.4.0, X-CUBE-ALS_V1.0.1, X-CUBE-AZRTOS-F4_V1.1.0, X-CUBE-AZRTOS-F7_V1.1.0, X-CUBE-AZRTOS-G0_V1.1.0, X-CUBE-AZRTOS-G4_V2.0.0, X-CUBE-AZRTOS-H7_V3.2.0, X-CUBE-AZRTOS-L4_V1.0.0, X-CUBE-AZRTOS-L4_V2.0.0, X-CUBE-AZRTOS-L5_V1.1.0, X-CUBE-AZRTOS-WB_V2.0.0, X-CUBE-AZRTOS-WL_V2.0.0, X-CUBE-BLE1_V7.0.0, X-CUBE-BLE2_V3.3.0, X-CUBE-BLEMGR_V3.1.0, X-CUBE-EEPRMA1_V4.1.0, X-CUBE-EEPRMA1_V5.1.0, X-CUBE-FREERTOS_V1.1.0, X-CUBE-GNSS1_V6.0.0, X-CUBE-MEMS1_V10.0.0, X-CUBE-MEMS1_V9.1.0, X-CUBE-MEMS1_V9.4.0, X-CUBE-MEMS1_V9.6.0, X-CUBE-NFC4_V3.0.0, X-CUBE-NFC7_V1.0.1, X-CUBE-SFXS2LP1_V4.0.0, X-CUBE-SUBG2_V5.0.0, X-CUBE-TOF1_V3.4.0]
2024-06-24 19:53:30,283 [INFO] DbBoardsSqlite:226 - include board P-NUCLEO-WB55-NUCLEO as a kit item of type 'Nucleo-64'
2024-06-24 19:53:30,283 [INFO] DbBoardsSqlite:226 - include board P-NUCLEO-WB55-USBDONGLE as a kit item of type 'Nucleo USB Dongle'
2024-06-24 19:53:30,284 [INFO] DbBoardsSqlite:226 - include board STEVAL-IDP005V1 as a kit item of type 'Evaluation Board'
2024-06-24 19:53:30,284 [INFO] DbBoardsSqlite:226 - include board STEVAL-IDP005V2 as a kit item of type 'Evaluation Board'
2024-06-24 19:53:30,772 [INFO] ApiDb:240 - Found 483 in-development CPN: [B-G473E-ZEST1S, B-WB1M-WPAN1, B-WL5M-SUBG1, NUCLEO-C031C6, NUCLEO-H503RB, NUCLEO-H533RE, NUCLEO-H563ZI, NUCLEO-H7S3L8, NUCLEO-U031R8, NUCLEO-U083RC, NUCLEO-U545RE-Q, NUCLEO-U5A5ZJ-Q, NUCLEO-WBA52CG, NUCLEO-WBA55CG, STEVAL-PROTEUS1, STEVAL-SMARTAG2, STEVAL-STWINBX1, STM320518-EVAL, STM32C0116-DK, STM32C011D6Y3TR, STM32C011D6Y6TR, STM32C011F4P3, STM32C011F4P6, STM32C011F4U3, STM32C011F4U6TR, STM32C011F6P3, STM32C011F6P6, STM32C011F6U3, STM32C011F6U6TR, STM32C011J4M3, STM32C011J4M6, STM32C011J6M3, STM32C011J6M6, STM32C0316-DK, STM32C031C4T3, STM32C031C4T6, STM32C031C4U3, STM32C031C4U6, STM32C031C6T3, STM32C031C6T6, STM32C031C6U3, STM32C031C6U6, STM32C031F4P3, STM32C031F4P6, STM32C031F6P3, STM32C031F6P6, STM32C031G4U3, STM32C031G4U6, STM32C031G6U3, STM32C031G6U6, STM32C031K4T3, STM32C031K4T6, STM32C031K4U3, STM32C031K4U6, STM32C031K6T3, STM32C031K6T6, STM32C031K6U3, STM32C031K6U6, STM32G071K8TXN, STM32G071K8UXN, STM32G081GBU6N, STM32G081KBT6N, STM32G081KBUXN, STM32G0B1CCT6N, STM32G0B1KCT6, STM32G0B1NEY6TR, STM32G0B1RCT6N, STM32G0C1CCT6, STM32G0C1CCT6N, STM32G0C1CCU6N, STM32G0C1CET6N, STM32G0C1CEU6N, STM32G0C1KCT6, STM32G0C1NEY6TR, STM32G0C1RCI6N, STM32G0C1RCT6N, STM32G0C1REI6N, STM32G0C1RET6N, STM32G0C1VCI6, STM32G0C1VEI6, STM32G471CCT6, STM32G471CCU6, STM32G471CET3, STM32G471CET6, STM32G471CEU3, STM32G471CEU6, STM32G471MCT6, STM32G471MET3, STM32G471MET6, STM32G471MEY6TR, STM32G471QCT6, STM32G471QET3, STM32G471RCT6, STM32G471RET3, STM32G471RET6, STM32G471VCH6, STM32G471VCI6, STM32G471VCT6, STM32G471VEH3, STM32G471VEH6, STM32G471VEI3, STM32G471VEI6, STM32G471VET3, STM32G471VET6, STM32G474CCT6, STM32H503CBT6, STM32H503CBU6, STM32H503EBY6TR, STM32H503KBU6, STM32H503RBT6, STM32H523CCT6, STM32H523CCU6, STM32H523CET6, STM32H523CEU6, STM32H523HEY6TR, STM32H523RCT6, STM32H523RET6, STM32H523VCI6, STM32H523VCT6, STM32H523VEI6, STM32H523VET6, STM32H523ZCJ6, STM32H523ZCT6, STM32H523ZEJ6, STM32H523ZET6, STM32H533CET6, STM32H533CEU6, STM32H533HEY6TR, STM32H533RET6, STM32H533VEI6, STM32H533VET6, STM32H533ZEJ6, STM32H533ZET6, STM32H562AGI6, STM32H562AII6, STM32H562IGK6, STM32H562IGT6, STM32H562IIK6, STM32H562IIT6, STM32H562RGT6, STM32H562RGV6, STM32H562RIT6, STM32H562RIV6, STM32H562VGT6, STM32H562VIT6, STM32H562ZGT6, STM32H562ZIT6, STM32H563AGI6, STM32H563AII3Q, STM32H563AII6, STM32H563IGK6, STM32H563IGT6, STM32H563IIK3Q, STM32H563IIK6, STM32H563IIT3Q, STM32H563IIT6, STM32H563MIY3QTR, STM32H563RGT6, STM32H563RGV6, STM32H563RIT6, STM32H563RIV6, STM32H563VGT6, STM32H563VIT3Q, STM32H563VIT6, STM32H563ZGT6, STM32H563ZIT3Q, STM32H563ZIT6, STM32H573AII3Q, STM32H573AII6, STM32H573I-DK, STM32H573IIK3Q, STM32H573IIK6, STM32H573IIT3Q, STM32H573IIT6, STM32H573MIY3QTR, STM32H573RIT6, STM32H573RIV6, STM32H573VIT3Q, STM32H573VIT6, STM32H573ZIT3Q, STM32H573ZIT6, STM32H7R3A8I6, STM32H7R3I8K6, STM32H7R3I8T6, STM32H7R3L8H6, STM32H7R3L8H6H, STM32H7R3R8V6, STM32H7R3V8H6, STM32H7R3V8T6, STM32H7R3V8Y6, STM32H7R3Z8J6, STM32H7R3Z8T6, STM32H7R7A8I6, STM32H7R7I8K6, STM32H7R7I8T6, STM32H7R7L8H6, STM32H7R7L8H6H, STM32H7R7Z8J6, STM32H7S3A8I6, STM32H7S3I8K6, STM32H7S3I8T6, STM32H7S3L8H6, STM32H7S3L8H6H, STM32H7S3R8V6, STM32H7S3V8H6, STM32H7S3V8T6, STM32H7S3V8Y6, STM32H7S3Z8J6, STM32H7S3Z8T6, STM32H7S78-DK, STM32H7S7A8I6, STM32H7S7I8K6, STM32H7S7I8T6, STM32H7S7L8H6, STM32H7S7L8H6H, STM32H7S7Z8J6, STM32L4R5QGI6STR, STM32MP131AAE3, STM32MP131AAF3, STM32MP131AAG3, STM32MP131CAE3, STM32MP131CAF3, STM32MP131CAG3, STM32MP131DAE7, STM32MP131DAF7, STM32MP131DAG7, STM32MP131FAE7, STM32MP131FAF7, STM32MP131FAG7, STM32MP133AAE3, STM32MP133AAF3, STM32MP133AAG3, STM32MP133CAE3, STM32MP133CAF3, STM32MP133CAG3, STM32MP133DAE7, STM32MP133DAF7, STM32MP133DAG7, STM32MP133FAE7, STM32MP133FAF7, STM32MP133FAG7, STM32MP135AAE3, STM32MP135AAF3, STM32MP135AAG3, STM32MP135CAE3, STM32MP135CAF3, STM32MP135CAG3, STM32MP135DAE7, STM32MP135DAF7, STM32MP135DAG7, STM32MP135F-DK, STM32MP135FAE7, STM32MP135FAF7, STM32MP135FAF7T, STM32MP135FAF7U, STM32MP135FAG7, STM32U031C6T6, STM32U031C6U6, STM32U031C8T6, STM32U031C8U6, STM32U031F4P6, STM32U031F6P6, STM32U031F8P6, STM32U031G6Y6TR, STM32U031G8Y6TR, STM32U031K4U6, STM32U031K6U6, STM32U031K8U6, STM32U031R6I6, STM32U031R6T6, STM32U031R8I6, STM32U031R8T6, STM32U073C8T6, STM32U073C8U6, STM32U073CBT6, STM32U073CBU6, STM32U073CCT6, STM32U073CCU6, STM32U073H8Y6TR, STM32U073HBY6TR, STM32U073HCY6TR, STM32U073K8U6, STM32U073KBU6, STM32U073KCU6, STM32U073M8I6, STM32U073M8T6, STM32U073MBI6, STM32U073MBT6, STM32U073MCI6, STM32U073MCT6, STM32U073R8I6, STM32U073R8T6, STM32U073RBI6, STM32U073RBT6, STM32U073RCI6, STM32U073RCT6, STM32U083C-DK, STM32U083CCT6, STM32U083CCU6, STM32U083HCY6TR, STM32U083KCU6, STM32U083MCI6, STM32U083MCT6, STM32U083RCI6, STM32U083RCT6, STM32U535CBT6, STM32U535CBT6Q, STM32U535CBU6, STM32U535CBU6Q, STM32U535CCT6, STM32U535CCT6Q, STM32U535CCU6, STM32U535CCU6Q, STM32U535CET6, STM32U535CET6Q, STM32U535CEU6, STM32U535CEU6Q, STM32U535JEY6QTR, STM32U535NCY6QTR, STM32U535NEY6QTR, STM32U535RBI6, STM32U535RBI6Q, STM32U535RBT6, STM32U535RBT6Q, STM32U535RCI6, STM32U535RCI6Q, STM32U535RCT6, STM32U535RCT6Q, STM32U535REI6, STM32U535REI6Q, STM32U535RET6, STM32U535RET6Q, STM32U535VCI6, STM32U535VCI6Q, STM32U535VCT6, STM32U535VCT6Q, STM32U535VEI6, STM32U535VEI6Q, STM32U535VET6, STM32U535VET6Q, STM32U545CET6, STM32U545CET6Q, STM32U545CEU6, STM32U545CEU6Q, STM32U545JEY6QTR, STM32U545NEY6QTR, STM32U545REI6, STM32U545REI6Q, STM32U545RET6, STM32U545RET6Q, STM32U545VEI6, STM32U545VEI6Q, STM32U545VET6, STM32U545VET6Q, STM32U595AIH6, STM32U595AIH6Q, STM32U595AJH6, STM32U595AJH6Q, STM32U595QII6, STM32U595QII6Q, STM32U595QJI6, STM32U595QJI6Q, STM32U595RIT6, STM32U595RIT6Q, STM32U595RJT6, STM32U595RJT6Q, STM32U595VIT6, STM32U595VIT6Q, STM32U595VJT6, STM32U595VJT6Q, STM32U595ZIT6, STM32U595ZIT6Q, STM32U595ZIY6QTR, STM32U595ZJT6, STM32U595ZJT6Q, STM32U595ZJY6QTR, STM32U599BJY6QTR, STM32U599NIH6Q, STM32U599NJH6Q, STM32U599VIT6Q, STM32U599VJT6, STM32U599VJT6Q, STM32U599ZIT6Q, STM32U599ZIY6QTR, STM32U599ZJT6Q, STM32U599ZJY6QTR, STM32U5A5AJH6, STM32U5A5AJH6Q, STM32U5A5QII3Q , STM32U5A5QJI6, STM32U5A5QJI6Q, STM32U5A5RJT6, STM32U5A5RJT6Q, STM32U5A5VJT6, STM32U5A5VJT6Q, STM32U5A5ZJT6, STM32U5A5ZJT6Q, STM32U5A5ZJY6QTR, STM32U5A9BJY6QTR, STM32U5A9J-DK, STM32U5A9NJH6Q, STM32U5A9VJT6Q, STM32U5A9ZJT6Q, STM32U5A9ZJY6QTR, STM32U5F7VIT6, STM32U5F7VIT6Q, STM32U5F7VJT6, STM32U5F7VJT6Q, STM32U5F9BJY6QTR, STM32U5F9NJH6Q, STM32U5F9VIT6Q, STM32U5F9VJT6Q, STM32U5F9ZIJ6QTR, STM32U5F9ZIT6Q, STM32U5F9ZJJ6QTR, STM32U5F9ZJT6Q, STM32U5G7VJT6, STM32U5G7VJT6Q, STM32U5G9BJY6QTR, STM32U5G9J-DK1, STM32U5G9J-DK2, STM32U5G9NJH6Q, STM32U5G9VJT6Q, STM32U5G9ZJJ6QTR, STM32U5G9ZJT6Q, STM32WB1MMCH6, STM32WBA50KEU6, STM32WBA50KEU6TR, STM32WBA50KGU6, STM32WBA50KGU6TR, STM32WBA52CEU6, STM32WBA52CEU6TR, STM32WBA52CEU7, STM32WBA52CEU7TR, STM32WBA52CGU6, STM32WBA52CGU6TR, STM32WBA52CGU6U, STM32WBA52CGU7, STM32WBA52CGU7TR, STM32WBA52KEU6, STM32WBA52KEU6TR, STM32WBA52KGU6, STM32WBA52KGU6TR, STM32WBA54CEU6, STM32WBA54CEU6TR, STM32WBA54CEU7, STM32WBA54CEU7TR, STM32WBA54CGU6, STM32WBA54CGU6TR, STM32WBA54CGU7, STM32WBA54CGU7TR, STM32WBA54KEU6, STM32WBA54KEU6TR, STM32WBA54KEU7, STM32WBA54KEU7TR, STM32WBA54KGU6, STM32WBA54KGU6TR, STM32WBA54KGU7, STM32WBA54KGU7TR, STM32WBA55CEU6, STM32WBA55CEU6TR, STM32WBA55CEU7, STM32WBA55CEU7TR, STM32WBA55CGU6, STM32WBA55CGU6TR, STM32WBA55CGU6U, STM32WBA55CGU7, STM32WBA55CGU7TR, STM32WBA55G-DK1, STM32WBA55HEF6, STM32WBA55HEF7, STM32WBA55HGF6, STM32WBA55HGF7, STM32WBA55UEI6, STM32WBA55UEI6TR, STM32WBA55UEI7, STM32WBA55UEI7TR, STM32WBA55UGI6, STM32WBA55UGI6TR, STM32WBA55UGI7, STM32WBA55UGI7TR, STM32WL5MOCH6, STM32WL5MOCH6TR]
2024-06-24 19:53:30,929 [INFO] BoardInfo:889 - No configuration file found for board P-NUCLEO-WB55
2024-06-24 19:53:30,929 [INFO] DbBoards:161 - Kit is not supported: P-NUCLEO-WB55
2024-06-24 19:53:30,932 [INFO] BoardInfo:889 - No configuration file found for board STEVAL-BFA001V1B
2024-06-24 19:53:30,933 [INFO] DbBoards:161 - Kit is not supported: STEVAL-BFA001V1B
2024-06-24 19:53:30,933 [INFO] BoardInfo:889 - No configuration file found for board STEVAL-BFA001V2B
2024-06-24 19:53:30,933 [INFO] DbBoards:161 - Kit is not supported: STEVAL-BFA001V2B
2024-06-24 19:53:31,064 [INFO] DbBoards:168 - Found 199 boards, 196 are supported
2024-06-24 19:53:31,064 [INFO] DbBoards:169 - Found 199 boards, 8 of them is supported for  Bsp
2024-06-24 19:53:31,068 [INFO] ApiDb:668 - CubeFinder database Data Model version=2.1
2024-06-24 19:53:31,069 [INFO] ApiDb:669 - CubeFinder database Configuration version=3.0.39
2024-06-24 19:53:31,069 [INFO] ApiDb:670 - CubeFinder database generation date=2024-05-16 (1715872938)
2024-06-24 19:53:31,069 [INFO] ApiDb:671 - CubeFinder database FW Pack versions=[FP-ATR-ASTRA1_V2.0.0, FP-SNS-FLIGHT1_V5.0.1, FP-SNS-FLIGHT1_V5.0.2, FP-SNS-MOTENV1_V4.3.1, FP-SNS-MOTENV1_V4.3.2, FP-SNS-MOTENV1_V5.0.0, FP-SNS-MOTENVWB1_V1.4.0, FP-SNS-SMARTAG2_V1.2.0, STM32Cube_FW_C0_V1.1.0, STM32Cube_FW_F4_V1.28.0, STM32Cube_FW_F7_V1.17.0, STM32Cube_FW_G0_V1.6.2, STM32Cube_FW_G4_V1.5.2, STM32Cube_FW_H5_V0.5.1, STM32Cube_FW_H5_V1.1.1, STM32Cube_FW_H5_V1.2.0, STM32Cube_FW_H5_V1.2.0RC4, STM32Cube_FW_H7RS_V1.0.0, STM32Cube_FW_H7RS_V1.0.0RC4, STM32Cube_FW_H7_V1.11.0, STM32Cube_FW_L0_V1.12.2, STM32Cube_FW_L5_V1.5.1, STM32Cube_FW_U0_V1.0.0, STM32Cube_FW_U0_V1.0.0RC1, STM32Cube_FW_U5_V1.3.0RC4, STM32Cube_FW_U5_V1.5.0, STM32Cube_FW_U5_V1.5.0RC1, STM32Cube_FW_WBA_V1.0.0RC1, STM32Cube_FW_WBA_V1.2.0, STM32Cube_FW_WBA_V1.2.0RC2, STM32Cube_FW_WBA_V1.3.0, STM32Cube_FW_WBA_V1.3.0RC1, STM32Cube_FW_WB_V1.15.0RC1, STM32Cube_FW_WB_V1.16.0, STM32Cube_FW_WB_V1.16.0RC2, STM32Cube_FW_WB_V1.18.0, STM32Cube_FW_WB_V1.19.0, STM32Cube_FW_WL_V1.3.0, X-CUBE-ALGOBUILD_V1.4.0, X-CUBE-ALS_V1.0.1, X-CUBE-AZRTOS-F4_V1.1.0, X-CUBE-AZRTOS-F7_V1.1.0, X-CUBE-AZRTOS-G0_V1.1.0, X-CUBE-AZRTOS-G4_V2.0.0, X-CUBE-AZRTOS-H7_V3.2.0, X-CUBE-AZRTOS-L4_V1.0.0, X-CUBE-AZRTOS-L4_V2.0.0, X-CUBE-AZRTOS-L5_V1.1.0, X-CUBE-AZRTOS-WB_V2.0.0, X-CUBE-AZRTOS-WL_V2.0.0, X-CUBE-BLE1_V7.0.0, X-CUBE-BLE2_V3.3.0, X-CUBE-BLEMGR_V3.1.0, X-CUBE-EEPRMA1_V4.1.0, X-CUBE-EEPRMA1_V5.1.0, X-CUBE-FREERTOS_V1.1.0, X-CUBE-GNSS1_V6.0.0, X-CUBE-MEMS1_V10.0.0, X-CUBE-MEMS1_V9.1.0, X-CUBE-MEMS1_V9.4.0, X-CUBE-MEMS1_V9.6.0, X-CUBE-NFC4_V3.0.0, X-CUBE-NFC7_V1.0.1, X-CUBE-SFXS2LP1_V4.0.0, X-CUBE-SUBG2_V5.0.0, X-CUBE-TOF1_V3.4.0]
2024-06-24 19:53:33,135 [INFO] ApiDb:240 - Found 483 in-development CPN: [B-G473E-ZEST1S, B-WB1M-WPAN1, B-WL5M-SUBG1, NUCLEO-C031C6, NUCLEO-H503RB, NUCLEO-H533RE, NUCLEO-H563ZI, NUCLEO-H7S3L8, NUCLEO-U031R8, NUCLEO-U083RC, NUCLEO-U545RE-Q, NUCLEO-U5A5ZJ-Q, NUCLEO-WBA52CG, NUCLEO-WBA55CG, STEVAL-PROTEUS1, STEVAL-SMARTAG2, STEVAL-STWINBX1, STM320518-EVAL, STM32C0116-DK, STM32C011D6Y3TR, STM32C011D6Y6TR, STM32C011F4P3, STM32C011F4P6, STM32C011F4U3, STM32C011F4U6TR, STM32C011F6P3, STM32C011F6P6, STM32C011F6U3, STM32C011F6U6TR, STM32C011J4M3, STM32C011J4M6, STM32C011J6M3, STM32C011J6M6, STM32C0316-DK, STM32C031C4T3, STM32C031C4T6, STM32C031C4U3, STM32C031C4U6, STM32C031C6T3, STM32C031C6T6, STM32C031C6U3, STM32C031C6U6, STM32C031F4P3, STM32C031F4P6, STM32C031F6P3, STM32C031F6P6, STM32C031G4U3, STM32C031G4U6, STM32C031G6U3, STM32C031G6U6, STM32C031K4T3, STM32C031K4T6, STM32C031K4U3, STM32C031K4U6, STM32C031K6T3, STM32C031K6T6, STM32C031K6U3, STM32C031K6U6, STM32G071K8TXN, STM32G071K8UXN, STM32G081GBU6N, STM32G081KBT6N, STM32G081KBUXN, STM32G0B1CCT6N, STM32G0B1KCT6, STM32G0B1NEY6TR, STM32G0B1RCT6N, STM32G0C1CCT6, STM32G0C1CCT6N, STM32G0C1CCU6N, STM32G0C1CET6N, STM32G0C1CEU6N, STM32G0C1KCT6, STM32G0C1NEY6TR, STM32G0C1RCI6N, STM32G0C1RCT6N, STM32G0C1REI6N, STM32G0C1RET6N, STM32G0C1VCI6, STM32G0C1VEI6, STM32G471CCT6, STM32G471CCU6, STM32G471CET3, STM32G471CET6, STM32G471CEU3, STM32G471CEU6, STM32G471MCT6, STM32G471MET3, STM32G471MET6, STM32G471MEY6TR, STM32G471QCT6, STM32G471QET3, STM32G471RCT6, STM32G471RET3, STM32G471RET6, STM32G471VCH6, STM32G471VCI6, STM32G471VCT6, STM32G471VEH3, STM32G471VEH6, STM32G471VEI3, STM32G471VEI6, STM32G471VET3, STM32G471VET6, STM32G474CCT6, STM32H503CBT6, STM32H503CBU6, STM32H503EBY6TR, STM32H503KBU6, STM32H503RBT6, STM32H523CCT6, STM32H523CCU6, STM32H523CET6, STM32H523CEU6, STM32H523HEY6TR, STM32H523RCT6, STM32H523RET6, STM32H523VCI6, STM32H523VCT6, STM32H523VEI6, STM32H523VET6, STM32H523ZCJ6, STM32H523ZCT6, STM32H523ZEJ6, STM32H523ZET6, STM32H533CET6, STM32H533CEU6, STM32H533HEY6TR, STM32H533RET6, STM32H533VEI6, STM32H533VET6, STM32H533ZEJ6, STM32H533ZET6, STM32H562AGI6, STM32H562AII6, STM32H562IGK6, STM32H562IGT6, STM32H562IIK6, STM32H562IIT6, STM32H562RGT6, STM32H562RGV6, STM32H562RIT6, STM32H562RIV6, STM32H562VGT6, STM32H562VIT6, STM32H562ZGT6, STM32H562ZIT6, STM32H563AGI6, STM32H563AII3Q, STM32H563AII6, STM32H563IGK6, STM32H563IGT6, STM32H563IIK3Q, STM32H563IIK6, STM32H563IIT3Q, STM32H563IIT6, STM32H563MIY3QTR, STM32H563RGT6, STM32H563RGV6, STM32H563RIT6, STM32H563RIV6, STM32H563VGT6, STM32H563VIT3Q, STM32H563VIT6, STM32H563ZGT6, STM32H563ZIT3Q, STM32H563ZIT6, STM32H573AII3Q, STM32H573AII6, STM32H573I-DK, STM32H573IIK3Q, STM32H573IIK6, STM32H573IIT3Q, STM32H573IIT6, STM32H573MIY3QTR, STM32H573RIT6, STM32H573RIV6, STM32H573VIT3Q, STM32H573VIT6, STM32H573ZIT3Q, STM32H573ZIT6, STM32H7R3A8I6, STM32H7R3I8K6, STM32H7R3I8T6, STM32H7R3L8H6, STM32H7R3L8H6H, STM32H7R3R8V6, STM32H7R3V8H6, STM32H7R3V8T6, STM32H7R3V8Y6, STM32H7R3Z8J6, STM32H7R3Z8T6, STM32H7R7A8I6, STM32H7R7I8K6, STM32H7R7I8T6, STM32H7R7L8H6, STM32H7R7L8H6H, STM32H7R7Z8J6, STM32H7S3A8I6, STM32H7S3I8K6, STM32H7S3I8T6, STM32H7S3L8H6, STM32H7S3L8H6H, STM32H7S3R8V6, STM32H7S3V8H6, STM32H7S3V8T6, STM32H7S3V8Y6, STM32H7S3Z8J6, STM32H7S3Z8T6, STM32H7S78-DK, STM32H7S7A8I6, STM32H7S7I8K6, STM32H7S7I8T6, STM32H7S7L8H6, STM32H7S7L8H6H, STM32H7S7Z8J6, STM32L4R5QGI6STR, STM32MP131AAE3, STM32MP131AAF3, STM32MP131AAG3, STM32MP131CAE3, STM32MP131CAF3, STM32MP131CAG3, STM32MP131DAE7, STM32MP131DAF7, STM32MP131DAG7, STM32MP131FAE7, STM32MP131FAF7, STM32MP131FAG7, STM32MP133AAE3, STM32MP133AAF3, STM32MP133AAG3, STM32MP133CAE3, STM32MP133CAF3, STM32MP133CAG3, STM32MP133DAE7, STM32MP133DAF7, STM32MP133DAG7, STM32MP133FAE7, STM32MP133FAF7, STM32MP133FAG7, STM32MP135AAE3, STM32MP135AAF3, STM32MP135AAG3, STM32MP135CAE3, STM32MP135CAF3, STM32MP135CAG3, STM32MP135DAE7, STM32MP135DAF7, STM32MP135DAG7, STM32MP135F-DK, STM32MP135FAE7, STM32MP135FAF7, STM32MP135FAF7T, STM32MP135FAF7U, STM32MP135FAG7, STM32U031C6T6, STM32U031C6U6, STM32U031C8T6, STM32U031C8U6, STM32U031F4P6, STM32U031F6P6, STM32U031F8P6, STM32U031G6Y6TR, STM32U031G8Y6TR, STM32U031K4U6, STM32U031K6U6, STM32U031K8U6, STM32U031R6I6, STM32U031R6T6, STM32U031R8I6, STM32U031R8T6, STM32U073C8T6, STM32U073C8U6, STM32U073CBT6, STM32U073CBU6, STM32U073CCT6, STM32U073CCU6, STM32U073H8Y6TR, STM32U073HBY6TR, STM32U073HCY6TR, STM32U073K8U6, STM32U073KBU6, STM32U073KCU6, STM32U073M8I6, STM32U073M8T6, STM32U073MBI6, STM32U073MBT6, STM32U073MCI6, STM32U073MCT6, STM32U073R8I6, STM32U073R8T6, STM32U073RBI6, STM32U073RBT6, STM32U073RCI6, STM32U073RCT6, STM32U083C-DK, STM32U083CCT6, STM32U083CCU6, STM32U083HCY6TR, STM32U083KCU6, STM32U083MCI6, STM32U083MCT6, STM32U083RCI6, STM32U083RCT6, STM32U535CBT6, STM32U535CBT6Q, STM32U535CBU6, STM32U535CBU6Q, STM32U535CCT6, STM32U535CCT6Q, STM32U535CCU6, STM32U535CCU6Q, STM32U535CET6, STM32U535CET6Q, STM32U535CEU6, STM32U535CEU6Q, STM32U535JEY6QTR, STM32U535NCY6QTR, STM32U535NEY6QTR, STM32U535RBI6, STM32U535RBI6Q, STM32U535RBT6, STM32U535RBT6Q, STM32U535RCI6, STM32U535RCI6Q, STM32U535RCT6, STM32U535RCT6Q, STM32U535REI6, STM32U535REI6Q, STM32U535RET6, STM32U535RET6Q, STM32U535VCI6, STM32U535VCI6Q, STM32U535VCT6, STM32U535VCT6Q, STM32U535VEI6, STM32U535VEI6Q, STM32U535VET6, STM32U535VET6Q, STM32U545CET6, STM32U545CET6Q, STM32U545CEU6, STM32U545CEU6Q, STM32U545JEY6QTR, STM32U545NEY6QTR, STM32U545REI6, STM32U545REI6Q, STM32U545RET6, STM32U545RET6Q, STM32U545VEI6, STM32U545VEI6Q, STM32U545VET6, STM32U545VET6Q, STM32U595AIH6, STM32U595AIH6Q, STM32U595AJH6, STM32U595AJH6Q, STM32U595QII6, STM32U595QII6Q, STM32U595QJI6, STM32U595QJI6Q, STM32U595RIT6, STM32U595RIT6Q, STM32U595RJT6, STM32U595RJT6Q, STM32U595VIT6, STM32U595VIT6Q, STM32U595VJT6, STM32U595VJT6Q, STM32U595ZIT6, STM32U595ZIT6Q, STM32U595ZIY6QTR, STM32U595ZJT6, STM32U595ZJT6Q, STM32U595ZJY6QTR, STM32U599BJY6QTR, STM32U599NIH6Q, STM32U599NJH6Q, STM32U599VIT6Q, STM32U599VJT6, STM32U599VJT6Q, STM32U599ZIT6Q, STM32U599ZIY6QTR, STM32U599ZJT6Q, STM32U599ZJY6QTR, STM32U5A5AJH6, STM32U5A5AJH6Q, STM32U5A5QII3Q , STM32U5A5QJI6, STM32U5A5QJI6Q, STM32U5A5RJT6, STM32U5A5RJT6Q, STM32U5A5VJT6, STM32U5A5VJT6Q, STM32U5A5ZJT6, STM32U5A5ZJT6Q, STM32U5A5ZJY6QTR, STM32U5A9BJY6QTR, STM32U5A9J-DK, STM32U5A9NJH6Q, STM32U5A9VJT6Q, STM32U5A9ZJT6Q, STM32U5A9ZJY6QTR, STM32U5F7VIT6, STM32U5F7VIT6Q, STM32U5F7VJT6, STM32U5F7VJT6Q, STM32U5F9BJY6QTR, STM32U5F9NJH6Q, STM32U5F9VIT6Q, STM32U5F9VJT6Q, STM32U5F9ZIJ6QTR, STM32U5F9ZIT6Q, STM32U5F9ZJJ6QTR, STM32U5F9ZJT6Q, STM32U5G7VJT6, STM32U5G7VJT6Q, STM32U5G9BJY6QTR, STM32U5G9J-DK1, STM32U5G9J-DK2, STM32U5G9NJH6Q, STM32U5G9VJT6Q, STM32U5G9ZJJ6QTR, STM32U5G9ZJT6Q, STM32WB1MMCH6, STM32WBA50KEU6, STM32WBA50KEU6TR, STM32WBA50KGU6, STM32WBA50KGU6TR, STM32WBA52CEU6, STM32WBA52CEU6TR, STM32WBA52CEU7, STM32WBA52CEU7TR, STM32WBA52CGU6, STM32WBA52CGU6TR, STM32WBA52CGU6U, STM32WBA52CGU7, STM32WBA52CGU7TR, STM32WBA52KEU6, STM32WBA52KEU6TR, STM32WBA52KGU6, STM32WBA52KGU6TR, STM32WBA54CEU6, STM32WBA54CEU6TR, STM32WBA54CEU7, STM32WBA54CEU7TR, STM32WBA54CGU6, STM32WBA54CGU6TR, STM32WBA54CGU7, STM32WBA54CGU7TR, STM32WBA54KEU6, STM32WBA54KEU6TR, STM32WBA54KEU7, STM32WBA54KEU7TR, STM32WBA54KGU6, STM32WBA54KGU6TR, STM32WBA54KGU7, STM32WBA54KGU7TR, STM32WBA55CEU6, STM32WBA55CEU6TR, STM32WBA55CEU7, STM32WBA55CEU7TR, STM32WBA55CGU6, STM32WBA55CGU6TR, STM32WBA55CGU6U, STM32WBA55CGU7, STM32WBA55CGU7TR, STM32WBA55G-DK1, STM32WBA55HEF6, STM32WBA55HEF7, STM32WBA55HGF6, STM32WBA55HGF7, STM32WBA55UEI6, STM32WBA55UEI6TR, STM32WBA55UEI7, STM32WBA55UEI7TR, STM32WBA55UGI6, STM32WBA55UGI6TR, STM32WBA55UGI7, STM32WBA55UGI7TR, STM32WL5MOCH6, STM32WL5MOCH6TR]
2024-06-24 19:53:33,138 [INFO] DbMcus:218 - Found 4096 MCUs, 4096 are supported
2024-06-24 19:53:33,138 [INFO] ApiDb:423 - Load user favorites file C:\Users\andre/.stm32cubeide/favorites.mcus.txt: 0 item(s)
2024-06-24 19:53:33,138 [INFO] ApiDb:427 - User favorites MCUs=[]
2024-06-24 19:53:33,138 [INFO] DbMcus:224 - Set 0 / 0 favorites MCUs
2024-06-24 19:53:33,403 [INFO] ApiDb:423 - Load user favorites file C:\Users\andre/.stm32cubeide/favorites.boards.txt: 0 item(s)
2024-06-24 19:53:33,403 [INFO] ApiDb:427 - User favorites Boards=[]
2024-06-24 19:53:33,404 [INFO] DbBoards:198 - Set 0 / 0 favorites Boards
2024-06-24 19:53:33,476 [INFO] UtilMem:75 - End LoadConfig() Used Memory: 432498352 Bytes (958398464)
2024-06-24 19:53:33,667 [WARN] ThirdParty:833 - waiting for thirdparty lock release [change project]
2024-06-24 19:53:33,667 [INFO] ThirdParty:835 - entering critical section [change project]
2024-06-24 19:53:33,667 [INFO] ThirdParty:1030 - CMSIS Pack Vendor :STMicroelectronics USBPD 4.1
2024-06-24 19:53:33,667 [INFO] ThirdParty:1030 - CMSIS Pack Vendor :STMicroelectronics X-CUBE-GNSS1 6.0.0
2024-06-24 19:53:33,667 [INFO] ThirdParty:1030 - CMSIS Pack Vendor :STMicroelectronics USB_HOST 2.0.0
2024-06-24 19:53:33,667 [INFO] ThirdParty:1030 - CMSIS Pack Vendor :STMicroelectronics FP-SNS-MOTENVWB1 1.4.0
2024-06-24 19:53:33,667 [INFO] ThirdParty:1030 - CMSIS Pack Vendor :STMicroelectronics X-CUBE-AZRTOS-F4 1.1.0
2024-06-24 19:53:33,667 [INFO] ThirdParty:1030 - CMSIS Pack Vendor :STMicroelectronics LIBJPEG 8.0.0
2024-06-24 19:53:33,667 [INFO] ThirdParty:1030 - CMSIS Pack Vendor :STMicroelectronics X-CUBE-SMBUS 2.1.0
2024-06-24 19:53:33,667 [INFO] ThirdParty:1030 - CMSIS Pack Vendor :STMicroelectronics USB_DEVICE 3.0.0
2024-06-24 19:53:33,667 [INFO] ThirdParty:1030 - CMSIS Pack Vendor :STMicroelectronics X-CUBE-TCPP 4.1.0
2024-06-24 19:53:33,668 [INFO] ThirdParty:1030 - CMSIS Pack Vendor :STMicroelectronics X-CUBE-FREERTOS 1.2.0
2024-06-24 19:53:33,668 [INFO] ThirdParty:1030 - CMSIS Pack Vendor :STMicroelectronics X-CUBE-AZRTOS-WB 2.0.0
2024-06-24 19:53:33,668 [INFO] ThirdParty:1030 - CMSIS Pack Vendor :wolfSSL I-CUBE-wolfSSL 5.6.6
2024-06-24 19:53:33,668 [INFO] ThirdParty:1030 - CMSIS Pack Vendor :STMicroelectronics X-CUBE-TOUCHGFX 4.23.1
2024-06-24 19:53:33,668 [INFO] ThirdParty:1030 - CMSIS Pack Vendor :STMicroelectronics X-CUBE-TOUCHGFX 4.23.0
2024-06-24 19:53:33,668 [INFO] ThirdParty:1030 - CMSIS Pack Vendor :STMicroelectronics X-CUBE-TOUCHGFX 4.23.2
2024-06-24 19:53:33,668 [INFO] ThirdParty:1030 - CMSIS Pack Vendor :STMicroelectronics X-CUBE-AZRTOS-F7 1.1.0
2024-06-24 19:53:33,668 [INFO] ThirdParty:1030 - CMSIS Pack Vendor :STMicroelectronics X-CUBE-AZRTOS-L5 2.0.0
2024-06-24 19:53:33,668 [INFO] ThirdParty:1030 - CMSIS Pack Vendor :STMicroelectronics USB_DEVICE 2.0.0
2024-06-24 19:53:33,668 [INFO] ThirdParty:1030 - CMSIS Pack Vendor :STMicroelectronics X-CUBE-EEPRMA1 4.2.0
2024-06-24 19:53:33,668 [INFO] ThirdParty:1030 - CMSIS Pack Vendor :STMicroelectronics X-CUBE-NFC6 3.1.0
2024-06-24 19:53:33,668 [INFO] ThirdParty:1030 - CMSIS Pack Vendor :ITTIA_DB I-CUBE-ITTIADB 8.8.0
2024-06-24 19:53:33,668 [INFO] ThirdParty:1030 - CMSIS Pack Vendor :STMicroelectronics FP-SNS-MOTENV1 4.3.2
2024-06-24 19:53:33,668 [INFO] ThirdParty:1030 - CMSIS Pack Vendor :STMicroelectronics X-CUBE-ALGOBUILD 1.3.0
2024-06-24 19:53:33,668 [INFO] ThirdParty:1030 - CMSIS Pack Vendor :STMicroelectronics FreeRTOS 0.0.1
2024-06-24 19:53:33,669 [INFO] ThirdParty:1030 - CMSIS Pack Vendor :STMicroelectronics X-CUBE-AZRTOS-G0 1.1.0
2024-06-24 19:53:33,669 [INFO] ThirdParty:1030 - CMSIS Pack Vendor :STMicroelectronics X-CUBE-SAFEA1 1.2.2
2024-06-24 19:53:33,669 [INFO] ThirdParty:1030 - CMSIS Pack Vendor :STMicroelectronics X-CUBE-NFC4 3.0.0
2024-06-24 19:53:33,669 [INFO] ThirdParty:1030 - CMSIS Pack Vendor :STMicroelectronics X-CUBE-SUBG2 5.0.0
2024-06-24 19:53:33,669 [INFO] ThirdParty:1030 - CMSIS Pack Vendor :STMicroelectronics STM32_WPAN 1.0.0
2024-06-24 19:53:33,669 [INFO] ThirdParty:1030 - CMSIS Pack Vendor :wolfSSL I-CUBE-wolfMQTT 1.18.0
2024-06-24 19:53:33,669 [INFO] ThirdParty:1030 - CMSIS Pack Vendor :STMicroelectronics lwIP 2.0.3
2024-06-24 19:53:33,669 [INFO] ThirdParty:1030 - CMSIS Pack Vendor :STMicroelectronics FP-SNS-FLIGHT1 5.0.2
2024-06-24 19:53:33,669 [INFO] ThirdParty:1030 - CMSIS Pack Vendor :STMicroelectronics USB_HOST 1.0.0
2024-06-24 19:53:33,669 [INFO] ThirdParty:1030 - CMSIS Pack Vendor :STMicroelectronics X-CUBE-AI 9.0.0
2024-06-24 19:53:33,669 [INFO] ThirdParty:1030 - CMSIS Pack Vendor :STMicroelectronics X-CUBE-AZRTOS-G4 2.0.0
2024-06-24 19:53:33,669 [INFO] ThirdParty:1030 - CMSIS Pack Vendor :STMicroelectronics PDM2PCM 3.1.0
2024-06-24 19:53:33,670 [INFO] ThirdParty:1030 - CMSIS Pack Vendor :Infineon AIROC-Wi-Fi-Bluetooth-STM32 1.5.1
2024-06-24 19:53:33,670 [INFO] ThirdParty:1030 - CMSIS Pack Vendor :STMicroelectronics X-CUBE-BLEMGR 3.0.0
2024-06-24 19:53:33,670 [INFO] ThirdParty:1030 - CMSIS Pack Vendor :STMicroelectronics PDM2PCM 3.3.0
2024-06-24 19:53:33,670 [INFO] ThirdParty:1030 - CMSIS Pack Vendor :STMicroelectronics X-CUBE-DISPLAY 3.0.0
2024-06-24 19:53:33,670 [INFO] ThirdParty:1030 - CMSIS Pack Vendor :STMicroelectronics FP-SNS-MOTENVWB1 1.3.1
2024-06-24 19:53:33,670 [INFO] ThirdParty:1030 - CMSIS Pack Vendor :STMicroelectronics X-CUBE-BLE1 7.0.0
2024-06-24 19:53:33,670 [INFO] ThirdParty:1030 - CMSIS Pack Vendor :STMicroelectronics FP-ATR-SIGFOX1 3.2.0
2024-06-24 19:53:33,670 [INFO] ThirdParty:1030 - CMSIS Pack Vendor :STMicroelectronics X-CUBE-ISPU 2.0.0
2024-06-24 19:53:33,670 [INFO] ThirdParty:1030 - CMSIS Pack Vendor :STMicroelectronics X-CUBE-EEPRMA1 5.1.0
2024-06-24 19:53:33,671 [INFO] ThirdParty:1030 - CMSIS Pack Vendor :STMicroelectronics HAL Drivers 0.0.0
2024-06-24 19:53:33,671 [INFO] ThirdParty:1030 - CMSIS Pack Vendor :STMicroelectronics MBEDTLS 2.16.2
2024-06-24 19:53:33,671 [INFO] ThirdParty:1030 - CMSIS Pack Vendor :STMicroelectronics X-CUBE-ALS 1.0.2
2024-06-24 19:53:33,671 [INFO] ThirdParty:1030 - CMSIS Pack Vendor :emotas I-CUBE-CANOPEN 1.3.0
2024-06-24 19:53:33,671 [INFO] ThirdParty:1030 - CMSIS Pack Vendor :STMicroelectronics X-CUBE-FREERTOS 1.1.0
2024-06-24 19:53:33,671 [INFO] ThirdParty:1030 - CMSIS Pack Vendor :STMicroelectronics X-CUBE-NFC7 1.0.1
2024-06-24 19:53:33,671 [INFO] ThirdParty:1030 - CMSIS Pack Vendor :STMicroelectronics MBEDTLS 2.14.1
2024-06-24 19:53:33,671 [INFO] ThirdParty:1030 - CMSIS Pack Vendor :STMicroelectronics X-CUBE-NFC6 3.0.0
2024-06-24 19:53:33,671 [INFO] ThirdParty:1030 - CMSIS Pack Vendor :portGmbH I-Cube-SoM-uGOAL 1.1.0
2024-06-24 19:53:33,671 [INFO] ThirdParty:1030 - CMSIS Pack Vendor :STMicroelectronics X-CUBE-ALS 1.0.1
2024-06-24 19:53:33,671 [INFO] ThirdParty:1030 - CMSIS Pack Vendor :STMicroelectronics X-CUBE-BLEMGR 3.1.0
2024-06-24 19:53:33,671 [INFO] ThirdParty:1030 - CMSIS Pack Vendor :STMicroelectronics ThreadX 1.0.0
2024-06-24 19:53:33,671 [INFO] ThirdParty:1030 - CMSIS Pack Vendor :STMicroelectronics FP-SNS-SMARTAG2 1.2.0
2024-06-24 19:53:33,671 [INFO] ThirdParty:1030 - CMSIS Pack Vendor :STMicroelectronics X-CUBE-AZRTOS-WL 2.0.0
2024-06-24 19:53:33,671 [INFO] ThirdParty:1030 - CMSIS Pack Vendor :SEGGER I-CUBE-embOS 1.3.1
2024-06-24 19:53:33,671 [INFO] ThirdParty:1030 - CMSIS Pack Vendor :STMicroelectronics X-CUBE-ALGOBUILD 1.4.0
2024-06-24 19:53:33,672 [INFO] ThirdParty:1030 - CMSIS Pack Vendor :STMicroelectronics FP-SNS-MOTENV1 5.0.0
2024-06-24 19:53:33,672 [INFO] ThirdParty:1030 - CMSIS Pack Vendor :STMicroelectronics USB_DEVICE 1.0.0
2024-06-24 19:53:33,672 [INFO] ThirdParty:1030 - CMSIS Pack Vendor :STMicroelectronics X-CUBE-AI 8.1.0
2024-06-24 19:53:33,672 [INFO] ThirdParty:1030 - CMSIS Pack Vendor :STMicroelectronics X-CUBE-AZRTOS-L4 2.0.0
2024-06-24 19:53:33,672 [INFO] ThirdParty:1030 - CMSIS Pack Vendor :STMicroelectronics ThreadX 0.0.2
2024-06-24 19:53:33,672 [INFO] ThirdParty:1030 - CMSIS Pack Vendor :WES I-CUBE-Cesium 1.3.0
2024-06-24 19:53:33,672 [INFO] ThirdParty:1030 - CMSIS Pack Vendor :STMicroelectronics FP-ATR-ASTRA1 2.0.0
2024-06-24 19:53:33,672 [INFO] ThirdParty:1030 - CMSIS Pack Vendor :STMicroelectronics lwIP 2.1.2
2024-06-24 19:53:33,672 [INFO] ThirdParty:1030 - CMSIS Pack Vendor :STMicroelectronics X-CUBE-SFXS2LP1 4.0.0
2024-06-24 19:53:33,672 [INFO] ThirdParty:1030 - CMSIS Pack Vendor :STMicroelectronics X-CUBE-BLE2 3.3.0
2024-06-24 19:53:33,672 [INFO] ThirdParty:1030 - CMSIS Pack Vendor :STMicroelectronics X-CUBE-TOF1 3.4.0
2024-06-24 19:53:33,672 [INFO] ThirdParty:1030 - CMSIS Pack Vendor :STMicroelectronics X-CUBE-TOF1 3.4.1
2024-06-24 19:53:33,672 [INFO] ThirdParty:1030 - CMSIS Pack Vendor :STMicroelectronics PDM2PCM 3.2.0
2024-06-24 19:53:33,672 [INFO] ThirdParty:841 - exiting critical section [change project]
2024-06-24 19:53:34,599 [INFO] PinOutPanel:1561 - setPackage(No Configuration,No Configuration)
2024-06-24 19:53:34,601 [INFO] PinOutPanel:1561 - setPackage(STM32H747XIHx,TFBGA240)
2024-06-24 19:53:35,435 [INFO] UtilMem:75 - Before build in PCC Used Memory: 359275640 Bytes (958398464)
2024-06-24 19:53:36,526 [INFO] UtilMem:75 - After build in PCC Used Memory: 518683000 Bytes (958398464)
2024-06-24 19:53:36,665 [INFO] ApiDbMcu:508 - Load IP Config File for FATFS
2024-06-24 19:53:36,744 [INFO] IPUIPlugin:80 - create IPUIPlugin
2024-06-24 19:53:36,744 [INFO] IPUIPlugin:80 - create IPUIPlugin
2024-06-24 19:53:36,744 [INFO] IPUIPlugin:80 - create IPUIPlugin
2024-06-24 19:53:36,744 [INFO] IPUIPlugin:80 - create IPUIPlugin
2024-06-24 19:53:36,744 [INFO] IPUIPlugin:80 - create IPUIPlugin
2024-06-24 19:53:36,744 [INFO] IPUIPlugin:80 - create IPUIPlugin
2024-06-24 19:53:36,744 [INFO] IPUIPlugin:80 - create IPUIPlugin
2024-06-24 19:53:36,745 [INFO] IPUIPlugin:80 - create IPUIPlugin
2024-06-24 19:53:36,745 [INFO] IPUIPlugin:80 - create IPUIPlugin
2024-06-24 19:53:36,745 [INFO] IPUIPlugin:80 - create IPUIPlugin
2024-06-24 19:53:36,745 [INFO] IPUIPlugin:80 - create IPUIPlugin
2024-06-24 19:53:36,745 [INFO] IPUIPlugin:80 - create IPUIPlugin
2024-06-24 19:53:36,746 [INFO] IPUIPlugin:80 - create IPUIPlugin
2024-06-24 19:53:36,746 [INFO] IPUIPlugin:80 - create IPUIPlugin
2024-06-24 19:53:36,746 [INFO] IPUIPlugin:80 - create IPUIPlugin
2024-06-24 19:53:36,746 [INFO] IPUIPlugin:80 - create IPUIPlugin
2024-06-24 19:53:36,746 [INFO] IPUIPlugin:80 - create IPUIPlugin
2024-06-24 19:53:36,746 [INFO] IPUIPlugin:80 - create IPUIPlugin
2024-06-24 19:53:36,747 [INFO] IPUIPlugin:80 - create IPUIPlugin
2024-06-24 19:53:36,747 [INFO] IPUIPlugin:80 - create IPUIPlugin
2024-06-24 19:53:36,747 [INFO] IPUIPlugin:80 - create IPUIPlugin
2024-06-24 19:53:36,747 [INFO] IPUIPlugin:80 - create IPUIPlugin
2024-06-24 19:53:36,747 [INFO] IPUIPlugin:80 - create IPUIPlugin
2024-06-24 19:53:36,747 [INFO] IPUIPlugin:80 - create IPUIPlugin
2024-06-24 19:53:36,747 [INFO] IPUIPlugin:80 - create IPUIPlugin
2024-06-24 19:53:36,748 [INFO] IPUIPlugin:80 - create IPUIPlugin
2024-06-24 19:53:36,748 [INFO] IPUIPlugin:80 - create IPUIPlugin
2024-06-24 19:53:36,748 [INFO] IPUIPlugin:80 - create IPUIPlugin
2024-06-24 19:53:36,748 [INFO] IPUIPlugin:80 - create IPUIPlugin
2024-06-24 19:53:36,748 [INFO] IPUIPlugin:80 - create IPUIPlugin
2024-06-24 19:53:36,749 [INFO] IPUIPlugin:80 - create IPUIPlugin
2024-06-24 19:53:36,749 [INFO] IPUIPlugin:80 - create IPUIPlugin
2024-06-24 19:53:36,749 [INFO] IPUIPlugin:80 - create IPUIPlugin
2024-06-24 19:53:36,749 [INFO] IPUIPlugin:80 - create IPUIPlugin
2024-06-24 19:53:36,749 [INFO] IPUIPlugin:80 - create IPUIPlugin
2024-06-24 19:53:36,750 [INFO] IPUIPlugin:80 - create IPUIPlugin
2024-06-24 19:53:36,750 [INFO] IPUIPlugin:80 - create IPUIPlugin
2024-06-24 19:53:36,751 [INFO] IPUIPlugin:80 - create IPUIPlugin
2024-06-24 19:53:36,751 [INFO] IPUIPlugin:80 - create IPUIPlugin
2024-06-24 19:53:36,752 [INFO] IPUIPlugin:80 - create IPUIPlugin
2024-06-24 19:53:36,753 [INFO] IPUIPlugin:80 - create IPUIPlugin
2024-06-24 19:53:36,753 [INFO] IPUIPlugin:80 - create IPUIPlugin
2024-06-24 19:53:36,753 [INFO] IPUIPlugin:80 - create IPUIPlugin
2024-06-24 19:53:36,754 [INFO] IPUIPlugin:80 - create IPUIPlugin
2024-06-24 19:53:36,754 [INFO] IPUIPlugin:80 - create IPUIPlugin
2024-06-24 19:53:36,754 [INFO] IPUIPlugin:80 - create IPUIPlugin
2024-06-24 19:53:36,755 [INFO] IPUIPlugin:80 - create IPUIPlugin
2024-06-24 19:53:36,755 [INFO] IPUIPlugin:80 - create IPUIPlugin
2024-06-24 19:53:36,755 [INFO] IPUIPlugin:80 - create IPUIPlugin
2024-06-24 19:53:36,756 [INFO] IPUIPlugin:80 - create IPUIPlugin
2024-06-24 19:53:36,756 [INFO] IPUIPlugin:80 - create IPUIPlugin
2024-06-24 19:53:36,756 [INFO] IPUIPlugin:80 - create IPUIPlugin
2024-06-24 19:53:36,756 [INFO] IPUIPlugin:80 - create IPUIPlugin
2024-06-24 19:53:36,756 [INFO] IPUIPlugin:80 - create IPUIPlugin
2024-06-24 19:53:36,757 [INFO] IPUIPlugin:80 - create IPUIPlugin
2024-06-24 19:53:36,757 [INFO] IPUIPlugin:80 - create IPUIPlugin
2024-06-24 19:53:36,757 [INFO] IPUIPlugin:80 - create IPUIPlugin
2024-06-24 19:53:36,758 [INFO] IPUIPlugin:80 - create IPUIPlugin
2024-06-24 19:53:36,758 [INFO] IPUIPlugin:80 - create IPUIPlugin
2024-06-24 19:53:36,758 [INFO] IPUIPlugin:80 - create IPUIPlugin
2024-06-24 19:53:36,758 [INFO] IPUIPlugin:80 - create IPUIPlugin
2024-06-24 19:53:36,759 [INFO] IPUIPlugin:80 - create IPUIPlugin
2024-06-24 19:53:36,760 [INFO] IPUIPlugin:80 - create IPUIPlugin
2024-06-24 19:53:36,760 [INFO] IPUIPlugin:80 - create IPUIPlugin
2024-06-24 19:53:36,760 [INFO] IPUIPlugin:80 - create IPUIPlugin
2024-06-24 19:53:36,761 [INFO] IPUIPlugin:80 - create IPUIPlugin
2024-06-24 19:53:36,761 [INFO] IPUIPlugin:80 - create IPUIPlugin
2024-06-24 19:53:36,761 [INFO] IPUIPlugin:80 - create IPUIPlugin
2024-06-24 19:53:36,762 [INFO] IPUIPlugin:80 - create IPUIPlugin
2024-06-24 19:53:36,762 [INFO] IPUIPlugin:80 - create IPUIPlugin
2024-06-24 19:53:36,763 [INFO] IPUIPlugin:80 - create IPUIPlugin
2024-06-24 19:53:36,763 [INFO] IPUIPlugin:80 - create IPUIPlugin
2024-06-24 19:53:36,764 [INFO] IPUIPlugin:80 - create IPUIPlugin
2024-06-24 19:53:36,764 [INFO] IPUIPlugin:80 - create IPUIPlugin
2024-06-24 19:53:36,764 [INFO] IPUIPlugin:80 - create IPUIPlugin
2024-06-24 19:53:36,765 [INFO] IPUIPlugin:80 - create IPUIPlugin
2024-06-24 19:53:36,765 [INFO] IPUIPlugin:80 - create IPUIPlugin
2024-06-24 19:53:36,765 [INFO] IPUIPlugin:80 - create IPUIPlugin
2024-06-24 19:53:36,766 [INFO] IPUIPlugin:80 - create IPUIPlugin
2024-06-24 19:53:36,767 [INFO] IPUIPlugin:80 - create IPUIPlugin
2024-06-24 19:53:36,767 [INFO] IPUIPlugin:80 - create IPUIPlugin
2024-06-24 19:53:36,768 [INFO] IPUIPlugin:80 - create IPUIPlugin
2024-06-24 19:53:36,768 [INFO] IPUIPlugin:80 - create IPUIPlugin
2024-06-24 19:53:36,769 [INFO] IPUIPlugin:80 - create IPUIPlugin
2024-06-24 19:53:36,769 [INFO] IPUIPlugin:80 - create IPUIPlugin
2024-06-24 19:53:36,769 [INFO] IPUIPlugin:80 - create IPUIPlugin
2024-06-24 19:53:36,770 [INFO] IPUIPlugin:80 - create IPUIPlugin
2024-06-24 19:53:36,770 [INFO] IPUIPlugin:80 - create IPUIPlugin
2024-06-24 19:53:36,770 [INFO] IPUIPlugin:80 - create IPUIPlugin
2024-06-24 19:53:36,771 [INFO] IPUIPlugin:80 - create IPUIPlugin
2024-06-24 19:53:36,771 [INFO] IPUIPlugin:80 - create IPUIPlugin
2024-06-24 19:53:36,772 [INFO] IPUIPlugin:80 - create IPUIPlugin
2024-06-24 19:53:36,772 [INFO] IPUIPlugin:80 - create IPUIPlugin
2024-06-24 19:53:36,772 [INFO] IPUIPlugin:80 - create IPUIPlugin
2024-06-24 19:53:36,773 [INFO] IPUIPlugin:80 - create IPUIPlugin
2024-06-24 19:53:36,774 [INFO] IPUIPlugin:80 - create IPUIPlugin
2024-06-24 19:53:36,775 [INFO] IPUIPlugin:80 - create IPUIPlugin
2024-06-24 19:53:36,775 [INFO] IPUIPlugin:80 - create IPUIPlugin
2024-06-24 19:53:36,776 [INFO] IPUIPlugin:80 - create IPUIPlugin
2024-06-24 19:53:36,777 [INFO] IPUIPlugin:80 - create IPUIPlugin
2024-06-24 19:53:36,777 [INFO] IPUIPlugin:80 - create IPUIPlugin
2024-06-24 19:53:36,778 [INFO] IPUIPlugin:80 - create IPUIPlugin
2024-06-24 19:53:36,778 [INFO] IPUIPlugin:80 - create IPUIPlugin
2024-06-24 19:53:36,779 [INFO] IPUIPlugin:80 - create IPUIPlugin
2024-06-24 19:53:36,779 [INFO] IPUIPlugin:80 - create IPUIPlugin
2024-06-24 19:53:36,780 [INFO] IPUIPlugin:80 - create IPUIPlugin
2024-06-24 19:53:36,781 [INFO] IPUIPlugin:80 - create IPUIPlugin
2024-06-24 19:53:36,782 [INFO] IPUIPlugin:80 - create IPUIPlugin
2024-06-24 19:53:36,782 [INFO] IPUIPlugin:80 - create IPUIPlugin
2024-06-24 19:53:36,783 [INFO] IPUIPlugin:80 - create IPUIPlugin
2024-06-24 19:53:36,784 [INFO] IPUIPlugin:80 - create IPUIPlugin
2024-06-24 19:53:36,833 [INFO] ApiDbMcu:508 - Load IP Config File for PDM2PCM
2024-06-24 19:53:36,839 [INFO] ApiDbMcu:508 - Load IP Config File for PDM2PCM
2024-06-24 19:53:37,151 [INFO] CADModel:165 - CPN selected for project levelSTM32H747XIH6
2024-06-24 19:53:37,151 [INFO] CADModel:114 - Register for checkConnection events
2024-06-24 19:53:37,208 [INFO] OpenFileManager:343 - Restore cursor
2024-06-24 19:53:49,461 [INFO] NvicIntPanel:101 - NVIC parent = com.st.microxplorer.plugins.ip.nvic.MultiNvicIntPanel[,0,0,0x0,invalid,layout=javax.swing.BoxLayout,alignmentX=0.0,alignmentY=0.0,border=,flags=9,maximumSize=,minimumSize=,preferredSize=]
2024-06-24 19:53:52,093 [INFO] UtilMem:75 - End SaveConfig() Used Memory: 677592984 Bytes (958398464)
2024-06-24 19:53:53,464 [INFO] UtilMem:75 - End SaveConfig() Used Memory: 716085840 Bytes (958398464)
2024-06-24 19:53:55,661 [INFO] UtilMem:75 - End SaveConfig() Used Memory: 425658312 Bytes (958398464)
2024-06-24 19:53:56,282 [INFO] BlockDiagram:2759 - set Specific Code input for plugin: SPI
2024-06-24 19:53:56,282 [INFO] BlockDiagram:2759 - set Specific Code input for plugin: RCC
2024-06-24 19:53:56,282 [INFO] BlockDiagram:2759 - set Specific Code input for plugin: SDMMC
2024-06-24 19:53:56,282 [INFO] BlockDiagram:2759 - set Specific Code input for plugin: JPEG
2024-06-24 19:53:56,283 [INFO] BlockDiagram:2759 - set Specific Code input for plugin: SYS
2024-06-24 19:53:56,283 [INFO] BlockDiagram:2759 - set Specific Code input for plugin: FATFS
2024-06-24 19:53:56,283 [INFO] BlockDiagram:2759 - set Specific Code input for plugin: NVIC2
2024-06-24 19:53:56,285 [INFO] BlockDiagram:2759 - set Specific Code input for plugin: GPIO
2024-06-24 19:53:56,285 [INFO] BlockDiagram:2759 - set Specific Code input for plugin: SYS_M4
2024-06-24 19:53:56,285 [INFO] BlockDiagram:2759 - set Specific Code input for plugin: NVIC1
2024-06-24 19:53:56,286 [INFO] CodeGenerator:807 - code generatio: config db path: D:\ST\STM32CubeIDE_1.15.1\STM32CubeIDE\plugins\com.st.stm32cube.common.mx_6.11.1.202404110753\\db\
2024-06-24 19:53:56,385 [INFO] CodeGenerator:1511 - *******************Project context M7 selected
2024-06-24 19:53:56,679 [INFO] CodeEngine:255 - oldGeneratedFile, D:\Andrea\Embedded\Repositories\Smart-Watch\Smart-Watch\smart-watch\MXTmpFiles\license.tmp_save
2024-06-24 19:53:57,324 [INFO] CodeEngine:279 - Generated code: D:\Andrea\Embedded\Repositories\Smart-Watch\Smart-Watch\smart-watch\MXTmpFiles\license.tmp
2024-06-24 19:53:57,468 [INFO] CodeEngine:255 - oldGeneratedFile, D:\Andrea\Embedded\Repositories\Smart-Watch\Smart-Watch\smart-watch\CM7\MXTmpFiles\gpio.tmp_save
2024-06-24 19:53:57,599 [INFO] CodeEngine:279 - Generated code: D:\Andrea\Embedded\Repositories\Smart-Watch\Smart-Watch\smart-watch\CM7\MXTmpFiles\gpio.tmp
2024-06-24 19:53:57,901 [WARN] IPConfigManager:98 - WARNING: Missing Config File for NVIC1 ip!!
2024-06-24 19:53:58,273 [INFO] CodeEngine:255 - oldGeneratedFile, D:\Andrea\Embedded\Repositories\Smart-Watch\Smart-Watch\smart-watch\CM7\MXTmpFiles\cortex.tmp_save
2024-06-24 19:53:58,361 [INFO] CodeEngine:279 - Generated code: D:\Andrea\Embedded\Repositories\Smart-Watch\Smart-Watch\smart-watch\CM7\MXTmpFiles\cortex.tmp
2024-06-24 19:53:58,388 [INFO] CodeEngine:255 - oldGeneratedFile, D:\Andrea\Embedded\Repositories\Smart-Watch\Smart-Watch\smart-watch\CM7\MXTmpFiles\fatfs_HalInit.tmp_save
2024-06-24 19:53:58,469 [INFO] CodeEngine:279 - Generated code: D:\Andrea\Embedded\Repositories\Smart-Watch\Smart-Watch\smart-watch\CM7\MXTmpFiles\fatfs_HalInit.tmp
2024-06-24 19:53:58,478 [INFO] CodeEngine:255 - oldGeneratedFile, D:\Andrea\Embedded\Repositories\Smart-Watch\Smart-Watch\smart-watch\CM7\MXTmpFiles\fatfs_vars.tmp_save
2024-06-24 19:53:58,541 [INFO] CodeEngine:279 - Generated code: D:\Andrea\Embedded\Repositories\Smart-Watch\Smart-Watch\smart-watch\CM7\MXTmpFiles\fatfs_vars.tmp
2024-06-24 19:53:58,550 [INFO] CodeEngine:255 - oldGeneratedFile, D:\Andrea\Embedded\Repositories\Smart-Watch\Smart-Watch\smart-watch\CM7\MXTmpFiles\fatfs_ext_vars.tmp_save
2024-06-24 19:53:58,620 [INFO] CodeEngine:279 - Generated code: D:\Andrea\Embedded\Repositories\Smart-Watch\Smart-Watch\smart-watch\CM7\MXTmpFiles\fatfs_ext_vars.tmp
2024-06-24 19:53:58,629 [INFO] CodeEngine:255 - oldGeneratedFile, D:\Andrea\Embedded\Repositories\Smart-Watch\Smart-Watch\smart-watch\CM7\MXTmpFiles\fatfs_inc.tmp_save
2024-06-24 19:53:58,702 [INFO] CodeEngine:279 - Generated code: D:\Andrea\Embedded\Repositories\Smart-Watch\Smart-Watch\smart-watch\CM7\MXTmpFiles\fatfs_inc.tmp
2024-06-24 19:53:58,721 [INFO] CodeEngine:255 - oldGeneratedFile, D:\Andrea\Embedded\Repositories\Smart-Watch\Smart-Watch\smart-watch\CM7\FATFS\Target\ffconf.h_save
2024-06-24 19:53:58,823 [INFO] CodeEngine:279 - Generated code: D:\Andrea\Embedded\Repositories\Smart-Watch\Smart-Watch\smart-watch\CM7\FATFS\Target\ffconf.h
2024-06-24 19:53:58,857 [INFO] CodeEngine:255 - oldGeneratedFile, D:\Andrea\Embedded\Repositories\Smart-Watch\Smart-Watch\smart-watch\CM7\FATFS\Target\bsp_driver_sd.c_save
2024-06-24 19:53:58,939 [INFO] CodeEngine:279 - Generated code: D:\Andrea\Embedded\Repositories\Smart-Watch\Smart-Watch\smart-watch\CM7\FATFS\Target\bsp_driver_sd.c
2024-06-24 19:53:58,958 [INFO] CodeEngine:255 - oldGeneratedFile, D:\Andrea\Embedded\Repositories\Smart-Watch\Smart-Watch\smart-watch\CM7\FATFS\Target\bsp_driver_sd.h_save
2024-06-24 19:53:59,021 [INFO] CodeEngine:279 - Generated code: D:\Andrea\Embedded\Repositories\Smart-Watch\Smart-Watch\smart-watch\CM7\FATFS\Target\bsp_driver_sd.h
2024-06-24 19:53:59,039 [INFO] CodeEngine:255 - oldGeneratedFile, D:\Andrea\Embedded\Repositories\Smart-Watch\Smart-Watch\smart-watch\CM7\FATFS\Target\sd_diskio.h_save
2024-06-24 19:53:59,112 [INFO] CodeEngine:279 - Generated code: D:\Andrea\Embedded\Repositories\Smart-Watch\Smart-Watch\smart-watch\CM7\FATFS\Target\sd_diskio.h
2024-06-24 19:53:59,131 [INFO] CodeEngine:255 - oldGeneratedFile, D:\Andrea\Embedded\Repositories\Smart-Watch\Smart-Watch\smart-watch\CM7\FATFS\Target\sd_diskio.c_save
2024-06-24 19:53:59,212 [INFO] CodeEngine:279 - Generated code: D:\Andrea\Embedded\Repositories\Smart-Watch\Smart-Watch\smart-watch\CM7\FATFS\Target\sd_diskio.c
2024-06-24 19:53:59,229 [INFO] CodeEngine:255 - oldGeneratedFile, D:\Andrea\Embedded\Repositories\Smart-Watch\Smart-Watch\smart-watch\CM7\FATFS\App\fatfs.c_save
2024-06-24 19:53:59,296 [INFO] CodeEngine:279 - Generated code: D:\Andrea\Embedded\Repositories\Smart-Watch\Smart-Watch\smart-watch\CM7\FATFS\App\fatfs.c
2024-06-24 19:53:59,311 [INFO] CodeEngine:255 - oldGeneratedFile, D:\Andrea\Embedded\Repositories\Smart-Watch\Smart-Watch\smart-watch\CM7\FATFS\App\fatfs.h_save
2024-06-24 19:53:59,375 [INFO] CodeEngine:279 - Generated code: D:\Andrea\Embedded\Repositories\Smart-Watch\Smart-Watch\smart-watch\CM7\FATFS\App\fatfs.h
2024-06-24 19:53:59,388 [INFO] CodeEngine:255 - oldGeneratedFile, D:\Andrea\Embedded\Repositories\Smart-Watch\Smart-Watch\smart-watch\CM7\FATFS\Target\fatfs_platform.c_save
2024-06-24 19:53:59,462 [INFO] CodeEngine:279 - Generated code: D:\Andrea\Embedded\Repositories\Smart-Watch\Smart-Watch\smart-watch\CM7\FATFS\Target\fatfs_platform.c
2024-06-24 19:53:59,478 [INFO] CodeEngine:255 - oldGeneratedFile, D:\Andrea\Embedded\Repositories\Smart-Watch\Smart-Watch\smart-watch\CM7\FATFS\Target\fatfs_platform.h_save
2024-06-24 19:53:59,534 [INFO] CodeEngine:279 - Generated code: D:\Andrea\Embedded\Repositories\Smart-Watch\Smart-Watch\smart-watch\CM7\FATFS\Target\fatfs_platform.h
2024-06-24 19:53:59,572 [INFO] CodeEngine:255 - oldGeneratedFile, D:\Andrea\Embedded\Repositories\Smart-Watch\Smart-Watch\smart-watch\CM7\Core\Src\stm32h7xx_it.c_save
2024-06-24 19:53:59,666 [INFO] CodeEngine:279 - Generated code: D:\Andrea\Embedded\Repositories\Smart-Watch\Smart-Watch\smart-watch\CM7\Core\Src\stm32h7xx_it.c
2024-06-24 19:53:59,682 [INFO] CodeEngine:255 - oldGeneratedFile, D:\Andrea\Embedded\Repositories\Smart-Watch\Smart-Watch\smart-watch\CM7\Core\Inc\stm32h7xx_it.h_save
2024-06-24 19:53:59,753 [INFO] CodeEngine:279 - Generated code: D:\Andrea\Embedded\Repositories\Smart-Watch\Smart-Watch\smart-watch\CM7\Core\Inc\stm32h7xx_it.h
2024-06-24 19:54:00,007 [INFO] CodeEngine:255 - oldGeneratedFile, D:\Andrea\Embedded\Repositories\Smart-Watch\Smart-Watch\smart-watch\CM7\Core\Src\stm32h7xx_hal_msp.c_save
2024-06-24 19:54:00,152 [INFO] CodeEngine:279 - Generated code: D:\Andrea\Embedded\Repositories\Smart-Watch\Smart-Watch\smart-watch\CM7\Core\Src\stm32h7xx_hal_msp.c
2024-06-24 19:54:00,163 [INFO] CodeEngine:255 - oldGeneratedFile, D:\Andrea\Embedded\Repositories\Smart-Watch\Smart-Watch\smart-watch\CM7\MXTmpFiles\system.tmp_save
2024-06-24 19:54:00,226 [INFO] CodeEngine:279 - Generated code: D:\Andrea\Embedded\Repositories\Smart-Watch\Smart-Watch\smart-watch\CM7\MXTmpFiles\system.tmp
2024-06-24 19:54:00,279 [INFO] CodeEngine:311 - oldGeneratedFile, D:\Andrea\Embedded\Repositories\Smart-Watch\Smart-Watch\smart-watch\CM7\Core\Inc\stm32h7xx_hal_conf.h_save
2024-06-24 19:54:00,363 [INFO] CodeEngine:335 - Generated code: D:\Andrea\Embedded\Repositories\Smart-Watch\Smart-Watch\smart-watch\CM7\Core\Inc\stm32h7xx_hal_conf.h
2024-06-24 19:54:00,420 [WARN] IPConfigManager:3513 - IP not found : NVIC
2024-06-24 19:54:00,421 [WARN] CodeGenerator:3951 - IP not found : null
2024-06-24 19:54:00,447 [INFO] CodeEngine:255 - oldGeneratedFile, D:\Andrea\Embedded\Repositories\Smart-Watch\Smart-Watch\smart-watch\CM7\Core\Inc\main.h_save
2024-06-24 19:54:00,547 [INFO] CodeEngine:279 - Generated code: D:\Andrea\Embedded\Repositories\Smart-Watch\Smart-Watch\smart-watch\CM7\Core\Inc\main.h
2024-06-24 19:54:00,566 [INFO] CodeEngine:255 - oldGeneratedFile, D:\Andrea\Embedded\Repositories\Smart-Watch\Smart-Watch\smart-watch\CM7\Core\Src\main.c_save
2024-06-24 19:54:00,737 [INFO] CodeEngine:279 - Generated code: D:\Andrea\Embedded\Repositories\Smart-Watch\Smart-Watch\smart-watch\CM7\Core\Src\main.c
2024-06-24 19:54:00,784 [INFO] CodeEngine:255 - oldGeneratedFile, D:\Andrea\Embedded\Repositories\Smart-Watch\Smart-Watch\smart-watch\CM7\Core\Inc\jpeg_utils_conf.h_save
2024-06-24 19:54:00,860 [INFO] CodeEngine:279 - Generated code: D:\Andrea\Embedded\Repositories\Smart-Watch\Smart-Watch\smart-watch\CM7\Core\Inc\jpeg_utils_conf.h
2024-06-24 19:54:00,906 [INFO] CodeGenerator:1511 - *******************Project context M4 selected
2024-06-24 19:54:00,961 [INFO] CodeEngine:255 - oldGeneratedFile, D:\Andrea\Embedded\Repositories\Smart-Watch\Smart-Watch\smart-watch\MXTmpFiles\license.tmp_save
2024-06-24 19:54:01,030 [INFO] CodeEngine:279 - Generated code: D:\Andrea\Embedded\Repositories\Smart-Watch\Smart-Watch\smart-watch\MXTmpFiles\license.tmp
2024-06-24 19:54:01,064 [WARN] IPConfigManager:98 - WARNING: Missing Config File for NVIC2 ip!!
2024-06-24 19:54:01,077 [INFO] CodeEngine:255 - oldGeneratedFile, D:\Andrea\Embedded\Repositories\Smart-Watch\Smart-Watch\smart-watch\CM4\MXTmpFiles\cortex.tmp_save
2024-06-24 19:54:01,144 [INFO] CodeEngine:279 - Generated code: D:\Andrea\Embedded\Repositories\Smart-Watch\Smart-Watch\smart-watch\CM4\MXTmpFiles\cortex.tmp
2024-06-24 19:54:01,167 [INFO] CodeEngine:255 - oldGeneratedFile, D:\Andrea\Embedded\Repositories\Smart-Watch\Smart-Watch\smart-watch\CM4\Core\Src\stm32h7xx_it.c_save
2024-06-24 19:54:01,261 [INFO] CodeEngine:279 - Generated code: D:\Andrea\Embedded\Repositories\Smart-Watch\Smart-Watch\smart-watch\CM4\Core\Src\stm32h7xx_it.c
2024-06-24 19:54:01,266 [INFO] CodeEngine:255 - oldGeneratedFile, D:\Andrea\Embedded\Repositories\Smart-Watch\Smart-Watch\smart-watch\CM4\Core\Inc\stm32h7xx_it.h_save
2024-06-24 19:54:01,335 [INFO] CodeEngine:279 - Generated code: D:\Andrea\Embedded\Repositories\Smart-Watch\Smart-Watch\smart-watch\CM4\Core\Inc\stm32h7xx_it.h
2024-06-24 19:54:01,375 [INFO] CodeEngine:255 - oldGeneratedFile, D:\Andrea\Embedded\Repositories\Smart-Watch\Smart-Watch\smart-watch\CM4\Core\Src\stm32h7xx_hal_msp.c_save
2024-06-24 19:54:01,464 [INFO] CodeEngine:279 - Generated code: D:\Andrea\Embedded\Repositories\Smart-Watch\Smart-Watch\smart-watch\CM4\Core\Src\stm32h7xx_hal_msp.c
2024-06-24 19:54:01,467 [INFO] CodeEngine:255 - oldGeneratedFile, D:\Andrea\Embedded\Repositories\Smart-Watch\Smart-Watch\smart-watch\CM4\MXTmpFiles\system.tmp_save
2024-06-24 19:54:01,517 [INFO] CodeEngine:279 - Generated code: D:\Andrea\Embedded\Repositories\Smart-Watch\Smart-Watch\smart-watch\CM4\MXTmpFiles\system.tmp
2024-06-24 19:54:01,532 [INFO] CodeEngine:311 - oldGeneratedFile, D:\Andrea\Embedded\Repositories\Smart-Watch\Smart-Watch\smart-watch\CM4\Core\Inc\stm32h7xx_hal_conf.h_save
2024-06-24 19:54:01,623 [INFO] CodeEngine:335 - Generated code: D:\Andrea\Embedded\Repositories\Smart-Watch\Smart-Watch\smart-watch\CM4\Core\Inc\stm32h7xx_hal_conf.h
2024-06-24 19:54:01,645 [WARN] IPConfigManager:3513 - IP not found : NVIC
2024-06-24 19:54:01,646 [WARN] CodeGenerator:3951 - IP not found : null
2024-06-24 19:54:01,667 [INFO] CodeEngine:255 - oldGeneratedFile, D:\Andrea\Embedded\Repositories\Smart-Watch\Smart-Watch\smart-watch\CM4\Core\Inc\main.h_save
2024-06-24 19:54:01,740 [INFO] CodeEngine:279 - Generated code: D:\Andrea\Embedded\Repositories\Smart-Watch\Smart-Watch\smart-watch\CM4\Core\Inc\main.h
2024-06-24 19:54:01,751 [INFO] CodeEngine:255 - oldGeneratedFile, D:\Andrea\Embedded\Repositories\Smart-Watch\Smart-Watch\smart-watch\CM4\Core\Src\main.c_save
2024-06-24 19:54:01,823 [INFO] CodeEngine:279 - Generated code: D:\Andrea\Embedded\Repositories\Smart-Watch\Smart-Watch\smart-watch\CM4\Core\Src\main.c
2024-06-24 19:54:02,321 [INFO] ProjectBuilder:3163 - Time for Copy HAL[1] : 270mS.
2024-06-24 19:54:02,349 [INFO] ProjectBuilder:4736 - Project Generator version: 4.3.0-B58
2024-06-24 19:54:02,433 [INFO] ConfigFileManager:1503 - The Die is : DIE450
