2024-06-15 09:39:14,238 [INFO] Activator:176 - 


2024-06-15 09:39:14,244 [INFO] Activator:177 - !SESSION log4j initialized
2024-06-15 09:39:22,392 [INFO] LogOutputStream:77 - [STDOUT_REDIRECT] 
2024-06-15 09:39:36,051 [INFO] ApplicationProperties:184 - Using Application install path: D:\ST\STM32CubeIDE_1.15.1\STM32CubeIDE\plugins\com.st.stm32cube.common.mx_6.11.1.202404110753
2024-06-15 09:39:36,072 [INFO] DbMcusXml:78 - Set database path to: D:\ST\STM32CubeIDE_1.15.1\STM32CubeIDE\plugins\com.st.stm32cube.common.mx_6.11.1.202404110753\\db\/mcu/
2024-06-15 09:39:36,072 [INFO] ApiDb:274 - Set plugin database path to: D:\ST\STM32CubeIDE_1.15.1\STM32CubeIDE\plugins\com.st.stm32cube.common.mx_6.11.1.202404110753\\db\/plugins/boardmanager/
2024-06-15 09:39:36,074 [WARN] ApiDb:259 - Overriding images path with different value:  => D:\ST\STM32CubeIDE_1.15.1\STM32CubeIDE\plugins\com.st.stm32cube.common.mx_6.11.1.202404110753\\db\/plugins/mcufinder/images/
2024-06-15 09:39:36,330 [INFO] ApiDb:250 - Set database path to: C:\Users\andre\.stmcufinder\plugins\mcufinder//mcu/
2024-06-15 09:39:36,331 [INFO] DbMcusAds:125 - Set database path to: C:\Users\andre\.stmcufinder\plugins\mcufinder//mcu/
2024-06-15 09:39:36,339 [INFO] CrossReferenceDbSqlite:203 - Set database path to: C:\Users\andre\.stmcufinder\plugins\mcufinder//mcu/cs/
2024-06-15 09:39:36,480 [INFO] RulesReader:64 - Compatibility file has been processed (297 Rules)
2024-06-15 09:39:36,593 [INFO] DbMcusXml:78 - Set database path to: D:\ST\STM32CubeIDE_1.15.1\STM32CubeIDE\plugins\com.st.stm32cube.common.mx_6.11.1.202404110753\\db\/mcu/
2024-06-15 09:39:36,594 [INFO] ApiDb:274 - Set plugin database path to: D:\ST\STM32CubeIDE_1.15.1\STM32CubeIDE\plugins\com.st.stm32cube.common.mx_6.11.1.202404110753\\db\/plugins/boardmanager/
2024-06-15 09:39:36,594 [INFO] ApiDb:261 - Set plugin images path to: D:\ST\STM32CubeIDE_1.15.1\STM32CubeIDE\plugins\com.st.stm32cube.common.mx_6.11.1.202404110753\\db\/plugins/mcufinder/images/
2024-06-15 09:39:36,594 [WARN] DbFile:41 - Overriding database path with different value: C:\Users\andre\.stmcufinder\plugins\mcufinder/ => C:\Users\andre\.stmcufinder\plugins\mcufinder
2024-06-15 09:39:36,594 [INFO] ApiDb:250 - Set database path to: C:\Users\andre\.stmcufinder\plugins\mcufinder//mcu/
2024-06-15 09:39:36,594 [WARN] DbFile:41 - Overriding database path with different value: C:\Users\andre\.stmcufinder\plugins\mcufinder/ => C:\Users\andre\.stmcufinder\plugins\mcufinder
2024-06-15 09:39:36,594 [INFO] DbMcusAds:125 - Set database path to: C:\Users\andre\.stmcufinder\plugins\mcufinder//mcu/
2024-06-15 09:39:36,594 [WARN] DbFile:41 - Overriding database path with different value: C:\Users\andre\.stmcufinder\plugins\mcufinder/ => C:\Users\andre\.stmcufinder\plugins\mcufinder
2024-06-15 09:39:36,594 [WARN] DbFile:41 - Overriding database path with different value: C:\Users\andre\.stmcufinder\plugins\mcufinder/ => C:\Users\andre\.stmcufinder\plugins\mcufinder
2024-06-15 09:39:36,595 [INFO] CrossReferenceDbSqlite:203 - Set database path to: C:\Users\andre\.stmcufinder\plugins\mcufinder//mcu/cs/
2024-06-15 09:39:36,689 [INFO] MainPanel:264 - HeapMemory: 531628032
2024-06-15 09:39:37,181 [INFO] DbMcusXml:78 - Set database path to: D:\ST\STM32CubeIDE_1.15.1\STM32CubeIDE\plugins\com.st.stm32cube.common.mx_6.11.1.202404110753\\db\/mcu/
2024-06-15 09:39:37,181 [INFO] ApiDb:274 - Set plugin database path to: D:\ST\STM32CubeIDE_1.15.1\STM32CubeIDE\plugins\com.st.stm32cube.common.mx_6.11.1.202404110753\\db\/plugins/boardmanager/
2024-06-15 09:39:37,181 [INFO] ApiDb:261 - Set plugin images path to: D:\ST\STM32CubeIDE_1.15.1\STM32CubeIDE\plugins\com.st.stm32cube.common.mx_6.11.1.202404110753\\db\/plugins/mcufinder/images/
2024-06-15 09:39:37,181 [WARN] DbFile:41 - Overriding database path with different value: C:\Users\andre\.stmcufinder\plugins\mcufinder/ => C:\Users\andre\.stmcufinder\plugins\mcufinder
2024-06-15 09:39:37,181 [INFO] ApiDb:250 - Set database path to: C:\Users\andre\.stmcufinder\plugins\mcufinder//mcu/
2024-06-15 09:39:37,181 [WARN] DbFile:41 - Overriding database path with different value: C:\Users\andre\.stmcufinder\plugins\mcufinder/ => C:\Users\andre\.stmcufinder\plugins\mcufinder
2024-06-15 09:39:37,181 [INFO] DbMcusAds:125 - Set database path to: C:\Users\andre\.stmcufinder\plugins\mcufinder//mcu/
2024-06-15 09:39:37,182 [WARN] DbFile:41 - Overriding database path with different value: C:\Users\andre\.stmcufinder\plugins\mcufinder/ => C:\Users\andre\.stmcufinder\plugins\mcufinder
2024-06-15 09:39:37,182 [WARN] DbFile:41 - Overriding database path with different value: C:\Users\andre\.stmcufinder\plugins\mcufinder/ => C:\Users\andre\.stmcufinder\plugins\mcufinder
2024-06-15 09:39:37,182 [INFO] CrossReferenceDbSqlite:203 - Set database path to: C:\Users\andre\.stmcufinder\plugins\mcufinder//mcu/cs/
2024-06-15 09:39:37,220 [INFO] ApplicationProperties:184 - Using Application install path: D:\ST\STM32CubeIDE_1.15.1\STM32CubeIDE\plugins\com.st.stm32cube.common.mx_6.11.1.202404110753
2024-06-15 09:39:37,222 [INFO] PluginManage:196 - Search for loadable plugins [exclusion list=, ]
2024-06-15 09:39:37,225 [INFO] PluginManage:310 - Check plugin analytics
2024-06-15 09:39:37,497 [INFO] AnalyticsPlugin:253 - Accepted Software Licenses: STM32CubeMX.6.10.0,STM32CubeMX.6.11.1
2024-06-15 09:39:37,497 [INFO] AnalyticsPlugin:255 - Accepted CMSIS Pack Licenses: 
2024-06-15 09:39:37,497 [INFO] AnalyticsPlugin:257 - Accepted Firmware Licenses: FW.F4.1.28.0,FW.L4.1.18.0,FW.H7.1.11.0
2024-06-15 09:39:37,501 [INFO] PluginManage:359 - Loaded plugin analytics (category:tool,tabindex:-1)
2024-06-15 09:39:37,501 [INFO] PluginManage:310 - Check plugin cadmodel
2024-06-15 09:39:37,519 [INFO] CADModel:105 - Init CAD model plugin
2024-06-15 09:39:37,519 [INFO] PluginManage:359 - Loaded plugin cadmodel (category:power,tabindex:5)
2024-06-15 09:39:37,519 [INFO] PluginManage:310 - Check plugin clock
2024-06-15 09:39:37,549 [INFO] PluginManage:359 - Loaded plugin clock (category:base,tabindex:2)
2024-06-15 09:39:37,549 [INFO] PluginManage:310 - Check plugin ddr
2024-06-15 09:39:37,555 [INFO] PluginManage:359 - Loaded plugin ddr (category:tool,tabindex:6)
2024-06-15 09:39:37,555 [INFO] PluginManage:310 - Check plugin filemanager
2024-06-15 09:39:37,827 [INFO] PluginManage:359 - Loaded plugin filemanager (category:base,tabindex:10)
2024-06-15 09:39:37,828 [INFO] PluginManage:310 - Check plugin ipmanager
2024-06-15 09:39:37,835 [INFO] PluginManage:359 - Loaded plugin ipmanager (category:base,tabindex:5)
2024-06-15 09:39:37,835 [INFO] PluginManage:310 - Check plugin lpbam
2024-06-15 09:39:37,858 [INFO] PluginManage:359 - Loaded plugin lpbam (category:base,tabindex:0)
2024-06-15 09:39:37,859 [INFO] PluginManage:310 - Check plugin memorymap
2024-06-15 09:39:37,893 [INFO] PluginManage:359 - Loaded plugin memorymap (category:base,tabindex:4)
2024-06-15 09:39:37,894 [INFO] PluginManage:310 - Check plugin pinoutandconfiguration
2024-06-15 09:39:37,917 [INFO] PluginManage:359 - Loaded plugin pinoutandconfiguration (category:base,tabindex:1)
2024-06-15 09:39:37,917 [INFO] PluginManage:310 - Check plugin pinoutconfig
2024-06-15 09:39:38,057 [WARN] SupportedApi:132 - Cannot load RTOS API schema: s4s-elt-must-match.1: The content of 'definitions' must match (annotation?, (simpleType | complexType)?, (unique | key | keyref)*)). A problem was found starting at: attribute.
2024-06-15 09:39:38,275 [INFO] PluginManage:359 - Loaded plugin pinoutconfig (category:base,tabindex:0)
2024-06-15 09:39:38,275 [INFO] PluginManage:310 - Check plugin power
2024-06-15 09:39:38,298 [INFO] PluginManage:359 - Loaded plugin power (category:power,tabindex:4)
2024-06-15 09:39:38,298 [INFO] PluginManage:310 - Check plugin projectmanager
2024-06-15 09:39:38,316 [INFO] PluginManage:359 - Loaded plugin projectmanager (category:projectmanager,tabindex:3)
2024-06-15 09:39:38,316 [INFO] PluginManage:310 - Check plugin thirdparty
2024-06-15 09:39:38,660 [INFO] PluginManage:359 - Loaded plugin thirdparty (category:base,tabindex:-1)
2024-06-15 09:39:38,660 [WARN] IntegrityCheckThread:84 - waiting for thirdparty lock release [integrity check]
2024-06-15 09:39:38,660 [INFO] PluginManage:310 - Check plugin tools
2024-06-15 09:39:38,660 [INFO] IntegrityCheckThread:86 - entering critical section [integrity check]
2024-06-15 09:39:38,660 [INFO] ThirdPartyUpdaterWithRetryManager:70 - Updater plugin not ready yet. [1/15]
2024-06-15 09:39:38,696 [INFO] PluginManage:359 - Loaded plugin tools (category:base,tabindex:7)
2024-06-15 09:39:38,696 [INFO] PluginManage:310 - Check plugin tutovideos
2024-06-15 09:39:38,894 [INFO] PluginManage:359 - Loaded plugin tutovideos (category:base,tabindex:-1)
2024-06-15 09:39:38,894 [INFO] PluginManage:310 - Check plugin updater
2024-06-15 09:39:38,907 [INFO] PluginManage:359 - Loaded plugin updater (category:base,tabindex:12)
2024-06-15 09:39:38,907 [INFO] PluginManage:310 - Check plugin userauth
2024-06-15 09:39:38,912 [INFO] UserAuth:114 - Init User Auth plugin
2024-06-15 09:39:38,912 [INFO] PluginManage:359 - Loaded plugin userauth (category:base,tabindex:14)
2024-06-15 09:39:38,912 [INFO] PluginManage:283 - PluginManage : Loaded plugins [17]
2024-06-15 09:39:39,128 [INFO] PinOutPanel:1561 - setPackage(No Configuration,No Configuration)
2024-06-15 09:39:39,199 [INFO] CADModel:165 - CPN selected for project level
2024-06-15 09:39:39,199 [INFO] CADModel:114 - Register for checkConnection events
2024-06-15 09:39:39,222 [INFO] IPUIPlugin:80 - create IPUIPlugin
2024-06-15 09:39:39,222 [INFO] PluginManager:220 - loadIPPluginJar : add adc
2024-06-15 09:39:39,257 [INFO] IPUIPlugin:80 - create IPUIPlugin
2024-06-15 09:39:39,257 [INFO] PluginManager:220 - loadIPPluginJar : add aes
2024-06-15 09:39:39,300 [INFO] IPUIPlugin:80 - create IPUIPlugin
2024-06-15 09:39:39,300 [INFO] PluginManager:220 - loadIPPluginJar : add can
2024-06-15 09:39:39,321 [INFO] IPUIPlugin:80 - create IPUIPlugin
2024-06-15 09:39:39,321 [INFO] PluginManager:220 - loadIPPluginJar : add comp
2024-06-15 09:39:39,356 [INFO] IPUIPlugin:80 - create IPUIPlugin
2024-06-15 09:39:39,356 [INFO] PluginManager:220 - loadIPPluginJar : add cryp
2024-06-15 09:39:39,386 [INFO] IPUIPlugin:80 - create IPUIPlugin
2024-06-15 09:39:39,386 [INFO] PluginManager:220 - loadIPPluginJar : add dfsdm
2024-06-15 09:39:39,399 [INFO] IPUIPlugin:80 - create IPUIPlugin
2024-06-15 09:39:39,399 [INFO] PluginManager:220 - loadIPPluginJar : add dma
2024-06-15 09:39:39,442 [INFO] IPUIPlugin:80 - create IPUIPlugin
2024-06-15 09:39:39,443 [INFO] PluginManager:220 - loadIPPluginJar : add dma3
2024-06-15 09:39:39,487 [INFO] IPUIPlugin:80 - create IPUIPlugin
2024-06-15 09:39:39,487 [INFO] PluginManager:220 - loadIPPluginJar : add extmemmanager
2024-06-15 09:39:39,507 [INFO] IPUIPlugin:80 - create IPUIPlugin
2024-06-15 09:39:39,508 [INFO] PluginManager:220 - loadIPPluginJar : add fatfs
2024-06-15 09:39:39,555 [INFO] IPUIPlugin:80 - create IPUIPlugin
2024-06-15 09:39:39,555 [INFO] PluginManager:220 - loadIPPluginJar : add fmc
2024-06-15 09:39:39,568 [INFO] IPUIPlugin:80 - create IPUIPlugin
2024-06-15 09:39:39,568 [INFO] PluginManager:220 - loadIPPluginJar : add freertos
2024-06-15 09:39:39,589 [INFO] IPUIPlugin:80 - create IPUIPlugin
2024-06-15 09:39:39,589 [INFO] PluginManager:220 - loadIPPluginJar : add genericplugin
2024-06-15 09:39:39,688 [INFO] IPUIPlugin:80 - create IPUIPlugin
2024-06-15 09:39:39,688 [INFO] PluginManager:220 - loadIPPluginJar : add gfxmmu
2024-06-15 09:39:39,828 [INFO] IPUIPlugin:80 - create IPUIPlugin
2024-06-15 09:39:39,828 [INFO] PluginManager:220 - loadIPPluginJar : add gic
2024-06-15 09:39:39,840 [INFO] IPUIPlugin:80 - create IPUIPlugin
2024-06-15 09:39:39,840 [INFO] PluginManager:220 - loadIPPluginJar : add gpio
2024-06-15 09:39:39,933 [INFO] IPUIPlugin:80 - create IPUIPlugin
2024-06-15 09:39:39,933 [INFO] PluginManager:220 - loadIPPluginJar : add gtzc
2024-06-15 09:39:39,967 [INFO] IPUIPlugin:80 - create IPUIPlugin
2024-06-15 09:39:39,967 [INFO] PluginManager:220 - loadIPPluginJar : add hash
2024-06-15 09:39:40,021 [INFO] IPUIPlugin:80 - create IPUIPlugin
2024-06-15 09:39:40,021 [INFO] PluginManager:220 - loadIPPluginJar : add i2c
2024-06-15 09:39:40,058 [INFO] IPUIPlugin:80 - create IPUIPlugin
2024-06-15 09:39:40,058 [INFO] PluginManager:220 - loadIPPluginJar : add i2s
2024-06-15 09:39:40,098 [INFO] IPUIPlugin:80 - create IPUIPlugin
2024-06-15 09:39:40,098 [INFO] PluginManager:220 - loadIPPluginJar : add i3c
2024-06-15 09:39:40,200 [INFO] IPUIPlugin:80 - create IPUIPlugin
2024-06-15 09:39:40,200 [INFO] PluginManager:220 - loadIPPluginJar : add ipddr
2024-06-15 09:39:40,290 [INFO] IPUIPlugin:80 - create IPUIPlugin
2024-06-15 09:39:40,290 [INFO] PluginManager:220 - loadIPPluginJar : add linkedlist
2024-06-15 09:39:40,325 [INFO] IPUIPlugin:80 - create IPUIPlugin
2024-06-15 09:39:40,325 [INFO] PluginManager:220 - loadIPPluginJar : add lorawan
2024-06-15 09:39:40,361 [INFO] IPUIPlugin:80 - create IPUIPlugin
2024-06-15 09:39:40,361 [INFO] PluginManager:220 - loadIPPluginJar : add ltdc
2024-06-15 09:39:40,374 [INFO] IPUIPlugin:80 - create IPUIPlugin
2024-06-15 09:39:40,374 [INFO] PluginManager:220 - loadIPPluginJar : add mdma
2024-06-15 09:39:40,385 [INFO] IPUIPlugin:80 - create IPUIPlugin
2024-06-15 09:39:40,385 [INFO] PluginManager:220 - loadIPPluginJar : add nvic
2024-06-15 09:39:40,419 [INFO] IPUIPlugin:80 - create IPUIPlugin
2024-06-15 09:39:40,419 [INFO] PluginManager:220 - loadIPPluginJar : add opamp
2024-06-15 09:39:40,478 [INFO] IPUIPlugin:80 - create IPUIPlugin
2024-06-15 09:39:40,479 [INFO] PluginManager:220 - loadIPPluginJar : add openamp
2024-06-15 09:39:40,523 [INFO] IPUIPlugin:80 - create IPUIPlugin
2024-06-15 09:39:40,523 [INFO] PluginManager:220 - loadIPPluginJar : add pdm2pcm
2024-06-15 09:39:40,536 [INFO] IPUIPlugin:80 - create IPUIPlugin
2024-06-15 09:39:40,539 [INFO] PluginManager:220 - loadIPPluginJar : add plateformsettings
2024-06-15 09:39:40,561 [INFO] IPUIPlugin:80 - create IPUIPlugin
2024-06-15 09:39:40,561 [INFO] PluginManager:220 - loadIPPluginJar : add quadspi
2024-06-15 09:39:40,573 [INFO] IPUIPlugin:80 - create IPUIPlugin
2024-06-15 09:39:40,573 [INFO] PluginManager:220 - loadIPPluginJar : add resmgrutility
2024-06-15 09:39:40,621 [INFO] IPUIPlugin:80 - create IPUIPlugin
2024-06-15 09:39:40,621 [INFO] PluginManager:220 - loadIPPluginJar : add sai
2024-06-15 09:39:40,659 [INFO] IPUIPlugin:80 - create IPUIPlugin
2024-06-15 09:39:40,659 [INFO] PluginManager:220 - loadIPPluginJar : add spi
2024-06-15 09:39:40,728 [INFO] IPUIPlugin:80 - create IPUIPlugin
2024-06-15 09:39:40,728 [INFO] PluginManager:220 - loadIPPluginJar : add stm32_wpan
2024-06-15 09:39:40,752 [INFO] IPUIPlugin:80 - create IPUIPlugin
2024-06-15 09:39:40,752 [INFO] PluginManager:220 - loadIPPluginJar : add tim
2024-06-15 09:39:40,812 [INFO] IPUIPlugin:80 - create IPUIPlugin
2024-06-15 09:39:40,812 [INFO] PluginManager:220 - loadIPPluginJar : add touchsensing
2024-06-15 09:39:40,834 [INFO] IPUIPlugin:80 - create IPUIPlugin
2024-06-15 09:39:40,834 [INFO] PluginManager:220 - loadIPPluginJar : add tracer_emb
2024-06-15 09:39:40,855 [INFO] IPUIPlugin:80 - create IPUIPlugin
2024-06-15 09:39:40,855 [INFO] PluginManager:220 - loadIPPluginJar : add ts
2024-06-15 09:39:40,878 [INFO] IPUIPlugin:80 - create IPUIPlugin
2024-06-15 09:39:40,879 [INFO] PluginManager:220 - loadIPPluginJar : add tsc
2024-06-15 09:39:40,900 [INFO] IPUIPlugin:80 - create IPUIPlugin
2024-06-15 09:39:40,900 [INFO] PluginManager:220 - loadIPPluginJar : add ucpd
2024-06-15 09:39:40,943 [INFO] IPUIPlugin:80 - create IPUIPlugin
2024-06-15 09:39:40,943 [INFO] PluginManager:220 - loadIPPluginJar : add usart
2024-06-15 09:39:40,986 [INFO] IPUIPlugin:80 - create IPUIPlugin
2024-06-15 09:39:40,986 [INFO] PluginManager:220 - loadIPPluginJar : add usbx
2024-06-15 09:39:41,114 [INFO] CADModel:165 - CPN selected for project level
2024-06-15 09:39:41,114 [INFO] CADModel:114 - Register for checkConnection events
2024-06-15 09:39:41,115 [FATAL] Updater:308 - Updater called before beeing initialized
2024-06-15 09:39:41,115 [ERROR] CADModel:125 - Updater not yet initialized, retry later 
2024-06-15 09:39:41,259 [INFO] CADModel:165 - CPN selected for project level
2024-06-15 09:39:41,259 [INFO] CADModel:114 - Register for checkConnection events
2024-06-15 09:39:41,259 [FATAL] Updater:308 - Updater called before beeing initialized
2024-06-15 09:39:41,259 [ERROR] CADModel:125 - Updater not yet initialized, retry later 
2024-06-15 09:39:41,262 [FATAL] Updater:308 - Updater called before beeing initialized
2024-06-15 09:39:41,374 [FATAL] Updater:308 - Updater called before beeing initialized
2024-06-15 09:39:41,384 [INFO] DbMcusAds:53 - JSON generation date=Thu May 16 11:22:01 CEST 2024 (1715851321456)
2024-06-15 09:39:41,384 [FATAL] Updater:308 - Updater called before beeing initialized
2024-06-15 09:39:41,461 [WARN] DetailPanel:346 - Failed to get advertising image, set to default
2024-06-15 09:39:41,544 [FATAL] Updater:308 - Updater called before beeing initialized
2024-06-15 09:39:41,547 [FATAL] Updater:308 - Updater called before beeing initialized
2024-06-15 09:39:41,547 [FATAL] Updater:308 - Updater called before beeing initialized
2024-06-15 09:39:41,547 [WARN] DetailPanel:346 - Failed to get advertising image, set to default
2024-06-15 09:39:41,547 [FATAL] Updater:308 - Updater called before beeing initialized
2024-06-15 09:39:41,634 [ERROR] Updater:1120 - MainUpdater not yet initialized. External WinMGr cannot be set.
2024-06-15 09:39:41,643 [INFO] Updater:1056 - Updater Version found : 6.11.1
2024-06-15 09:39:41,661 [INFO] ThirdPartyUpdaterWithRetryManager:70 - Updater plugin not ready yet. [2/15]
2024-06-15 09:39:41,661 [INFO] ApplicationProperties:184 - Using Application install path: D:\ST\STM32CubeIDE_1.15.1\STM32CubeIDE\plugins\com.st.stm32cube.common.mx_6.11.1.202404110753
2024-06-15 09:39:42,020 [INFO] MainUpdater:2873 - connection check result : 10
2024-06-15 09:39:42,020 [INFO] MainUpdater:290 - Updater Check For Update Now.
2024-06-15 09:39:42,020 [INFO] MicroXplorer:498 - Change Database Version : DB.6.0.111
2024-06-15 09:39:42,036 [INFO] McuFinderGlobals:63 - Set McuFinder mode to 2 (CubeIDE integrated)
2024-06-15 09:39:42,048 [INFO] UserAuth:415 - Internet connection configuration mode: 1
2024-06-15 09:39:42,076 [INFO] JxBrowserEngine:152 - Initiate JxBrowser Engine with user profile folder
2024-06-15 09:39:42,226 [INFO] CheckServerUpdateThread:120 - End of CheckServer Thread
2024-06-15 09:39:44,845 [WARN] PackLoader:240 - Cannot read IP mode file for STMicroelectronics.FP-SNS-MOTENVWB1.1.4.0
2024-06-15 09:39:44,860 [WARN] PackLoader:240 - Cannot read IP mode file for STMicroelectronics.X-CUBE-SMBUS.2.1.0
2024-06-15 09:39:44,873 [WARN] PackLoader:240 - Cannot read IP mode file for STMicroelectronics.X-CUBE-TOUCHGFX.4.23.1
2024-06-15 09:39:44,882 [WARN] PackLoader:240 - Cannot read IP mode file for STMicroelectronics.X-CUBE-TOUCHGFX.4.23.0
2024-06-15 09:39:44,891 [WARN] PackLoader:240 - Cannot read IP mode file for STMicroelectronics.X-CUBE-TOUCHGFX.4.23.2
2024-06-15 09:39:44,937 [WARN] PackLoader:240 - Cannot read IP mode file for STMicroelectronics.X-CUBE-AZRTOS-F7.1.1.0
2024-06-15 09:39:44,956 [WARN] PackLoader:240 - Cannot read IP mode file for STMicroelectronics.FP-SNS-MOTENV1.4.3.2
2024-06-15 09:39:44,970 [WARN] PackLoader:240 - Cannot read IP mode file for STMicroelectronics.FP-SNS-FLIGHT1.5.0.2
2024-06-15 09:39:44,985 [WARN] PackLoader:240 - Cannot read IP mode file for STMicroelectronics.X-CUBE-DISPLAY.3.0.0
2024-06-15 09:39:45,003 [WARN] PackLoader:240 - Cannot read IP mode file for STMicroelectronics.X-CUBE-BLE1.7.0.0
2024-06-15 09:39:45,014 [WARN] PackLoader:240 - Cannot read IP mode file for emotas.I-CUBE-CANOPEN.1.3.0
2024-06-15 09:39:45,033 [WARN] PackLoader:240 - Cannot read IP mode file for STMicroelectronics.X-CUBE-BLEMGR.3.1.0
2024-06-15 09:39:45,047 [WARN] PackLoader:240 - Cannot read IP mode file for STMicroelectronics.FP-SNS-SMARTAG2.1.2.0
2024-06-15 09:39:45,063 [INFO] LogOutputStream:77 - [STDOUT_REDIRECT] 1 : Invalid condition id : UX_CORESTACK_Condition cause : null
2024-06-15 09:39:45,064 [INFO] LogOutputStream:77 - [STDOUT_REDIRECT] 1 : Invalid condition id : UX_CORESTACK_Condition cause : null
2024-06-15 09:39:45,065 [INFO] LogOutputStream:77 - [STDOUT_REDIRECT] 1 : Invalid condition id : UX_CORESTACK_Condition cause : null
2024-06-15 09:39:45,066 [INFO] LogOutputStream:77 - [STDOUT_REDIRECT] 1 : Invalid condition id : UX_CORESTACK_Condition cause : null
2024-06-15 09:39:45,067 [INFO] LogOutputStream:77 - [STDOUT_REDIRECT] 1 : Invalid condition id : UX_CORESTACK_Condition cause : null
2024-06-15 09:39:45,070 [WARN] PackLoader:240 - Cannot read IP mode file for STMicroelectronics.X-CUBE-AZRTOS-WL.2.0.0
2024-06-15 09:39:45,083 [WARN] PackLoader:240 - Cannot read IP mode file for STMicroelectronics.FP-SNS-MOTENV1.5.0.0
2024-06-15 09:39:45,098 [WARN] PackLoader:240 - Cannot read IP mode file for WES.I-CUBE-Cesium.1.3.0
2024-06-15 09:39:45,108 [WARN] PackLoader:240 - Cannot read IP mode file for STMicroelectronics.X-CUBE-BLE2.3.3.0
2024-06-15 09:39:45,121 [WARN] PackLoader:240 - Cannot read IP mode file for STMicroelectronics.X-CUBE-TCPP.4.1.0
2024-06-15 09:39:45,137 [WARN] PackLoader:240 - Cannot read IP mode file for STMicroelectronics.X-CUBE-ALGOBUILD.1.3.0
2024-06-15 09:39:45,166 [WARN] PackLoader:240 - Cannot read IP mode file for STMicroelectronics.X-CUBE-AZRTOS-G0.1.1.0
2024-06-15 09:39:45,184 [WARN] PackLoader:240 - Cannot read IP mode file for STMicroelectronics.X-CUBE-SAFEA1.1.2.2
2024-06-15 09:39:45,197 [WARN] PackLoader:240 - Cannot read IP mode file for STMicroelectronics.X-CUBE-NFC4.3.0.0
2024-06-15 09:39:45,209 [WARN] PackLoader:240 - Cannot read IP mode file for wolfSSL.I-CUBE-wolfMQTT.1.18.0
2024-06-15 09:39:45,223 [WARN] PackLoader:240 - Cannot read IP mode file for STMicroelectronics.X-CUBE-BLEMGR.3.0.0
2024-06-15 09:39:45,235 [WARN] PackLoader:240 - Cannot read IP mode file for STMicroelectronics.FP-ATR-SIGFOX1.3.2.0
2024-06-15 09:39:45,247 [WARN] PackLoader:240 - Cannot read IP mode file for STMicroelectronics.X-CUBE-EEPRMA1.5.1.0
2024-06-15 09:39:45,282 [WARN] PackLoader:240 - Cannot read IP mode file for SEGGER.I-CUBE-embOS.1.3.1
2024-06-15 09:39:45,342 [WARN] PackLoader:240 - Cannot read IP mode file for STMicroelectronics.X-CUBE-ALGOBUILD.1.4.0
2024-06-15 09:39:45,357 [WARN] PackLoader:240 - Cannot read IP mode file for STMicroelectronics.X-CUBE-GNSS1.6.0.0
2024-06-15 09:39:45,382 [WARN] PackLoader:240 - Cannot read IP mode file for STMicroelectronics.X-CUBE-AZRTOS-F4.1.1.0
2024-06-15 09:39:45,401 [WARN] PackLoader:240 - Cannot read IP mode file for STMicroelectronics.X-CUBE-FREERTOS.1.2.0
2024-06-15 09:39:45,413 [WARN] PackLoader:240 - Cannot read IP mode file for wolfSSL.I-CUBE-wolfSSL.5.6.6
2024-06-15 09:39:45,439 [WARN] PackLoader:240 - Cannot read IP mode file for STMicroelectronics.X-CUBE-AZRTOS-L5.2.0.0
2024-06-15 09:39:45,452 [WARN] PackLoader:240 - Cannot read IP mode file for STMicroelectronics.X-CUBE-EEPRMA1.4.2.0
2024-06-15 09:39:45,465 [WARN] PackLoader:240 - Cannot read IP mode file for STMicroelectronics.X-CUBE-NFC6.3.1.0
2024-06-15 09:39:45,479 [WARN] PackLoader:240 - Cannot read IP mode file for ITTIA_DB.I-CUBE-ITTIADB.8.8.0
2024-06-15 09:39:45,491 [WARN] PackLoader:240 - Cannot read IP mode file for STMicroelectronics.X-CUBE-AI.9.0.0
2024-06-15 09:39:45,503 [WARN] PackLoader:240 - Cannot read IP mode file for STMicroelectronics.X-CUBE-NFC7.1.0.1
2024-06-15 09:39:45,517 [WARN] PackLoader:240 - Cannot read IP mode file for STMicroelectronics.X-CUBE-NFC6.3.0.0
2024-06-15 09:39:45,528 [WARN] PackLoader:240 - Cannot read IP mode file for STMicroelectronics.X-CUBE-AI.8.1.0
2024-06-15 09:39:45,553 [WARN] ConditionMgr:438 - getConditionDescription Invalid condition id : LAN8742 Phy interface Condition cause : null
2024-06-15 09:39:45,554 [WARN] PackLoader:240 - Cannot read IP mode file for STMicroelectronics.X-CUBE-AZRTOS-L4.2.0.0
2024-06-15 09:39:45,555 [WARN] ConditionMgr:1039 - genDependencies : Invalid condition id : LAN8742 Phy interface Condition cause : null
2024-06-15 09:39:45,555 [WARN] ConditionMgr:1039 - genDependencies : Invalid condition id : LAN8742 Phy interface Condition cause : null
2024-06-15 09:39:45,556 [WARN] ConditionMgr:1039 - genDependencies : Invalid condition id : LAN8742 Phy interface Condition cause : null
2024-06-15 09:39:45,570 [WARN] PackLoader:240 - Cannot read IP mode file for STMicroelectronics.X-CUBE-SFXS2LP1.4.0.0
2024-06-15 09:39:45,591 [WARN] ConditionMgr:438 - getConditionDescription Invalid condition id : UX DEVICE CLASS RTOS Condition cause : null
2024-06-15 09:39:45,591 [WARN] ConditionMgr:438 - getConditionDescription Invalid condition id : UX DEVICE CLASS RTOS Condition cause : null
2024-06-15 09:39:45,593 [WARN] PackLoader:240 - Cannot read IP mode file for STMicroelectronics.X-CUBE-AZRTOS-WB.2.0.0
2024-06-15 09:39:45,593 [WARN] ConditionMgr:1039 - genDependencies : Invalid condition id : UX DEVICE CLASS RTOS Condition cause : null
2024-06-15 09:39:45,593 [WARN] ConditionMgr:1039 - genDependencies : Invalid condition id : UX DEVICE CLASS RTOS Condition cause : null
2024-06-15 09:39:45,594 [WARN] ConditionMgr:1039 - genDependencies : Invalid condition id : UX DEVICE CLASS RTOS Condition cause : null
2024-06-15 09:39:45,594 [WARN] ConditionMgr:1039 - genDependencies : Invalid condition id : UX DEVICE CLASS RTOS Condition cause : null
2024-06-15 09:39:45,594 [WARN] ConditionMgr:1039 - genDependencies : Invalid condition id : UX DEVICE CLASS RTOS Condition cause : null
2024-06-15 09:39:45,614 [WARN] PackLoader:240 - Cannot read IP mode file for STMicroelectronics.X-CUBE-SUBG2.5.0.0
2024-06-15 09:39:45,640 [WARN] PackLoader:240 - Cannot read IP mode file for STMicroelectronics.X-CUBE-AZRTOS-G4.2.0.0
2024-06-15 09:39:45,661 [WARN] PackLoader:240 - Cannot read IP mode file for Infineon.AIROC-Wi-Fi-Bluetooth-STM32.1.5.1
2024-06-15 09:39:45,674 [WARN] PackLoader:240 - Cannot read IP mode file for STMicroelectronics.FP-SNS-MOTENVWB1.1.3.1
2024-06-15 09:39:45,684 [WARN] PackLoader:240 - Cannot read IP mode file for STMicroelectronics.X-CUBE-ISPU.2.0.0
2024-06-15 09:39:45,695 [WARN] PackLoader:240 - Cannot read IP mode file for STMicroelectronics.X-CUBE-ALS.1.0.2
2024-06-15 09:39:45,740 [WARN] PackLoader:240 - Cannot read IP mode file for STMicroelectronics.X-CUBE-MEMS1.10.0.0
2024-06-15 09:39:45,838 [WARN] PackLoader:240 - Cannot read IP mode file for STMicroelectronics.X-CUBE-FREERTOS.1.1.0
2024-06-15 09:39:45,852 [WARN] PackLoader:240 - Cannot read IP mode file for portGmbH.I-Cube-SoM-uGOAL.1.1.0
2024-06-15 09:39:45,862 [WARN] PackLoader:240 - Cannot read IP mode file for STMicroelectronics.X-CUBE-ALS.1.0.1
2024-06-15 09:39:45,888 [WARN] PackLoader:240 - Cannot read IP mode file for STMicroelectronics.X-CUBE-AZRTOS-H7RS.1.0.0
2024-06-15 09:39:45,902 [WARN] PackLoader:240 - Cannot read IP mode file for STMicroelectronics.FP-ATR-ASTRA1.2.0.0
2024-06-15 09:39:45,932 [WARN] PackLoader:240 - Cannot read IP mode file for STMicroelectronics.X-CUBE-TOF1.3.4.0
2024-06-15 09:39:45,958 [WARN] PackLoader:240 - Cannot read IP mode file for STMicroelectronics.X-CUBE-TOF1.3.4.1
2024-06-15 09:39:45,996 [WARN] PackLoader:240 - Cannot read IP mode file for STMicroelectronics.X-CUBE-AZRTOS-H7.3.2.0
2024-06-15 09:39:45,999 [INFO] ThirdParty:978 - Integrity check success = true
2024-06-15 09:39:45,999 [INFO] IntegrityCheckThread:100 - exiting critical section [integrity check]
2024-06-15 09:39:45,999 [INFO] IntegrityCheckThread:103 - End integrity checks thread
2024-06-15 09:39:46,937 [INFO] WebApp:161 - Instantiating new browser for Auth
2024-06-15 09:39:47,596 [INFO] WebApp:779 - Register for checkConnection events
2024-06-15 09:39:47,596 [INFO] WebApp:414 - Apply proxy settings
2024-06-15 09:39:47,596 [INFO] WebApp:499 - Chromium requires no authentication
2024-06-15 09:39:47,605 [INFO] WebApp:442 - Direct internet connection detected
2024-06-15 09:39:47,817 [INFO] WebApp:192 - Starting web application
2024-06-15 09:39:47,817 [INFO] WebApp:544 - Web application path used D:\ST\STM32CubeIDE_1.15.1\STM32CubeIDE\plugins\com.st.stm32cube.common.mx_6.11.1.202404110753\db\plugins\mcufinder\reactClient1\index.html
2024-06-15 11:55:17,620 [ERROR] LogOutputStream:75 - [STDERR_REDIRECT] 
