2024-06-11 07:18:56,877 [ERROR] LogOutputStream:75 - [STDERR_REDIRECT] 
2024-06-11 20:05:45,495 [INFO] Activator:176 - 


2024-06-11 20:05:45,497 [INFO] Activator:177 - !SESSION log4j initialized
2024-06-11 20:05:52,022 [INFO] LogOutputStream:77 - [STDOUT_REDIRECT] 
2024-06-11 20:05:57,330 [INFO] ApplicationProperties:184 - Using Application install path: D:\ST\STM32CubeIDE_1.15.1\STM32CubeIDE\plugins\com.st.stm32cube.common.mx_6.11.1.202404110753
2024-06-11 20:05:57,350 [INFO] DbMcusXml:78 - Set database path to: D:\ST\STM32CubeIDE_1.15.1\STM32CubeIDE\plugins\com.st.stm32cube.common.mx_6.11.1.202404110753\\db\/mcu/
2024-06-11 20:05:57,350 [INFO] ApiDb:274 - Set plugin database path to: D:\ST\STM32CubeIDE_1.15.1\STM32CubeIDE\plugins\com.st.stm32cube.common.mx_6.11.1.202404110753\\db\/plugins/boardmanager/
2024-06-11 20:05:57,351 [WARN] ApiDb:259 - Overriding images path with different value:  => D:\ST\STM32CubeIDE_1.15.1\STM32CubeIDE\plugins\com.st.stm32cube.common.mx_6.11.1.202404110753\\db\/plugins/mcufinder/images/
2024-06-11 20:05:57,401 [INFO] ApiDb:250 - Set database path to: C:\Users\andre\.stmcufinder\plugins\mcufinder//mcu/
2024-06-11 20:05:57,402 [INFO] DbMcusAds:125 - Set database path to: C:\Users\andre\.stmcufinder\plugins\mcufinder//mcu/
2024-06-11 20:05:57,403 [INFO] CrossReferenceDbSqlite:203 - Set database path to: C:\Users\andre\.stmcufinder\plugins\mcufinder//mcu/cs/
2024-06-11 20:05:57,519 [INFO] RulesReader:64 - Compatibility file has been processed (297 Rules)
2024-06-11 20:05:57,604 [INFO] DbMcusXml:78 - Set database path to: D:\ST\STM32CubeIDE_1.15.1\STM32CubeIDE\plugins\com.st.stm32cube.common.mx_6.11.1.202404110753\\db\/mcu/
2024-06-11 20:05:57,604 [INFO] ApiDb:274 - Set plugin database path to: D:\ST\STM32CubeIDE_1.15.1\STM32CubeIDE\plugins\com.st.stm32cube.common.mx_6.11.1.202404110753\\db\/plugins/boardmanager/
2024-06-11 20:05:57,604 [INFO] ApiDb:261 - Set plugin images path to: D:\ST\STM32CubeIDE_1.15.1\STM32CubeIDE\plugins\com.st.stm32cube.common.mx_6.11.1.202404110753\\db\/plugins/mcufinder/images/
2024-06-11 20:05:57,605 [WARN] DbFile:41 - Overriding database path with different value: C:\Users\andre\.stmcufinder\plugins\mcufinder/ => C:\Users\andre\.stmcufinder\plugins\mcufinder
2024-06-11 20:05:57,605 [INFO] ApiDb:250 - Set database path to: C:\Users\andre\.stmcufinder\plugins\mcufinder//mcu/
2024-06-11 20:05:57,605 [WARN] DbFile:41 - Overriding database path with different value: C:\Users\andre\.stmcufinder\plugins\mcufinder/ => C:\Users\andre\.stmcufinder\plugins\mcufinder
2024-06-11 20:05:57,605 [INFO] DbMcusAds:125 - Set database path to: C:\Users\andre\.stmcufinder\plugins\mcufinder//mcu/
2024-06-11 20:05:57,605 [WARN] DbFile:41 - Overriding database path with different value: C:\Users\andre\.stmcufinder\plugins\mcufinder/ => C:\Users\andre\.stmcufinder\plugins\mcufinder
2024-06-11 20:05:57,605 [WARN] DbFile:41 - Overriding database path with different value: C:\Users\andre\.stmcufinder\plugins\mcufinder/ => C:\Users\andre\.stmcufinder\plugins\mcufinder
2024-06-11 20:05:57,605 [INFO] CrossReferenceDbSqlite:203 - Set database path to: C:\Users\andre\.stmcufinder\plugins\mcufinder//mcu/cs/
2024-06-11 20:05:57,695 [INFO] MainPanel:264 - HeapMemory: 268435456
2024-06-11 20:05:57,801 [INFO] DbMcusXml:78 - Set database path to: D:\ST\STM32CubeIDE_1.15.1\STM32CubeIDE\plugins\com.st.stm32cube.common.mx_6.11.1.202404110753\\db\/mcu/
2024-06-11 20:05:57,802 [INFO] ApiDb:274 - Set plugin database path to: D:\ST\STM32CubeIDE_1.15.1\STM32CubeIDE\plugins\com.st.stm32cube.common.mx_6.11.1.202404110753\\db\/plugins/boardmanager/
2024-06-11 20:05:57,802 [INFO] ApiDb:261 - Set plugin images path to: D:\ST\STM32CubeIDE_1.15.1\STM32CubeIDE\plugins\com.st.stm32cube.common.mx_6.11.1.202404110753\\db\/plugins/mcufinder/images/
2024-06-11 20:05:57,803 [WARN] DbFile:41 - Overriding database path with different value: C:\Users\andre\.stmcufinder\plugins\mcufinder/ => C:\Users\andre\.stmcufinder\plugins\mcufinder
2024-06-11 20:05:57,803 [INFO] ApiDb:250 - Set database path to: C:\Users\andre\.stmcufinder\plugins\mcufinder//mcu/
2024-06-11 20:05:57,803 [WARN] DbFile:41 - Overriding database path with different value: C:\Users\andre\.stmcufinder\plugins\mcufinder/ => C:\Users\andre\.stmcufinder\plugins\mcufinder
2024-06-11 20:05:57,803 [INFO] DbMcusAds:125 - Set database path to: C:\Users\andre\.stmcufinder\plugins\mcufinder//mcu/
2024-06-11 20:05:57,803 [WARN] DbFile:41 - Overriding database path with different value: C:\Users\andre\.stmcufinder\plugins\mcufinder/ => C:\Users\andre\.stmcufinder\plugins\mcufinder
2024-06-11 20:05:57,803 [WARN] DbFile:41 - Overriding database path with different value: C:\Users\andre\.stmcufinder\plugins\mcufinder/ => C:\Users\andre\.stmcufinder\plugins\mcufinder
2024-06-11 20:05:57,804 [INFO] CrossReferenceDbSqlite:203 - Set database path to: C:\Users\andre\.stmcufinder\plugins\mcufinder//mcu/cs/
2024-06-11 20:05:57,821 [INFO] ApplicationProperties:184 - Using Application install path: D:\ST\STM32CubeIDE_1.15.1\STM32CubeIDE\plugins\com.st.stm32cube.common.mx_6.11.1.202404110753
2024-06-11 20:05:57,823 [INFO] PluginManage:196 - Search for loadable plugins [exclusion list=, ]
2024-06-11 20:05:57,824 [INFO] PluginManage:310 - Check plugin analytics
2024-06-11 20:05:58,039 [INFO] AnalyticsPlugin:253 - Accepted Software Licenses: STM32CubeMX.6.10.0,STM32CubeMX.6.11.1
2024-06-11 20:05:58,039 [INFO] AnalyticsPlugin:255 - Accepted CMSIS Pack Licenses: 
2024-06-11 20:05:58,039 [INFO] AnalyticsPlugin:257 - Accepted Firmware Licenses: FW.F4.1.28.0,FW.L4.1.18.0,FW.H7.1.11.0
2024-06-11 20:05:58,041 [INFO] PluginManage:359 - Loaded plugin analytics (category:tool,tabindex:-1)
2024-06-11 20:05:58,042 [INFO] PluginManage:310 - Check plugin cadmodel
2024-06-11 20:05:58,057 [INFO] CADModel:105 - Init CAD model plugin
2024-06-11 20:05:58,057 [INFO] PluginManage:359 - Loaded plugin cadmodel (category:power,tabindex:5)
2024-06-11 20:05:58,058 [INFO] PluginManage:310 - Check plugin clock
2024-06-11 20:05:58,080 [INFO] PluginManage:359 - Loaded plugin clock (category:base,tabindex:2)
2024-06-11 20:05:58,081 [INFO] PluginManage:310 - Check plugin ddr
2024-06-11 20:05:58,083 [INFO] PluginManage:359 - Loaded plugin ddr (category:tool,tabindex:6)
2024-06-11 20:05:58,084 [INFO] PluginManage:310 - Check plugin filemanager
2024-06-11 20:05:58,256 [INFO] PluginManage:359 - Loaded plugin filemanager (category:base,tabindex:10)
2024-06-11 20:05:58,256 [INFO] PluginManage:310 - Check plugin ipmanager
2024-06-11 20:05:58,264 [INFO] PluginManage:359 - Loaded plugin ipmanager (category:base,tabindex:5)
2024-06-11 20:05:58,264 [INFO] PluginManage:310 - Check plugin lpbam
2024-06-11 20:05:58,282 [INFO] PluginManage:359 - Loaded plugin lpbam (category:base,tabindex:0)
2024-06-11 20:05:58,282 [INFO] PluginManage:310 - Check plugin memorymap
2024-06-11 20:05:58,310 [INFO] PluginManage:359 - Loaded plugin memorymap (category:base,tabindex:4)
2024-06-11 20:05:58,310 [INFO] PluginManage:310 - Check plugin pinoutandconfiguration
2024-06-11 20:05:58,326 [INFO] PluginManage:359 - Loaded plugin pinoutandconfiguration (category:base,tabindex:1)
2024-06-11 20:05:58,326 [INFO] PluginManage:310 - Check plugin pinoutconfig
2024-06-11 20:05:58,419 [WARN] SupportedApi:132 - Cannot load RTOS API schema: s4s-elt-must-match.1: The content of 'definitions' must match (annotation?, (simpleType | complexType)?, (unique | key | keyref)*)). A problem was found starting at: attribute.
2024-06-11 20:05:58,553 [INFO] PluginManage:359 - Loaded plugin pinoutconfig (category:base,tabindex:0)
2024-06-11 20:05:58,553 [INFO] PluginManage:310 - Check plugin power
2024-06-11 20:05:58,578 [INFO] PluginManage:359 - Loaded plugin power (category:power,tabindex:4)
2024-06-11 20:05:58,578 [INFO] PluginManage:310 - Check plugin projectmanager
2024-06-11 20:05:58,600 [INFO] PluginManage:359 - Loaded plugin projectmanager (category:projectmanager,tabindex:3)
2024-06-11 20:05:58,600 [INFO] PluginManage:310 - Check plugin thirdparty
2024-06-11 20:05:58,852 [INFO] PluginManage:359 - Loaded plugin thirdparty (category:base,tabindex:-1)
2024-06-11 20:05:58,852 [WARN] IntegrityCheckThread:84 - waiting for thirdparty lock release [integrity check]
2024-06-11 20:05:58,852 [INFO] PluginManage:310 - Check plugin tools
2024-06-11 20:05:58,852 [INFO] IntegrityCheckThread:86 - entering critical section [integrity check]
2024-06-11 20:05:58,852 [INFO] ThirdPartyUpdaterWithRetryManager:70 - Updater plugin not ready yet. [1/15]
2024-06-11 20:05:58,884 [INFO] PluginManage:359 - Loaded plugin tools (category:base,tabindex:7)
2024-06-11 20:05:58,884 [INFO] PluginManage:310 - Check plugin tutovideos
2024-06-11 20:05:59,120 [INFO] PluginManage:359 - Loaded plugin tutovideos (category:base,tabindex:-1)
2024-06-11 20:05:59,120 [INFO] PluginManage:310 - Check plugin updater
2024-06-11 20:05:59,131 [INFO] PluginManage:359 - Loaded plugin updater (category:base,tabindex:12)
2024-06-11 20:05:59,131 [INFO] PluginManage:310 - Check plugin userauth
2024-06-11 20:05:59,136 [INFO] UserAuth:114 - Init User Auth plugin
2024-06-11 20:05:59,136 [INFO] PluginManage:359 - Loaded plugin userauth (category:base,tabindex:14)
2024-06-11 20:05:59,137 [INFO] PluginManage:283 - PluginManage : Loaded plugins [17]
2024-06-11 20:05:59,359 [INFO] PinOutPanel:1561 - setPackage(No Configuration,No Configuration)
2024-06-11 20:05:59,431 [INFO] CADModel:165 - CPN selected for project level
2024-06-11 20:05:59,431 [INFO] CADModel:114 - Register for checkConnection events
2024-06-11 20:05:59,455 [INFO] IPUIPlugin:80 - create IPUIPlugin
2024-06-11 20:05:59,455 [INFO] PluginManager:220 - loadIPPluginJar : add adc
2024-06-11 20:05:59,487 [INFO] IPUIPlugin:80 - create IPUIPlugin
2024-06-11 20:05:59,487 [INFO] PluginManager:220 - loadIPPluginJar : add aes
2024-06-11 20:05:59,523 [INFO] IPUIPlugin:80 - create IPUIPlugin
2024-06-11 20:05:59,523 [INFO] PluginManager:220 - loadIPPluginJar : add can
2024-06-11 20:05:59,545 [INFO] IPUIPlugin:80 - create IPUIPlugin
2024-06-11 20:05:59,545 [INFO] PluginManager:220 - loadIPPluginJar : add comp
2024-06-11 20:05:59,576 [INFO] IPUIPlugin:80 - create IPUIPlugin
2024-06-11 20:05:59,576 [INFO] PluginManager:220 - loadIPPluginJar : add cryp
2024-06-11 20:05:59,604 [INFO] IPUIPlugin:80 - create IPUIPlugin
2024-06-11 20:05:59,604 [INFO] PluginManager:220 - loadIPPluginJar : add dfsdm
2024-06-11 20:05:59,617 [INFO] IPUIPlugin:80 - create IPUIPlugin
2024-06-11 20:05:59,617 [INFO] PluginManager:220 - loadIPPluginJar : add dma
2024-06-11 20:05:59,658 [INFO] IPUIPlugin:80 - create IPUIPlugin
2024-06-11 20:05:59,658 [INFO] PluginManager:220 - loadIPPluginJar : add dma3
2024-06-11 20:05:59,699 [INFO] IPUIPlugin:80 - create IPUIPlugin
2024-06-11 20:05:59,699 [INFO] PluginManager:220 - loadIPPluginJar : add extmemmanager
2024-06-11 20:05:59,718 [INFO] IPUIPlugin:80 - create IPUIPlugin
2024-06-11 20:05:59,718 [INFO] PluginManager:220 - loadIPPluginJar : add fatfs
2024-06-11 20:05:59,761 [INFO] IPUIPlugin:80 - create IPUIPlugin
2024-06-11 20:05:59,762 [INFO] PluginManager:220 - loadIPPluginJar : add fmc
2024-06-11 20:05:59,776 [INFO] IPUIPlugin:80 - create IPUIPlugin
2024-06-11 20:05:59,776 [INFO] PluginManager:220 - loadIPPluginJar : add freertos
2024-06-11 20:05:59,795 [INFO] IPUIPlugin:80 - create IPUIPlugin
2024-06-11 20:05:59,795 [INFO] PluginManager:220 - loadIPPluginJar : add genericplugin
2024-06-11 20:05:59,877 [INFO] IPUIPlugin:80 - create IPUIPlugin
2024-06-11 20:05:59,877 [INFO] PluginManager:220 - loadIPPluginJar : add gfxmmu
2024-06-11 20:05:59,995 [INFO] IPUIPlugin:80 - create IPUIPlugin
2024-06-11 20:05:59,995 [INFO] PluginManager:220 - loadIPPluginJar : add gic
2024-06-11 20:06:00,019 [INFO] IPUIPlugin:80 - create IPUIPlugin
2024-06-11 20:06:00,020 [INFO] PluginManager:220 - loadIPPluginJar : add gpio
2024-06-11 20:06:00,123 [INFO] IPUIPlugin:80 - create IPUIPlugin
2024-06-11 20:06:00,123 [INFO] PluginManager:220 - loadIPPluginJar : add gtzc
2024-06-11 20:06:00,162 [INFO] IPUIPlugin:80 - create IPUIPlugin
2024-06-11 20:06:00,162 [INFO] PluginManager:220 - loadIPPluginJar : add hash
2024-06-11 20:06:00,224 [INFO] IPUIPlugin:80 - create IPUIPlugin
2024-06-11 20:06:00,224 [INFO] PluginManager:220 - loadIPPluginJar : add i2c
2024-06-11 20:06:00,270 [INFO] IPUIPlugin:80 - create IPUIPlugin
2024-06-11 20:06:00,270 [INFO] PluginManager:220 - loadIPPluginJar : add i2s
2024-06-11 20:06:00,313 [INFO] IPUIPlugin:80 - create IPUIPlugin
2024-06-11 20:06:00,313 [INFO] PluginManager:220 - loadIPPluginJar : add i3c
2024-06-11 20:06:00,412 [INFO] IPUIPlugin:80 - create IPUIPlugin
2024-06-11 20:06:00,412 [INFO] PluginManager:220 - loadIPPluginJar : add ipddr
2024-06-11 20:06:00,575 [INFO] IPUIPlugin:80 - create IPUIPlugin
2024-06-11 20:06:00,575 [INFO] PluginManager:220 - loadIPPluginJar : add linkedlist
2024-06-11 20:06:00,607 [INFO] IPUIPlugin:80 - create IPUIPlugin
2024-06-11 20:06:00,607 [INFO] PluginManager:220 - loadIPPluginJar : add lorawan
2024-06-11 20:06:00,640 [INFO] IPUIPlugin:80 - create IPUIPlugin
2024-06-11 20:06:00,640 [INFO] PluginManager:220 - loadIPPluginJar : add ltdc
2024-06-11 20:06:00,653 [INFO] IPUIPlugin:80 - create IPUIPlugin
2024-06-11 20:06:00,653 [INFO] PluginManager:220 - loadIPPluginJar : add mdma
2024-06-11 20:06:00,663 [INFO] IPUIPlugin:80 - create IPUIPlugin
2024-06-11 20:06:00,664 [INFO] PluginManager:220 - loadIPPluginJar : add nvic
2024-06-11 20:06:00,696 [INFO] IPUIPlugin:80 - create IPUIPlugin
2024-06-11 20:06:00,696 [INFO] PluginManager:220 - loadIPPluginJar : add opamp
2024-06-11 20:06:00,755 [INFO] IPUIPlugin:80 - create IPUIPlugin
2024-06-11 20:06:00,755 [INFO] PluginManager:220 - loadIPPluginJar : add openamp
2024-06-11 20:06:00,797 [INFO] IPUIPlugin:80 - create IPUIPlugin
2024-06-11 20:06:00,797 [INFO] PluginManager:220 - loadIPPluginJar : add pdm2pcm
2024-06-11 20:06:00,809 [INFO] IPUIPlugin:80 - create IPUIPlugin
2024-06-11 20:06:00,811 [INFO] PluginManager:220 - loadIPPluginJar : add plateformsettings
2024-06-11 20:06:00,830 [INFO] IPUIPlugin:80 - create IPUIPlugin
2024-06-11 20:06:00,830 [INFO] PluginManager:220 - loadIPPluginJar : add quadspi
2024-06-11 20:06:00,841 [INFO] IPUIPlugin:80 - create IPUIPlugin
2024-06-11 20:06:00,841 [INFO] PluginManager:220 - loadIPPluginJar : add resmgrutility
2024-06-11 20:06:00,897 [INFO] IPUIPlugin:80 - create IPUIPlugin
2024-06-11 20:06:00,897 [INFO] PluginManager:220 - loadIPPluginJar : add sai
2024-06-11 20:06:00,933 [INFO] IPUIPlugin:80 - create IPUIPlugin
2024-06-11 20:06:00,933 [INFO] PluginManager:220 - loadIPPluginJar : add spi
2024-06-11 20:06:00,995 [INFO] IPUIPlugin:80 - create IPUIPlugin
2024-06-11 20:06:00,995 [INFO] PluginManager:220 - loadIPPluginJar : add stm32_wpan
2024-06-11 20:06:01,016 [INFO] IPUIPlugin:80 - create IPUIPlugin
2024-06-11 20:06:01,016 [INFO] PluginManager:220 - loadIPPluginJar : add tim
2024-06-11 20:06:01,068 [INFO] IPUIPlugin:80 - create IPUIPlugin
2024-06-11 20:06:01,068 [INFO] PluginManager:220 - loadIPPluginJar : add touchsensing
2024-06-11 20:06:01,092 [INFO] IPUIPlugin:80 - create IPUIPlugin
2024-06-11 20:06:01,092 [INFO] PluginManager:220 - loadIPPluginJar : add tracer_emb
2024-06-11 20:06:01,113 [INFO] IPUIPlugin:80 - create IPUIPlugin
2024-06-11 20:06:01,113 [INFO] PluginManager:220 - loadIPPluginJar : add ts
2024-06-11 20:06:01,132 [INFO] IPUIPlugin:80 - create IPUIPlugin
2024-06-11 20:06:01,132 [INFO] PluginManager:220 - loadIPPluginJar : add tsc
2024-06-11 20:06:01,152 [INFO] IPUIPlugin:80 - create IPUIPlugin
2024-06-11 20:06:01,152 [INFO] PluginManager:220 - loadIPPluginJar : add ucpd
2024-06-11 20:06:01,192 [INFO] IPUIPlugin:80 - create IPUIPlugin
2024-06-11 20:06:01,192 [INFO] PluginManager:220 - loadIPPluginJar : add usart
2024-06-11 20:06:01,234 [INFO] IPUIPlugin:80 - create IPUIPlugin
2024-06-11 20:06:01,234 [INFO] PluginManager:220 - loadIPPluginJar : add usbx
2024-06-11 20:06:01,368 [INFO] CADModel:165 - CPN selected for project level
2024-06-11 20:06:01,369 [INFO] CADModel:114 - Register for checkConnection events
2024-06-11 20:06:01,369 [FATAL] Updater:308 - Updater called before beeing initialized
2024-06-11 20:06:01,370 [ERROR] CADModel:125 - Updater not yet initialized, retry later 
2024-06-11 20:06:01,521 [INFO] CADModel:165 - CPN selected for project level
2024-06-11 20:06:01,521 [INFO] CADModel:114 - Register for checkConnection events
2024-06-11 20:06:01,521 [FATAL] Updater:308 - Updater called before beeing initialized
2024-06-11 20:06:01,521 [ERROR] CADModel:125 - Updater not yet initialized, retry later 
2024-06-11 20:06:01,524 [FATAL] Updater:308 - Updater called before beeing initialized
2024-06-11 20:06:01,627 [FATAL] Updater:308 - Updater called before beeing initialized
2024-06-11 20:06:01,637 [INFO] DbMcusAds:53 - JSON generation date=Thu May 16 11:22:01 CEST 2024 (1715851321456)
2024-06-11 20:06:01,637 [FATAL] Updater:308 - Updater called before beeing initialized
2024-06-11 20:06:01,736 [WARN] DetailPanel:346 - Failed to get advertising image, set to default
2024-06-11 20:06:01,846 [FATAL] Updater:308 - Updater called before beeing initialized
2024-06-11 20:06:01,848 [FATAL] Updater:308 - Updater called before beeing initialized
2024-06-11 20:06:01,849 [FATAL] Updater:308 - Updater called before beeing initialized
2024-06-11 20:06:01,849 [WARN] DetailPanel:346 - Failed to get advertising image, set to default
2024-06-11 20:06:01,849 [FATAL] Updater:308 - Updater called before beeing initialized
2024-06-11 20:06:01,854 [INFO] ThirdPartyUpdaterWithRetryManager:70 - Updater plugin not ready yet. [2/15]
2024-06-11 20:06:01,920 [ERROR] Updater:1120 - MainUpdater not yet initialized. External WinMGr cannot be set.
2024-06-11 20:06:01,930 [INFO] Updater:1056 - Updater Version found : 6.11.1
2024-06-11 20:06:01,952 [INFO] ApplicationProperties:184 - Using Application install path: D:\ST\STM32CubeIDE_1.15.1\STM32CubeIDE\plugins\com.st.stm32cube.common.mx_6.11.1.202404110753
2024-06-11 20:06:02,487 [INFO] MainUpdater:2873 - connection check result : 10
2024-06-11 20:06:02,489 [INFO] MainUpdater:290 - Updater Check For Update Now.
2024-06-11 20:06:02,489 [INFO] MicroXplorer:498 - Change Database Version : DB.6.0.111
2024-06-11 20:06:02,512 [INFO] McuFinderGlobals:63 - Set McuFinder mode to 2 (CubeIDE integrated)
2024-06-11 20:06:02,526 [INFO] UserAuth:415 - Internet connection configuration mode: 1
2024-06-11 20:06:02,559 [INFO] JxBrowserEngine:152 - Initiate JxBrowser Engine with user profile folder
2024-06-11 20:06:02,697 [INFO] CheckServerUpdateThread:120 - End of CheckServer Thread
2024-06-11 20:06:05,044 [WARN] PackLoader:240 - Cannot read IP mode file for STMicroelectronics.FP-SNS-MOTENVWB1.1.4.0
2024-06-11 20:06:05,058 [WARN] PackLoader:240 - Cannot read IP mode file for STMicroelectronics.X-CUBE-SMBUS.2.1.0
2024-06-11 20:06:05,069 [WARN] PackLoader:240 - Cannot read IP mode file for STMicroelectronics.X-CUBE-TOUCHGFX.4.23.1
2024-06-11 20:06:05,079 [WARN] PackLoader:240 - Cannot read IP mode file for STMicroelectronics.X-CUBE-TOUCHGFX.4.23.0
2024-06-11 20:06:05,091 [WARN] PackLoader:240 - Cannot read IP mode file for STMicroelectronics.X-CUBE-TOUCHGFX.4.23.2
2024-06-11 20:06:05,128 [WARN] PackLoader:240 - Cannot read IP mode file for STMicroelectronics.X-CUBE-AZRTOS-F7.1.1.0
2024-06-11 20:06:05,146 [WARN] PackLoader:240 - Cannot read IP mode file for STMicroelectronics.FP-SNS-MOTENV1.4.3.2
2024-06-11 20:06:05,162 [WARN] PackLoader:240 - Cannot read IP mode file for STMicroelectronics.FP-SNS-FLIGHT1.5.0.2
2024-06-11 20:06:05,186 [WARN] PackLoader:240 - Cannot read IP mode file for STMicroelectronics.X-CUBE-DISPLAY.3.0.0
2024-06-11 20:06:05,208 [WARN] PackLoader:240 - Cannot read IP mode file for STMicroelectronics.X-CUBE-BLE1.7.0.0
2024-06-11 20:06:05,222 [WARN] PackLoader:240 - Cannot read IP mode file for emotas.I-CUBE-CANOPEN.1.3.0
2024-06-11 20:06:05,250 [WARN] PackLoader:240 - Cannot read IP mode file for STMicroelectronics.X-CUBE-BLEMGR.3.1.0
2024-06-11 20:06:05,268 [WARN] PackLoader:240 - Cannot read IP mode file for STMicroelectronics.FP-SNS-SMARTAG2.1.2.0
2024-06-11 20:06:05,291 [INFO] LogOutputStream:77 - [STDOUT_REDIRECT] 1 : Invalid condition id : UX_CORESTACK_Condition cause : null
2024-06-11 20:06:05,292 [INFO] LogOutputStream:77 - [STDOUT_REDIRECT] 1 : Invalid condition id : UX_CORESTACK_Condition cause : null
2024-06-11 20:06:05,293 [INFO] LogOutputStream:77 - [STDOUT_REDIRECT] 1 : Invalid condition id : UX_CORESTACK_Condition cause : null
2024-06-11 20:06:05,294 [INFO] LogOutputStream:77 - [STDOUT_REDIRECT] 1 : Invalid condition id : UX_CORESTACK_Condition cause : null
2024-06-11 20:06:05,296 [INFO] LogOutputStream:77 - [STDOUT_REDIRECT] 1 : Invalid condition id : UX_CORESTACK_Condition cause : null
2024-06-11 20:06:05,298 [WARN] PackLoader:240 - Cannot read IP mode file for STMicroelectronics.X-CUBE-AZRTOS-WL.2.0.0
2024-06-11 20:06:05,316 [WARN] PackLoader:240 - Cannot read IP mode file for STMicroelectronics.FP-SNS-MOTENV1.5.0.0
2024-06-11 20:06:05,338 [WARN] PackLoader:240 - Cannot read IP mode file for WES.I-CUBE-Cesium.1.3.0
2024-06-11 20:06:05,356 [WARN] PackLoader:240 - Cannot read IP mode file for STMicroelectronics.X-CUBE-BLE2.3.3.0
2024-06-11 20:06:05,370 [WARN] PackLoader:240 - Cannot read IP mode file for STMicroelectronics.X-CUBE-TCPP.4.1.0
2024-06-11 20:06:05,384 [WARN] PackLoader:240 - Cannot read IP mode file for STMicroelectronics.X-CUBE-ALGOBUILD.1.3.0
2024-06-11 20:06:05,409 [WARN] PackLoader:240 - Cannot read IP mode file for STMicroelectronics.X-CUBE-AZRTOS-G0.1.1.0
2024-06-11 20:06:05,425 [WARN] PackLoader:240 - Cannot read IP mode file for STMicroelectronics.X-CUBE-SAFEA1.1.2.2
2024-06-11 20:06:05,436 [WARN] PackLoader:240 - Cannot read IP mode file for STMicroelectronics.X-CUBE-NFC4.3.0.0
2024-06-11 20:06:05,447 [WARN] PackLoader:240 - Cannot read IP mode file for wolfSSL.I-CUBE-wolfMQTT.1.18.0
2024-06-11 20:06:05,461 [WARN] PackLoader:240 - Cannot read IP mode file for STMicroelectronics.X-CUBE-BLEMGR.3.0.0
2024-06-11 20:06:05,473 [WARN] PackLoader:240 - Cannot read IP mode file for STMicroelectronics.FP-ATR-SIGFOX1.3.2.0
2024-06-11 20:06:05,485 [WARN] PackLoader:240 - Cannot read IP mode file for STMicroelectronics.X-CUBE-EEPRMA1.5.1.0
2024-06-11 20:06:05,522 [WARN] PackLoader:240 - Cannot read IP mode file for SEGGER.I-CUBE-embOS.1.3.1
2024-06-11 20:06:05,560 [WARN] PackLoader:240 - Cannot read IP mode file for STMicroelectronics.X-CUBE-ALGOBUILD.1.4.0
2024-06-11 20:06:05,572 [WARN] PackLoader:240 - Cannot read IP mode file for STMicroelectronics.X-CUBE-GNSS1.6.0.0
2024-06-11 20:06:05,595 [WARN] PackLoader:240 - Cannot read IP mode file for STMicroelectronics.X-CUBE-AZRTOS-F4.1.1.0
2024-06-11 20:06:05,607 [WARN] PackLoader:240 - Cannot read IP mode file for STMicroelectronics.X-CUBE-FREERTOS.1.2.0
2024-06-11 20:06:05,618 [WARN] PackLoader:240 - Cannot read IP mode file for wolfSSL.I-CUBE-wolfSSL.5.6.6
2024-06-11 20:06:05,640 [WARN] PackLoader:240 - Cannot read IP mode file for STMicroelectronics.X-CUBE-AZRTOS-L5.2.0.0
2024-06-11 20:06:05,653 [WARN] PackLoader:240 - Cannot read IP mode file for STMicroelectronics.X-CUBE-EEPRMA1.4.2.0
2024-06-11 20:06:05,665 [WARN] PackLoader:240 - Cannot read IP mode file for STMicroelectronics.X-CUBE-NFC6.3.1.0
2024-06-11 20:06:05,678 [WARN] PackLoader:240 - Cannot read IP mode file for ITTIA_DB.I-CUBE-ITTIADB.8.8.0
2024-06-11 20:06:05,689 [WARN] PackLoader:240 - Cannot read IP mode file for STMicroelectronics.X-CUBE-AI.9.0.0
2024-06-11 20:06:05,700 [WARN] PackLoader:240 - Cannot read IP mode file for STMicroelectronics.X-CUBE-NFC7.1.0.1
2024-06-11 20:06:05,711 [WARN] PackLoader:240 - Cannot read IP mode file for STMicroelectronics.X-CUBE-NFC6.3.0.0
2024-06-11 20:06:05,727 [WARN] PackLoader:240 - Cannot read IP mode file for STMicroelectronics.X-CUBE-AI.8.1.0
2024-06-11 20:06:05,764 [WARN] ConditionMgr:438 - getConditionDescription Invalid condition id : LAN8742 Phy interface Condition cause : null
2024-06-11 20:06:05,764 [WARN] PackLoader:240 - Cannot read IP mode file for STMicroelectronics.X-CUBE-AZRTOS-L4.2.0.0
2024-06-11 20:06:05,765 [WARN] ConditionMgr:1039 - genDependencies : Invalid condition id : LAN8742 Phy interface Condition cause : null
2024-06-11 20:06:05,766 [WARN] ConditionMgr:1039 - genDependencies : Invalid condition id : LAN8742 Phy interface Condition cause : null
2024-06-11 20:06:05,766 [WARN] ConditionMgr:1039 - genDependencies : Invalid condition id : LAN8742 Phy interface Condition cause : null
2024-06-11 20:06:05,789 [WARN] PackLoader:240 - Cannot read IP mode file for STMicroelectronics.X-CUBE-SFXS2LP1.4.0.0
2024-06-11 20:06:05,813 [WARN] ConditionMgr:438 - getConditionDescription Invalid condition id : UX DEVICE CLASS RTOS Condition cause : null
2024-06-11 20:06:05,814 [WARN] ConditionMgr:438 - getConditionDescription Invalid condition id : UX DEVICE CLASS RTOS Condition cause : null
2024-06-11 20:06:05,816 [WARN] PackLoader:240 - Cannot read IP mode file for STMicroelectronics.X-CUBE-AZRTOS-WB.2.0.0
2024-06-11 20:06:05,817 [WARN] ConditionMgr:1039 - genDependencies : Invalid condition id : UX DEVICE CLASS RTOS Condition cause : null
2024-06-11 20:06:05,817 [WARN] ConditionMgr:1039 - genDependencies : Invalid condition id : UX DEVICE CLASS RTOS Condition cause : null
2024-06-11 20:06:05,818 [WARN] ConditionMgr:1039 - genDependencies : Invalid condition id : UX DEVICE CLASS RTOS Condition cause : null
2024-06-11 20:06:05,818 [WARN] ConditionMgr:1039 - genDependencies : Invalid condition id : UX DEVICE CLASS RTOS Condition cause : null
2024-06-11 20:06:05,818 [WARN] ConditionMgr:1039 - genDependencies : Invalid condition id : UX DEVICE CLASS RTOS Condition cause : null
2024-06-11 20:06:05,836 [WARN] PackLoader:240 - Cannot read IP mode file for STMicroelectronics.X-CUBE-SUBG2.5.0.0
2024-06-11 20:06:05,860 [WARN] PackLoader:240 - Cannot read IP mode file for STMicroelectronics.X-CUBE-AZRTOS-G4.2.0.0
2024-06-11 20:06:05,879 [WARN] PackLoader:240 - Cannot read IP mode file for Infineon.AIROC-Wi-Fi-Bluetooth-STM32.1.5.1
2024-06-11 20:06:05,890 [WARN] PackLoader:240 - Cannot read IP mode file for STMicroelectronics.FP-SNS-MOTENVWB1.1.3.1
2024-06-11 20:06:05,900 [WARN] PackLoader:240 - Cannot read IP mode file for STMicroelectronics.X-CUBE-ISPU.2.0.0
2024-06-11 20:06:05,910 [WARN] PackLoader:240 - Cannot read IP mode file for STMicroelectronics.X-CUBE-ALS.1.0.2
2024-06-11 20:06:05,950 [WARN] PackLoader:240 - Cannot read IP mode file for STMicroelectronics.X-CUBE-MEMS1.10.0.0
2024-06-11 20:06:06,029 [WARN] PackLoader:240 - Cannot read IP mode file for STMicroelectronics.X-CUBE-FREERTOS.1.1.0
2024-06-11 20:06:06,040 [WARN] PackLoader:240 - Cannot read IP mode file for portGmbH.I-Cube-SoM-uGOAL.1.1.0
2024-06-11 20:06:06,053 [WARN] PackLoader:240 - Cannot read IP mode file for STMicroelectronics.X-CUBE-ALS.1.0.1
2024-06-11 20:06:06,076 [WARN] PackLoader:240 - Cannot read IP mode file for STMicroelectronics.X-CUBE-AZRTOS-H7RS.1.0.0
2024-06-11 20:06:06,087 [WARN] PackLoader:240 - Cannot read IP mode file for STMicroelectronics.FP-ATR-ASTRA1.2.0.0
2024-06-11 20:06:06,104 [WARN] PackLoader:240 - Cannot read IP mode file for STMicroelectronics.X-CUBE-TOF1.3.4.0
2024-06-11 20:06:06,131 [WARN] PackLoader:240 - Cannot read IP mode file for STMicroelectronics.X-CUBE-TOF1.3.4.1
2024-06-11 20:06:06,162 [WARN] PackLoader:240 - Cannot read IP mode file for STMicroelectronics.X-CUBE-AZRTOS-H7.3.2.0
2024-06-11 20:06:06,164 [INFO] ThirdParty:978 - Integrity check success = true
2024-06-11 20:06:06,165 [INFO] IntegrityCheckThread:100 - exiting critical section [integrity check]
2024-06-11 20:06:06,165 [INFO] IntegrityCheckThread:103 - End integrity checks thread
2024-06-11 20:06:06,310 [INFO] McuFinderGlobals:63 - Set McuFinder mode to 2 (CubeIDE integrated)
2024-06-11 20:06:06,314 [INFO] MainUpdater:2873 - connection check result : 10
2024-06-11 20:06:06,315 [INFO] MainUpdater:2873 - connection check result : 10
2024-06-11 20:06:06,349 [INFO] MicroXplorer:468 - Change Database Path : 
2024-06-11 20:06:06,350 [INFO] MicroXplorer:498 - Change Database Version : DB.6.0.111
2024-06-11 20:06:06,361 [WARN] ThirdParty:871 - waiting for thirdparty lock release [close project]
2024-06-11 20:06:06,361 [INFO] ThirdParty:873 - entering critical section [close project]
2024-06-11 20:06:06,362 [INFO] ThirdParty:883 - exiting critical section [close project]
2024-06-11 20:06:06,366 [INFO] PinOutPanel:1561 - setPackage(No Configuration,No Configuration)
2024-06-11 20:06:06,369 [INFO] UtilMem:75 - Begin LoadConfig() Used Memory: 208575424 Bytes (414187520)
2024-06-11 20:06:06,371 [INFO] MicroXplorer:468 - Change Database Path : 
2024-06-11 20:06:06,372 [INFO] MicroXplorer:498 - Change Database Version : DB.6.0.111
2024-06-11 20:06:06,372 [INFO] OpenFileManager:312 - Change cursor
2024-06-11 20:06:06,423 [INFO] Mcu:2021 - Initializing MCU STM32H747XIHx STM32H747XIHx STM32H747XIH6
2024-06-11 20:06:07,355 [INFO] WebApp:161 - Instantiating new browser for Auth
2024-06-11 20:06:08,240 [INFO] WebApp:779 - Register for checkConnection events
2024-06-11 20:06:08,240 [INFO] WebApp:414 - Apply proxy settings
2024-06-11 20:06:08,240 [INFO] WebApp:499 - Chromium requires no authentication
2024-06-11 20:06:08,254 [INFO] WebApp:442 - Direct internet connection detected
2024-06-11 20:06:08,535 [INFO] WebApp:192 - Starting web application
2024-06-11 20:06:08,535 [INFO] WebApp:544 - Web application path used D:\ST\STM32CubeIDE_1.15.1\STM32CubeIDE\plugins\com.st.stm32cube.common.mx_6.11.1.202404110753\db\plugins\mcufinder\reactClient1\index.html
2024-06-11 20:06:10,877 [INFO] Context:663 - Trying to add GPIOservice into a context  which must be forbidden
2024-06-11 20:06:10,878 [INFO] Context:663 - Trying to add GPIOservice into a context  which must be forbidden
2024-06-11 20:06:12,855 [INFO] Context:663 - Trying to add GPIOservice into a context  which must be forbidden
2024-06-11 20:06:12,856 [INFO] Context:663 - Trying to add GPIOservice into a context  which must be forbidden
2024-06-11 20:06:13,026 [INFO] RtosManager:555 - Registered RTOS mode: class=CMSIS, group=RTOS, mode=CMSIS_V1, owner=FREERTOS_M7
2024-06-11 20:06:13,027 [INFO] RtosManager:555 - Registered RTOS mode: class=CMSIS, group=RTOS2, mode=CMSIS_V2, owner=FREERTOS_M7
2024-06-11 20:06:13,027 [INFO] RtosManager:555 - Registered RTOS mode: class=RTOS, group=Core, mode=CMSIS_V1, owner=FREERTOS_M7
2024-06-11 20:06:13,027 [INFO] RtosManager:555 - Registered RTOS mode: class=RTOS, group=Core, mode=CMSIS_V2, owner=FREERTOS_M7
2024-06-11 20:06:13,027 [WARN] ModelIntegratedComponent:184 - Missing modes for component STMicroelectronics:FreeRTOS:0.0.1:STMicroelectronics:RTOS:FreeRTOS:Core:::10.2.0:
2024-06-11 20:06:13,042 [WARN] ModelIntegratedComponent:63 - No mode defined for component null
2024-06-11 20:06:13,042 [WARN] ModelIntegratedComponent:63 - No mode defined for component null
2024-06-11 20:06:13,042 [WARN] ModelIntegratedComponent:63 - No mode defined for component null
2024-06-11 20:06:13,042 [WARN] ModelIntegratedComponent:63 - No mode defined for component null
2024-06-11 20:06:13,042 [WARN] ModelIntegratedComponent:63 - No mode defined for component null
2024-06-11 20:06:13,043 [WARN] ModelIntegratedComponent:63 - No mode defined for component null
2024-06-11 20:06:13,043 [WARN] ModelIntegratedComponent:63 - No mode defined for component null
2024-06-11 20:06:13,043 [WARN] ModelIntegratedComponent:63 - No mode defined for component null
2024-06-11 20:06:13,043 [WARN] ModelIntegratedComponent:63 - No mode defined for component null
2024-06-11 20:06:13,043 [WARN] ModelIntegratedComponent:63 - No mode defined for component null
2024-06-11 20:06:13,043 [WARN] ModelIntegratedComponent:63 - No mode defined for component null
2024-06-11 20:06:13,043 [WARN] ModelIntegratedComponent:63 - No mode defined for component null
2024-06-11 20:06:13,043 [WARN] ModelIntegratedComponent:63 - No mode defined for component null
2024-06-11 20:06:13,043 [WARN] ModelIntegratedComponent:63 - No mode defined for component null
2024-06-11 20:06:13,043 [WARN] ModelIntegratedComponent:63 - No mode defined for component null
2024-06-11 20:06:13,043 [WARN] ModelIntegratedComponent:63 - No mode defined for component null
2024-06-11 20:06:13,043 [WARN] ModelIntegratedComponent:63 - No mode defined for component null
2024-06-11 20:06:13,043 [WARN] ModelIntegratedComponent:63 - No mode defined for component null
2024-06-11 20:06:13,043 [WARN] ModelIntegratedComponent:63 - No mode defined for component null
2024-06-11 20:06:13,043 [WARN] ModelIntegratedComponent:63 - No mode defined for component null
2024-06-11 20:06:13,043 [WARN] ModelIntegratedComponent:63 - No mode defined for component null
2024-06-11 20:06:13,043 [WARN] ModelIntegratedComponent:63 - No mode defined for component null
2024-06-11 20:06:13,043 [WARN] ModelIntegratedComponent:63 - No mode defined for component null
2024-06-11 20:06:13,044 [WARN] ModelIntegratedComponent:63 - No mode defined for component null
2024-06-11 20:06:13,044 [WARN] ModelIntegratedComponent:63 - No mode defined for component null
2024-06-11 20:06:13,044 [WARN] ModelIntegratedComponent:63 - No mode defined for component null
2024-06-11 20:06:13,044 [WARN] ModelIntegratedComponent:63 - No mode defined for component null
2024-06-11 20:06:13,044 [WARN] ModelIntegratedComponent:63 - No mode defined for component null
2024-06-11 20:06:13,044 [WARN] ModelIntegratedComponent:63 - No mode defined for component null
2024-06-11 20:06:13,044 [WARN] ModelIntegratedComponent:63 - No mode defined for component null
2024-06-11 20:06:13,044 [WARN] ModelIntegratedComponent:63 - No mode defined for component null
2024-06-11 20:06:13,044 [WARN] ModelIntegratedComponent:63 - No mode defined for component null
2024-06-11 20:06:13,044 [WARN] ModelIntegratedComponent:63 - No mode defined for component null
2024-06-11 20:06:13,044 [WARN] ModelIntegratedComponent:63 - No mode defined for component null
2024-06-11 20:06:13,198 [INFO] RtosManager:555 - Registered RTOS mode: class=CMSIS, group=RTOS, mode=CMSIS_V1, owner=FREERTOS_M4
2024-06-11 20:06:13,198 [INFO] RtosManager:555 - Registered RTOS mode: class=CMSIS, group=RTOS2, mode=CMSIS_V2, owner=FREERTOS_M4
2024-06-11 20:06:13,198 [INFO] RtosManager:555 - Registered RTOS mode: class=RTOS, group=Core, mode=CMSIS_V1, owner=FREERTOS_M4
2024-06-11 20:06:13,198 [INFO] RtosManager:555 - Registered RTOS mode: class=RTOS, group=Core, mode=CMSIS_V2, owner=FREERTOS_M4
2024-06-11 20:06:13,198 [WARN] ModelIntegratedComponent:184 - Missing modes for component STMicroelectronics:FreeRTOS:0.0.1:STMicroelectronics:RTOS:FreeRTOS:Core:::10.2.0:
2024-06-11 20:06:13,205 [WARN] ModelIntegratedComponent:63 - No mode defined for component null
2024-06-11 20:06:13,205 [WARN] ModelIntegratedComponent:63 - No mode defined for component null
2024-06-11 20:06:13,205 [WARN] ModelIntegratedComponent:63 - No mode defined for component null
2024-06-11 20:06:13,205 [WARN] ModelIntegratedComponent:63 - No mode defined for component null
2024-06-11 20:06:13,206 [WARN] ModelIntegratedComponent:63 - No mode defined for component null
2024-06-11 20:06:13,206 [WARN] ModelIntegratedComponent:63 - No mode defined for component null
2024-06-11 20:06:13,206 [WARN] ModelIntegratedComponent:63 - No mode defined for component null
2024-06-11 20:06:13,206 [WARN] ModelIntegratedComponent:63 - No mode defined for component null
2024-06-11 20:06:13,206 [WARN] ModelIntegratedComponent:63 - No mode defined for component null
2024-06-11 20:06:13,206 [WARN] ModelIntegratedComponent:63 - No mode defined for component null
2024-06-11 20:06:13,206 [WARN] ModelIntegratedComponent:63 - No mode defined for component null
2024-06-11 20:06:13,206 [WARN] ModelIntegratedComponent:63 - No mode defined for component null
2024-06-11 20:06:13,206 [WARN] ModelIntegratedComponent:63 - No mode defined for component null
2024-06-11 20:06:13,206 [WARN] ModelIntegratedComponent:63 - No mode defined for component null
2024-06-11 20:06:13,206 [WARN] ModelIntegratedComponent:63 - No mode defined for component null
2024-06-11 20:06:13,206 [WARN] ModelIntegratedComponent:63 - No mode defined for component null
2024-06-11 20:06:13,206 [WARN] ModelIntegratedComponent:63 - No mode defined for component null
2024-06-11 20:06:13,206 [WARN] ModelIntegratedComponent:63 - No mode defined for component null
2024-06-11 20:06:13,206 [WARN] ModelIntegratedComponent:63 - No mode defined for component null
2024-06-11 20:06:13,206 [WARN] ModelIntegratedComponent:63 - No mode defined for component null
2024-06-11 20:06:13,206 [WARN] ModelIntegratedComponent:63 - No mode defined for component null
2024-06-11 20:06:13,206 [WARN] ModelIntegratedComponent:63 - No mode defined for component null
2024-06-11 20:06:13,206 [WARN] ModelIntegratedComponent:63 - No mode defined for component null
2024-06-11 20:06:13,206 [WARN] ModelIntegratedComponent:63 - No mode defined for component null
2024-06-11 20:06:13,207 [WARN] ModelIntegratedComponent:63 - No mode defined for component null
2024-06-11 20:06:13,207 [WARN] ModelIntegratedComponent:63 - No mode defined for component null
2024-06-11 20:06:13,207 [WARN] ModelIntegratedComponent:63 - No mode defined for component null
2024-06-11 20:06:13,207 [WARN] ModelIntegratedComponent:63 - No mode defined for component null
2024-06-11 20:06:13,207 [WARN] ModelIntegratedComponent:63 - No mode defined for component null
2024-06-11 20:06:13,207 [WARN] ModelIntegratedComponent:63 - No mode defined for component null
2024-06-11 20:06:13,207 [WARN] ModelIntegratedComponent:63 - No mode defined for component null
2024-06-11 20:06:13,207 [WARN] ModelIntegratedComponent:63 - No mode defined for component null
2024-06-11 20:06:13,207 [WARN] ModelIntegratedComponent:63 - No mode defined for component null
2024-06-11 20:06:13,207 [WARN] ModelIntegratedComponent:63 - No mode defined for component null
2024-06-11 20:06:13,302 [INFO] ThirdPartyModel:298 - Start build external matchings
2024-06-11 20:06:13,726 [INFO] ThirdPartyModel:316 - End build external matchings
2024-06-11 20:06:13,736 [INFO] ThirdPartyModel:298 - Start build external matchings
2024-06-11 20:06:14,140 [INFO] ThirdPartyModel:316 - End build external matchings
2024-06-11 20:06:14,640 [INFO] ApiDb:581 - Connected to CubeFinder SQLite database (C:\Users\andre\.stmcufinder\plugins\mcufinder\mcu\cube-finder-db.db)
2024-06-11 20:06:14,746 [INFO] ApiDb:668 - CubeFinder database Data Model version=2.1
2024-06-11 20:06:14,746 [INFO] ApiDb:669 - CubeFinder database Configuration version=3.0.39
2024-06-11 20:06:14,746 [INFO] ApiDb:670 - CubeFinder database generation date=2024-05-16 (1715872938)
2024-06-11 20:06:14,746 [INFO] ApiDb:671 - CubeFinder database FW Pack versions=[FP-ATR-ASTRA1_V2.0.0, FP-SNS-FLIGHT1_V5.0.1, FP-SNS-FLIGHT1_V5.0.2, FP-SNS-MOTENV1_V4.3.1, FP-SNS-MOTENV1_V4.3.2, FP-SNS-MOTENV1_V5.0.0, FP-SNS-MOTENVWB1_V1.4.0, FP-SNS-SMARTAG2_V1.2.0, STM32Cube_FW_C0_V1.1.0, STM32Cube_FW_F4_V1.28.0, STM32Cube_FW_F7_V1.17.0, STM32Cube_FW_G0_V1.6.2, STM32Cube_FW_G4_V1.5.2, STM32Cube_FW_H5_V0.5.1, STM32Cube_FW_H5_V1.1.1, STM32Cube_FW_H5_V1.2.0, STM32Cube_FW_H5_V1.2.0RC4, STM32Cube_FW_H7RS_V1.0.0, STM32Cube_FW_H7RS_V1.0.0RC4, STM32Cube_FW_H7_V1.11.0, STM32Cube_FW_L0_V1.12.2, STM32Cube_FW_L5_V1.5.1, STM32Cube_FW_U0_V1.0.0, STM32Cube_FW_U0_V1.0.0RC1, STM32Cube_FW_U5_V1.3.0RC4, STM32Cube_FW_U5_V1.5.0, STM32Cube_FW_U5_V1.5.0RC1, STM32Cube_FW_WBA_V1.0.0RC1, STM32Cube_FW_WBA_V1.2.0, STM32Cube_FW_WBA_V1.2.0RC2, STM32Cube_FW_WBA_V1.3.0, STM32Cube_FW_WBA_V1.3.0RC1, STM32Cube_FW_WB_V1.15.0RC1, STM32Cube_FW_WB_V1.16.0, STM32Cube_FW_WB_V1.16.0RC2, STM32Cube_FW_WB_V1.18.0, STM32Cube_FW_WB_V1.19.0, STM32Cube_FW_WL_V1.3.0, X-CUBE-ALGOBUILD_V1.4.0, X-CUBE-ALS_V1.0.1, X-CUBE-AZRTOS-F4_V1.1.0, X-CUBE-AZRTOS-F7_V1.1.0, X-CUBE-AZRTOS-G0_V1.1.0, X-CUBE-AZRTOS-G4_V2.0.0, X-CUBE-AZRTOS-H7_V3.2.0, X-CUBE-AZRTOS-L4_V1.0.0, X-CUBE-AZRTOS-L4_V2.0.0, X-CUBE-AZRTOS-L5_V1.1.0, X-CUBE-AZRTOS-WB_V2.0.0, X-CUBE-AZRTOS-WL_V2.0.0, X-CUBE-BLE1_V7.0.0, X-CUBE-BLE2_V3.3.0, X-CUBE-BLEMGR_V3.1.0, X-CUBE-EEPRMA1_V4.1.0, X-CUBE-EEPRMA1_V5.1.0, X-CUBE-FREERTOS_V1.1.0, X-CUBE-GNSS1_V6.0.0, X-CUBE-MEMS1_V10.0.0, X-CUBE-MEMS1_V9.1.0, X-CUBE-MEMS1_V9.4.0, X-CUBE-MEMS1_V9.6.0, X-CUBE-NFC4_V3.0.0, X-CUBE-NFC7_V1.0.1, X-CUBE-SFXS2LP1_V4.0.0, X-CUBE-SUBG2_V5.0.0, X-CUBE-TOF1_V3.4.0]
2024-06-11 20:06:14,888 [INFO] DbBoardsSqlite:226 - include board P-NUCLEO-WB55-NUCLEO as a kit item of type 'Nucleo-64'
2024-06-11 20:06:14,888 [INFO] DbBoardsSqlite:226 - include board P-NUCLEO-WB55-USBDONGLE as a kit item of type 'Nucleo USB Dongle'
2024-06-11 20:06:14,890 [INFO] DbBoardsSqlite:226 - include board STEVAL-IDP005V1 as a kit item of type 'Evaluation Board'
2024-06-11 20:06:14,890 [INFO] DbBoardsSqlite:226 - include board STEVAL-IDP005V2 as a kit item of type 'Evaluation Board'
2024-06-11 20:06:15,377 [INFO] ApiDb:240 - Found 483 in-development CPN: [B-G473E-ZEST1S, B-WB1M-WPAN1, B-WL5M-SUBG1, NUCLEO-C031C6, NUCLEO-H503RB, NUCLEO-H533RE, NUCLEO-H563ZI, NUCLEO-H7S3L8, NUCLEO-U031R8, NUCLEO-U083RC, NUCLEO-U545RE-Q, NUCLEO-U5A5ZJ-Q, NUCLEO-WBA52CG, NUCLEO-WBA55CG, STEVAL-PROTEUS1, STEVAL-SMARTAG2, STEVAL-STWINBX1, STM320518-EVAL, STM32C0116-DK, STM32C011D6Y3TR, STM32C011D6Y6TR, STM32C011F4P3, STM32C011F4P6, STM32C011F4U3, STM32C011F4U6TR, STM32C011F6P3, STM32C011F6P6, STM32C011F6U3, STM32C011F6U6TR, STM32C011J4M3, STM32C011J4M6, STM32C011J6M3, STM32C011J6M6, STM32C0316-DK, STM32C031C4T3, STM32C031C4T6, STM32C031C4U3, STM32C031C4U6, STM32C031C6T3, STM32C031C6T6, STM32C031C6U3, STM32C031C6U6, STM32C031F4P3, STM32C031F4P6, STM32C031F6P3, STM32C031F6P6, STM32C031G4U3, STM32C031G4U6, STM32C031G6U3, STM32C031G6U6, STM32C031K4T3, STM32C031K4T6, STM32C031K4U3, STM32C031K4U6, STM32C031K6T3, STM32C031K6T6, STM32C031K6U3, STM32C031K6U6, STM32G071K8TXN, STM32G071K8UXN, STM32G081GBU6N, STM32G081KBT6N, STM32G081KBUXN, STM32G0B1CCT6N, STM32G0B1KCT6, STM32G0B1NEY6TR, STM32G0B1RCT6N, STM32G0C1CCT6, STM32G0C1CCT6N, STM32G0C1CCU6N, STM32G0C1CET6N, STM32G0C1CEU6N, STM32G0C1KCT6, STM32G0C1NEY6TR, STM32G0C1RCI6N, STM32G0C1RCT6N, STM32G0C1REI6N, STM32G0C1RET6N, STM32G0C1VCI6, STM32G0C1VEI6, STM32G471CCT6, STM32G471CCU6, STM32G471CET3, STM32G471CET6, STM32G471CEU3, STM32G471CEU6, STM32G471MCT6, STM32G471MET3, STM32G471MET6, STM32G471MEY6TR, STM32G471QCT6, STM32G471QET3, STM32G471RCT6, STM32G471RET3, STM32G471RET6, STM32G471VCH6, STM32G471VCI6, STM32G471VCT6, STM32G471VEH3, STM32G471VEH6, STM32G471VEI3, STM32G471VEI6, STM32G471VET3, STM32G471VET6, STM32G474CCT6, STM32H503CBT6, STM32H503CBU6, STM32H503EBY6TR, STM32H503KBU6, STM32H503RBT6, STM32H523CCT6, STM32H523CCU6, STM32H523CET6, STM32H523CEU6, STM32H523HEY6TR, STM32H523RCT6, STM32H523RET6, STM32H523VCI6, STM32H523VCT6, STM32H523VEI6, STM32H523VET6, STM32H523ZCJ6, STM32H523ZCT6, STM32H523ZEJ6, STM32H523ZET6, STM32H533CET6, STM32H533CEU6, STM32H533HEY6TR, STM32H533RET6, STM32H533VEI6, STM32H533VET6, STM32H533ZEJ6, STM32H533ZET6, STM32H562AGI6, STM32H562AII6, STM32H562IGK6, STM32H562IGT6, STM32H562IIK6, STM32H562IIT6, STM32H562RGT6, STM32H562RGV6, STM32H562RIT6, STM32H562RIV6, STM32H562VGT6, STM32H562VIT6, STM32H562ZGT6, STM32H562ZIT6, STM32H563AGI6, STM32H563AII3Q, STM32H563AII6, STM32H563IGK6, STM32H563IGT6, STM32H563IIK3Q, STM32H563IIK6, STM32H563IIT3Q, STM32H563IIT6, STM32H563MIY3QTR, STM32H563RGT6, STM32H563RGV6, STM32H563RIT6, STM32H563RIV6, STM32H563VGT6, STM32H563VIT3Q, STM32H563VIT6, STM32H563ZGT6, STM32H563ZIT3Q, STM32H563ZIT6, STM32H573AII3Q, STM32H573AII6, STM32H573I-DK, STM32H573IIK3Q, STM32H573IIK6, STM32H573IIT3Q, STM32H573IIT6, STM32H573MIY3QTR, STM32H573RIT6, STM32H573RIV6, STM32H573VIT3Q, STM32H573VIT6, STM32H573ZIT3Q, STM32H573ZIT6, STM32H7R3A8I6, STM32H7R3I8K6, STM32H7R3I8T6, STM32H7R3L8H6, STM32H7R3L8H6H, STM32H7R3R8V6, STM32H7R3V8H6, STM32H7R3V8T6, STM32H7R3V8Y6, STM32H7R3Z8J6, STM32H7R3Z8T6, STM32H7R7A8I6, STM32H7R7I8K6, STM32H7R7I8T6, STM32H7R7L8H6, STM32H7R7L8H6H, STM32H7R7Z8J6, STM32H7S3A8I6, STM32H7S3I8K6, STM32H7S3I8T6, STM32H7S3L8H6, STM32H7S3L8H6H, STM32H7S3R8V6, STM32H7S3V8H6, STM32H7S3V8T6, STM32H7S3V8Y6, STM32H7S3Z8J6, STM32H7S3Z8T6, STM32H7S78-DK, STM32H7S7A8I6, STM32H7S7I8K6, STM32H7S7I8T6, STM32H7S7L8H6, STM32H7S7L8H6H, STM32H7S7Z8J6, STM32L4R5QGI6STR, STM32MP131AAE3, STM32MP131AAF3, STM32MP131AAG3, STM32MP131CAE3, STM32MP131CAF3, STM32MP131CAG3, STM32MP131DAE7, STM32MP131DAF7, STM32MP131DAG7, STM32MP131FAE7, STM32MP131FAF7, STM32MP131FAG7, STM32MP133AAE3, STM32MP133AAF3, STM32MP133AAG3, STM32MP133CAE3, STM32MP133CAF3, STM32MP133CAG3, STM32MP133DAE7, STM32MP133DAF7, STM32MP133DAG7, STM32MP133FAE7, STM32MP133FAF7, STM32MP133FAG7, STM32MP135AAE3, STM32MP135AAF3, STM32MP135AAG3, STM32MP135CAE3, STM32MP135CAF3, STM32MP135CAG3, STM32MP135DAE7, STM32MP135DAF7, STM32MP135DAG7, STM32MP135F-DK, STM32MP135FAE7, STM32MP135FAF7, STM32MP135FAF7T, STM32MP135FAF7U, STM32MP135FAG7, STM32U031C6T6, STM32U031C6U6, STM32U031C8T6, STM32U031C8U6, STM32U031F4P6, STM32U031F6P6, STM32U031F8P6, STM32U031G6Y6TR, STM32U031G8Y6TR, STM32U031K4U6, STM32U031K6U6, STM32U031K8U6, STM32U031R6I6, STM32U031R6T6, STM32U031R8I6, STM32U031R8T6, STM32U073C8T6, STM32U073C8U6, STM32U073CBT6, STM32U073CBU6, STM32U073CCT6, STM32U073CCU6, STM32U073H8Y6TR, STM32U073HBY6TR, STM32U073HCY6TR, STM32U073K8U6, STM32U073KBU6, STM32U073KCU6, STM32U073M8I6, STM32U073M8T6, STM32U073MBI6, STM32U073MBT6, STM32U073MCI6, STM32U073MCT6, STM32U073R8I6, STM32U073R8T6, STM32U073RBI6, STM32U073RBT6, STM32U073RCI6, STM32U073RCT6, STM32U083C-DK, STM32U083CCT6, STM32U083CCU6, STM32U083HCY6TR, STM32U083KCU6, STM32U083MCI6, STM32U083MCT6, STM32U083RCI6, STM32U083RCT6, STM32U535CBT6, STM32U535CBT6Q, STM32U535CBU6, STM32U535CBU6Q, STM32U535CCT6, STM32U535CCT6Q, STM32U535CCU6, STM32U535CCU6Q, STM32U535CET6, STM32U535CET6Q, STM32U535CEU6, STM32U535CEU6Q, STM32U535JEY6QTR, STM32U535NCY6QTR, STM32U535NEY6QTR, STM32U535RBI6, STM32U535RBI6Q, STM32U535RBT6, STM32U535RBT6Q, STM32U535RCI6, STM32U535RCI6Q, STM32U535RCT6, STM32U535RCT6Q, STM32U535REI6, STM32U535REI6Q, STM32U535RET6, STM32U535RET6Q, STM32U535VCI6, STM32U535VCI6Q, STM32U535VCT6, STM32U535VCT6Q, STM32U535VEI6, STM32U535VEI6Q, STM32U535VET6, STM32U535VET6Q, STM32U545CET6, STM32U545CET6Q, STM32U545CEU6, STM32U545CEU6Q, STM32U545JEY6QTR, STM32U545NEY6QTR, STM32U545REI6, STM32U545REI6Q, STM32U545RET6, STM32U545RET6Q, STM32U545VEI6, STM32U545VEI6Q, STM32U545VET6, STM32U545VET6Q, STM32U595AIH6, STM32U595AIH6Q, STM32U595AJH6, STM32U595AJH6Q, STM32U595QII6, STM32U595QII6Q, STM32U595QJI6, STM32U595QJI6Q, STM32U595RIT6, STM32U595RIT6Q, STM32U595RJT6, STM32U595RJT6Q, STM32U595VIT6, STM32U595VIT6Q, STM32U595VJT6, STM32U595VJT6Q, STM32U595ZIT6, STM32U595ZIT6Q, STM32U595ZIY6QTR, STM32U595ZJT6, STM32U595ZJT6Q, STM32U595ZJY6QTR, STM32U599BJY6QTR, STM32U599NIH6Q, STM32U599NJH6Q, STM32U599VIT6Q, STM32U599VJT6, STM32U599VJT6Q, STM32U599ZIT6Q, STM32U599ZIY6QTR, STM32U599ZJT6Q, STM32U599ZJY6QTR, STM32U5A5AJH6, STM32U5A5AJH6Q, STM32U5A5QII3Q , STM32U5A5QJI6, STM32U5A5QJI6Q, STM32U5A5RJT6, STM32U5A5RJT6Q, STM32U5A5VJT6, STM32U5A5VJT6Q, STM32U5A5ZJT6, STM32U5A5ZJT6Q, STM32U5A5ZJY6QTR, STM32U5A9BJY6QTR, STM32U5A9J-DK, STM32U5A9NJH6Q, STM32U5A9VJT6Q, STM32U5A9ZJT6Q, STM32U5A9ZJY6QTR, STM32U5F7VIT6, STM32U5F7VIT6Q, STM32U5F7VJT6, STM32U5F7VJT6Q, STM32U5F9BJY6QTR, STM32U5F9NJH6Q, STM32U5F9VIT6Q, STM32U5F9VJT6Q, STM32U5F9ZIJ6QTR, STM32U5F9ZIT6Q, STM32U5F9ZJJ6QTR, STM32U5F9ZJT6Q, STM32U5G7VJT6, STM32U5G7VJT6Q, STM32U5G9BJY6QTR, STM32U5G9J-DK1, STM32U5G9J-DK2, STM32U5G9NJH6Q, STM32U5G9VJT6Q, STM32U5G9ZJJ6QTR, STM32U5G9ZJT6Q, STM32WB1MMCH6, STM32WBA50KEU6, STM32WBA50KEU6TR, STM32WBA50KGU6, STM32WBA50KGU6TR, STM32WBA52CEU6, STM32WBA52CEU6TR, STM32WBA52CEU7, STM32WBA52CEU7TR, STM32WBA52CGU6, STM32WBA52CGU6TR, STM32WBA52CGU6U, STM32WBA52CGU7, STM32WBA52CGU7TR, STM32WBA52KEU6, STM32WBA52KEU6TR, STM32WBA52KGU6, STM32WBA52KGU6TR, STM32WBA54CEU6, STM32WBA54CEU6TR, STM32WBA54CEU7, STM32WBA54CEU7TR, STM32WBA54CGU6, STM32WBA54CGU6TR, STM32WBA54CGU7, STM32WBA54CGU7TR, STM32WBA54KEU6, STM32WBA54KEU6TR, STM32WBA54KEU7, STM32WBA54KEU7TR, STM32WBA54KGU6, STM32WBA54KGU6TR, STM32WBA54KGU7, STM32WBA54KGU7TR, STM32WBA55CEU6, STM32WBA55CEU6TR, STM32WBA55CEU7, STM32WBA55CEU7TR, STM32WBA55CGU6, STM32WBA55CGU6TR, STM32WBA55CGU6U, STM32WBA55CGU7, STM32WBA55CGU7TR, STM32WBA55G-DK1, STM32WBA55HEF6, STM32WBA55HEF7, STM32WBA55HGF6, STM32WBA55HGF7, STM32WBA55UEI6, STM32WBA55UEI6TR, STM32WBA55UEI7, STM32WBA55UEI7TR, STM32WBA55UGI6, STM32WBA55UGI6TR, STM32WBA55UGI7, STM32WBA55UGI7TR, STM32WL5MOCH6, STM32WL5MOCH6TR]
2024-06-11 20:06:15,531 [INFO] BoardInfo:889 - No configuration file found for board P-NUCLEO-WB55
2024-06-11 20:06:15,531 [INFO] DbBoards:161 - Kit is not supported: P-NUCLEO-WB55
2024-06-11 20:06:15,535 [INFO] BoardInfo:889 - No configuration file found for board STEVAL-BFA001V1B
2024-06-11 20:06:15,535 [INFO] DbBoards:161 - Kit is not supported: STEVAL-BFA001V1B
2024-06-11 20:06:15,536 [INFO] BoardInfo:889 - No configuration file found for board STEVAL-BFA001V2B
2024-06-11 20:06:15,536 [INFO] DbBoards:161 - Kit is not supported: STEVAL-BFA001V2B
2024-06-11 20:06:15,636 [INFO] DbBoards:168 - Found 199 boards, 196 are supported
2024-06-11 20:06:15,636 [INFO] DbBoards:169 - Found 199 boards, 8 of them is supported for  Bsp
2024-06-11 20:06:15,640 [INFO] ApiDb:668 - CubeFinder database Data Model version=2.1
2024-06-11 20:06:15,640 [INFO] ApiDb:669 - CubeFinder database Configuration version=3.0.39
2024-06-11 20:06:15,640 [INFO] ApiDb:670 - CubeFinder database generation date=2024-05-16 (1715872938)
2024-06-11 20:06:15,640 [INFO] ApiDb:671 - CubeFinder database FW Pack versions=[FP-ATR-ASTRA1_V2.0.0, FP-SNS-FLIGHT1_V5.0.1, FP-SNS-FLIGHT1_V5.0.2, FP-SNS-MOTENV1_V4.3.1, FP-SNS-MOTENV1_V4.3.2, FP-SNS-MOTENV1_V5.0.0, FP-SNS-MOTENVWB1_V1.4.0, FP-SNS-SMARTAG2_V1.2.0, STM32Cube_FW_C0_V1.1.0, STM32Cube_FW_F4_V1.28.0, STM32Cube_FW_F7_V1.17.0, STM32Cube_FW_G0_V1.6.2, STM32Cube_FW_G4_V1.5.2, STM32Cube_FW_H5_V0.5.1, STM32Cube_FW_H5_V1.1.1, STM32Cube_FW_H5_V1.2.0, STM32Cube_FW_H5_V1.2.0RC4, STM32Cube_FW_H7RS_V1.0.0, STM32Cube_FW_H7RS_V1.0.0RC4, STM32Cube_FW_H7_V1.11.0, STM32Cube_FW_L0_V1.12.2, STM32Cube_FW_L5_V1.5.1, STM32Cube_FW_U0_V1.0.0, STM32Cube_FW_U0_V1.0.0RC1, STM32Cube_FW_U5_V1.3.0RC4, STM32Cube_FW_U5_V1.5.0, STM32Cube_FW_U5_V1.5.0RC1, STM32Cube_FW_WBA_V1.0.0RC1, STM32Cube_FW_WBA_V1.2.0, STM32Cube_FW_WBA_V1.2.0RC2, STM32Cube_FW_WBA_V1.3.0, STM32Cube_FW_WBA_V1.3.0RC1, STM32Cube_FW_WB_V1.15.0RC1, STM32Cube_FW_WB_V1.16.0, STM32Cube_FW_WB_V1.16.0RC2, STM32Cube_FW_WB_V1.18.0, STM32Cube_FW_WB_V1.19.0, STM32Cube_FW_WL_V1.3.0, X-CUBE-ALGOBUILD_V1.4.0, X-CUBE-ALS_V1.0.1, X-CUBE-AZRTOS-F4_V1.1.0, X-CUBE-AZRTOS-F7_V1.1.0, X-CUBE-AZRTOS-G0_V1.1.0, X-CUBE-AZRTOS-G4_V2.0.0, X-CUBE-AZRTOS-H7_V3.2.0, X-CUBE-AZRTOS-L4_V1.0.0, X-CUBE-AZRTOS-L4_V2.0.0, X-CUBE-AZRTOS-L5_V1.1.0, X-CUBE-AZRTOS-WB_V2.0.0, X-CUBE-AZRTOS-WL_V2.0.0, X-CUBE-BLE1_V7.0.0, X-CUBE-BLE2_V3.3.0, X-CUBE-BLEMGR_V3.1.0, X-CUBE-EEPRMA1_V4.1.0, X-CUBE-EEPRMA1_V5.1.0, X-CUBE-FREERTOS_V1.1.0, X-CUBE-GNSS1_V6.0.0, X-CUBE-MEMS1_V10.0.0, X-CUBE-MEMS1_V9.1.0, X-CUBE-MEMS1_V9.4.0, X-CUBE-MEMS1_V9.6.0, X-CUBE-NFC4_V3.0.0, X-CUBE-NFC7_V1.0.1, X-CUBE-SFXS2LP1_V4.0.0, X-CUBE-SUBG2_V5.0.0, X-CUBE-TOF1_V3.4.0]
2024-06-11 20:06:17,583 [INFO] ApiDb:240 - Found 483 in-development CPN: [B-G473E-ZEST1S, B-WB1M-WPAN1, B-WL5M-SUBG1, NUCLEO-C031C6, NUCLEO-H503RB, NUCLEO-H533RE, NUCLEO-H563ZI, NUCLEO-H7S3L8, NUCLEO-U031R8, NUCLEO-U083RC, NUCLEO-U545RE-Q, NUCLEO-U5A5ZJ-Q, NUCLEO-WBA52CG, NUCLEO-WBA55CG, STEVAL-PROTEUS1, STEVAL-SMARTAG2, STEVAL-STWINBX1, STM320518-EVAL, STM32C0116-DK, STM32C011D6Y3TR, STM32C011D6Y6TR, STM32C011F4P3, STM32C011F4P6, STM32C011F4U3, STM32C011F4U6TR, STM32C011F6P3, STM32C011F6P6, STM32C011F6U3, STM32C011F6U6TR, STM32C011J4M3, STM32C011J4M6, STM32C011J6M3, STM32C011J6M6, STM32C0316-DK, STM32C031C4T3, STM32C031C4T6, STM32C031C4U3, STM32C031C4U6, STM32C031C6T3, STM32C031C6T6, STM32C031C6U3, STM32C031C6U6, STM32C031F4P3, STM32C031F4P6, STM32C031F6P3, STM32C031F6P6, STM32C031G4U3, STM32C031G4U6, STM32C031G6U3, STM32C031G6U6, STM32C031K4T3, STM32C031K4T6, STM32C031K4U3, STM32C031K4U6, STM32C031K6T3, STM32C031K6T6, STM32C031K6U3, STM32C031K6U6, STM32G071K8TXN, STM32G071K8UXN, STM32G081GBU6N, STM32G081KBT6N, STM32G081KBUXN, STM32G0B1CCT6N, STM32G0B1KCT6, STM32G0B1NEY6TR, STM32G0B1RCT6N, STM32G0C1CCT6, STM32G0C1CCT6N, STM32G0C1CCU6N, STM32G0C1CET6N, STM32G0C1CEU6N, STM32G0C1KCT6, STM32G0C1NEY6TR, STM32G0C1RCI6N, STM32G0C1RCT6N, STM32G0C1REI6N, STM32G0C1RET6N, STM32G0C1VCI6, STM32G0C1VEI6, STM32G471CCT6, STM32G471CCU6, STM32G471CET3, STM32G471CET6, STM32G471CEU3, STM32G471CEU6, STM32G471MCT6, STM32G471MET3, STM32G471MET6, STM32G471MEY6TR, STM32G471QCT6, STM32G471QET3, STM32G471RCT6, STM32G471RET3, STM32G471RET6, STM32G471VCH6, STM32G471VCI6, STM32G471VCT6, STM32G471VEH3, STM32G471VEH6, STM32G471VEI3, STM32G471VEI6, STM32G471VET3, STM32G471VET6, STM32G474CCT6, STM32H503CBT6, STM32H503CBU6, STM32H503EBY6TR, STM32H503KBU6, STM32H503RBT6, STM32H523CCT6, STM32H523CCU6, STM32H523CET6, STM32H523CEU6, STM32H523HEY6TR, STM32H523RCT6, STM32H523RET6, STM32H523VCI6, STM32H523VCT6, STM32H523VEI6, STM32H523VET6, STM32H523ZCJ6, STM32H523ZCT6, STM32H523ZEJ6, STM32H523ZET6, STM32H533CET6, STM32H533CEU6, STM32H533HEY6TR, STM32H533RET6, STM32H533VEI6, STM32H533VET6, STM32H533ZEJ6, STM32H533ZET6, STM32H562AGI6, STM32H562AII6, STM32H562IGK6, STM32H562IGT6, STM32H562IIK6, STM32H562IIT6, STM32H562RGT6, STM32H562RGV6, STM32H562RIT6, STM32H562RIV6, STM32H562VGT6, STM32H562VIT6, STM32H562ZGT6, STM32H562ZIT6, STM32H563AGI6, STM32H563AII3Q, STM32H563AII6, STM32H563IGK6, STM32H563IGT6, STM32H563IIK3Q, STM32H563IIK6, STM32H563IIT3Q, STM32H563IIT6, STM32H563MIY3QTR, STM32H563RGT6, STM32H563RGV6, STM32H563RIT6, STM32H563RIV6, STM32H563VGT6, STM32H563VIT3Q, STM32H563VIT6, STM32H563ZGT6, STM32H563ZIT3Q, STM32H563ZIT6, STM32H573AII3Q, STM32H573AII6, STM32H573I-DK, STM32H573IIK3Q, STM32H573IIK6, STM32H573IIT3Q, STM32H573IIT6, STM32H573MIY3QTR, STM32H573RIT6, STM32H573RIV6, STM32H573VIT3Q, STM32H573VIT6, STM32H573ZIT3Q, STM32H573ZIT6, STM32H7R3A8I6, STM32H7R3I8K6, STM32H7R3I8T6, STM32H7R3L8H6, STM32H7R3L8H6H, STM32H7R3R8V6, STM32H7R3V8H6, STM32H7R3V8T6, STM32H7R3V8Y6, STM32H7R3Z8J6, STM32H7R3Z8T6, STM32H7R7A8I6, STM32H7R7I8K6, STM32H7R7I8T6, STM32H7R7L8H6, STM32H7R7L8H6H, STM32H7R7Z8J6, STM32H7S3A8I6, STM32H7S3I8K6, STM32H7S3I8T6, STM32H7S3L8H6, STM32H7S3L8H6H, STM32H7S3R8V6, STM32H7S3V8H6, STM32H7S3V8T6, STM32H7S3V8Y6, STM32H7S3Z8J6, STM32H7S3Z8T6, STM32H7S78-DK, STM32H7S7A8I6, STM32H7S7I8K6, STM32H7S7I8T6, STM32H7S7L8H6, STM32H7S7L8H6H, STM32H7S7Z8J6, STM32L4R5QGI6STR, STM32MP131AAE3, STM32MP131AAF3, STM32MP131AAG3, STM32MP131CAE3, STM32MP131CAF3, STM32MP131CAG3, STM32MP131DAE7, STM32MP131DAF7, STM32MP131DAG7, STM32MP131FAE7, STM32MP131FAF7, STM32MP131FAG7, STM32MP133AAE3, STM32MP133AAF3, STM32MP133AAG3, STM32MP133CAE3, STM32MP133CAF3, STM32MP133CAG3, STM32MP133DAE7, STM32MP133DAF7, STM32MP133DAG7, STM32MP133FAE7, STM32MP133FAF7, STM32MP133FAG7, STM32MP135AAE3, STM32MP135AAF3, STM32MP135AAG3, STM32MP135CAE3, STM32MP135CAF3, STM32MP135CAG3, STM32MP135DAE7, STM32MP135DAF7, STM32MP135DAG7, STM32MP135F-DK, STM32MP135FAE7, STM32MP135FAF7, STM32MP135FAF7T, STM32MP135FAF7U, STM32MP135FAG7, STM32U031C6T6, STM32U031C6U6, STM32U031C8T6, STM32U031C8U6, STM32U031F4P6, STM32U031F6P6, STM32U031F8P6, STM32U031G6Y6TR, STM32U031G8Y6TR, STM32U031K4U6, STM32U031K6U6, STM32U031K8U6, STM32U031R6I6, STM32U031R6T6, STM32U031R8I6, STM32U031R8T6, STM32U073C8T6, STM32U073C8U6, STM32U073CBT6, STM32U073CBU6, STM32U073CCT6, STM32U073CCU6, STM32U073H8Y6TR, STM32U073HBY6TR, STM32U073HCY6TR, STM32U073K8U6, STM32U073KBU6, STM32U073KCU6, STM32U073M8I6, STM32U073M8T6, STM32U073MBI6, STM32U073MBT6, STM32U073MCI6, STM32U073MCT6, STM32U073R8I6, STM32U073R8T6, STM32U073RBI6, STM32U073RBT6, STM32U073RCI6, STM32U073RCT6, STM32U083C-DK, STM32U083CCT6, STM32U083CCU6, STM32U083HCY6TR, STM32U083KCU6, STM32U083MCI6, STM32U083MCT6, STM32U083RCI6, STM32U083RCT6, STM32U535CBT6, STM32U535CBT6Q, STM32U535CBU6, STM32U535CBU6Q, STM32U535CCT6, STM32U535CCT6Q, STM32U535CCU6, STM32U535CCU6Q, STM32U535CET6, STM32U535CET6Q, STM32U535CEU6, STM32U535CEU6Q, STM32U535JEY6QTR, STM32U535NCY6QTR, STM32U535NEY6QTR, STM32U535RBI6, STM32U535RBI6Q, STM32U535RBT6, STM32U535RBT6Q, STM32U535RCI6, STM32U535RCI6Q, STM32U535RCT6, STM32U535RCT6Q, STM32U535REI6, STM32U535REI6Q, STM32U535RET6, STM32U535RET6Q, STM32U535VCI6, STM32U535VCI6Q, STM32U535VCT6, STM32U535VCT6Q, STM32U535VEI6, STM32U535VEI6Q, STM32U535VET6, STM32U535VET6Q, STM32U545CET6, STM32U545CET6Q, STM32U545CEU6, STM32U545CEU6Q, STM32U545JEY6QTR, STM32U545NEY6QTR, STM32U545REI6, STM32U545REI6Q, STM32U545RET6, STM32U545RET6Q, STM32U545VEI6, STM32U545VEI6Q, STM32U545VET6, STM32U545VET6Q, STM32U595AIH6, STM32U595AIH6Q, STM32U595AJH6, STM32U595AJH6Q, STM32U595QII6, STM32U595QII6Q, STM32U595QJI6, STM32U595QJI6Q, STM32U595RIT6, STM32U595RIT6Q, STM32U595RJT6, STM32U595RJT6Q, STM32U595VIT6, STM32U595VIT6Q, STM32U595VJT6, STM32U595VJT6Q, STM32U595ZIT6, STM32U595ZIT6Q, STM32U595ZIY6QTR, STM32U595ZJT6, STM32U595ZJT6Q, STM32U595ZJY6QTR, STM32U599BJY6QTR, STM32U599NIH6Q, STM32U599NJH6Q, STM32U599VIT6Q, STM32U599VJT6, STM32U599VJT6Q, STM32U599ZIT6Q, STM32U599ZIY6QTR, STM32U599ZJT6Q, STM32U599ZJY6QTR, STM32U5A5AJH6, STM32U5A5AJH6Q, STM32U5A5QII3Q , STM32U5A5QJI6, STM32U5A5QJI6Q, STM32U5A5RJT6, STM32U5A5RJT6Q, STM32U5A5VJT6, STM32U5A5VJT6Q, STM32U5A5ZJT6, STM32U5A5ZJT6Q, STM32U5A5ZJY6QTR, STM32U5A9BJY6QTR, STM32U5A9J-DK, STM32U5A9NJH6Q, STM32U5A9VJT6Q, STM32U5A9ZJT6Q, STM32U5A9ZJY6QTR, STM32U5F7VIT6, STM32U5F7VIT6Q, STM32U5F7VJT6, STM32U5F7VJT6Q, STM32U5F9BJY6QTR, STM32U5F9NJH6Q, STM32U5F9VIT6Q, STM32U5F9VJT6Q, STM32U5F9ZIJ6QTR, STM32U5F9ZIT6Q, STM32U5F9ZJJ6QTR, STM32U5F9ZJT6Q, STM32U5G7VJT6, STM32U5G7VJT6Q, STM32U5G9BJY6QTR, STM32U5G9J-DK1, STM32U5G9J-DK2, STM32U5G9NJH6Q, STM32U5G9VJT6Q, STM32U5G9ZJJ6QTR, STM32U5G9ZJT6Q, STM32WB1MMCH6, STM32WBA50KEU6, STM32WBA50KEU6TR, STM32WBA50KGU6, STM32WBA50KGU6TR, STM32WBA52CEU6, STM32WBA52CEU6TR, STM32WBA52CEU7, STM32WBA52CEU7TR, STM32WBA52CGU6, STM32WBA52CGU6TR, STM32WBA52CGU6U, STM32WBA52CGU7, STM32WBA52CGU7TR, STM32WBA52KEU6, STM32WBA52KEU6TR, STM32WBA52KGU6, STM32WBA52KGU6TR, STM32WBA54CEU6, STM32WBA54CEU6TR, STM32WBA54CEU7, STM32WBA54CEU7TR, STM32WBA54CGU6, STM32WBA54CGU6TR, STM32WBA54CGU7, STM32WBA54CGU7TR, STM32WBA54KEU6, STM32WBA54KEU6TR, STM32WBA54KEU7, STM32WBA54KEU7TR, STM32WBA54KGU6, STM32WBA54KGU6TR, STM32WBA54KGU7, STM32WBA54KGU7TR, STM32WBA55CEU6, STM32WBA55CEU6TR, STM32WBA55CEU7, STM32WBA55CEU7TR, STM32WBA55CGU6, STM32WBA55CGU6TR, STM32WBA55CGU6U, STM32WBA55CGU7, STM32WBA55CGU7TR, STM32WBA55G-DK1, STM32WBA55HEF6, STM32WBA55HEF7, STM32WBA55HGF6, STM32WBA55HGF7, STM32WBA55UEI6, STM32WBA55UEI6TR, STM32WBA55UEI7, STM32WBA55UEI7TR, STM32WBA55UGI6, STM32WBA55UGI6TR, STM32WBA55UGI7, STM32WBA55UGI7TR, STM32WL5MOCH6, STM32WL5MOCH6TR]
2024-06-11 20:06:17,586 [INFO] DbMcus:218 - Found 4096 MCUs, 4096 are supported
2024-06-11 20:06:17,587 [INFO] ApiDb:423 - Load user favorites file C:\Users\andre/.stm32cubeide/favorites.mcus.txt: 0 item(s)
2024-06-11 20:06:17,587 [INFO] ApiDb:427 - User favorites MCUs=[]
2024-06-11 20:06:17,587 [INFO] DbMcus:224 - Set 0 / 0 favorites MCUs
2024-06-11 20:06:17,966 [INFO] ApiDb:423 - Load user favorites file C:\Users\andre/.stm32cubeide/favorites.boards.txt: 0 item(s)
2024-06-11 20:06:17,966 [INFO] ApiDb:427 - User favorites Boards=[]
2024-06-11 20:06:17,966 [INFO] DbBoards:198 - Set 0 / 0 favorites Boards
2024-06-11 20:06:18,020 [INFO] UtilMem:75 - End LoadConfig() Used Memory: 353972856 Bytes (552599552)
2024-06-11 20:06:18,203 [WARN] ThirdParty:833 - waiting for thirdparty lock release [change project]
2024-06-11 20:06:18,203 [INFO] ThirdParty:835 - entering critical section [change project]
2024-06-11 20:06:18,203 [INFO] ThirdParty:1030 - CMSIS Pack Vendor :STMicroelectronics USBPD 4.1
2024-06-11 20:06:18,203 [INFO] ThirdParty:1030 - CMSIS Pack Vendor :STMicroelectronics X-CUBE-GNSS1 6.0.0
2024-06-11 20:06:18,203 [INFO] ThirdParty:1030 - CMSIS Pack Vendor :STMicroelectronics USB_HOST 2.0.0
2024-06-11 20:06:18,203 [INFO] ThirdParty:1030 - CMSIS Pack Vendor :STMicroelectronics FP-SNS-MOTENVWB1 1.4.0
2024-06-11 20:06:18,203 [INFO] ThirdParty:1030 - CMSIS Pack Vendor :STMicroelectronics X-CUBE-AZRTOS-F4 1.1.0
2024-06-11 20:06:18,203 [INFO] ThirdParty:1030 - CMSIS Pack Vendor :STMicroelectronics LIBJPEG 8.0.0
2024-06-11 20:06:18,203 [INFO] ThirdParty:1030 - CMSIS Pack Vendor :STMicroelectronics X-CUBE-SMBUS 2.1.0
2024-06-11 20:06:18,203 [INFO] ThirdParty:1030 - CMSIS Pack Vendor :STMicroelectronics USB_DEVICE 3.0.0
2024-06-11 20:06:18,203 [INFO] ThirdParty:1030 - CMSIS Pack Vendor :STMicroelectronics X-CUBE-TCPP 4.1.0
2024-06-11 20:06:18,203 [INFO] ThirdParty:1030 - CMSIS Pack Vendor :STMicroelectronics X-CUBE-FREERTOS 1.2.0
2024-06-11 20:06:18,203 [INFO] ThirdParty:1030 - CMSIS Pack Vendor :STMicroelectronics X-CUBE-AZRTOS-WB 2.0.0
2024-06-11 20:06:18,203 [INFO] ThirdParty:1030 - CMSIS Pack Vendor :wolfSSL I-CUBE-wolfSSL 5.6.6
2024-06-11 20:06:18,203 [INFO] ThirdParty:1030 - CMSIS Pack Vendor :STMicroelectronics X-CUBE-TOUCHGFX 4.23.1
2024-06-11 20:06:18,203 [INFO] ThirdParty:1030 - CMSIS Pack Vendor :STMicroelectronics X-CUBE-TOUCHGFX 4.23.0
2024-06-11 20:06:18,203 [INFO] ThirdParty:1030 - CMSIS Pack Vendor :STMicroelectronics X-CUBE-TOUCHGFX 4.23.2
2024-06-11 20:06:18,203 [INFO] ThirdParty:1030 - CMSIS Pack Vendor :STMicroelectronics X-CUBE-AZRTOS-F7 1.1.0
2024-06-11 20:06:18,203 [INFO] ThirdParty:1030 - CMSIS Pack Vendor :STMicroelectronics X-CUBE-AZRTOS-L5 2.0.0
2024-06-11 20:06:18,203 [INFO] ThirdParty:1030 - CMSIS Pack Vendor :STMicroelectronics USB_DEVICE 2.0.0
2024-06-11 20:06:18,203 [INFO] ThirdParty:1030 - CMSIS Pack Vendor :STMicroelectronics X-CUBE-EEPRMA1 4.2.0
2024-06-11 20:06:18,203 [INFO] ThirdParty:1030 - CMSIS Pack Vendor :STMicroelectronics X-CUBE-NFC6 3.1.0
2024-06-11 20:06:18,203 [INFO] ThirdParty:1030 - CMSIS Pack Vendor :ITTIA_DB I-CUBE-ITTIADB 8.8.0
2024-06-11 20:06:18,203 [INFO] ThirdParty:1030 - CMSIS Pack Vendor :STMicroelectronics FP-SNS-MOTENV1 4.3.2
2024-06-11 20:06:18,204 [INFO] ThirdParty:1030 - CMSIS Pack Vendor :STMicroelectronics X-CUBE-ALGOBUILD 1.3.0
2024-06-11 20:06:18,204 [INFO] ThirdParty:1030 - CMSIS Pack Vendor :STMicroelectronics FreeRTOS 0.0.1
2024-06-11 20:06:18,204 [INFO] ThirdParty:1030 - CMSIS Pack Vendor :STMicroelectronics X-CUBE-AZRTOS-G0 1.1.0
2024-06-11 20:06:18,204 [INFO] ThirdParty:1030 - CMSIS Pack Vendor :STMicroelectronics X-CUBE-SAFEA1 1.2.2
2024-06-11 20:06:18,204 [INFO] ThirdParty:1030 - CMSIS Pack Vendor :STMicroelectronics X-CUBE-NFC4 3.0.0
2024-06-11 20:06:18,204 [INFO] ThirdParty:1030 - CMSIS Pack Vendor :STMicroelectronics X-CUBE-SUBG2 5.0.0
2024-06-11 20:06:18,204 [INFO] ThirdParty:1030 - CMSIS Pack Vendor :STMicroelectronics STM32_WPAN 1.0.0
2024-06-11 20:06:18,204 [INFO] ThirdParty:1030 - CMSIS Pack Vendor :wolfSSL I-CUBE-wolfMQTT 1.18.0
2024-06-11 20:06:18,204 [INFO] ThirdParty:1030 - CMSIS Pack Vendor :STMicroelectronics lwIP 2.0.3
2024-06-11 20:06:18,204 [INFO] ThirdParty:1030 - CMSIS Pack Vendor :STMicroelectronics FP-SNS-FLIGHT1 5.0.2
2024-06-11 20:06:18,204 [INFO] ThirdParty:1030 - CMSIS Pack Vendor :STMicroelectronics USB_HOST 1.0.0
2024-06-11 20:06:18,204 [INFO] ThirdParty:1030 - CMSIS Pack Vendor :STMicroelectronics X-CUBE-AI 9.0.0
2024-06-11 20:06:18,204 [INFO] ThirdParty:1030 - CMSIS Pack Vendor :STMicroelectronics X-CUBE-AZRTOS-G4 2.0.0
2024-06-11 20:06:18,204 [INFO] ThirdParty:1030 - CMSIS Pack Vendor :STMicroelectronics PDM2PCM 3.1.0
2024-06-11 20:06:18,204 [INFO] ThirdParty:1030 - CMSIS Pack Vendor :Infineon AIROC-Wi-Fi-Bluetooth-STM32 1.5.1
2024-06-11 20:06:18,204 [INFO] ThirdParty:1030 - CMSIS Pack Vendor :STMicroelectronics X-CUBE-BLEMGR 3.0.0
2024-06-11 20:06:18,204 [INFO] ThirdParty:1030 - CMSIS Pack Vendor :STMicroelectronics PDM2PCM 3.3.0
2024-06-11 20:06:18,204 [INFO] ThirdParty:1030 - CMSIS Pack Vendor :STMicroelectronics X-CUBE-DISPLAY 3.0.0
2024-06-11 20:06:18,204 [INFO] ThirdParty:1030 - CMSIS Pack Vendor :STMicroelectronics FP-SNS-MOTENVWB1 1.3.1
2024-06-11 20:06:18,204 [INFO] ThirdParty:1030 - CMSIS Pack Vendor :STMicroelectronics X-CUBE-BLE1 7.0.0
2024-06-11 20:06:18,204 [INFO] ThirdParty:1030 - CMSIS Pack Vendor :STMicroelectronics FP-ATR-SIGFOX1 3.2.0
2024-06-11 20:06:18,204 [INFO] ThirdParty:1030 - CMSIS Pack Vendor :STMicroelectronics X-CUBE-ISPU 2.0.0
2024-06-11 20:06:18,204 [INFO] ThirdParty:1030 - CMSIS Pack Vendor :STMicroelectronics X-CUBE-EEPRMA1 5.1.0
2024-06-11 20:06:18,204 [INFO] ThirdParty:1030 - CMSIS Pack Vendor :STMicroelectronics HAL Drivers 0.0.0
2024-06-11 20:06:18,205 [INFO] ThirdParty:1030 - CMSIS Pack Vendor :STMicroelectronics MBEDTLS 2.16.2
2024-06-11 20:06:18,205 [INFO] ThirdParty:1030 - CMSIS Pack Vendor :STMicroelectronics X-CUBE-ALS 1.0.2
2024-06-11 20:06:18,205 [INFO] ThirdParty:1030 - CMSIS Pack Vendor :emotas I-CUBE-CANOPEN 1.3.0
2024-06-11 20:06:18,205 [INFO] ThirdParty:1030 - CMSIS Pack Vendor :STMicroelectronics X-CUBE-MEMS1 10.0.0
2024-06-11 20:06:18,205 [INFO] ThirdParty:1030 - CMSIS Pack Vendor :STMicroelectronics X-CUBE-FREERTOS 1.1.0
2024-06-11 20:06:18,205 [INFO] ThirdParty:1030 - CMSIS Pack Vendor :STMicroelectronics X-CUBE-NFC7 1.0.1
2024-06-11 20:06:18,205 [INFO] ThirdParty:1030 - CMSIS Pack Vendor :STMicroelectronics MBEDTLS 2.14.1
2024-06-11 20:06:18,205 [INFO] ThirdParty:1030 - CMSIS Pack Vendor :STMicroelectronics X-CUBE-NFC6 3.0.0
2024-06-11 20:06:18,205 [INFO] ThirdParty:1030 - CMSIS Pack Vendor :portGmbH I-Cube-SoM-uGOAL 1.1.0
2024-06-11 20:06:18,205 [INFO] ThirdParty:1030 - CMSIS Pack Vendor :STMicroelectronics X-CUBE-ALS 1.0.1
2024-06-11 20:06:18,205 [INFO] ThirdParty:1030 - CMSIS Pack Vendor :STMicroelectronics X-CUBE-BLEMGR 3.1.0
2024-06-11 20:06:18,205 [INFO] ThirdParty:1030 - CMSIS Pack Vendor :STMicroelectronics ThreadX 1.0.0
2024-06-11 20:06:18,205 [INFO] ThirdParty:1030 - CMSIS Pack Vendor :STMicroelectronics FP-SNS-SMARTAG2 1.2.0
2024-06-11 20:06:18,205 [INFO] ThirdParty:1030 - CMSIS Pack Vendor :STMicroelectronics X-CUBE-AZRTOS-WL 2.0.0
2024-06-11 20:06:18,205 [INFO] ThirdParty:1030 - CMSIS Pack Vendor :SEGGER I-CUBE-embOS 1.3.1
2024-06-11 20:06:18,205 [INFO] ThirdParty:1030 - CMSIS Pack Vendor :STMicroelectronics X-CUBE-ALGOBUILD 1.4.0
2024-06-11 20:06:18,205 [INFO] ThirdParty:1030 - CMSIS Pack Vendor :STMicroelectronics FP-SNS-MOTENV1 5.0.0
2024-06-11 20:06:18,205 [INFO] ThirdParty:1030 - CMSIS Pack Vendor :STMicroelectronics USB_DEVICE 1.0.0
2024-06-11 20:06:18,205 [INFO] ThirdParty:1030 - CMSIS Pack Vendor :STMicroelectronics X-CUBE-AI 8.1.0
2024-06-11 20:06:18,205 [INFO] ThirdParty:1030 - CMSIS Pack Vendor :STMicroelectronics X-CUBE-AZRTOS-H7RS 1.0.0
2024-06-11 20:06:18,205 [INFO] ThirdParty:1030 - CMSIS Pack Vendor :STMicroelectronics X-CUBE-AZRTOS-L4 2.0.0
2024-06-11 20:06:18,205 [INFO] ThirdParty:1030 - CMSIS Pack Vendor :STMicroelectronics ThreadX 0.0.2
2024-06-11 20:06:18,205 [INFO] ThirdParty:1030 - CMSIS Pack Vendor :WES I-CUBE-Cesium 1.3.0
2024-06-11 20:06:18,205 [INFO] ThirdParty:1030 - CMSIS Pack Vendor :STMicroelectronics FP-ATR-ASTRA1 2.0.0
2024-06-11 20:06:18,206 [INFO] ThirdParty:1030 - CMSIS Pack Vendor :STMicroelectronics lwIP 2.1.2
2024-06-11 20:06:18,206 [INFO] ThirdParty:1030 - CMSIS Pack Vendor :STMicroelectronics X-CUBE-SFXS2LP1 4.0.0
2024-06-11 20:06:18,206 [INFO] ThirdParty:1030 - CMSIS Pack Vendor :STMicroelectronics X-CUBE-BLE2 3.3.0
2024-06-11 20:06:18,206 [INFO] ThirdParty:1030 - CMSIS Pack Vendor :STMicroelectronics X-CUBE-TOF1 3.4.0
2024-06-11 20:06:18,206 [INFO] ThirdParty:1030 - CMSIS Pack Vendor :STMicroelectronics X-CUBE-TOF1 3.4.1
2024-06-11 20:06:18,206 [INFO] ThirdParty:1030 - CMSIS Pack Vendor :STMicroelectronics X-CUBE-AZRTOS-H7 3.2.0
2024-06-11 20:06:18,206 [INFO] ThirdParty:1030 - CMSIS Pack Vendor :STMicroelectronics PDM2PCM 3.2.0
2024-06-11 20:06:18,206 [INFO] ThirdParty:841 - exiting critical section [change project]
2024-06-11 20:06:18,986 [INFO] PinOutPanel:1561 - setPackage(No Configuration,No Configuration)
2024-06-11 20:06:18,987 [INFO] PinOutPanel:1561 - setPackage(STM32H747XIHx,TFBGA240)
2024-06-11 20:06:19,883 [INFO] UtilMem:75 - Before build in PCC Used Memory: 369209152 Bytes (573571072)
2024-06-11 20:06:20,816 [INFO] UtilMem:75 - After build in PCC Used Memory: 301293400 Bytes (573571072)
2024-06-11 20:06:20,937 [INFO] ApiDbMcu:508 - Load IP Config File for FATFS
2024-06-11 20:06:20,986 [INFO] IPUIPlugin:80 - create IPUIPlugin
2024-06-11 20:06:20,986 [INFO] IPUIPlugin:80 - create IPUIPlugin
2024-06-11 20:06:20,986 [INFO] IPUIPlugin:80 - create IPUIPlugin
2024-06-11 20:06:20,986 [INFO] IPUIPlugin:80 - create IPUIPlugin
2024-06-11 20:06:20,986 [INFO] IPUIPlugin:80 - create IPUIPlugin
2024-06-11 20:06:20,986 [INFO] IPUIPlugin:80 - create IPUIPlugin
2024-06-11 20:06:20,986 [INFO] IPUIPlugin:80 - create IPUIPlugin
2024-06-11 20:06:20,986 [INFO] IPUIPlugin:80 - create IPUIPlugin
2024-06-11 20:06:20,986 [INFO] IPUIPlugin:80 - create IPUIPlugin
2024-06-11 20:06:20,987 [INFO] IPUIPlugin:80 - create IPUIPlugin
2024-06-11 20:06:20,987 [INFO] IPUIPlugin:80 - create IPUIPlugin
2024-06-11 20:06:20,987 [INFO] IPUIPlugin:80 - create IPUIPlugin
2024-06-11 20:06:20,987 [INFO] IPUIPlugin:80 - create IPUIPlugin
2024-06-11 20:06:20,987 [INFO] IPUIPlugin:80 - create IPUIPlugin
2024-06-11 20:06:20,987 [INFO] IPUIPlugin:80 - create IPUIPlugin
2024-06-11 20:06:20,987 [INFO] IPUIPlugin:80 - create IPUIPlugin
2024-06-11 20:06:20,988 [INFO] IPUIPlugin:80 - create IPUIPlugin
2024-06-11 20:06:20,988 [INFO] IPUIPlugin:80 - create IPUIPlugin
2024-06-11 20:06:20,988 [INFO] IPUIPlugin:80 - create IPUIPlugin
2024-06-11 20:06:20,988 [INFO] IPUIPlugin:80 - create IPUIPlugin
2024-06-11 20:06:20,988 [INFO] IPUIPlugin:80 - create IPUIPlugin
2024-06-11 20:06:20,988 [INFO] IPUIPlugin:80 - create IPUIPlugin
2024-06-11 20:06:20,988 [INFO] IPUIPlugin:80 - create IPUIPlugin
2024-06-11 20:06:20,988 [INFO] IPUIPlugin:80 - create IPUIPlugin
2024-06-11 20:06:20,988 [INFO] IPUIPlugin:80 - create IPUIPlugin
2024-06-11 20:06:20,989 [INFO] IPUIPlugin:80 - create IPUIPlugin
2024-06-11 20:06:20,989 [INFO] IPUIPlugin:80 - create IPUIPlugin
2024-06-11 20:06:20,989 [INFO] IPUIPlugin:80 - create IPUIPlugin
2024-06-11 20:06:20,989 [INFO] IPUIPlugin:80 - create IPUIPlugin
2024-06-11 20:06:20,989 [INFO] IPUIPlugin:80 - create IPUIPlugin
2024-06-11 20:06:20,989 [INFO] IPUIPlugin:80 - create IPUIPlugin
2024-06-11 20:06:20,989 [INFO] IPUIPlugin:80 - create IPUIPlugin
2024-06-11 20:06:20,990 [INFO] IPUIPlugin:80 - create IPUIPlugin
2024-06-11 20:06:20,990 [INFO] IPUIPlugin:80 - create IPUIPlugin
2024-06-11 20:06:20,990 [INFO] IPUIPlugin:80 - create IPUIPlugin
2024-06-11 20:06:20,990 [INFO] IPUIPlugin:80 - create IPUIPlugin
2024-06-11 20:06:20,990 [INFO] IPUIPlugin:80 - create IPUIPlugin
2024-06-11 20:06:20,991 [INFO] IPUIPlugin:80 - create IPUIPlugin
2024-06-11 20:06:20,992 [INFO] IPUIPlugin:80 - create IPUIPlugin
2024-06-11 20:06:20,992 [INFO] IPUIPlugin:80 - create IPUIPlugin
2024-06-11 20:06:20,992 [INFO] IPUIPlugin:80 - create IPUIPlugin
2024-06-11 20:06:20,993 [INFO] IPUIPlugin:80 - create IPUIPlugin
2024-06-11 20:06:20,993 [INFO] IPUIPlugin:80 - create IPUIPlugin
2024-06-11 20:06:20,993 [INFO] IPUIPlugin:80 - create IPUIPlugin
2024-06-11 20:06:20,993 [INFO] IPUIPlugin:80 - create IPUIPlugin
2024-06-11 20:06:20,993 [INFO] IPUIPlugin:80 - create IPUIPlugin
2024-06-11 20:06:20,994 [INFO] IPUIPlugin:80 - create IPUIPlugin
2024-06-11 20:06:20,994 [INFO] IPUIPlugin:80 - create IPUIPlugin
2024-06-11 20:06:20,994 [INFO] IPUIPlugin:80 - create IPUIPlugin
2024-06-11 20:06:20,994 [INFO] IPUIPlugin:80 - create IPUIPlugin
2024-06-11 20:06:20,995 [INFO] IPUIPlugin:80 - create IPUIPlugin
2024-06-11 20:06:20,995 [INFO] IPUIPlugin:80 - create IPUIPlugin
2024-06-11 20:06:20,995 [INFO] IPUIPlugin:80 - create IPUIPlugin
2024-06-11 20:06:20,995 [INFO] IPUIPlugin:80 - create IPUIPlugin
2024-06-11 20:06:20,995 [INFO] IPUIPlugin:80 - create IPUIPlugin
2024-06-11 20:06:20,996 [INFO] IPUIPlugin:80 - create IPUIPlugin
2024-06-11 20:06:20,996 [INFO] IPUIPlugin:80 - create IPUIPlugin
2024-06-11 20:06:20,996 [INFO] IPUIPlugin:80 - create IPUIPlugin
2024-06-11 20:06:20,996 [INFO] IPUIPlugin:80 - create IPUIPlugin
2024-06-11 20:06:20,997 [INFO] IPUIPlugin:80 - create IPUIPlugin
2024-06-11 20:06:20,997 [INFO] IPUIPlugin:80 - create IPUIPlugin
2024-06-11 20:06:20,997 [INFO] IPUIPlugin:80 - create IPUIPlugin
2024-06-11 20:06:20,998 [INFO] IPUIPlugin:80 - create IPUIPlugin
2024-06-11 20:06:20,999 [INFO] IPUIPlugin:80 - create IPUIPlugin
2024-06-11 20:06:20,999 [INFO] IPUIPlugin:80 - create IPUIPlugin
2024-06-11 20:06:20,999 [INFO] IPUIPlugin:80 - create IPUIPlugin
2024-06-11 20:06:20,999 [INFO] IPUIPlugin:80 - create IPUIPlugin
2024-06-11 20:06:21,000 [INFO] IPUIPlugin:80 - create IPUIPlugin
2024-06-11 20:06:21,000 [INFO] IPUIPlugin:80 - create IPUIPlugin
2024-06-11 20:06:21,000 [INFO] IPUIPlugin:80 - create IPUIPlugin
2024-06-11 20:06:21,001 [INFO] IPUIPlugin:80 - create IPUIPlugin
2024-06-11 20:06:21,001 [INFO] IPUIPlugin:80 - create IPUIPlugin
2024-06-11 20:06:21,001 [INFO] IPUIPlugin:80 - create IPUIPlugin
2024-06-11 20:06:21,002 [INFO] IPUIPlugin:80 - create IPUIPlugin
2024-06-11 20:06:21,002 [INFO] IPUIPlugin:80 - create IPUIPlugin
2024-06-11 20:06:21,002 [INFO] IPUIPlugin:80 - create IPUIPlugin
2024-06-11 20:06:21,003 [INFO] IPUIPlugin:80 - create IPUIPlugin
2024-06-11 20:06:21,003 [INFO] IPUIPlugin:80 - create IPUIPlugin
2024-06-11 20:06:21,003 [INFO] IPUIPlugin:80 - create IPUIPlugin
2024-06-11 20:06:21,004 [INFO] IPUIPlugin:80 - create IPUIPlugin
2024-06-11 20:06:21,004 [INFO] IPUIPlugin:80 - create IPUIPlugin
2024-06-11 20:06:21,005 [INFO] IPUIPlugin:80 - create IPUIPlugin
2024-06-11 20:06:21,005 [INFO] IPUIPlugin:80 - create IPUIPlugin
2024-06-11 20:06:21,006 [INFO] IPUIPlugin:80 - create IPUIPlugin
2024-06-11 20:06:21,006 [INFO] IPUIPlugin:80 - create IPUIPlugin
2024-06-11 20:06:21,006 [INFO] IPUIPlugin:80 - create IPUIPlugin
2024-06-11 20:06:21,007 [INFO] IPUIPlugin:80 - create IPUIPlugin
2024-06-11 20:06:21,007 [INFO] IPUIPlugin:80 - create IPUIPlugin
2024-06-11 20:06:21,007 [INFO] IPUIPlugin:80 - create IPUIPlugin
2024-06-11 20:06:21,007 [INFO] IPUIPlugin:80 - create IPUIPlugin
2024-06-11 20:06:21,007 [INFO] IPUIPlugin:80 - create IPUIPlugin
2024-06-11 20:06:21,008 [INFO] IPUIPlugin:80 - create IPUIPlugin
2024-06-11 20:06:21,008 [INFO] IPUIPlugin:80 - create IPUIPlugin
2024-06-11 20:06:21,008 [INFO] IPUIPlugin:80 - create IPUIPlugin
2024-06-11 20:06:21,009 [INFO] IPUIPlugin:80 - create IPUIPlugin
2024-06-11 20:06:21,009 [INFO] IPUIPlugin:80 - create IPUIPlugin
2024-06-11 20:06:21,010 [INFO] IPUIPlugin:80 - create IPUIPlugin
2024-06-11 20:06:21,010 [INFO] IPUIPlugin:80 - create IPUIPlugin
2024-06-11 20:06:21,011 [INFO] IPUIPlugin:80 - create IPUIPlugin
2024-06-11 20:06:21,012 [INFO] IPUIPlugin:80 - create IPUIPlugin
2024-06-11 20:06:21,012 [INFO] IPUIPlugin:80 - create IPUIPlugin
2024-06-11 20:06:21,013 [INFO] IPUIPlugin:80 - create IPUIPlugin
2024-06-11 20:06:21,013 [INFO] IPUIPlugin:80 - create IPUIPlugin
2024-06-11 20:06:21,014 [INFO] IPUIPlugin:80 - create IPUIPlugin
2024-06-11 20:06:21,014 [INFO] IPUIPlugin:80 - create IPUIPlugin
2024-06-11 20:06:21,015 [INFO] IPUIPlugin:80 - create IPUIPlugin
2024-06-11 20:06:21,016 [INFO] IPUIPlugin:80 - create IPUIPlugin
2024-06-11 20:06:21,016 [INFO] IPUIPlugin:80 - create IPUIPlugin
2024-06-11 20:06:21,017 [INFO] IPUIPlugin:80 - create IPUIPlugin
2024-06-11 20:06:21,017 [INFO] IPUIPlugin:80 - create IPUIPlugin
2024-06-11 20:06:21,018 [INFO] IPUIPlugin:80 - create IPUIPlugin
2024-06-11 20:06:21,105 [INFO] ApiDbMcu:508 - Load IP Config File for PDM2PCM
2024-06-11 20:06:21,111 [INFO] ApiDbMcu:508 - Load IP Config File for PDM2PCM
2024-06-11 20:06:21,376 [INFO] CADModel:165 - CPN selected for project levelSTM32H747XIH6
2024-06-11 20:06:21,376 [INFO] CADModel:114 - Register for checkConnection events
2024-06-11 20:06:21,431 [INFO] OpenFileManager:343 - Restore cursor
2024-06-11 20:59:10,267 [INFO] NvicIntPanel:101 - NVIC parent = com.st.microxplorer.plugins.ip.nvic.MultiNvicIntPanel[,0,0,0x0,invalid,layout=javax.swing.BoxLayout,alignmentX=0.0,alignmentY=0.0,border=,flags=9,maximumSize=,minimumSize=,preferredSize=]
