2024-06-07 18:39:21,496 [INFO] Activator:176 - 


2024-06-07 18:39:21,512 [INFO] Activator:177 - !SESSION log4j initialized
2024-06-07 18:39:28,388 [INFO] LogOutputStream:77 - [STDOUT_REDIRECT] 
2024-06-07 18:39:37,189 [INFO] ApplicationProperties:184 - Using Application install path: D:\ST\STM32CubeIDE_1.15.1\STM32CubeIDE\plugins\com.st.stm32cube.common.mx_6.11.1.202404110753
2024-06-07 18:39:37,213 [INFO] DbMcusXml:78 - Set database path to: D:\ST\STM32CubeIDE_1.15.1\STM32CubeIDE\plugins\com.st.stm32cube.common.mx_6.11.1.202404110753\\db\/mcu/
2024-06-07 18:39:37,213 [INFO] ApiDb:274 - Set plugin database path to: D:\ST\STM32CubeIDE_1.15.1\STM32CubeIDE\plugins\com.st.stm32cube.common.mx_6.11.1.202404110753\\db\/plugins/boardmanager/
2024-06-07 18:39:37,214 [WARN] ApiDb:259 - Overriding images path with different value:  => D:\ST\STM32CubeIDE_1.15.1\STM32CubeIDE\plugins\com.st.stm32cube.common.mx_6.11.1.202404110753\\db\/plugins/mcufinder/images/
2024-06-07 18:39:37,294 [INFO] ApiDb:250 - Set database path to: C:\Users\andre\.stmcufinder\plugins\mcufinder//mcu/
2024-06-07 18:39:37,295 [INFO] DbMcusAds:125 - Set database path to: C:\Users\andre\.stmcufinder\plugins\mcufinder//mcu/
2024-06-07 18:39:37,296 [INFO] CrossReferenceDbSqlite:203 - Set database path to: C:\Users\andre\.stmcufinder\plugins\mcufinder//mcu/cs/
2024-06-07 18:39:37,533 [INFO] RulesReader:64 - Compatibility file has been processed (297 Rules)
2024-06-07 18:39:37,656 [INFO] DbMcusXml:78 - Set database path to: D:\ST\STM32CubeIDE_1.15.1\STM32CubeIDE\plugins\com.st.stm32cube.common.mx_6.11.1.202404110753\\db\/mcu/
2024-06-07 18:39:37,656 [INFO] ApiDb:274 - Set plugin database path to: D:\ST\STM32CubeIDE_1.15.1\STM32CubeIDE\plugins\com.st.stm32cube.common.mx_6.11.1.202404110753\\db\/plugins/boardmanager/
2024-06-07 18:39:37,656 [INFO] ApiDb:261 - Set plugin images path to: D:\ST\STM32CubeIDE_1.15.1\STM32CubeIDE\plugins\com.st.stm32cube.common.mx_6.11.1.202404110753\\db\/plugins/mcufinder/images/
2024-06-07 18:39:37,656 [WARN] DbFile:41 - Overriding database path with different value: C:\Users\andre\.stmcufinder\plugins\mcufinder/ => C:\Users\andre\.stmcufinder\plugins\mcufinder
2024-06-07 18:39:37,657 [INFO] ApiDb:250 - Set database path to: C:\Users\andre\.stmcufinder\plugins\mcufinder//mcu/
2024-06-07 18:39:37,657 [WARN] DbFile:41 - Overriding database path with different value: C:\Users\andre\.stmcufinder\plugins\mcufinder/ => C:\Users\andre\.stmcufinder\plugins\mcufinder
2024-06-07 18:39:37,657 [INFO] DbMcusAds:125 - Set database path to: C:\Users\andre\.stmcufinder\plugins\mcufinder//mcu/
2024-06-07 18:39:37,657 [WARN] DbFile:41 - Overriding database path with different value: C:\Users\andre\.stmcufinder\plugins\mcufinder/ => C:\Users\andre\.stmcufinder\plugins\mcufinder
2024-06-07 18:39:37,657 [WARN] DbFile:41 - Overriding database path with different value: C:\Users\andre\.stmcufinder\plugins\mcufinder/ => C:\Users\andre\.stmcufinder\plugins\mcufinder
2024-06-07 18:39:37,657 [INFO] CrossReferenceDbSqlite:203 - Set database path to: C:\Users\andre\.stmcufinder\plugins\mcufinder//mcu/cs/
2024-06-07 18:39:37,788 [INFO] MainPanel:264 - HeapMemory: 282066944
2024-06-07 18:39:37,951 [INFO] DbMcusXml:78 - Set database path to: D:\ST\STM32CubeIDE_1.15.1\STM32CubeIDE\plugins\com.st.stm32cube.common.mx_6.11.1.202404110753\\db\/mcu/
2024-06-07 18:39:37,951 [INFO] ApiDb:274 - Set plugin database path to: D:\ST\STM32CubeIDE_1.15.1\STM32CubeIDE\plugins\com.st.stm32cube.common.mx_6.11.1.202404110753\\db\/plugins/boardmanager/
2024-06-07 18:39:37,951 [INFO] ApiDb:261 - Set plugin images path to: D:\ST\STM32CubeIDE_1.15.1\STM32CubeIDE\plugins\com.st.stm32cube.common.mx_6.11.1.202404110753\\db\/plugins/mcufinder/images/
2024-06-07 18:39:37,952 [WARN] DbFile:41 - Overriding database path with different value: C:\Users\andre\.stmcufinder\plugins\mcufinder/ => C:\Users\andre\.stmcufinder\plugins\mcufinder
2024-06-07 18:39:37,952 [INFO] ApiDb:250 - Set database path to: C:\Users\andre\.stmcufinder\plugins\mcufinder//mcu/
2024-06-07 18:39:37,952 [WARN] DbFile:41 - Overriding database path with different value: C:\Users\andre\.stmcufinder\plugins\mcufinder/ => C:\Users\andre\.stmcufinder\plugins\mcufinder
2024-06-07 18:39:37,952 [INFO] DbMcusAds:125 - Set database path to: C:\Users\andre\.stmcufinder\plugins\mcufinder//mcu/
2024-06-07 18:39:37,952 [WARN] DbFile:41 - Overriding database path with different value: C:\Users\andre\.stmcufinder\plugins\mcufinder/ => C:\Users\andre\.stmcufinder\plugins\mcufinder
2024-06-07 18:39:37,952 [WARN] DbFile:41 - Overriding database path with different value: C:\Users\andre\.stmcufinder\plugins\mcufinder/ => C:\Users\andre\.stmcufinder\plugins\mcufinder
2024-06-07 18:39:37,953 [INFO] CrossReferenceDbSqlite:203 - Set database path to: C:\Users\andre\.stmcufinder\plugins\mcufinder//mcu/cs/
2024-06-07 18:39:37,983 [INFO] ApplicationProperties:184 - Using Application install path: D:\ST\STM32CubeIDE_1.15.1\STM32CubeIDE\plugins\com.st.stm32cube.common.mx_6.11.1.202404110753
2024-06-07 18:39:37,985 [INFO] PluginManage:196 - Search for loadable plugins [exclusion list=, ]
2024-06-07 18:39:37,988 [INFO] PluginManage:310 - Check plugin analytics
2024-06-07 18:39:38,217 [INFO] AnalyticsPlugin:253 - Accepted Software Licenses: STM32CubeMX.6.10.0,STM32CubeMX.6.11.1
2024-06-07 18:39:38,218 [INFO] AnalyticsPlugin:255 - Accepted CMSIS Pack Licenses: 
2024-06-07 18:39:38,218 [INFO] AnalyticsPlugin:257 - Accepted Firmware Licenses: FW.F4.1.28.0,FW.L4.1.18.0,FW.H7.1.11.0
2024-06-07 18:39:38,220 [INFO] PluginManage:359 - Loaded plugin analytics (category:tool,tabindex:-1)
2024-06-07 18:39:38,220 [INFO] PluginManage:310 - Check plugin cadmodel
2024-06-07 18:39:38,240 [INFO] CADModel:105 - Init CAD model plugin
2024-06-07 18:39:38,240 [INFO] PluginManage:359 - Loaded plugin cadmodel (category:power,tabindex:5)
2024-06-07 18:39:38,240 [INFO] PluginManage:310 - Check plugin clock
2024-06-07 18:39:38,272 [INFO] PluginManage:359 - Loaded plugin clock (category:base,tabindex:2)
2024-06-07 18:39:38,272 [INFO] PluginManage:310 - Check plugin ddr
2024-06-07 18:39:38,274 [INFO] PluginManage:359 - Loaded plugin ddr (category:tool,tabindex:6)
2024-06-07 18:39:38,275 [INFO] PluginManage:310 - Check plugin filemanager
2024-06-07 18:39:38,442 [INFO] PluginManage:359 - Loaded plugin filemanager (category:base,tabindex:10)
2024-06-07 18:39:38,442 [INFO] PluginManage:310 - Check plugin ipmanager
2024-06-07 18:39:38,451 [INFO] PluginManage:359 - Loaded plugin ipmanager (category:base,tabindex:5)
2024-06-07 18:39:38,451 [INFO] PluginManage:310 - Check plugin lpbam
2024-06-07 18:39:38,485 [INFO] PluginManage:359 - Loaded plugin lpbam (category:base,tabindex:0)
2024-06-07 18:39:38,485 [INFO] PluginManage:310 - Check plugin memorymap
2024-06-07 18:39:38,522 [INFO] PluginManage:359 - Loaded plugin memorymap (category:base,tabindex:4)
2024-06-07 18:39:38,522 [INFO] PluginManage:310 - Check plugin pinoutandconfiguration
2024-06-07 18:39:38,545 [INFO] PluginManage:359 - Loaded plugin pinoutandconfiguration (category:base,tabindex:1)
2024-06-07 18:39:38,545 [INFO] PluginManage:310 - Check plugin pinoutconfig
2024-06-07 18:39:38,678 [WARN] SupportedApi:132 - Cannot load RTOS API schema: s4s-elt-must-match.1: The content of 'definitions' must match (annotation?, (simpleType | complexType)?, (unique | key | keyref)*)). A problem was found starting at: attribute.
2024-06-07 18:39:38,855 [INFO] PluginManage:359 - Loaded plugin pinoutconfig (category:base,tabindex:0)
2024-06-07 18:39:38,855 [INFO] PluginManage:310 - Check plugin power
2024-06-07 18:39:38,876 [INFO] PluginManage:359 - Loaded plugin power (category:power,tabindex:4)
2024-06-07 18:39:38,877 [INFO] PluginManage:310 - Check plugin projectmanager
2024-06-07 18:39:38,894 [INFO] PluginManage:359 - Loaded plugin projectmanager (category:projectmanager,tabindex:3)
2024-06-07 18:39:38,894 [INFO] PluginManage:310 - Check plugin thirdparty
2024-06-07 18:39:39,231 [INFO] PluginManage:359 - Loaded plugin thirdparty (category:base,tabindex:-1)
2024-06-07 18:39:39,231 [WARN] IntegrityCheckThread:84 - waiting for thirdparty lock release [integrity check]
2024-06-07 18:39:39,231 [INFO] PluginManage:310 - Check plugin tools
2024-06-07 18:39:39,231 [INFO] IntegrityCheckThread:86 - entering critical section [integrity check]
2024-06-07 18:39:39,231 [INFO] ThirdPartyUpdaterWithRetryManager:70 - Updater plugin not ready yet. [1/15]
2024-06-07 18:39:39,270 [INFO] PluginManage:359 - Loaded plugin tools (category:base,tabindex:7)
2024-06-07 18:39:39,270 [INFO] PluginManage:310 - Check plugin tutovideos
2024-06-07 18:39:39,502 [INFO] PluginManage:359 - Loaded plugin tutovideos (category:base,tabindex:-1)
2024-06-07 18:39:39,503 [INFO] PluginManage:310 - Check plugin updater
2024-06-07 18:39:39,517 [INFO] PluginManage:359 - Loaded plugin updater (category:base,tabindex:12)
2024-06-07 18:39:39,517 [INFO] PluginManage:310 - Check plugin userauth
2024-06-07 18:39:39,524 [INFO] UserAuth:114 - Init User Auth plugin
2024-06-07 18:39:39,524 [INFO] PluginManage:359 - Loaded plugin userauth (category:base,tabindex:14)
2024-06-07 18:39:39,524 [INFO] PluginManage:283 - PluginManage : Loaded plugins [17]
2024-06-07 18:39:39,822 [INFO] PinOutPanel:1561 - setPackage(No Configuration,No Configuration)
2024-06-07 18:39:39,920 [INFO] CADModel:165 - CPN selected for project level
2024-06-07 18:39:39,920 [INFO] CADModel:114 - Register for checkConnection events
2024-06-07 18:39:39,958 [INFO] IPUIPlugin:80 - create IPUIPlugin
2024-06-07 18:39:39,958 [INFO] PluginManager:220 - loadIPPluginJar : add adc
2024-06-07 18:39:40,001 [INFO] IPUIPlugin:80 - create IPUIPlugin
2024-06-07 18:39:40,001 [INFO] PluginManager:220 - loadIPPluginJar : add aes
2024-06-07 18:39:40,065 [INFO] IPUIPlugin:80 - create IPUIPlugin
2024-06-07 18:39:40,065 [INFO] PluginManager:220 - loadIPPluginJar : add can
2024-06-07 18:39:40,100 [INFO] IPUIPlugin:80 - create IPUIPlugin
2024-06-07 18:39:40,100 [INFO] PluginManager:220 - loadIPPluginJar : add comp
2024-06-07 18:39:40,143 [INFO] IPUIPlugin:80 - create IPUIPlugin
2024-06-07 18:39:40,143 [INFO] PluginManager:220 - loadIPPluginJar : add cryp
2024-06-07 18:39:40,178 [INFO] IPUIPlugin:80 - create IPUIPlugin
2024-06-07 18:39:40,179 [INFO] PluginManager:220 - loadIPPluginJar : add dfsdm
2024-06-07 18:39:40,192 [INFO] IPUIPlugin:80 - create IPUIPlugin
2024-06-07 18:39:40,192 [INFO] PluginManager:220 - loadIPPluginJar : add dma
2024-06-07 18:39:40,238 [INFO] IPUIPlugin:80 - create IPUIPlugin
2024-06-07 18:39:40,238 [INFO] PluginManager:220 - loadIPPluginJar : add dma3
2024-06-07 18:39:40,286 [INFO] IPUIPlugin:80 - create IPUIPlugin
2024-06-07 18:39:40,286 [INFO] PluginManager:220 - loadIPPluginJar : add extmemmanager
2024-06-07 18:39:40,311 [INFO] IPUIPlugin:80 - create IPUIPlugin
2024-06-07 18:39:40,311 [INFO] PluginManager:220 - loadIPPluginJar : add fatfs
2024-06-07 18:39:40,361 [INFO] IPUIPlugin:80 - create IPUIPlugin
2024-06-07 18:39:40,361 [INFO] PluginManager:220 - loadIPPluginJar : add fmc
2024-06-07 18:39:40,393 [INFO] IPUIPlugin:80 - create IPUIPlugin
2024-06-07 18:39:40,393 [INFO] PluginManager:220 - loadIPPluginJar : add freertos
2024-06-07 18:39:40,423 [INFO] IPUIPlugin:80 - create IPUIPlugin
2024-06-07 18:39:40,424 [INFO] PluginManager:220 - loadIPPluginJar : add genericplugin
2024-06-07 18:39:40,546 [INFO] IPUIPlugin:80 - create IPUIPlugin
2024-06-07 18:39:40,546 [INFO] PluginManager:220 - loadIPPluginJar : add gfxmmu
2024-06-07 18:39:40,740 [INFO] IPUIPlugin:80 - create IPUIPlugin
2024-06-07 18:39:40,741 [INFO] PluginManager:220 - loadIPPluginJar : add gic
2024-06-07 18:39:40,755 [INFO] IPUIPlugin:80 - create IPUIPlugin
2024-06-07 18:39:40,755 [INFO] PluginManager:220 - loadIPPluginJar : add gpio
2024-06-07 18:39:40,875 [INFO] IPUIPlugin:80 - create IPUIPlugin
2024-06-07 18:39:40,875 [INFO] PluginManager:220 - loadIPPluginJar : add gtzc
2024-06-07 18:39:40,911 [INFO] IPUIPlugin:80 - create IPUIPlugin
2024-06-07 18:39:40,911 [INFO] PluginManager:220 - loadIPPluginJar : add hash
2024-06-07 18:39:40,972 [INFO] IPUIPlugin:80 - create IPUIPlugin
2024-06-07 18:39:40,972 [INFO] PluginManager:220 - loadIPPluginJar : add i2c
2024-06-07 18:39:41,013 [INFO] IPUIPlugin:80 - create IPUIPlugin
2024-06-07 18:39:41,013 [INFO] PluginManager:220 - loadIPPluginJar : add i2s
2024-06-07 18:39:41,068 [INFO] IPUIPlugin:80 - create IPUIPlugin
2024-06-07 18:39:41,069 [INFO] PluginManager:220 - loadIPPluginJar : add i3c
2024-06-07 18:39:41,199 [INFO] IPUIPlugin:80 - create IPUIPlugin
2024-06-07 18:39:41,199 [INFO] PluginManager:220 - loadIPPluginJar : add ipddr
2024-06-07 18:39:41,360 [INFO] IPUIPlugin:80 - create IPUIPlugin
2024-06-07 18:39:41,361 [INFO] PluginManager:220 - loadIPPluginJar : add linkedlist
2024-06-07 18:39:41,426 [INFO] IPUIPlugin:80 - create IPUIPlugin
2024-06-07 18:39:41,426 [INFO] PluginManager:220 - loadIPPluginJar : add lorawan
2024-06-07 18:39:41,479 [INFO] IPUIPlugin:80 - create IPUIPlugin
2024-06-07 18:39:41,479 [INFO] PluginManager:220 - loadIPPluginJar : add ltdc
2024-06-07 18:39:41,499 [INFO] IPUIPlugin:80 - create IPUIPlugin
2024-06-07 18:39:41,499 [INFO] PluginManager:220 - loadIPPluginJar : add mdma
2024-06-07 18:39:41,513 [INFO] IPUIPlugin:80 - create IPUIPlugin
2024-06-07 18:39:41,513 [INFO] PluginManager:220 - loadIPPluginJar : add nvic
2024-06-07 18:39:41,558 [INFO] IPUIPlugin:80 - create IPUIPlugin
2024-06-07 18:39:41,558 [INFO] PluginManager:220 - loadIPPluginJar : add opamp
2024-06-07 18:39:41,635 [INFO] IPUIPlugin:80 - create IPUIPlugin
2024-06-07 18:39:41,636 [INFO] PluginManager:220 - loadIPPluginJar : add openamp
2024-06-07 18:39:41,685 [INFO] IPUIPlugin:80 - create IPUIPlugin
2024-06-07 18:39:41,685 [INFO] PluginManager:220 - loadIPPluginJar : add pdm2pcm
2024-06-07 18:39:41,699 [INFO] IPUIPlugin:80 - create IPUIPlugin
2024-06-07 18:39:41,702 [INFO] PluginManager:220 - loadIPPluginJar : add plateformsettings
2024-06-07 18:39:41,727 [INFO] IPUIPlugin:80 - create IPUIPlugin
2024-06-07 18:39:41,728 [INFO] PluginManager:220 - loadIPPluginJar : add quadspi
2024-06-07 18:39:41,747 [INFO] IPUIPlugin:80 - create IPUIPlugin
2024-06-07 18:39:41,747 [INFO] PluginManager:220 - loadIPPluginJar : add resmgrutility
2024-06-07 18:39:41,821 [INFO] IPUIPlugin:80 - create IPUIPlugin
2024-06-07 18:39:41,821 [INFO] PluginManager:220 - loadIPPluginJar : add sai
2024-06-07 18:39:41,874 [INFO] IPUIPlugin:80 - create IPUIPlugin
2024-06-07 18:39:41,874 [INFO] PluginManager:220 - loadIPPluginJar : add spi
2024-06-07 18:39:41,947 [INFO] IPUIPlugin:80 - create IPUIPlugin
2024-06-07 18:39:41,947 [INFO] PluginManager:220 - loadIPPluginJar : add stm32_wpan
2024-06-07 18:39:41,973 [INFO] IPUIPlugin:80 - create IPUIPlugin
2024-06-07 18:39:41,973 [INFO] PluginManager:220 - loadIPPluginJar : add tim
2024-06-07 18:39:42,051 [INFO] IPUIPlugin:80 - create IPUIPlugin
2024-06-07 18:39:42,051 [INFO] PluginManager:220 - loadIPPluginJar : add touchsensing
2024-06-07 18:39:42,078 [INFO] IPUIPlugin:80 - create IPUIPlugin
2024-06-07 18:39:42,078 [INFO] PluginManager:220 - loadIPPluginJar : add tracer_emb
2024-06-07 18:39:42,103 [INFO] IPUIPlugin:80 - create IPUIPlugin
2024-06-07 18:39:42,103 [INFO] PluginManager:220 - loadIPPluginJar : add ts
2024-06-07 18:39:42,127 [INFO] IPUIPlugin:80 - create IPUIPlugin
2024-06-07 18:39:42,128 [INFO] PluginManager:220 - loadIPPluginJar : add tsc
2024-06-07 18:39:42,152 [INFO] IPUIPlugin:80 - create IPUIPlugin
2024-06-07 18:39:42,153 [INFO] PluginManager:220 - loadIPPluginJar : add ucpd
2024-06-07 18:39:42,201 [INFO] IPUIPlugin:80 - create IPUIPlugin
2024-06-07 18:39:42,201 [INFO] PluginManager:220 - loadIPPluginJar : add usart
2024-06-07 18:39:42,234 [INFO] ThirdPartyUpdaterWithRetryManager:70 - Updater plugin not ready yet. [2/15]
2024-06-07 18:39:42,248 [INFO] IPUIPlugin:80 - create IPUIPlugin
2024-06-07 18:39:42,248 [INFO] PluginManager:220 - loadIPPluginJar : add usbx
2024-06-07 18:39:42,383 [INFO] CADModel:165 - CPN selected for project level
2024-06-07 18:39:42,383 [INFO] CADModel:114 - Register for checkConnection events
2024-06-07 18:39:42,384 [FATAL] Updater:308 - Updater called before beeing initialized
2024-06-07 18:39:42,384 [ERROR] CADModel:125 - Updater not yet initialized, retry later 
2024-06-07 18:39:42,583 [INFO] CADModel:165 - CPN selected for project level
2024-06-07 18:39:42,583 [INFO] CADModel:114 - Register for checkConnection events
2024-06-07 18:39:42,583 [FATAL] Updater:308 - Updater called before beeing initialized
2024-06-07 18:39:42,583 [ERROR] CADModel:125 - Updater not yet initialized, retry later 
2024-06-07 18:39:42,586 [FATAL] Updater:308 - Updater called before beeing initialized
2024-06-07 18:39:42,721 [FATAL] Updater:308 - Updater called before beeing initialized
2024-06-07 18:39:42,732 [INFO] DbMcusAds:53 - JSON generation date=Thu May 16 11:22:01 CEST 2024 (1715851321456)
2024-06-07 18:39:42,732 [FATAL] Updater:308 - Updater called before beeing initialized
2024-06-07 18:39:42,849 [WARN] DetailPanel:346 - Failed to get advertising image, set to default
2024-06-07 18:39:42,966 [FATAL] Updater:308 - Updater called before beeing initialized
2024-06-07 18:39:42,969 [FATAL] Updater:308 - Updater called before beeing initialized
2024-06-07 18:39:42,969 [FATAL] Updater:308 - Updater called before beeing initialized
2024-06-07 18:39:42,969 [WARN] DetailPanel:346 - Failed to get advertising image, set to default
2024-06-07 18:39:42,970 [FATAL] Updater:308 - Updater called before beeing initialized
2024-06-07 18:39:43,061 [ERROR] Updater:1120 - MainUpdater not yet initialized. External WinMGr cannot be set.
2024-06-07 18:39:43,072 [INFO] Updater:1056 - Updater Version found : 6.11.1
2024-06-07 18:39:43,098 [INFO] ApplicationProperties:184 - Using Application install path: D:\ST\STM32CubeIDE_1.15.1\STM32CubeIDE\plugins\com.st.stm32cube.common.mx_6.11.1.202404110753
2024-06-07 18:39:43,586 [INFO] MainUpdater:2873 - connection check result : 10
2024-06-07 18:39:43,586 [INFO] MainUpdater:3567 - Updater definition file requires update
2024-06-07 18:39:43,587 [INFO] MainUpdater:290 - Updater Check For Update Now.
2024-06-07 18:39:43,587 [INFO] MicroXplorer:498 - Change Database Version : DB.6.0.111
2024-06-07 18:39:43,606 [INFO] McuFinderGlobals:63 - Set McuFinder mode to 2 (CubeIDE integrated)
2024-06-07 18:39:43,617 [INFO] UserAuth:415 - Internet connection configuration mode: 1
2024-06-07 18:39:43,660 [INFO] JxBrowserEngine:152 - Initiate JxBrowser Engine with user profile folder
2024-06-07 18:39:43,744 [INFO] ServerAccessManage:473 - Download File updaters.zip
2024-06-07 18:39:43,999 [INFO] FileExtend:240 - Unzip File : updaters.zip
2024-06-07 18:39:44,000 [INFO] FileExtend:255 - Standard Zip Deflate
2024-06-07 18:39:44,586 [INFO] ServerAccessManage:473 - Download File PacksControlFlags.xml
2024-06-07 18:39:44,729 [INFO] ServerAccessManage:473 - Download File cubemx.pidx
2024-06-07 18:39:44,870 [INFO] LoadServerUpdatesThread:375 - End of LoadServerUpdate Thread
2024-06-07 18:39:45,043 [INFO] CheckServerUpdateThread:120 - End of CheckServer Thread
2024-06-07 18:39:45,434 [WARN] PackLoader:240 - Cannot read IP mode file for STMicroelectronics.FP-SNS-MOTENVWB1.1.4.0
2024-06-07 18:39:45,450 [WARN] PackLoader:240 - Cannot read IP mode file for STMicroelectronics.X-CUBE-SMBUS.2.1.0
2024-06-07 18:39:45,460 [WARN] PackLoader:240 - Cannot read IP mode file for STMicroelectronics.X-CUBE-TOUCHGFX.4.23.1
2024-06-07 18:39:45,469 [WARN] PackLoader:240 - Cannot read IP mode file for STMicroelectronics.X-CUBE-TOUCHGFX.4.23.0
2024-06-07 18:39:45,478 [WARN] PackLoader:240 - Cannot read IP mode file for STMicroelectronics.X-CUBE-TOUCHGFX.4.23.2
2024-06-07 18:39:45,511 [WARN] PackLoader:240 - Cannot read IP mode file for STMicroelectronics.X-CUBE-AZRTOS-F7.1.1.0
2024-06-07 18:39:45,526 [WARN] PackLoader:240 - Cannot read IP mode file for STMicroelectronics.FP-SNS-MOTENV1.4.3.2
2024-06-07 18:39:45,538 [WARN] PackLoader:240 - Cannot read IP mode file for STMicroelectronics.FP-SNS-FLIGHT1.5.0.2
2024-06-07 18:39:45,556 [WARN] PackLoader:240 - Cannot read IP mode file for STMicroelectronics.X-CUBE-DISPLAY.3.0.0
2024-06-07 18:39:45,572 [WARN] PackLoader:240 - Cannot read IP mode file for STMicroelectronics.X-CUBE-BLE1.7.0.0
2024-06-07 18:39:45,588 [WARN] PackLoader:240 - Cannot read IP mode file for emotas.I-CUBE-CANOPEN.1.3.0
2024-06-07 18:39:45,607 [WARN] PackLoader:240 - Cannot read IP mode file for STMicroelectronics.X-CUBE-BLEMGR.3.1.0
2024-06-07 18:39:45,622 [WARN] PackLoader:240 - Cannot read IP mode file for STMicroelectronics.FP-SNS-SMARTAG2.1.2.0
2024-06-07 18:39:45,641 [INFO] LogOutputStream:77 - [STDOUT_REDIRECT] 1 : Invalid condition id : UX_CORESTACK_Condition cause : null
2024-06-07 18:39:45,641 [INFO] LogOutputStream:77 - [STDOUT_REDIRECT] 1 : Invalid condition id : UX_CORESTACK_Condition cause : null
2024-06-07 18:39:45,643 [INFO] LogOutputStream:77 - [STDOUT_REDIRECT] 1 : Invalid condition id : UX_CORESTACK_Condition cause : null
2024-06-07 18:39:45,644 [INFO] LogOutputStream:77 - [STDOUT_REDIRECT] 1 : Invalid condition id : UX_CORESTACK_Condition cause : null
2024-06-07 18:39:45,645 [INFO] LogOutputStream:77 - [STDOUT_REDIRECT] 1 : Invalid condition id : UX_CORESTACK_Condition cause : null
2024-06-07 18:39:45,648 [WARN] PackLoader:240 - Cannot read IP mode file for STMicroelectronics.X-CUBE-AZRTOS-WL.2.0.0
2024-06-07 18:39:45,659 [WARN] PackLoader:240 - Cannot read IP mode file for STMicroelectronics.FP-SNS-MOTENV1.5.0.0
2024-06-07 18:39:45,674 [WARN] PackLoader:240 - Cannot read IP mode file for WES.I-CUBE-Cesium.1.3.0
2024-06-07 18:39:45,685 [WARN] PackLoader:240 - Cannot read IP mode file for STMicroelectronics.X-CUBE-BLE2.3.3.0
2024-06-07 18:39:45,697 [WARN] PackLoader:240 - Cannot read IP mode file for STMicroelectronics.X-CUBE-TCPP.4.1.0
2024-06-07 18:39:45,709 [WARN] PackLoader:240 - Cannot read IP mode file for STMicroelectronics.X-CUBE-ALGOBUILD.1.3.0
2024-06-07 18:39:45,733 [WARN] PackLoader:240 - Cannot read IP mode file for STMicroelectronics.X-CUBE-AZRTOS-G0.1.1.0
2024-06-07 18:39:45,747 [WARN] PackLoader:240 - Cannot read IP mode file for STMicroelectronics.X-CUBE-SAFEA1.1.2.2
2024-06-07 18:39:45,759 [WARN] PackLoader:240 - Cannot read IP mode file for STMicroelectronics.X-CUBE-NFC4.3.0.0
2024-06-07 18:39:45,770 [WARN] PackLoader:240 - Cannot read IP mode file for wolfSSL.I-CUBE-wolfMQTT.1.18.0
2024-06-07 18:39:45,785 [WARN] PackLoader:240 - Cannot read IP mode file for STMicroelectronics.X-CUBE-BLEMGR.3.0.0
2024-06-07 18:39:45,799 [WARN] PackLoader:240 - Cannot read IP mode file for STMicroelectronics.FP-ATR-SIGFOX1.3.2.0
2024-06-07 18:39:45,813 [WARN] PackLoader:240 - Cannot read IP mode file for STMicroelectronics.X-CUBE-EEPRMA1.5.1.0
2024-06-07 18:39:45,845 [WARN] PackLoader:240 - Cannot read IP mode file for SEGGER.I-CUBE-embOS.1.3.1
2024-06-07 18:39:45,888 [WARN] PackLoader:240 - Cannot read IP mode file for STMicroelectronics.X-CUBE-ALGOBUILD.1.4.0
2024-06-07 18:39:45,900 [WARN] PackLoader:240 - Cannot read IP mode file for STMicroelectronics.X-CUBE-GNSS1.6.0.0
2024-06-07 18:39:45,924 [WARN] PackLoader:240 - Cannot read IP mode file for STMicroelectronics.X-CUBE-AZRTOS-F4.1.1.0
2024-06-07 18:39:45,937 [WARN] PackLoader:240 - Cannot read IP mode file for STMicroelectronics.X-CUBE-FREERTOS.1.2.0
2024-06-07 18:39:45,946 [WARN] PackLoader:240 - Cannot read IP mode file for wolfSSL.I-CUBE-wolfSSL.5.6.6
2024-06-07 18:39:45,970 [WARN] PackLoader:240 - Cannot read IP mode file for STMicroelectronics.X-CUBE-AZRTOS-L5.2.0.0
2024-06-07 18:39:45,982 [WARN] PackLoader:240 - Cannot read IP mode file for STMicroelectronics.X-CUBE-EEPRMA1.4.2.0
2024-06-07 18:39:45,995 [WARN] PackLoader:240 - Cannot read IP mode file for STMicroelectronics.X-CUBE-NFC6.3.1.0
2024-06-07 18:39:46,008 [WARN] PackLoader:240 - Cannot read IP mode file for ITTIA_DB.I-CUBE-ITTIADB.8.8.0
2024-06-07 18:39:46,020 [WARN] PackLoader:240 - Cannot read IP mode file for STMicroelectronics.X-CUBE-AI.9.0.0
2024-06-07 18:39:46,037 [WARN] PackLoader:240 - Cannot read IP mode file for STMicroelectronics.X-CUBE-NFC7.1.0.1
2024-06-07 18:39:46,051 [WARN] PackLoader:240 - Cannot read IP mode file for STMicroelectronics.X-CUBE-NFC6.3.0.0
2024-06-07 18:39:46,067 [WARN] PackLoader:240 - Cannot read IP mode file for STMicroelectronics.X-CUBE-AI.8.1.0
2024-06-07 18:39:46,095 [WARN] ConditionMgr:438 - getConditionDescription Invalid condition id : LAN8742 Phy interface Condition cause : null
2024-06-07 18:39:46,095 [WARN] PackLoader:240 - Cannot read IP mode file for STMicroelectronics.X-CUBE-AZRTOS-L4.2.0.0
2024-06-07 18:39:46,096 [WARN] ConditionMgr:1039 - genDependencies : Invalid condition id : LAN8742 Phy interface Condition cause : null
2024-06-07 18:39:46,096 [WARN] ConditionMgr:1039 - genDependencies : Invalid condition id : LAN8742 Phy interface Condition cause : null
2024-06-07 18:39:46,097 [WARN] ConditionMgr:1039 - genDependencies : Invalid condition id : LAN8742 Phy interface Condition cause : null
2024-06-07 18:39:46,111 [WARN] PackLoader:240 - Cannot read IP mode file for STMicroelectronics.X-CUBE-SFXS2LP1.4.0.0
2024-06-07 18:39:46,136 [WARN] ConditionMgr:438 - getConditionDescription Invalid condition id : UX DEVICE CLASS RTOS Condition cause : null
2024-06-07 18:39:46,137 [WARN] ConditionMgr:438 - getConditionDescription Invalid condition id : UX DEVICE CLASS RTOS Condition cause : null
2024-06-07 18:39:46,138 [WARN] PackLoader:240 - Cannot read IP mode file for STMicroelectronics.X-CUBE-AZRTOS-WB.2.0.0
2024-06-07 18:39:46,139 [WARN] ConditionMgr:1039 - genDependencies : Invalid condition id : UX DEVICE CLASS RTOS Condition cause : null
2024-06-07 18:39:46,139 [WARN] ConditionMgr:1039 - genDependencies : Invalid condition id : UX DEVICE CLASS RTOS Condition cause : null
2024-06-07 18:39:46,139 [WARN] ConditionMgr:1039 - genDependencies : Invalid condition id : UX DEVICE CLASS RTOS Condition cause : null
2024-06-07 18:39:46,139 [WARN] ConditionMgr:1039 - genDependencies : Invalid condition id : UX DEVICE CLASS RTOS Condition cause : null
2024-06-07 18:39:46,140 [WARN] ConditionMgr:1039 - genDependencies : Invalid condition id : UX DEVICE CLASS RTOS Condition cause : null
2024-06-07 18:39:46,157 [WARN] PackLoader:240 - Cannot read IP mode file for STMicroelectronics.X-CUBE-SUBG2.5.0.0
2024-06-07 18:39:46,190 [WARN] PackLoader:240 - Cannot read IP mode file for STMicroelectronics.X-CUBE-AZRTOS-G4.2.0.0
2024-06-07 18:39:46,211 [WARN] PackLoader:240 - Cannot read IP mode file for Infineon.AIROC-Wi-Fi-Bluetooth-STM32.1.5.1
2024-06-07 18:39:46,223 [WARN] PackLoader:240 - Cannot read IP mode file for STMicroelectronics.FP-SNS-MOTENVWB1.1.3.1
2024-06-07 18:39:46,235 [WARN] PackLoader:240 - Cannot read IP mode file for STMicroelectronics.X-CUBE-ISPU.2.0.0
2024-06-07 18:39:46,246 [WARN] PackLoader:240 - Cannot read IP mode file for STMicroelectronics.X-CUBE-ALS.1.0.2
2024-06-07 18:39:46,291 [WARN] PackLoader:240 - Cannot read IP mode file for STMicroelectronics.X-CUBE-MEMS1.10.0.0
2024-06-07 18:39:46,378 [WARN] PackLoader:240 - Cannot read IP mode file for STMicroelectronics.X-CUBE-FREERTOS.1.1.0
2024-06-07 18:39:46,389 [WARN] PackLoader:240 - Cannot read IP mode file for portGmbH.I-Cube-SoM-uGOAL.1.1.0
2024-06-07 18:39:46,399 [WARN] PackLoader:240 - Cannot read IP mode file for STMicroelectronics.X-CUBE-ALS.1.0.1
2024-06-07 18:39:46,423 [WARN] PackLoader:240 - Cannot read IP mode file for STMicroelectronics.X-CUBE-AZRTOS-H7RS.1.0.0
2024-06-07 18:39:46,433 [WARN] PackLoader:240 - Cannot read IP mode file for STMicroelectronics.FP-ATR-ASTRA1.2.0.0
2024-06-07 18:39:46,450 [WARN] PackLoader:240 - Cannot read IP mode file for STMicroelectronics.X-CUBE-TOF1.3.4.0
2024-06-07 18:39:46,473 [WARN] PackLoader:240 - Cannot read IP mode file for STMicroelectronics.X-CUBE-TOF1.3.4.1
2024-06-07 18:39:46,503 [WARN] PackLoader:240 - Cannot read IP mode file for STMicroelectronics.X-CUBE-AZRTOS-H7.3.2.0
2024-06-07 18:39:46,506 [INFO] ThirdParty:978 - Integrity check success = true
2024-06-07 18:39:46,506 [INFO] IntegrityCheckThread:100 - exiting critical section [integrity check]
2024-06-07 18:39:46,506 [INFO] IntegrityCheckThread:103 - End integrity checks thread
2024-06-07 18:39:49,151 [INFO] WebApp:161 - Instantiating new browser for Auth
2024-06-07 18:39:49,761 [INFO] WebApp:779 - Register for checkConnection events
2024-06-07 18:39:49,761 [INFO] WebApp:414 - Apply proxy settings
2024-06-07 18:39:49,761 [INFO] WebApp:499 - Chromium requires no authentication
2024-06-07 18:39:49,768 [INFO] WebApp:442 - Direct internet connection detected
2024-06-07 18:39:49,951 [INFO] WebApp:192 - Starting web application
2024-06-07 18:39:49,951 [INFO] WebApp:544 - Web application path used D:\ST\STM32CubeIDE_1.15.1\STM32CubeIDE\plugins\com.st.stm32cube.common.mx_6.11.1.202404110753\db\plugins\mcufinder\reactClient1\index.html
