2024-06-09 08:26:07,208 [INFO] Activator:176 - 


2024-06-09 08:26:07,221 [INFO] Activator:177 - !SESSION log4j initialized
2024-06-09 08:26:18,863 [INFO] LogOutputStream:77 - [STDOUT_REDIRECT] 
2024-06-09 08:26:27,573 [INFO] ApplicationProperties:184 - Using Application install path: D:\ST\STM32CubeIDE_1.15.1\STM32CubeIDE\plugins\com.st.stm32cube.common.mx_6.11.1.202404110753
2024-06-09 08:26:27,610 [INFO] DbMcusXml:78 - Set database path to: D:\ST\STM32CubeIDE_1.15.1\STM32CubeIDE\plugins\com.st.stm32cube.common.mx_6.11.1.202404110753\\db\/mcu/
2024-06-09 08:26:27,611 [INFO] ApiDb:274 - Set plugin database path to: D:\ST\STM32CubeIDE_1.15.1\STM32CubeIDE\plugins\com.st.stm32cube.common.mx_6.11.1.202404110753\\db\/plugins/boardmanager/
2024-06-09 08:26:27,612 [WARN] ApiDb:259 - Overriding images path with different value:  => D:\ST\STM32CubeIDE_1.15.1\STM32CubeIDE\plugins\com.st.stm32cube.common.mx_6.11.1.202404110753\\db\/plugins/mcufinder/images/
2024-06-09 08:26:27,641 [INFO] ApiDb:250 - Set database path to: C:\Users\andre\.stmcufinder\plugins\mcufinder//mcu/
2024-06-09 08:26:27,643 [INFO] DbMcusAds:125 - Set database path to: C:\Users\andre\.stmcufinder\plugins\mcufinder//mcu/
2024-06-09 08:26:27,647 [INFO] CrossReferenceDbSqlite:203 - Set database path to: C:\Users\andre\.stmcufinder\plugins\mcufinder//mcu/cs/
2024-06-09 08:26:27,891 [INFO] RulesReader:64 - Compatibility file has been processed (297 Rules)
2024-06-09 08:26:28,021 [INFO] DbMcusXml:78 - Set database path to: D:\ST\STM32CubeIDE_1.15.1\STM32CubeIDE\plugins\com.st.stm32cube.common.mx_6.11.1.202404110753\\db\/mcu/
2024-06-09 08:26:28,021 [INFO] ApiDb:274 - Set plugin database path to: D:\ST\STM32CubeIDE_1.15.1\STM32CubeIDE\plugins\com.st.stm32cube.common.mx_6.11.1.202404110753\\db\/plugins/boardmanager/
2024-06-09 08:26:28,022 [INFO] ApiDb:261 - Set plugin images path to: D:\ST\STM32CubeIDE_1.15.1\STM32CubeIDE\plugins\com.st.stm32cube.common.mx_6.11.1.202404110753\\db\/plugins/mcufinder/images/
2024-06-09 08:26:28,022 [WARN] DbFile:41 - Overriding database path with different value: C:\Users\andre\.stmcufinder\plugins\mcufinder/ => C:\Users\andre\.stmcufinder\plugins\mcufinder
2024-06-09 08:26:28,022 [INFO] ApiDb:250 - Set database path to: C:\Users\andre\.stmcufinder\plugins\mcufinder//mcu/
2024-06-09 08:26:28,022 [WARN] DbFile:41 - Overriding database path with different value: C:\Users\andre\.stmcufinder\plugins\mcufinder/ => C:\Users\andre\.stmcufinder\plugins\mcufinder
2024-06-09 08:26:28,023 [INFO] DbMcusAds:125 - Set database path to: C:\Users\andre\.stmcufinder\plugins\mcufinder//mcu/
2024-06-09 08:26:28,023 [WARN] DbFile:41 - Overriding database path with different value: C:\Users\andre\.stmcufinder\plugins\mcufinder/ => C:\Users\andre\.stmcufinder\plugins\mcufinder
2024-06-09 08:26:28,023 [WARN] DbFile:41 - Overriding database path with different value: C:\Users\andre\.stmcufinder\plugins\mcufinder/ => C:\Users\andre\.stmcufinder\plugins\mcufinder
2024-06-09 08:26:28,023 [INFO] CrossReferenceDbSqlite:203 - Set database path to: C:\Users\andre\.stmcufinder\plugins\mcufinder//mcu/cs/
2024-06-09 08:26:28,147 [INFO] MainPanel:264 - HeapMemory: 617611264
2024-06-09 08:26:28,304 [INFO] DbMcusXml:78 - Set database path to: D:\ST\STM32CubeIDE_1.15.1\STM32CubeIDE\plugins\com.st.stm32cube.common.mx_6.11.1.202404110753\\db\/mcu/
2024-06-09 08:26:28,304 [INFO] ApiDb:274 - Set plugin database path to: D:\ST\STM32CubeIDE_1.15.1\STM32CubeIDE\plugins\com.st.stm32cube.common.mx_6.11.1.202404110753\\db\/plugins/boardmanager/
2024-06-09 08:26:28,304 [INFO] ApiDb:261 - Set plugin images path to: D:\ST\STM32CubeIDE_1.15.1\STM32CubeIDE\plugins\com.st.stm32cube.common.mx_6.11.1.202404110753\\db\/plugins/mcufinder/images/
2024-06-09 08:26:28,305 [WARN] DbFile:41 - Overriding database path with different value: C:\Users\andre\.stmcufinder\plugins\mcufinder/ => C:\Users\andre\.stmcufinder\plugins\mcufinder
2024-06-09 08:26:28,305 [INFO] ApiDb:250 - Set database path to: C:\Users\andre\.stmcufinder\plugins\mcufinder//mcu/
2024-06-09 08:26:28,306 [WARN] DbFile:41 - Overriding database path with different value: C:\Users\andre\.stmcufinder\plugins\mcufinder/ => C:\Users\andre\.stmcufinder\plugins\mcufinder
2024-06-09 08:26:28,306 [INFO] DbMcusAds:125 - Set database path to: C:\Users\andre\.stmcufinder\plugins\mcufinder//mcu/
2024-06-09 08:26:28,306 [WARN] DbFile:41 - Overriding database path with different value: C:\Users\andre\.stmcufinder\plugins\mcufinder/ => C:\Users\andre\.stmcufinder\plugins\mcufinder
2024-06-09 08:26:28,306 [WARN] DbFile:41 - Overriding database path with different value: C:\Users\andre\.stmcufinder\plugins\mcufinder/ => C:\Users\andre\.stmcufinder\plugins\mcufinder
2024-06-09 08:26:28,306 [INFO] CrossReferenceDbSqlite:203 - Set database path to: C:\Users\andre\.stmcufinder\plugins\mcufinder//mcu/cs/
2024-06-09 08:26:28,332 [INFO] ApplicationProperties:184 - Using Application install path: D:\ST\STM32CubeIDE_1.15.1\STM32CubeIDE\plugins\com.st.stm32cube.common.mx_6.11.1.202404110753
2024-06-09 08:26:28,335 [INFO] PluginManage:196 - Search for loadable plugins [exclusion list=, ]
2024-06-09 08:26:28,336 [INFO] PluginManage:310 - Check plugin analytics
2024-06-09 08:26:28,708 [INFO] AnalyticsPlugin:253 - Accepted Software Licenses: STM32CubeMX.6.10.0,STM32CubeMX.6.11.1
2024-06-09 08:26:28,708 [INFO] AnalyticsPlugin:255 - Accepted CMSIS Pack Licenses: 
2024-06-09 08:26:28,709 [INFO] AnalyticsPlugin:257 - Accepted Firmware Licenses: FW.F4.1.28.0,FW.L4.1.18.0,FW.H7.1.11.0
2024-06-09 08:26:28,713 [INFO] PluginManage:359 - Loaded plugin analytics (category:tool,tabindex:-1)
2024-06-09 08:26:28,714 [INFO] PluginManage:310 - Check plugin cadmodel
2024-06-09 08:26:28,735 [INFO] CADModel:105 - Init CAD model plugin
2024-06-09 08:26:28,735 [INFO] PluginManage:359 - Loaded plugin cadmodel (category:power,tabindex:5)
2024-06-09 08:26:28,736 [INFO] PluginManage:310 - Check plugin clock
2024-06-09 08:26:28,780 [INFO] PluginManage:359 - Loaded plugin clock (category:base,tabindex:2)
2024-06-09 08:26:28,780 [INFO] PluginManage:310 - Check plugin ddr
2024-06-09 08:26:28,786 [INFO] PluginManage:359 - Loaded plugin ddr (category:tool,tabindex:6)
2024-06-09 08:26:28,786 [INFO] PluginManage:310 - Check plugin filemanager
2024-06-09 08:26:29,010 [INFO] PluginManage:359 - Loaded plugin filemanager (category:base,tabindex:10)
2024-06-09 08:26:29,010 [INFO] PluginManage:310 - Check plugin ipmanager
2024-06-09 08:26:29,027 [INFO] PluginManage:359 - Loaded plugin ipmanager (category:base,tabindex:5)
2024-06-09 08:26:29,027 [INFO] PluginManage:310 - Check plugin lpbam
2024-06-09 08:26:29,057 [INFO] PluginManage:359 - Loaded plugin lpbam (category:base,tabindex:0)
2024-06-09 08:26:29,057 [INFO] PluginManage:310 - Check plugin memorymap
2024-06-09 08:26:29,108 [INFO] PluginManage:359 - Loaded plugin memorymap (category:base,tabindex:4)
2024-06-09 08:26:29,109 [INFO] PluginManage:310 - Check plugin pinoutandconfiguration
2024-06-09 08:26:29,133 [INFO] PluginManage:359 - Loaded plugin pinoutandconfiguration (category:base,tabindex:1)
2024-06-09 08:26:29,133 [INFO] PluginManage:310 - Check plugin pinoutconfig
2024-06-09 08:26:29,297 [WARN] SupportedApi:132 - Cannot load RTOS API schema: s4s-elt-must-match.1: The content of 'definitions' must match (annotation?, (simpleType | complexType)?, (unique | key | keyref)*)). A problem was found starting at: attribute.
2024-06-09 08:26:29,559 [INFO] PluginManage:359 - Loaded plugin pinoutconfig (category:base,tabindex:0)
2024-06-09 08:26:29,560 [INFO] PluginManage:310 - Check plugin power
2024-06-09 08:26:29,594 [INFO] PluginManage:359 - Loaded plugin power (category:power,tabindex:4)
2024-06-09 08:26:29,594 [INFO] PluginManage:310 - Check plugin projectmanager
2024-06-09 08:26:29,622 [INFO] PluginManage:359 - Loaded plugin projectmanager (category:projectmanager,tabindex:3)
2024-06-09 08:26:29,622 [INFO] PluginManage:310 - Check plugin thirdparty
2024-06-09 08:26:30,022 [INFO] PluginManage:359 - Loaded plugin thirdparty (category:base,tabindex:-1)
2024-06-09 08:26:30,022 [WARN] IntegrityCheckThread:84 - waiting for thirdparty lock release [integrity check]
2024-06-09 08:26:30,022 [INFO] PluginManage:310 - Check plugin tools
2024-06-09 08:26:30,023 [INFO] IntegrityCheckThread:86 - entering critical section [integrity check]
2024-06-09 08:26:30,023 [INFO] ThirdPartyUpdaterWithRetryManager:70 - Updater plugin not ready yet. [1/15]
2024-06-09 08:26:30,074 [INFO] PluginManage:359 - Loaded plugin tools (category:base,tabindex:7)
2024-06-09 08:26:30,074 [INFO] PluginManage:310 - Check plugin tutovideos
2024-06-09 08:26:30,396 [INFO] PluginManage:359 - Loaded plugin tutovideos (category:base,tabindex:-1)
2024-06-09 08:26:30,396 [INFO] PluginManage:310 - Check plugin updater
2024-06-09 08:26:30,411 [INFO] PluginManage:359 - Loaded plugin updater (category:base,tabindex:12)
2024-06-09 08:26:30,411 [INFO] PluginManage:310 - Check plugin userauth
2024-06-09 08:26:30,419 [INFO] UserAuth:114 - Init User Auth plugin
2024-06-09 08:26:30,419 [INFO] PluginManage:359 - Loaded plugin userauth (category:base,tabindex:14)
2024-06-09 08:26:30,420 [INFO] PluginManage:283 - PluginManage : Loaded plugins [17]
2024-06-09 08:26:30,753 [INFO] PinOutPanel:1561 - setPackage(No Configuration,No Configuration)
2024-06-09 08:26:30,855 [INFO] CADModel:165 - CPN selected for project level
2024-06-09 08:26:30,855 [INFO] CADModel:114 - Register for checkConnection events
2024-06-09 08:26:30,888 [INFO] IPUIPlugin:80 - create IPUIPlugin
2024-06-09 08:26:30,888 [INFO] PluginManager:220 - loadIPPluginJar : add adc
2024-06-09 08:26:30,941 [INFO] IPUIPlugin:80 - create IPUIPlugin
2024-06-09 08:26:30,941 [INFO] PluginManager:220 - loadIPPluginJar : add aes
2024-06-09 08:26:31,001 [INFO] IPUIPlugin:80 - create IPUIPlugin
2024-06-09 08:26:31,002 [INFO] PluginManager:220 - loadIPPluginJar : add can
2024-06-09 08:26:31,034 [INFO] IPUIPlugin:80 - create IPUIPlugin
2024-06-09 08:26:31,034 [INFO] PluginManager:220 - loadIPPluginJar : add comp
2024-06-09 08:26:31,083 [INFO] IPUIPlugin:80 - create IPUIPlugin
2024-06-09 08:26:31,083 [INFO] PluginManager:220 - loadIPPluginJar : add cryp
2024-06-09 08:26:31,132 [INFO] IPUIPlugin:80 - create IPUIPlugin
2024-06-09 08:26:31,132 [INFO] PluginManager:220 - loadIPPluginJar : add dfsdm
2024-06-09 08:26:31,150 [INFO] IPUIPlugin:80 - create IPUIPlugin
2024-06-09 08:26:31,151 [INFO] PluginManager:220 - loadIPPluginJar : add dma
2024-06-09 08:26:31,218 [INFO] IPUIPlugin:80 - create IPUIPlugin
2024-06-09 08:26:31,218 [INFO] PluginManager:220 - loadIPPluginJar : add dma3
2024-06-09 08:26:31,286 [INFO] IPUIPlugin:80 - create IPUIPlugin
2024-06-09 08:26:31,286 [INFO] PluginManager:220 - loadIPPluginJar : add extmemmanager
2024-06-09 08:26:31,316 [INFO] IPUIPlugin:80 - create IPUIPlugin
2024-06-09 08:26:31,316 [INFO] PluginManager:220 - loadIPPluginJar : add fatfs
2024-06-09 08:26:31,386 [INFO] IPUIPlugin:80 - create IPUIPlugin
2024-06-09 08:26:31,386 [INFO] PluginManager:220 - loadIPPluginJar : add fmc
2024-06-09 08:26:31,406 [INFO] IPUIPlugin:80 - create IPUIPlugin
2024-06-09 08:26:31,407 [INFO] PluginManager:220 - loadIPPluginJar : add freertos
2024-06-09 08:26:31,436 [INFO] IPUIPlugin:80 - create IPUIPlugin
2024-06-09 08:26:31,436 [INFO] PluginManager:220 - loadIPPluginJar : add genericplugin
2024-06-09 08:26:31,579 [INFO] IPUIPlugin:80 - create IPUIPlugin
2024-06-09 08:26:31,579 [INFO] PluginManager:220 - loadIPPluginJar : add gfxmmu
2024-06-09 08:26:31,791 [INFO] IPUIPlugin:80 - create IPUIPlugin
2024-06-09 08:26:31,791 [INFO] PluginManager:220 - loadIPPluginJar : add gic
2024-06-09 08:26:31,808 [INFO] IPUIPlugin:80 - create IPUIPlugin
2024-06-09 08:26:31,808 [INFO] PluginManager:220 - loadIPPluginJar : add gpio
2024-06-09 08:26:31,945 [INFO] IPUIPlugin:80 - create IPUIPlugin
2024-06-09 08:26:31,946 [INFO] PluginManager:220 - loadIPPluginJar : add gtzc
2024-06-09 08:26:31,992 [INFO] IPUIPlugin:80 - create IPUIPlugin
2024-06-09 08:26:31,993 [INFO] PluginManager:220 - loadIPPluginJar : add hash
2024-06-09 08:26:32,069 [INFO] IPUIPlugin:80 - create IPUIPlugin
2024-06-09 08:26:32,069 [INFO] PluginManager:220 - loadIPPluginJar : add i2c
2024-06-09 08:26:32,126 [INFO] IPUIPlugin:80 - create IPUIPlugin
2024-06-09 08:26:32,126 [INFO] PluginManager:220 - loadIPPluginJar : add i2s
2024-06-09 08:26:32,186 [INFO] IPUIPlugin:80 - create IPUIPlugin
2024-06-09 08:26:32,186 [INFO] PluginManager:220 - loadIPPluginJar : add i3c
2024-06-09 08:26:32,346 [INFO] IPUIPlugin:80 - create IPUIPlugin
2024-06-09 08:26:32,347 [INFO] PluginManager:220 - loadIPPluginJar : add ipddr
2024-06-09 08:26:32,489 [INFO] IPUIPlugin:80 - create IPUIPlugin
2024-06-09 08:26:32,489 [INFO] PluginManager:220 - loadIPPluginJar : add linkedlist
2024-06-09 08:26:32,541 [INFO] IPUIPlugin:80 - create IPUIPlugin
2024-06-09 08:26:32,541 [INFO] PluginManager:220 - loadIPPluginJar : add lorawan
2024-06-09 08:26:32,596 [INFO] IPUIPlugin:80 - create IPUIPlugin
2024-06-09 08:26:32,596 [INFO] PluginManager:220 - loadIPPluginJar : add ltdc
2024-06-09 08:26:32,616 [INFO] IPUIPlugin:80 - create IPUIPlugin
2024-06-09 08:26:32,617 [INFO] PluginManager:220 - loadIPPluginJar : add mdma
2024-06-09 08:26:32,633 [INFO] IPUIPlugin:80 - create IPUIPlugin
2024-06-09 08:26:32,634 [INFO] PluginManager:220 - loadIPPluginJar : add nvic
2024-06-09 08:26:32,690 [INFO] IPUIPlugin:80 - create IPUIPlugin
2024-06-09 08:26:32,690 [INFO] PluginManager:220 - loadIPPluginJar : add opamp
2024-06-09 08:26:32,783 [INFO] IPUIPlugin:80 - create IPUIPlugin
2024-06-09 08:26:32,784 [INFO] PluginManager:220 - loadIPPluginJar : add openamp
2024-06-09 08:26:32,846 [INFO] IPUIPlugin:80 - create IPUIPlugin
2024-06-09 08:26:32,847 [INFO] PluginManager:220 - loadIPPluginJar : add pdm2pcm
2024-06-09 08:26:32,865 [INFO] IPUIPlugin:80 - create IPUIPlugin
2024-06-09 08:26:32,867 [INFO] PluginManager:220 - loadIPPluginJar : add plateformsettings
2024-06-09 08:26:32,899 [INFO] IPUIPlugin:80 - create IPUIPlugin
2024-06-09 08:26:32,899 [INFO] PluginManager:220 - loadIPPluginJar : add quadspi
2024-06-09 08:26:32,915 [INFO] IPUIPlugin:80 - create IPUIPlugin
2024-06-09 08:26:32,915 [INFO] PluginManager:220 - loadIPPluginJar : add resmgrutility
2024-06-09 08:26:32,990 [INFO] IPUIPlugin:80 - create IPUIPlugin
2024-06-09 08:26:32,990 [INFO] PluginManager:220 - loadIPPluginJar : add sai
2024-06-09 08:26:33,025 [INFO] ThirdPartyUpdaterWithRetryManager:70 - Updater plugin not ready yet. [2/15]
2024-06-09 08:26:33,050 [INFO] IPUIPlugin:80 - create IPUIPlugin
2024-06-09 08:26:33,050 [INFO] PluginManager:220 - loadIPPluginJar : add spi
2024-06-09 08:26:33,156 [INFO] IPUIPlugin:80 - create IPUIPlugin
2024-06-09 08:26:33,157 [INFO] PluginManager:220 - loadIPPluginJar : add stm32_wpan
2024-06-09 08:26:33,191 [INFO] IPUIPlugin:80 - create IPUIPlugin
2024-06-09 08:26:33,191 [INFO] PluginManager:220 - loadIPPluginJar : add tim
2024-06-09 08:26:33,286 [INFO] IPUIPlugin:80 - create IPUIPlugin
2024-06-09 08:26:33,286 [INFO] PluginManager:220 - loadIPPluginJar : add touchsensing
2024-06-09 08:26:33,321 [INFO] IPUIPlugin:80 - create IPUIPlugin
2024-06-09 08:26:33,321 [INFO] PluginManager:220 - loadIPPluginJar : add tracer_emb
2024-06-09 08:26:33,357 [INFO] IPUIPlugin:80 - create IPUIPlugin
2024-06-09 08:26:33,357 [INFO] PluginManager:220 - loadIPPluginJar : add ts
2024-06-09 08:26:33,390 [INFO] IPUIPlugin:80 - create IPUIPlugin
2024-06-09 08:26:33,391 [INFO] PluginManager:220 - loadIPPluginJar : add tsc
2024-06-09 08:26:33,424 [INFO] IPUIPlugin:80 - create IPUIPlugin
2024-06-09 08:26:33,424 [INFO] PluginManager:220 - loadIPPluginJar : add ucpd
2024-06-09 08:26:33,494 [INFO] IPUIPlugin:80 - create IPUIPlugin
2024-06-09 08:26:33,494 [INFO] PluginManager:220 - loadIPPluginJar : add usart
2024-06-09 08:26:33,564 [INFO] IPUIPlugin:80 - create IPUIPlugin
2024-06-09 08:26:33,564 [INFO] PluginManager:220 - loadIPPluginJar : add usbx
2024-06-09 08:26:33,725 [INFO] CADModel:165 - CPN selected for project level
2024-06-09 08:26:33,726 [INFO] CADModel:114 - Register for checkConnection events
2024-06-09 08:26:33,726 [FATAL] Updater:308 - Updater called before beeing initialized
2024-06-09 08:26:33,727 [ERROR] CADModel:125 - Updater not yet initialized, retry later 
2024-06-09 08:26:33,958 [INFO] CADModel:165 - CPN selected for project level
2024-06-09 08:26:33,958 [INFO] CADModel:114 - Register for checkConnection events
2024-06-09 08:26:33,958 [FATAL] Updater:308 - Updater called before beeing initialized
2024-06-09 08:26:33,958 [ERROR] CADModel:125 - Updater not yet initialized, retry later 
2024-06-09 08:26:33,962 [FATAL] Updater:308 - Updater called before beeing initialized
2024-06-09 08:26:34,120 [FATAL] Updater:308 - Updater called before beeing initialized
2024-06-09 08:26:34,134 [INFO] DbMcusAds:53 - JSON generation date=Thu May 16 11:22:01 CEST 2024 (1715851321456)
2024-06-09 08:26:34,134 [FATAL] Updater:308 - Updater called before beeing initialized
2024-06-09 08:26:34,248 [WARN] DetailPanel:346 - Failed to get advertising image, set to default
2024-06-09 08:26:34,389 [FATAL] Updater:308 - Updater called before beeing initialized
2024-06-09 08:26:34,393 [FATAL] Updater:308 - Updater called before beeing initialized
2024-06-09 08:26:34,393 [FATAL] Updater:308 - Updater called before beeing initialized
2024-06-09 08:26:34,393 [WARN] DetailPanel:346 - Failed to get advertising image, set to default
2024-06-09 08:26:34,394 [FATAL] Updater:308 - Updater called before beeing initialized
2024-06-09 08:26:34,487 [ERROR] Updater:1120 - MainUpdater not yet initialized. External WinMGr cannot be set.
2024-06-09 08:26:34,503 [INFO] Updater:1056 - Updater Version found : 6.11.1
2024-06-09 08:26:34,527 [INFO] ApplicationProperties:184 - Using Application install path: D:\ST\STM32CubeIDE_1.15.1\STM32CubeIDE\plugins\com.st.stm32cube.common.mx_6.11.1.202404110753
2024-06-09 08:26:35,462 [INFO] MainUpdater:2873 - connection check result : 10
2024-06-09 08:26:35,463 [INFO] MainUpdater:290 - Updater Check For Update Now.
2024-06-09 08:26:35,463 [INFO] MicroXplorer:498 - Change Database Version : DB.6.0.111
2024-06-09 08:26:35,489 [INFO] McuFinderGlobals:63 - Set McuFinder mode to 2 (CubeIDE integrated)
2024-06-09 08:26:35,508 [INFO] UserAuth:415 - Internet connection configuration mode: 1
2024-06-09 08:26:35,589 [INFO] JxBrowserEngine:152 - Initiate JxBrowser Engine with user profile folder
2024-06-09 08:26:35,723 [INFO] CheckServerUpdateThread:120 - End of CheckServer Thread
2024-06-09 08:26:36,296 [WARN] PackLoader:240 - Cannot read IP mode file for STMicroelectronics.FP-SNS-MOTENVWB1.1.4.0
2024-06-09 08:26:36,323 [WARN] PackLoader:240 - Cannot read IP mode file for STMicroelectronics.X-CUBE-SMBUS.2.1.0
2024-06-09 08:26:36,343 [WARN] PackLoader:240 - Cannot read IP mode file for STMicroelectronics.X-CUBE-TOUCHGFX.4.23.1
2024-06-09 08:26:36,358 [WARN] PackLoader:240 - Cannot read IP mode file for STMicroelectronics.X-CUBE-TOUCHGFX.4.23.0
2024-06-09 08:26:36,372 [WARN] PackLoader:240 - Cannot read IP mode file for STMicroelectronics.X-CUBE-TOUCHGFX.4.23.2
2024-06-09 08:26:36,434 [WARN] PackLoader:240 - Cannot read IP mode file for STMicroelectronics.X-CUBE-AZRTOS-F7.1.1.0
2024-06-09 08:26:36,459 [WARN] PackLoader:240 - Cannot read IP mode file for STMicroelectronics.FP-SNS-MOTENV1.4.3.2
2024-06-09 08:26:36,479 [WARN] PackLoader:240 - Cannot read IP mode file for STMicroelectronics.FP-SNS-FLIGHT1.5.0.2
2024-06-09 08:26:36,502 [WARN] PackLoader:240 - Cannot read IP mode file for STMicroelectronics.X-CUBE-DISPLAY.3.0.0
2024-06-09 08:26:36,532 [WARN] PackLoader:240 - Cannot read IP mode file for STMicroelectronics.X-CUBE-BLE1.7.0.0
2024-06-09 08:26:36,550 [WARN] PackLoader:240 - Cannot read IP mode file for emotas.I-CUBE-CANOPEN.1.3.0
2024-06-09 08:26:36,576 [WARN] PackLoader:240 - Cannot read IP mode file for STMicroelectronics.X-CUBE-BLEMGR.3.1.0
2024-06-09 08:26:36,599 [WARN] PackLoader:240 - Cannot read IP mode file for STMicroelectronics.FP-SNS-SMARTAG2.1.2.0
2024-06-09 08:26:36,626 [INFO] LogOutputStream:77 - [STDOUT_REDIRECT] 1 : Invalid condition id : UX_CORESTACK_Condition cause : null
2024-06-09 08:26:36,627 [INFO] LogOutputStream:77 - [STDOUT_REDIRECT] 1 : Invalid condition id : UX_CORESTACK_Condition cause : null
2024-06-09 08:26:36,629 [INFO] LogOutputStream:77 - [STDOUT_REDIRECT] 1 : Invalid condition id : UX_CORESTACK_Condition cause : null
2024-06-09 08:26:36,631 [INFO] LogOutputStream:77 - [STDOUT_REDIRECT] 1 : Invalid condition id : UX_CORESTACK_Condition cause : null
2024-06-09 08:26:36,632 [INFO] LogOutputStream:77 - [STDOUT_REDIRECT] 1 : Invalid condition id : UX_CORESTACK_Condition cause : null
2024-06-09 08:26:36,637 [WARN] PackLoader:240 - Cannot read IP mode file for STMicroelectronics.X-CUBE-AZRTOS-WL.2.0.0
2024-06-09 08:26:36,655 [WARN] PackLoader:240 - Cannot read IP mode file for STMicroelectronics.FP-SNS-MOTENV1.5.0.0
2024-06-09 08:26:36,678 [WARN] PackLoader:240 - Cannot read IP mode file for WES.I-CUBE-Cesium.1.3.0
2024-06-09 08:26:36,696 [WARN] PackLoader:240 - Cannot read IP mode file for STMicroelectronics.X-CUBE-BLE2.3.3.0
2024-06-09 08:26:36,714 [WARN] PackLoader:240 - Cannot read IP mode file for STMicroelectronics.X-CUBE-TCPP.4.1.0
2024-06-09 08:26:36,758 [WARN] PackLoader:240 - Cannot read IP mode file for STMicroelectronics.X-CUBE-ALGOBUILD.1.3.0
2024-06-09 08:26:36,797 [WARN] PackLoader:240 - Cannot read IP mode file for STMicroelectronics.X-CUBE-AZRTOS-G0.1.1.0
2024-06-09 08:26:36,823 [WARN] PackLoader:240 - Cannot read IP mode file for STMicroelectronics.X-CUBE-SAFEA1.1.2.2
2024-06-09 08:26:36,842 [WARN] PackLoader:240 - Cannot read IP mode file for STMicroelectronics.X-CUBE-NFC4.3.0.0
2024-06-09 08:26:36,858 [WARN] PackLoader:240 - Cannot read IP mode file for wolfSSL.I-CUBE-wolfMQTT.1.18.0
2024-06-09 08:26:36,877 [WARN] PackLoader:240 - Cannot read IP mode file for STMicroelectronics.X-CUBE-BLEMGR.3.0.0
2024-06-09 08:26:36,897 [WARN] PackLoader:240 - Cannot read IP mode file for STMicroelectronics.FP-ATR-SIGFOX1.3.2.0
2024-06-09 08:26:36,917 [WARN] PackLoader:240 - Cannot read IP mode file for STMicroelectronics.X-CUBE-EEPRMA1.5.1.0
2024-06-09 08:26:36,973 [WARN] PackLoader:240 - Cannot read IP mode file for SEGGER.I-CUBE-embOS.1.3.1
2024-06-09 08:26:37,038 [WARN] PackLoader:240 - Cannot read IP mode file for STMicroelectronics.X-CUBE-ALGOBUILD.1.4.0
2024-06-09 08:26:37,055 [WARN] PackLoader:240 - Cannot read IP mode file for STMicroelectronics.X-CUBE-GNSS1.6.0.0
2024-06-09 08:26:37,092 [WARN] PackLoader:240 - Cannot read IP mode file for STMicroelectronics.X-CUBE-AZRTOS-F4.1.1.0
2024-06-09 08:26:37,112 [WARN] PackLoader:240 - Cannot read IP mode file for STMicroelectronics.X-CUBE-FREERTOS.1.2.0
2024-06-09 08:26:37,126 [WARN] PackLoader:240 - Cannot read IP mode file for wolfSSL.I-CUBE-wolfSSL.5.6.6
2024-06-09 08:26:37,162 [WARN] PackLoader:240 - Cannot read IP mode file for STMicroelectronics.X-CUBE-AZRTOS-L5.2.0.0
2024-06-09 08:26:37,179 [WARN] PackLoader:240 - Cannot read IP mode file for STMicroelectronics.X-CUBE-EEPRMA1.4.2.0
2024-06-09 08:26:37,199 [WARN] PackLoader:240 - Cannot read IP mode file for STMicroelectronics.X-CUBE-NFC6.3.1.0
2024-06-09 08:26:37,218 [WARN] PackLoader:240 - Cannot read IP mode file for ITTIA_DB.I-CUBE-ITTIADB.8.8.0
2024-06-09 08:26:37,234 [WARN] PackLoader:240 - Cannot read IP mode file for STMicroelectronics.X-CUBE-AI.9.0.0
2024-06-09 08:26:37,252 [WARN] PackLoader:240 - Cannot read IP mode file for STMicroelectronics.X-CUBE-NFC7.1.0.1
2024-06-09 08:26:37,274 [WARN] PackLoader:240 - Cannot read IP mode file for STMicroelectronics.X-CUBE-NFC6.3.0.0
2024-06-09 08:26:37,290 [WARN] PackLoader:240 - Cannot read IP mode file for STMicroelectronics.X-CUBE-AI.8.1.0
2024-06-09 08:26:37,329 [WARN] ConditionMgr:438 - getConditionDescription Invalid condition id : LAN8742 Phy interface Condition cause : null
2024-06-09 08:26:37,330 [WARN] PackLoader:240 - Cannot read IP mode file for STMicroelectronics.X-CUBE-AZRTOS-L4.2.0.0
2024-06-09 08:26:37,331 [WARN] ConditionMgr:1039 - genDependencies : Invalid condition id : LAN8742 Phy interface Condition cause : null
2024-06-09 08:26:37,331 [WARN] ConditionMgr:1039 - genDependencies : Invalid condition id : LAN8742 Phy interface Condition cause : null
2024-06-09 08:26:37,332 [WARN] ConditionMgr:1039 - genDependencies : Invalid condition id : LAN8742 Phy interface Condition cause : null
2024-06-09 08:26:37,351 [WARN] PackLoader:240 - Cannot read IP mode file for STMicroelectronics.X-CUBE-SFXS2LP1.4.0.0
2024-06-09 08:26:37,381 [WARN] ConditionMgr:438 - getConditionDescription Invalid condition id : UX DEVICE CLASS RTOS Condition cause : null
2024-06-09 08:26:37,381 [WARN] ConditionMgr:438 - getConditionDescription Invalid condition id : UX DEVICE CLASS RTOS Condition cause : null
2024-06-09 08:26:37,383 [WARN] PackLoader:240 - Cannot read IP mode file for STMicroelectronics.X-CUBE-AZRTOS-WB.2.0.0
2024-06-09 08:26:37,384 [WARN] ConditionMgr:1039 - genDependencies : Invalid condition id : UX DEVICE CLASS RTOS Condition cause : null
2024-06-09 08:26:37,384 [WARN] ConditionMgr:1039 - genDependencies : Invalid condition id : UX DEVICE CLASS RTOS Condition cause : null
2024-06-09 08:26:37,385 [WARN] ConditionMgr:1039 - genDependencies : Invalid condition id : UX DEVICE CLASS RTOS Condition cause : null
2024-06-09 08:26:37,385 [WARN] ConditionMgr:1039 - genDependencies : Invalid condition id : UX DEVICE CLASS RTOS Condition cause : null
2024-06-09 08:26:37,385 [WARN] ConditionMgr:1039 - genDependencies : Invalid condition id : UX DEVICE CLASS RTOS Condition cause : null
2024-06-09 08:26:37,412 [WARN] PackLoader:240 - Cannot read IP mode file for STMicroelectronics.X-CUBE-SUBG2.5.0.0
2024-06-09 08:26:37,453 [WARN] PackLoader:240 - Cannot read IP mode file for STMicroelectronics.X-CUBE-AZRTOS-G4.2.0.0
2024-06-09 08:26:37,484 [WARN] PackLoader:240 - Cannot read IP mode file for Infineon.AIROC-Wi-Fi-Bluetooth-STM32.1.5.1
2024-06-09 08:26:37,502 [WARN] PackLoader:240 - Cannot read IP mode file for STMicroelectronics.FP-SNS-MOTENVWB1.1.3.1
2024-06-09 08:26:37,517 [WARN] PackLoader:240 - Cannot read IP mode file for STMicroelectronics.X-CUBE-ISPU.2.0.0
2024-06-09 08:26:37,533 [WARN] PackLoader:240 - Cannot read IP mode file for STMicroelectronics.X-CUBE-ALS.1.0.2
2024-06-09 08:26:37,598 [WARN] PackLoader:240 - Cannot read IP mode file for STMicroelectronics.X-CUBE-MEMS1.10.0.0
2024-06-09 08:26:37,747 [WARN] PackLoader:240 - Cannot read IP mode file for STMicroelectronics.X-CUBE-FREERTOS.1.1.0
2024-06-09 08:26:37,767 [WARN] PackLoader:240 - Cannot read IP mode file for portGmbH.I-Cube-SoM-uGOAL.1.1.0
2024-06-09 08:26:37,785 [WARN] PackLoader:240 - Cannot read IP mode file for STMicroelectronics.X-CUBE-ALS.1.0.1
2024-06-09 08:26:37,827 [WARN] PackLoader:240 - Cannot read IP mode file for STMicroelectronics.X-CUBE-AZRTOS-H7RS.1.0.0
2024-06-09 08:26:37,845 [WARN] PackLoader:240 - Cannot read IP mode file for STMicroelectronics.FP-ATR-ASTRA1.2.0.0
2024-06-09 08:26:37,876 [WARN] PackLoader:240 - Cannot read IP mode file for STMicroelectronics.X-CUBE-TOF1.3.4.0
2024-06-09 08:26:37,912 [WARN] PackLoader:240 - Cannot read IP mode file for STMicroelectronics.X-CUBE-TOF1.3.4.1
2024-06-09 08:26:37,973 [WARN] PackLoader:240 - Cannot read IP mode file for STMicroelectronics.X-CUBE-AZRTOS-H7.3.2.0
2024-06-09 08:26:37,976 [INFO] ThirdParty:978 - Integrity check success = true
2024-06-09 08:26:37,976 [INFO] IntegrityCheckThread:100 - exiting critical section [integrity check]
2024-06-09 08:26:37,976 [INFO] IntegrityCheckThread:103 - End integrity checks thread
2024-06-09 08:26:42,921 [INFO] WebApp:161 - Instantiating new browser for Auth
2024-06-09 08:26:43,854 [INFO] WebApp:779 - Register for checkConnection events
2024-06-09 08:26:43,854 [INFO] WebApp:414 - Apply proxy settings
2024-06-09 08:26:43,854 [INFO] WebApp:499 - Chromium requires no authentication
2024-06-09 08:26:43,868 [INFO] WebApp:442 - Direct internet connection detected
2024-06-09 08:26:44,176 [INFO] WebApp:192 - Starting web application
2024-06-09 08:26:44,176 [INFO] WebApp:544 - Web application path used D:\ST\STM32CubeIDE_1.15.1\STM32CubeIDE\plugins\com.st.stm32cube.common.mx_6.11.1.202404110753\db\plugins\mcufinder\reactClient1\index.html
2024-06-09 10:47:55,756 [ERROR] ConfigurationRetriever:142 - IOException on connection: Connect timed out
2024-06-09 10:47:57,951 [ERROR] AdobePublisher:162 - Exception while opening the connection: java.net.SocketTimeoutException: Connect timed out
2024-06-09 15:23:44,314 [ERROR] LogOutputStream:75 - [STDERR_REDIRECT] 
